"../../../../../../M2Rep/PointCloudsVR/CPP_PointCloudsVR_22/Content/FirstPerson/Character/Mesh/SK_Mannequin_Arms_Skeleton.uasset" 0
"../../../../../../M2Rep/PointCloudsVR/CPP_PointCloudsVR_22/Content/FirstPerson/Animations/FirstPerson_Idle.uasset" 1
"../../../../../../M2Rep/PointCloudsVR/CPP_PointCloudsVR_22/Content/FirstPerson/Animations/FirstPerson_JumpEnd.uasset" 2
"../../../../../../M2Rep/PointCloudsVR/CPP_PointCloudsVR_22/Content/FirstPerson/Animations/FirstPerson_JumpLoop.uasset" 3
"../../../../../../M2Rep/PointCloudsVR/CPP_PointCloudsVR_22/Content/FirstPerson/Animations/FirstPerson_JumpStart.uasset" 4
"../../../../../../M2Rep/PointCloudsVR/CPP_PointCloudsVR_22/Content/FirstPerson/Animations/FirstPerson_Run.uasset" 5
"../../../Engine/Content/EditorBlueprintResources/StandardMacros.uasset" 6
"../../../../../../M2Rep/PointCloudsVR/CPP_PointCloudsVR_22/Content/FirstPerson/Animations/FirstPerson_AnimBP.uasset" 7
"../../../../../../M2Rep/PointCloudsVR/CPP_PointCloudsVR_22/Content/FirstPerson/Character/Mesh/FirstPersonAnimBlueprint_Copy.uasset" 8
"../../../../../../M2Rep/PointCloudsVR/CPP_PointCloudsVR_22/Content/FirstPerson/Character/Textures/UE4_LOGO_CARD.uasset" 9
"../../../../../../M2Rep/PointCloudsVR/CPP_PointCloudsVR_22/Content/FirstPerson/FPWeapon/Materials/MaterialLayers/ML_Plastic_Shiny_Beige_LOGO.uasset" 10
"../../../../../../M2Rep/PointCloudsVR/CPP_PointCloudsVR_22/Content/FirstPerson/FPWeapon/Materials/MaterialLayers/T_ML_FineRubber.uasset" 11
"../../../../../../M2Rep/PointCloudsVR/CPP_PointCloudsVR_22/Content/FirstPerson/FPWeapon/Mesh/SK_FPGun_PhysicsAsset.uasset" 12
"../../../../../../M2Rep/PointCloudsVR/CPP_PointCloudsVR_22/Content/FirstPerson/Meshes/BaseMaterial.uasset" 13
"../../../../../../M2Rep/PointCloudsVR/CPP_PointCloudsVR_22/Content/FirstPerson/Meshes/CubeMaterialOverride.uasset" 14
"../../../../../../M2Rep/PointCloudsVR/CPP_PointCloudsVR_22/Content/FirstPerson/Textures/FirstPersonCrosshair.uasset" 15
"../../../../../../M2Rep/PointCloudsVR/CPP_PointCloudsVR_22/Content/FirstPerson/Animations/FirstPerson_Fire.uasset" 16
"../../../../../../M2Rep/PointCloudsVR/CPP_PointCloudsVR_22/Content/FirstPerson/Animations/FirstPersonFire_Montage.uasset" 17
"../../../../../../M2Rep/PointCloudsVR/CPP_PointCloudsVR_22/Content/FirstPerson/Meshes/FirstPersonProjectileMaterial.uasset" 18
"../../../../../../M2Rep/PointCloudsVR/CPP_PointCloudsVR_22/Content/FirstPerson/Meshes/FirstPersonProjectileMesh.uasset" 19
"../../../../../../M2Rep/PointCloudsVR/CPP_PointCloudsVR_22/Content/FirstPersonCPP/Blueprints/FirstPersonProjectile.uasset" 20
"../../../../../../M2Rep/PointCloudsVR/CPP_PointCloudsVR_22/Content/FirstPerson/Audio/FirstPersonTemplateWeaponFire02.uasset" 21
"../../../Engine/Content/Functions/Engine_MaterialFunctions02/Utility/BlendAngleCorrectedNormals.uasset" 22
"../../../Engine/Content/Functions/MaterialLayerFunctions/MatLayerBlend_NormalBlend.uasset" 23
"../../../Engine/Content/Functions/MaterialLayerFunctions/MatLayerBlend_Simple.uasset" 24
"../../../../../../M2Rep/PointCloudsVR/CPP_PointCloudsVR_22/Content/FirstPerson/Character/Materials/MaterialLayers/T_ML_Rubber_Blue_01_D.uasset" 25
"../../../../../../M2Rep/PointCloudsVR/CPP_PointCloudsVR_22/Content/FirstPerson/Character/Materials/MaterialLayers/T_ML_Rubber_Blue_01_N.uasset" 26
"../../../../../../M2Rep/PointCloudsVR/CPP_PointCloudsVR_22/Content/FirstPerson/Character/Materials/MaterialLayers/ML_GlossyBlack_Latex_UE4.uasset" 27
"../../../../../../M2Rep/PointCloudsVR/CPP_PointCloudsVR_22/Content/FirstPerson/Character/Materials/MaterialLayers/ML_Plastic_Shiny_Beige.uasset" 28
"../../../../../../M2Rep/PointCloudsVR/CPP_PointCloudsVR_22/Content/FirstPerson/Character/Materials/MaterialLayers/ML_Plastic_Shiny_Beige_LOGO.uasset" 29
"../../../../../../M2Rep/PointCloudsVR/CPP_PointCloudsVR_22/Content/FirstPerson/Character/Materials/MaterialLayers/T_ML_Aluminum01.uasset" 30
"../../../../../../M2Rep/PointCloudsVR/CPP_PointCloudsVR_22/Content/FirstPerson/Character/Materials/MaterialLayers/T_ML_Aluminum01_N.uasset" 31
"../../../../../../M2Rep/PointCloudsVR/CPP_PointCloudsVR_22/Content/FirstPerson/Character/Materials/MaterialLayers/ML_SoftMetal_UE4.uasset" 32
"../../../../../../M2Rep/PointCloudsVR/CPP_PointCloudsVR_22/Content/FirstPerson/Character/Textures/UE4_Mannequin__normals.uasset" 33
"../../../../../../M2Rep/PointCloudsVR/CPP_PointCloudsVR_22/Content/FirstPerson/Character/Textures/UE4_Mannequin_MAT_MASKA.uasset" 34
"../../../../../../M2Rep/PointCloudsVR/CPP_PointCloudsVR_22/Content/FirstPerson/Character/Materials/M_UE4Man_Body.uasset" 35
"../../../../../../M2Rep/PointCloudsVR/CPP_PointCloudsVR_22/Content/FirstPerson/Character/Mesh/SK_Mannequin_Arms_PhysicsAsset.uasset" 36
"../../../../../../M2Rep/PointCloudsVR/CPP_PointCloudsVR_22/Content/FirstPerson/Character/Mesh/SK_Mannequin_Arms.uasset" 37
"../../../../../../M2Rep/PointCloudsVR/CPP_PointCloudsVR_22/Content/FirstPerson/FPWeapon/Materials/MaterialLayers/T_ML_Rubber_Blue_01_D.uasset" 38
"../../../../../../M2Rep/PointCloudsVR/CPP_PointCloudsVR_22/Content/FirstPerson/FPWeapon/Materials/MaterialLayers/T_ML_Rubber_Blue_01_N.uasset" 39
"../../../../../../M2Rep/PointCloudsVR/CPP_PointCloudsVR_22/Content/FirstPerson/FPWeapon/Materials/MaterialLayers/ML_GlossyBlack_Latex_UE4.uasset" 40
"../../../../../../M2Rep/PointCloudsVR/CPP_PointCloudsVR_22/Content/FirstPerson/FPWeapon/Materials/MaterialLayers/ML_Plastic_Shiny_Beige.uasset" 41
"../../../../../../M2Rep/PointCloudsVR/CPP_PointCloudsVR_22/Content/FirstPerson/FPWeapon/Materials/MaterialLayers/ML_Screen.uasset" 42
"../../../../../../M2Rep/PointCloudsVR/CPP_PointCloudsVR_22/Content/FirstPerson/FPWeapon/Materials/MaterialLayers/T_ML_Aluminum01.uasset" 43
"../../../../../../M2Rep/PointCloudsVR/CPP_PointCloudsVR_22/Content/FirstPerson/FPWeapon/Materials/MaterialLayers/T_ML_Aluminum01_N.uasset" 44
"../../../../../../M2Rep/PointCloudsVR/CPP_PointCloudsVR_22/Content/FirstPerson/FPWeapon/Materials/MaterialLayers/ML_SoftMetal_UE4.uasset" 45
"../../../../../../M2Rep/PointCloudsVR/CPP_PointCloudsVR_22/Content/FirstPerson/FPWeapon/Textures/T_FPGun_M.uasset" 46
"../../../../../../M2Rep/PointCloudsVR/CPP_PointCloudsVR_22/Content/FirstPerson/FPWeapon/Textures/T_FPGun_N.uasset" 47
"../../../../../../M2Rep/PointCloudsVR/CPP_PointCloudsVR_22/Content/FirstPerson/FPWeapon/Materials/M_FPGun.uasset" 48
"../../../../../../M2Rep/PointCloudsVR/CPP_PointCloudsVR_22/Content/FirstPerson/FPWeapon/Mesh/SK_FPGun_Skeleton.uasset" 49
"../../../../../../M2Rep/PointCloudsVR/CPP_PointCloudsVR_22/Content/FirstPerson/FPWeapon/Mesh/SK_FPGun.uasset" 50
"../../../../../../M2Rep/PointCloudsVR/CPP_PointCloudsVR_22/Content/FirstPersonCPP/Blueprints/FirstPersonCharacter.uasset" 51
"../../../../../../M2Rep/PointCloudsVR/CPP_PointCloudsVR_22/Content/Geometry/Meshes/CubeMaterial.uasset" 52
"../../../../../../M2Rep/PointCloudsVR/CPP_PointCloudsVR_22/Content/Geometry/Meshes/1M_Cube_Chamfer.uasset" 53
"../../../../../../M2Rep/PointCloudsVR/CPP_PointCloudsVR_22/Content/Geometry/Meshes/TemplateFloor.uasset" 54
"../../../Engine/Content/MapTemplates/Materials/BasicAsset01.uasset" 55
"../../../Engine/Content/Functions/Engine_MaterialFunctions01/Opacity/CameraDepthFade.uasset" 56
"../../../Engine/Content/EngineMaterials/T_Default_Material_Grid_M.uasset" 57
"../../../Engine/Content/EngineMaterials/T_Default_Material_Grid_N.uasset" 58
"../../../Engine/Content/EngineMaterials/DefaultMaterial.uasset" 59
"../../../Engine/Content/BasicShapes/Sphere.uasset" 60
"../../../../../../M2Rep/PointCloudsVR/CPP_PointCloudsVR_22/Content/Collider/ParticleMaterial.uasset" 61
"../../../../../../M2Rep/PointCloudsVR/CPP_PointCloudsVR_22/Content/Collider/GPUParticleSelection.uasset" 62
"../../../../../../M2Rep/PointCloudsVR/CPP_PointCloudsVR_22/Content/Collider/BPA_Collider.uasset" 63
"../../../../../../M2Rep/PointCloudsVR/CPP_PointCloudsVR_22/Content/Collider/Widgets/WBP_ColorSelect.uasset" 64
"../../../../../../M2Rep/PointCloudsVR/CPP_PointCloudsVR_22/Content/Collider/Widgets/WBP_SelectionEntry.uasset" 65
"../../../../../../M2Rep/PointCloudsVR/CPP_PointCloudsVR_22/Content/Collider/Widgets/WBP_SelectionController.uasset" 66
"../../../../../../M2Rep/PointCloudsVR/CPP_PointCloudsVR_22/Content/Collider/Widgets/WBP_Export.uasset" 67
"../../../../../../M2Rep/PointCloudsVR/CPP_PointCloudsVR_22/Content/Collider/Widgets/WBP_LoadCloud.uasset" 68
"../../../../../../M2Rep/PointCloudsVR/CPP_PointCloudsVR_22/Content/Collider/Widgets/icons8-home-filled-50.uasset" 69
"../../../../../../M2Rep/PointCloudsVR/CPP_PointCloudsVR_22/Content/Collider/Widgets/WBP_Main.uasset" 70
"../../../../../../M2Rep/PointCloudsVR/CPP_PointCloudsVR_22/Content/LukVizCharacter/BP_PointCloudTraveller.uasset" 71
"../../../Engine/Content/Animation/DefaultAnimCurveCompressionSettings.uasset" 72
"../../../Engine/Content/EngineMaterials/WorldGridMaterial.uasset" 73
"../../../Engine/Content/ArtTools/RenderToTexture/Meshes/S_1_Unit_Plane.uasset" 74
"../../../Engine/Content/BasicShapes/Cone.uasset" 75
"../../../Engine/Content/BasicShapes/Cube.uasset" 76
"../../../Engine/Content/BasicShapes/Cylinder.uasset" 77
"../../../Engine/Content/BasicShapes/Plane.uasset" 78
"../../../Engine/Content/EditorLandscapeResources/DataLayer.uasset" 79
"../../../Engine/Content/EditorLandscapeResources/DefaultAlphaTexture.uasset" 80
"../../../Engine/Content/EditorMaterials/GizmoMaterial.uasset" 81
"../../../Engine/Content/EditorMaterials/MAT_Groups_Toggle.uasset" 82
"../../../Engine/Content/EditorMaterials/MAT_Groups_Visibility.uasset" 83
"../../../Engine/Content/EditorMaterials/PreviewShadowIndicator.uasset" 84
"../../../Engine/Content/EditorMaterials/PreviewShadowIndicatorMaterial.uasset" 85
"../../../Engine/Content/EditorMaterials/MatineeGroups/MAT_ColorTrack.uasset" 86
"../../../Engine/Content/EditorMaterials/MatineeGroups/MAT_Groups_Anim.uasset" 87
"../../../Engine/Content/EditorMaterials/MatineeGroups/MAT_Groups_AudioMaster.uasset" 88
"../../../Engine/Content/EditorMaterials/MatineeGroups/MAT_Groups_Director.uasset" 89
"../../../Engine/Content/EditorMaterials/MatineeGroups/MAT_Groups_Event.uasset" 90
"../../../Engine/Content/EditorMaterials/MatineeGroups/MAT_Groups_Fade.uasset" 91
"../../../Engine/Content/EditorMaterials/MatineeGroups/MAT_Groups_Float.uasset" 92
"../../../Engine/Content/EditorMaterials/MatineeGroups/MAT_Groups_Move.uasset" 93
"../../../Engine/Content/EditorMaterials/MatineeGroups/MAT_Groups_Slomo.uasset" 94
"../../../Engine/Content/EditorMaterials/MatineeGroups/MAT_Groups_Sound.uasset" 95
"../../../Engine/Content/EditorMaterials/MatineeGroups/MAT_Groups_Vector.uasset" 96
"../../../Engine/Content/EditorMaterials/ParticleSystems/PSysThumbnail_NoImage.uasset" 97
"../../../Engine/Content/EditorMaterials/ParticleSystems/PSysThumbnail_OOD.uasset" 98
"../../../Engine/Content/EditorMaterials/Camera/CineMat.uasset" 99
"../../../Engine/Content/EditorMaterials/Camera/MI_CineMat_Rig.uasset" 100
"../../../Engine/Content/EditorMeshes/Camera/SM_CraneRig_Arm.uasset" 101
"../../../Engine/Content/EditorMeshes/Camera/SM_CraneRig_Base.uasset" 102
"../../../Engine/Content/EditorMeshes/Camera/SM_CraneRig_Body.uasset" 103
"../../../Engine/Content/EditorMeshes/Camera/SM_CraneRig_Mount.uasset" 104
"../../../Engine/Content/EditorMeshes/Camera/SM_RailRig_Mount.uasset" 105
"../../../Engine/Content/EditorMeshes/Camera/SM_RailRig_Track.uasset" 106
"../../../Engine/Content/EditorResources/BSPVertex.uasset" 107
"../../../Engine/Content/EditorResources/EmptyActor.uasset" 108
"../../../Engine/Content/EditorResources/S_Actor.uasset" 109
"../../../Engine/Content/EditorResources/S_Note.uasset" 110
"../../../Engine/Content/EditorResources/S_Terrain.uasset" 111
"../../../Engine/Content/EditorResources/S_Trigger.uasset" 112
"../../../Engine/Content/EditorResources/LightIcons/S_LightError.uasset" 113
"../../../Engine/Content/EditorResources/SequenceRecorder/Countdown.uasset" 114
"../../../Engine/Content/EditorResources/SequenceRecorder/RecordingIndicator.uasset" 115
"../../../Engine/Content/EditorSounds/Notifications/CompileFailed.uasset" 116
"../../../Engine/Content/EditorSounds/Notifications/CompileFailed_Cue.uasset" 117
"../../../Engine/Content/EditorSounds/Notifications/CompileSuccess.uasset" 118
"../../../Engine/Content/EditorSounds/Notifications/CompileStart_Cue.uasset" 119
"../../../Engine/Content/EditorSounds/Notifications/CompileSuccess_Cue.uasset" 120
"../../../Engine/Content/EngineDamageTypes/DmgTypeBP_Environmental.uasset" 121
"../../../Engine/Content/EngineDebugMaterials/HeatmapGradient.uasset" 122
"../../../Engine/Content/EngineDebugMaterials/BoneWeightMaterial.uasset" 123
"../../../Engine/Content/EngineDebugMaterials/ClothMaterial.uasset" 124
"../../../Engine/Content/EngineDebugMaterials/ClothMaterial_WF.uasset" 125
"../../../Engine/Content/EngineDebugMaterials/DebugEditorMaterial.uasset" 126
"../../../Engine/Content/EngineDebugMaterials/DebugMeshMaterial.uasset" 127
"../../../Engine/Content/EngineDebugMaterials/GeomMaterial.uasset" 128
"../../../Engine/Content/EngineDebugMaterials/M_SimpleTranslucent.uasset" 129
"../../../Engine/Content/EngineFonts/Faces/RobotoBold.uasset" 130
"../../../Engine/Content/EngineFonts/Faces/RobotoBoldItalic.uasset" 131
"../../../Engine/Content/EngineFonts/Faces/RobotoItalic.uasset" 132
"../../../Engine/Content/EngineFonts/Faces/RobotoLight.uasset" 133
"../../../Engine/Content/EngineFonts/Faces/RobotoRegular.uasset" 134
"../../../Engine/Content/EngineFonts/Roboto.uasset" 135
"../../../Engine/Content/EngineFonts/Faces/RobotoTiny.uasset" 136
"../../../Engine/Content/EngineFonts/RobotoTiny.uasset" 137
"../../../Engine/Content/EngineMaterials/BaseFlattenDiffuseMap.uasset" 138
"../../../Engine/Content/EngineMaterials/BaseFlattenEmissiveMap.uasset" 139
"../../../Engine/Content/EngineMaterials/BaseFlattenGrayscaleMap.uasset" 140
"../../../Engine/Content/EngineMaterials/BaseFlattenNormalMap.uasset" 141
"../../../Engine/Content/EngineMaterials/BaseFlattenMaterial.uasset" 142
"../../../Engine/Content/EngineMaterials/DefaultBloomKernel.uasset" 143
"../../../Engine/Content/EngineMaterials/DefaultBokeh.uasset" 144
"../../../Engine/Content/EngineMaterials/DefaultDiffuse.uasset" 145
"../../../Engine/Content/EngineMaterials/DefaultDeferredDecalMaterial.uasset" 146
"../../../Engine/Content/EngineMaterials/DefaultLightFunctionMaterial.uasset" 147
"../../../Engine/Content/EngineMaterials/DefaultPhysicalMaterial.uasset" 148
"../../../Engine/Content/Functions/Engine_MaterialFunctions02/Utility/BreakOutFloat2Components.uasset" 149
"../../../Engine/Content/EngineMaterials/DefaultPostProcessMaterial.uasset" 150
"../../../Engine/Content/EngineFonts/RobotoDistanceField.uasset" 151
"../../../Engine/Content/EngineMaterials/DefaultTextMaterialOpaque.uasset" 152
"../../../Engine/Content/EngineMaterials/DefaultWhiteGrid.uasset" 153
"../../../Engine/Content/EngineMaterials/EditorBrushMaterial.uasset" 154
"../../../Engine/Content/EngineMaterials/Good64x64TilingNoiseHighFreq.uasset" 155
"../../../Engine/Content/EngineMaterials/MiniFont.uasset" 156
"../../../Engine/Content/EngineMaterials/InvalidLightmapSettings.uasset" 157
"../../../Engine/Content/EngineMaterials/M_InvalidLightmapSettings.uasset" 158
"../../../Engine/Content/Functions/Engine_MaterialFunctions02/WorldPositionOffset/CameraOffset.uasset" 159
"../../../Engine/Content/EngineMaterials/PhAT_JointLimitMaterial.uasset" 160
"../../../Engine/Content/EngineMaterials/PreintegratedSkinBRDF.uasset" 161
"../../../Engine/Content/EngineMaterials/RemoveSurfaceMaterial.uasset" 162
"../../../Engine/Content/EngineMaterials/WeightMapPlaceholderTexture.uasset" 163
"../../../Engine/Content/EngineResources/WhiteSquareTexture.uasset" 164
"../../../Engine/Content/EngineMaterials/Widget3DPassThrough.uasset" 165
"../../../Engine/Content/EngineMaterials/Widget3DPassThrough_Masked.uasset" 166
"../../../Engine/Content/EngineMaterials/Widget3DPassThrough_Opaque.uasset" 167
"../../../Engine/Content/EngineMaterials/Widget3DPassThrough_Masked_OneSided.uasset" 168
"../../../Engine/Content/EngineMaterials/Widget3DPassThrough_Opaque_OneSided.uasset" 169
"../../../Engine/Content/EngineMaterials/Widget3DPassThrough_Translucent.uasset" 170
"../../../Engine/Content/EngineMaterials/Widget3DPassThrough_Translucent_OneSided.uasset" 171
"../../../Engine/Content/EngineMeshes/Cylinder.uasset" 172
"../../../Engine/Content/EngineMeshes/Sphere.uasset" 173
"../../../Engine/Content/EngineResources/Black.uasset" 174
"../../../Engine/Content/EngineResources/DefaultTexture.uasset" 175
"../../../Engine/Content/EngineResources/DefaultTextureCube.uasset" 176
"../../../Engine/Content/EngineResources/DefaultVolumeTexture2D.uasset" 177
"../../../Engine/Content/EngineResources/DefaultVolumeTexture.uasset" 178
"../../../Engine/Content/EngineResources/GradientTexture0.uasset" 179
"../../../Engine/Content/EngineSounds/Master.uasset" 180
"../../../Engine/Content/Functions/Engine_MaterialFunctions01/Shading/ConvertFromDiffSpec.uasset" 181
"../../../Engine/Content/Functions/Engine_MaterialFunctions01/Shading/PowerToRoughness.uasset" 182
"../../../Engine/Content/Maps/Templates/Thumbnails/Default.uasset" 183
"../../../Engine/Content/Maps/Templates/Thumbnails/VR-Basic.uasset" 184
"../../../Engine/Content/MobileResources/T_MobileControls_texture.uasset" 185
"../../../Engine/Content/MobileResources/T_MobileMenu2.uasset" 186
"../../../Engine/Content/MobileResources/HUD/AnalogHat.uasset" 187
"../../../Engine/Content/MobileResources/HUD/VirtualJoystick_Background.uasset" 188
"../../../Engine/Content/MobileResources/HUD/VirtualJoystick_Thumb.uasset" 189
"../../../Engine/Content/MobileResources/HUD/DefaultVirtualJoysticks.uasset" 190
"../../../Engine/Content/MobileResources/HUD/LeftVirtualJoystickOnly.uasset" 191
"../../../Engine/Content/MobileResources/HUD/MobileHUDButton1_off.uasset" 192
"../../../Engine/Content/MobileResources/HUD/MobileHUDButton1_on.uasset" 193
"../../../Engine/Content/MobileResources/HUD/MobileHUDButton2_off.uasset" 194
"../../../Engine/Content/MobileResources/HUD/MobileHUDButton2_on.uasset" 195
"../../../Engine/Content/MobileResources/HUD/MobileHUDButton3.uasset" 196
"../../../Engine/Content/MobileResources/HUD/MobileHUDButtonFire.uasset" 197
"../../../Engine/Content/MobileResources/HUD/MobileHUDDirectionPad.uasset" 198
"../../../Engine/Content/MobileResources/HUD/MobileHUDDirectionPad2.uasset" 199
"../../../Engine/Content/MobileResources/HUD/MobileHUDDirectionPad3.uasset" 200
"../../../Engine/Content/MobileResources/HUD/MobileHUDDirectionStick.uasset" 201
"../../../Engine/Content/MobileResources/HUD/T_Castle_ThumbstickInner.uasset" 202
"../../../Engine/Content/MobileResources/HUD/T_Castle_ThumbstickOutter.uasset" 203
"../../../Engine/Content/Tutorial/ContentIntroCurve.uasset" 204
"../../../Engine/Content/Tutorial/Basics/LevelEditorAttract.uasset" 205
"../../../Engine/Content/VREditor/LaserPointer/VR_LaserPower_01.uasset" 206
"../../../Engine/Content/VREditor/TransformGizmo/TransformGizmoMaterial.uasset" 207
"../../../Engine/Content/VREditor/TransformGizmo/TranslucentTransformGizmoMaterial.uasset" 208
"../../../Engine/Content/VREditor/TransformGizmo/BoundingBoxCorner.uasset" 209
"../../../Engine/Content/VREditor/TransformGizmo/BoundingBoxEdge.uasset" 210
"../../../Engine/Content/VREditor/TransformGizmo/PlaneTranslationHandle.uasset" 211
"../../../Engine/Content/VREditor/TransformGizmo/Main.uasset" 212
"../../../Engine/Content/VREditor/TransformGizmo/Xray.uasset" 213
"../../../Engine/Content/VREditor/TransformGizmo/SM_Sequencer_Key.uasset" 214
"../../../Engine/Content/VREditor/TransformGizmo/SM_Sequencer_Node.uasset" 215
"../../Plugins/2D/Paper2D/Content/PlaceholderTextures/DummySpriteTexture.uasset" 216
"../../Plugins/2D/Paper2D/Content/DummySprite.uasset" 217
"../../Plugins/2D/Paper2D/Content/DefaultPaperTerrainMaterial.uasset" 218
"../../Plugins/2D/Paper2D/Content/DummySpriteTexture.uasset" 219
"../../Plugins/2D/Paper2D/Content/DefaultSpriteMaterial.uasset" 220
"../../Plugins/2D/Paper2D/Content/MaskedUnlitSpriteMaterial.uasset" 221
"../../Plugins/2D/Paper2D/Content/OpaqueUnlitSpriteMaterial.uasset" 222
"../../../Engine/Content/Functions/Engine_MaterialFunctions01/Texturing/FlattenNormal.uasset" 223
"../../../Engine/Content/EngineMaterials/FlatNormal.uasset" 224
"../../Plugins/Enterprise/DatasmithContent/Content/Materials/CE_BaseMaster.uasset" 225
"../../Plugins/Enterprise/DatasmithContent/Content/Materials/CE_OpacityMaster.uasset" 226
"../../Plugins/Enterprise/DatasmithContent/Content/Materials/CE_OpacitySimpleMaster.uasset" 227
"../../Plugins/Enterprise/DatasmithContent/Content/Materials/CE_OpaqueMaster.uasset" 228
"../../../Engine/Content/Functions/Engine_MaterialFunctions01/Texturing/ComputeMipLevel.uasset" 229
"../../../Engine/Content/Functions/Engine_MaterialFunctions01/Texturing/TextureCropping.uasset" 230
"../../../Engine/Content/Functions/Engine_MaterialFunctions02/Utility/BreakOutFloat3Components.uasset" 231
"../../../Engine/Content/Functions/Engine_MaterialFunctions02/ExampleContent/DebugNumberStrip.uasset" 232
"../../../Engine/Content/Functions/Engine_MaterialFunctions02/ExampleContent/Textures/DebugNumberPeriod.uasset" 233
"../../../Engine/Content/Functions/Engine_MaterialFunctions02/Utility/DebugScalarValues.uasset" 234
"../../../Engine/Content/Functions/Engine_MaterialFunctions02/Utility/DebugFloat3Values.uasset" 235
"../../../Engine/Content/Functions/Engine_MaterialFunctions02/Utility/MakeFloat3.uasset" 236
"../../../Engine/Content/Functions/Engine_MaterialFunctions02/Math/RGBtoHSV.uasset" 237
"../../Plugins/Enterprise/DatasmithContent/Content/Materials/Datasmith_Color.uasset" 238
"../../../Engine/Content/Functions/Engine_MaterialFunctions02/ExampleContent/Textures/flipbook.uasset" 239
"../../Plugins/Enterprise/DatasmithContent/Content/Materials/ExtractColor.uasset" 240
"../../Plugins/Enterprise/DatasmithContent/Content/Materials/TileMirrorAxis.uasset" 241
"../../../Engine/Content/Functions/Engine_MaterialFunctions02/Texturing/CustomRotator.uasset" 242
"../../Plugins/Enterprise/DatasmithContent/Content/Materials/UVEdit.uasset" 243
"../../Plugins/Enterprise/DatasmithContent/Content/Materials/Datasmith_Material.uasset" 244
"../../../Engine/Content/Functions/Engine_MaterialFunctions03/Procedurals/NormalFromHeightmap.uasset" 245
"../../../Engine/Content/ArtTools/RenderToTexture/Textures/127grey.uasset" 246
"../../Plugins/Enterprise/DatasmithContent/Content/Materials/RevitMaster.uasset" 247
"../../Plugins/Enterprise/DatasmithContent/Content/Materials/SketchUpMaster.uasset" 248
"../../Plugins/Enterprise/DatasmithContent/Content/Materials/FBXImporter/DeltaGenUVEdit.uasset" 249
"../../Plugins/Enterprise/DatasmithContent/Content/Materials/FBXImporter/DeltaGenBase.uasset" 250
"../../../Engine/Content/EngineMaterials/T_Default_Normal.uasset" 251
"../../Plugins/Enterprise/DatasmithContent/Content/Materials/FBXImporter/DeltaGenMaster.uasset" 252
"../../Plugins/Enterprise/DatasmithContent/Content/Materials/FBXImporter/DeltaGenMasterTransparent.uasset" 253
"../../Plugins/Enterprise/DatasmithContent/Content/Materials/FBXImporter/VRED/VREDRepeatMode.uasset" 254
"../../../Engine/Content/Functions/Engine_MaterialFunctions02/WorldPositionOffset/LocalPosition.uasset" 255
"../../Plugins/Enterprise/DatasmithContent/Content/Materials/FBXImporter/VRED/PlanarMapping.uasset" 256
"../../Plugins/Enterprise/DatasmithContent/Content/Materials/FBXImporter/VRED/ProcessNormal.uasset" 257
"../../../Engine/Content/Functions/Engine_MaterialFunctions02/Utility/MakeFloat2.uasset" 258
"../../../Engine/Content/Functions/Engine_MaterialFunctions02/Utility/VectorLength.uasset" 259
"../../../Engine/Content/Functions/Engine_MaterialFunctions02/WorldPositionOffset/ObjectScale.uasset" 260
"../../Plugins/Enterprise/DatasmithContent/Content/Materials/FBXImporter/VRED/TriplanarMapping.uasset" 261
"../../Plugins/Enterprise/DatasmithContent/Content/Materials/FBXImporter/VRED/UVMapping.uasset" 262
"../../Plugins/Enterprise/DatasmithContent/Content/Materials/FBXImporter/VRED/VREDTextureRead.uasset" 263
"../../../Engine/Content/Functions/Engine_MaterialFunctions01/Texturing/BakedDisplacement.uasset" 264
"../../../Engine/Content/Functions/Engine_MaterialFunctions02/Fresnel_Function.uasset" 265
"../../Plugins/Enterprise/DatasmithContent/Content/Materials/FBXImporter/VRED/Glass.uasset" 266
"../../Plugins/Enterprise/DatasmithContent/Content/Materials/FBXImporter/VRED/Phong.uasset" 267
"../../Plugins/Enterprise/DatasmithContent/Content/Materials/FBXImporter/VRED/Plastic.uasset" 268
"../../Plugins/Runtime/Oculus/OculusVR/Content/OculusMR_RenderTarget.uasset" 269
"../../../Engine/Content/Functions/Engine_MaterialFunctions02/Utility/BreakOutFloat4Components.uasset" 270
"../../Plugins/Runtime/Oculus/OculusVR/Content/Materials/OculusMR_ChromaKey.uasset" 271
"../../Plugins/Runtime/Oculus/OculusVR/Content/Materials/OculusMR_ChromaKey_Lit.uasset" 272
"../../Plugins/Runtime/Oculus/OculusVR/Content/Materials/OculusMR_OpaqueColoredMaterial.uasset" 273
"../../Plugins/Runtime/Oculus/OculusVR/Content/Materials/OculusMR_WhiteMaterial.uasset" 274
"../../Plugins/Runtime/Oculus/OculusVR/Content/Materials/PokeAHoleMaterial.uasset" 275
"../../Plugins/Runtime/Oculus/OculusVR/Content/Textures/GearVRController_AO.uasset" 276
"../../Plugins/Runtime/Oculus/OculusVR/Content/Textures/GearVRController_Color.uasset" 277
"../../Plugins/Runtime/Oculus/OculusVR/Content/Textures/GearVRController_Normal.uasset" 278
"../../Plugins/Runtime/Oculus/OculusVR/Content/Materials/GearVRControllerMaterial.uasset" 279
"../../Plugins/Runtime/Oculus/OculusVR/Content/Meshes/GearVrController.uasset" 280
"../../Plugins/Runtime/Oculus/OculusVR/Content/Textures/touchController_albedo.uasset" 281
"../../Plugins/Runtime/Oculus/OculusVR/Content/Textures/touchController_controlmap.uasset" 282
"../../Plugins/Runtime/Oculus/OculusVR/Content/Materials/touchController_mat.uasset" 283
"../../Plugins/Runtime/Oculus/OculusVR/Content/Meshes/LeftTouchController.uasset" 284
"../../Plugins/Runtime/Oculus/OculusVR/Content/Meshes/RiftHMD.uasset" 285
"../../Plugins/Runtime/Oculus/OculusVR/Content/Meshes/RightTouchController.uasset" 286
"../../../../../../M2Rep/PointCloudsVR/CPP_PointCloudsVR_22/Plugins/PointCloudPlugin/Content/Materials/MF_PointCloudParameters_Color.uasset" 287
"../../../../../../M2Rep/PointCloudsVR/CPP_PointCloudsVR_22/Plugins/PointCloudPlugin/Content/Materials/MF_PointCloud_ColorAdjustment.uasset" 288
"../../../../../../M2Rep/PointCloudsVR/CPP_PointCloudsVR_22/Plugins/PointCloudPlugin/Content/Materials/MF_PointCloudParameters_Sprite.uasset" 289
"../../../../../../M2Rep/PointCloudsVR/CPP_PointCloudsVR_22/Plugins/PointCloudPlugin/Content/Textures/White.uasset" 290
"../../../../../../M2Rep/PointCloudsVR/CPP_PointCloudsVR_22/Plugins/PointCloudPlugin/Content/Materials/MF_PointCloud_Mask.uasset" 291
"../../../../../../M2Rep/PointCloudsVR/CPP_PointCloudsVR_22/Plugins/PointCloudPlugin/Content/Materials/MF_PointCloud_SpriteTransform.uasset" 292
"../../../../../../M2Rep/PointCloudsVR/CPP_PointCloudsVR_22/Plugins/PointCloudPlugin/Content/Materials/MF_PointCloud_WPO.uasset" 293
"../../../../../../M2Rep/PointCloudsVR/CPP_PointCloudsVR_22/Plugins/PointCloudPlugin/Content/Materials/M_PointCloud.uasset" 294
"../../../Enterprise/Plugins/Editor/DatasmithDataPrepEditor/Content/DataPrepRecipe_Template.uasset" 295
"../../../Enterprise/Plugins/Editor/StaticMeshEditorExtension/Content/HoveredFaceMaterial.uasset" 296
"../../../Enterprise/Plugins/Editor/StaticMeshEditorExtension/Content/HoveredGeometryMaterial.uasset" 297
"../../../Enterprise/Plugins/Editor/StaticMeshEditorExtension/Content/WireWorldOffset.uasset" 298
"../../../Enterprise/Plugins/Editor/StaticMeshEditorExtension/Content/OverlayLineMaterial.uasset" 299
"../../../Enterprise/Plugins/Editor/StaticMeshEditorExtension/Content/OverlayPointMaterial.uasset" 300
"../../../Enterprise/Plugins/Editor/StaticMeshEditorExtension/Content/WireMaterial.uasset" 301
"../../../Enterprise/Plugins/Editor/StaticMeshEditorExtension/Content/StaticMeshEditorAssetContainer.uasset" 302
"../../../Enterprise/Plugins/Editor/StaticMeshEditorExtension/Content/WireMaterialBaseCage.uasset" 303
"../../../Engine/Content/EngineSky/C_Sky_Cloud_Color.uasset" 304
"../../../Engine/Content/EngineSky/C_Sky_Horizon_Color.uasset" 305
"../../../Engine/Content/EngineSky/C_Sky_Zenith_Color.uasset" 306
"../../../Engine/Content/EngineSky/T_Sky_Blue.uasset" 307
"../../../Engine/Content/EngineSky/T_Sky_Clouds_M.uasset" 308
"../../../Engine/Content/EngineSky/T_Sky_Stars.uasset" 309
"../../../Engine/Content/EngineSky/M_Sky_Panning_Clouds2.uasset" 310
"../../../Engine/Content/EngineSky/SM_SkySphere.uasset" 311
"../../../Engine/Content/EngineSky/BP_Sky_Sphere.uasset" 312
"../../../../../../M2Rep/PointCloudsVR/CPP_PointCloudsVR_22/Content/Collider/BPA_HUD.uasset" 313
"../../../../../../M2Rep/PointCloudsVR/CPP_PointCloudsVR_22/Content/FirstPersonCPP/Maps/FirstPersonExampleMap_BuiltData.uasset" 314
"../../../../../../M2Rep/PointCloudsVR/CPP_PointCloudsVR_22/Content/BaseMaterial.uasset" 315
"../../../../../../M2Rep/PointCloudsVR/CPP_PointCloudsVR_22/Content/Geometry/Meshes/1M_Cube.uasset" 316
"../../../../../../M2Rep/PointCloudsVR/CPP_PointCloudsVR_22/Content/FirstPersonCPP/Maps/FirstPersonExampleMap.umap" 317
"../../../Engine/Content/Maps/Entry_BuiltData.uasset" 318
"../../../Engine/Content/Maps/Entry.umap" 319
