Log file open, 06/21/19 19:20:34
LogWindows: Failed to load 'aqProf.dll' (GetLastError=126)
LogWindows: File 'aqProf.dll' does not exist
LogWindows: Failed to load 'VtuneApi.dll' (GetLastError=126)
LogWindows: File 'VtuneApi.dll' does not exist
LogWindows: Failed to load 'VtuneApi32e.dll' (GetLastError=126)
LogWindows: File 'VtuneApi32e.dll' does not exist
LogConsoleResponse: Display: Failed to find resolution value strings in scalability ini. Falling back to default.
LogInit: Display: Running engine for game: CPP_PointCloudsVR_22
LogPakFile: Registered encryption key '00000000000000000000000000000000': 0 pak files mounted, 0 remain pending
LogPlatformFile: Not using cached read wrapper
LogTaskGraph: Started task graph with 5 named threads and 14 total threads with 3 sets of task threads.
LogStats: Stats thread started at 0.397992
LogD3D11RHI: Loaded GFSDK_Aftermath_Lib.x64.dll
LogICUInternationalization: ICU TimeZone Detection - Raw Offset: +1:00, Platform Override: ''
LogPluginManager: Mounting plugin Paper2D
LogPluginManager: Mounting plugin AISupport
LogPluginManager: Mounting plugin LightPropagationVolume
LogPluginManager: Mounting plugin ActorLayerUtilities
LogPluginManager: Mounting plugin AnimationSharing
LogPluginManager: Mounting plugin CLionSourceCodeAccess
LogPluginManager: Mounting plugin CodeLiteSourceCodeAccess
LogPluginManager: Mounting plugin GitSourceControl
LogPluginManager: Mounting plugin KDevelopSourceCodeAccess
LogPluginManager: Mounting plugin NullSourceCodeAccess
LogPluginManager: Mounting plugin PerforceSourceControl
LogPluginManager: Mounting plugin SubversionSourceControl
LogPluginManager: Mounting plugin UObjectPlugin
LogPluginManager: Mounting plugin VisualStudioCodeSourceCodeAccess
LogPluginManager: Mounting plugin VisualStudioSourceCodeAccess
LogPluginManager: Mounting plugin XCodeSourceCodeAccess
LogPluginManager: Mounting plugin AssetManagerEditor
LogPluginManager: Mounting plugin CryptoKeys
LogPluginManager: Mounting plugin DataValidation
LogPluginManager: Mounting plugin EditorScriptingUtilities
LogPluginManager: Mounting plugin FacialAnimation
LogPluginManager: Mounting plugin GameplayTagsEditor
LogPluginManager: Mounting plugin GLTFImporter
LogPluginManager: Mounting plugin MacGraphicsSwitching
LogPluginManager: Mounting plugin MaterialAnalyzer
LogPluginManager: Mounting plugin MeshEditor
LogPluginManager: Mounting plugin MobileLauncherProfileWizard
LogPluginManager: Mounting plugin PluginBrowser
LogPluginManager: Mounting plugin SpeedTreeImporter
LogPluginManager: Mounting plugin DatasmithContent
LogPluginManager: Mounting plugin VariantManagerContent
LogPluginManager: Mounting plugin AlembicImporter
LogPluginManager: Mounting plugin AppleImageUtils
LogPluginManager: Mounting plugin AppleVision
LogPluginManager: Mounting plugin BackChannel
LogPluginManager: Mounting plugin BlastPlugin
LogPluginManager: Mounting plugin ChaosSolverPlugin
LogPluginManager: Mounting plugin CharacterAI
LogPluginManager: Mounting plugin GeometryCache
LogPluginManager: Mounting plugin GeometryCollectionPlugin
LogPluginManager: Mounting plugin HTML5Networking
LogPluginManager: Mounting plugin ProxyLODPlugin
LogPluginManager: Mounting plugin SkeletalReduction
LogPluginManager: Mounting plugin MagicLeap
LogPluginManager: Mounting plugin MagicLeapMedia
LogPluginManager: Mounting plugin AndroidMedia
LogPluginManager: Mounting plugin AvfMedia
LogPluginManager: Mounting plugin ImgMedia
LogPluginManager: Mounting plugin LinearTimecode
LogPluginManager: Mounting plugin MediaCompositing
LogPluginManager: Mounting plugin MediaPlayerEditor
LogPluginManager: Mounting plugin WebMMedia
LogPluginManager: Mounting plugin WmfMedia
LogPluginManager: Mounting plugin TcpMessaging
LogPluginManager: Mounting plugin UdpMessaging
LogPluginManager: Mounting plugin ActorSequence
LogPluginManager: Mounting plugin LevelSequenceEditor
LogPluginManager: Mounting plugin MatineeToLevelSequence
LogPluginManager: Mounting plugin NetcodeUnitTest
LogPluginManager: Mounting plugin NUTUnrealEngine4
LogPluginManager: Mounting plugin OnlineSubsystemGooglePlay
LogPluginManager: Mounting plugin OnlineSubsystemIOS
LogPluginManager: Mounting plugin OnlineSubsystem
LogPluginManager: Mounting plugin OnlineSubsystemNull
LogPluginManager: Mounting plugin OnlineSubsystemUtils
LogPluginManager: Mounting plugin LauncherChunkInstaller
LogPluginManager: Mounting plugin AndroidDeviceProfileSelector
LogPluginManager: Mounting plugin AndroidMoviePlayer
LogPluginManager: Mounting plugin AndroidPermission
LogPluginManager: Mounting plugin AppleMoviePlayer
LogPluginManager: Mounting plugin ArchVisCharacter
LogPluginManager: Mounting plugin AudioCapture
LogPluginManager: Mounting plugin CableComponent
LogPluginManager: Mounting plugin CustomMeshComponent
LogPluginManager: Mounting plugin EditableMesh
LogPluginManager: Mounting plugin ExampleDeviceProfileSelector
LogPluginManager: Mounting plugin Firebase
LogPluginManager: Mounting plugin GoogleCloudMessaging
LogPluginManager: Mounting plugin IOSDeviceProfileSelector
LogPluginManager: Mounting plugin LinuxDeviceProfileSelector
LogPluginManager: Mounting plugin LocationServicesBPLibrary
LogPluginManager: Mounting plugin MobilePatchingUtils
LogPluginManager: Mounting plugin OculusVR
LogPluginManager: Mounting plugin PhysXVehicles
LogPluginManager: Mounting plugin ProceduralMeshComponent
LogPluginManager: Mounting plugin RuntimePhysXCooking
LogPluginManager: Mounting plugin SignificanceManager
LogPluginManager: Mounting plugin SteamVR
LogPluginManager: Mounting plugin WebMMoviePlayer
LogPluginManager: Mounting plugin WindowsMoviePlayer
LogPluginManager: Mounting plugin PointCloudPlugin
LogPluginManager: Mounting plugin DatasmithCADImporter
LogPluginManager: Mounting plugin DatasmithDataPrepEditor
LogPluginManager: Mounting plugin DatasmithFBXImporter
LogPluginManager: Mounting plugin DatasmithGLTFImporter
LogPluginManager: Mounting plugin DatasmithImporter
LogPluginManager: Mounting plugin MDLImporter
LogPluginManager: Mounting plugin StaticMeshEditorExtension
LogPluginManager: Mounting plugin VariantManager
LogInit: Using libcurl 7.55.1-DEV
LogInit:  - built for x86_64-pc-win32
LogInit:  - supports SSL with OpenSSL/1.1.1
LogInit:  - supports HTTP deflate (compression) using libz 1.2.8
LogInit:  - other features:
LogInit:      CURL_VERSION_SSL
LogInit:      CURL_VERSION_LIBZ
LogInit:      CURL_VERSION_IPV6
LogInit:      CURL_VERSION_ASYNCHDNS
LogInit:      CURL_VERSION_LARGEFILE
LogInit:      CURL_VERSION_IDN
LogInit:  CurlRequestOptions (configurable via config and command line):
LogInit:  - bVerifyPeer = true  - Libcurl will verify peer certificate
LogInit:  - bUseHttpProxy = false  - Libcurl will NOT use HTTP proxy
LogInit:  - bDontReuseConnections = false  - Libcurl will reuse connections
LogInit:  - MaxHostConnections = 16  - Libcurl will limit the number of connections to a host
LogInit:  - LocalHostAddr = Default
LogInit:  - BufferSize = 65536
LogInit: WinSock: version 1.1 (2.2), MaxSocks=32767, MaxUdp=65467
LogInit: Build: ++UE4+Release-4.22-CL-6063286
LogInit: Engine Version: 4.22.1-6063286+++UE4+Release-4.22
LogInit: Compatible Engine Version: 4.22.0-5660361+++UE4+Release-4.22
LogInit: Net CL: 5660361
LogInit: OS: Windows 10 (Release 1803) (), CPU: Intel(R) Core(TM) i7-7700 CPU @ 3.60GHz, GPU: NVIDIA GeForce GTX 1060 6GB
LogInit: Compiled (64-bit): Apr 24 2019 04:36:48
LogInit: Compiled with Visual C++: 19.16.27025.01
LogInit: Build Configuration: Development
LogInit: Branch Name: ++UE4+Release-4.22
LogInit: Command Line:  -skipcompile
LogInit: Base Directory: D:/Programme/Epic/UE_4.22/Engine/Binaries/Win64/
LogInit: Installed Engine Build: 1
LogDevObjectVersion: Number of dev versions registered: 23
LogDevObjectVersion:   Dev-Blueprints (B0D832E4-1F89-4F0D-ACCF-7EB736FD4AA2): 10
LogDevObjectVersion:   Dev-Build (E1C64328-A22C-4D53-A36C-8E866417BD8C): 0
LogDevObjectVersion:   Dev-Core (375EC13C-06E4-48FB-B500-84F0262A717E): 3
LogDevObjectVersion:   Dev-Editor (E4B068ED-F494-42E9-A231-DA0B2E46BB41): 30
LogDevObjectVersion:   Dev-Framework (CFFC743F-43B0-4480-9391-14DF171D2073): 35
LogDevObjectVersion:   Dev-Mobile (B02B49B5-BB20-44E9-A304-32B752E40360): 2
LogDevObjectVersion:   Dev-Networking (A4E4105C-59A1-49B5-A7C5-40C4547EDFEE): 0
LogDevObjectVersion:   Dev-Online (39C831C9-5AE6-47DC-9A44-9C173E1C8E7C): 0
LogDevObjectVersion:   Dev-Physics (78F01B33-EBEA-4F98-B9B4-84EACCB95AA2): 0
LogDevObjectVersion:   Dev-Platform (6631380F-2D4D-43E0-8009-CF276956A95A): 0
LogDevObjectVersion:   Dev-Rendering (12F88B9F-8875-4AFC-A67C-D90C383ABD29): 28
LogDevObjectVersion:   Dev-Sequencer (7B5AE74C-D270-4C10-A958-57980B212A5A): 11
LogDevObjectVersion:   Dev-VR (D7296918-1DD6-4BDD-9DE2-64A83CC13884): 2
LogDevObjectVersion:   Dev-LoadTimes (C2A15278-BFE7-4AFE-6C17-90FF531DF755): 1
LogDevObjectVersion:   Private-Geometry (6EACA3D4-40EC-4CC1-B786-8BED09428FC5): 3
LogDevObjectVersion:   Dev-AnimPhys (29E575DD-E0A3-4627-9D10-D276232CDCEA): 17
LogDevObjectVersion:   Dev-Anim (AF43A65D-7FD3-4947-9873-3E8ED9C1BB05): 2
LogDevObjectVersion:   Dev-ReflectionCapture (6B266CEC-1EC7-4B8F-A30B-E4D90942FC07): 1
LogDevObjectVersion:   Dev-Automation (0DF73D61-A23F-47EA-B727-89E90C41499A): 1
LogDevObjectVersion:   FortniteMain (601D1886-AC64-4F84-AA16-D3DE0DEAC7D6): 25
LogDevObjectVersion:   Dev-Enterprise (9DFFBCD6-494F-0158-E221-12823C92A888): 6
LogDevObjectVersion:   Dev-Niagara (F2AED0AC-9AFE-416F-8664-AA7FFA26D6FC): 1
LogDevObjectVersion:   Dev-Destruction (174F1F0B-B4C6-45A5-B13F-2EE8D0FB917D): 2
LogInit: Presizing for max 16777216 objects, including 0 objects not considered by GC, pre-allocating 0 bytes for permanent pool.
LogInit: Object subsystem initialized
LogConfig: Setting CVar [[con.DebugEarlyDefault:1]]
LogConfig: Setting CVar [[r.setres:1280x720]]
[2019.06.21-17.20.34:685][  0]LogConfig: Setting CVar [[r.VSync:0]]
[2019.06.21-17.20.34:685][  0]LogConfig: Setting CVar [[r.RHICmdBypass:0]]
[2019.06.21-17.20.34:685][  0]LogConfig: Applying CVar settings from Section [/Script/Engine.RendererSettings] File [D:/M2Rep/PointCloudsVR/CPP_PointCloudsVR_22/Saved/Config/Windows/Engine.ini]
[2019.06.21-17.20.34:685][  0]LogConfig: Setting CVar [[r.GPUCrashDebugging:0]]
[2019.06.21-17.20.34:686][  0]LogConfig: Applying CVar settings from Section [/Script/Engine.RendererOverrideSettings] File [D:/M2Rep/PointCloudsVR/CPP_PointCloudsVR_22/Saved/Config/Windows/Engine.ini]
[2019.06.21-17.20.34:686][  0]LogConfig: Applying CVar settings from Section [/Script/Engine.StreamingSettings] File [D:/M2Rep/PointCloudsVR/CPP_PointCloudsVR_22/Saved/Config/Windows/Engine.ini]
[2019.06.21-17.20.34:686][  0]LogConfig: Setting CVar [[s.MinBulkDataSizeForAsyncLoading:131072]]
[2019.06.21-17.20.34:686][  0]LogConfig: Setting CVar [[s.AsyncLoadingThreadEnabled:0]]
[2019.06.21-17.20.34:686][  0]LogConfig: Setting CVar [[s.EventDrivenLoaderEnabled:1]]
[2019.06.21-17.20.34:686][  0]LogConfig: Setting CVar [[s.WarnIfTimeLimitExceeded:0]]
[2019.06.21-17.20.34:686][  0]LogConfig: Setting CVar [[s.TimeLimitExceededMultiplier:1.5]]
[2019.06.21-17.20.34:686][  0]LogConfig: Setting CVar [[s.TimeLimitExceededMinTime:0.005]]
[2019.06.21-17.20.34:686][  0]LogConfig: Setting CVar [[s.UseBackgroundLevelStreaming:1]]
[2019.06.21-17.20.34:686][  0]LogConfig: Setting CVar [[s.PriorityAsyncLoadingExtraTime:15.0]]
[2019.06.21-17.20.34:686][  0]LogConfig: Setting CVar [[s.LevelStreamingActorsUpdateTimeLimit:5.0]]
[2019.06.21-17.20.34:686][  0]LogConfig: Setting CVar [[s.PriorityLevelStreamingActorsUpdateExtraTime:5.0]]
[2019.06.21-17.20.34:686][  0]LogConfig: Setting CVar [[s.LevelStreamingComponentsRegistrationGranularity:10]]
[2019.06.21-17.20.34:686][  0]LogConfig: Setting CVar [[s.UnregisterComponentsTimeLimit:1.0]]
[2019.06.21-17.20.34:686][  0]LogConfig: Setting CVar [[s.LevelStreamingComponentsUnregistrationGranularity:5]]
[2019.06.21-17.20.34:686][  0]LogConfig: Applying CVar settings from Section [/Script/Engine.GarbageCollectionSettings] File [D:/M2Rep/PointCloudsVR/CPP_PointCloudsVR_22/Saved/Config/Windows/Engine.ini]
[2019.06.21-17.20.34:687][  0]LogConfig: Setting CVar [[gc.MaxObjectsNotConsideredByGC:1]]
[2019.06.21-17.20.34:687][  0]LogConfig: Setting CVar [[gc.SizeOfPermanentObjectPool:0]]
[2019.06.21-17.20.34:687][  0]LogConfig: Setting CVar [[gc.FlushStreamingOnGC:0]]
[2019.06.21-17.20.34:687][  0]LogConfig: Setting CVar [[gc.NumRetriesBeforeForcingGC:10]]
[2019.06.21-17.20.34:687][  0]LogConfig: Setting CVar [[gc.AllowParallelGC:1]]
[2019.06.21-17.20.34:687][  0]LogConfig: Setting CVar [[gc.TimeBetweenPurgingPendingKillObjects:61.1]]
[2019.06.21-17.20.34:687][  0]LogConfig: Setting CVar [[gc.MaxObjectsInEditor:16777216]]
[2019.06.21-17.20.34:687][  0]LogConfig: Setting CVar [[gc.IncrementalBeginDestroyEnabled:1]]
[2019.06.21-17.20.34:687][  0]LogConfig: Setting CVar [[gc.CreateGCClusters:1]]
[2019.06.21-17.20.34:687][  0]LogConfig: Setting CVar [[gc.MinGCClusterSize:5]]
[2019.06.21-17.20.34:687][  0]LogConfig: Setting CVar [[gc.ActorClusteringEnabled:0]]
[2019.06.21-17.20.34:687][  0]LogConfig: Setting CVar [[gc.BlueprintClusteringEnabled:0]]
[2019.06.21-17.20.34:687][  0]LogConfig: Setting CVar [[gc.UseDisregardForGCOnDedicatedServers:0]]
[2019.06.21-17.20.34:687][  0]LogConfig: Applying CVar settings from Section [/Script/Engine.NetworkSettings] File [D:/M2Rep/PointCloudsVR/CPP_PointCloudsVR_22/Saved/Config/Windows/Engine.ini]
[2019.06.21-17.20.34:687][  0]LogConfig: Applying CVar settings from Section [/Script/UnrealEd.CookerSettings] File [D:/M2Rep/PointCloudsVR/CPP_PointCloudsVR_22/Saved/Config/Windows/Engine.ini]
[2019.06.21-17.20.34:695][  0]LogConfig: Applying CVar settings from Section [ViewDistanceQuality@3] File [D:/M2Rep/PointCloudsVR/CPP_PointCloudsVR_22/Saved/Config/Windows/Scalability.ini]
[2019.06.21-17.20.34:695][  0]LogConfig: Setting CVar [[r.SkeletalMeshLODBias:0]]
[2019.06.21-17.20.34:695][  0]LogConfig: Setting CVar [[r.ViewDistanceScale:1.0]]
[2019.06.21-17.20.34:696][  0]LogConfig: Applying CVar settings from Section [AntiAliasingQuality@3] File [D:/M2Rep/PointCloudsVR/CPP_PointCloudsVR_22/Saved/Config/Windows/Scalability.ini]
[2019.06.21-17.20.34:696][  0]LogConfig: Setting CVar [[r.PostProcessAAQuality:4]]
[2019.06.21-17.20.34:696][  0]LogConfig: Applying CVar settings from Section [ShadowQuality@3] File [D:/M2Rep/PointCloudsVR/CPP_PointCloudsVR_22/Saved/Config/Windows/Scalability.ini]
[2019.06.21-17.20.34:696][  0]LogConfig: Setting CVar [[r.LightFunctionQuality:1]]
[2019.06.21-17.20.34:696][  0]LogConfig: Setting CVar [[r.ShadowQuality:5]]
[2019.06.21-17.20.34:696][  0]LogConfig: Setting CVar [[r.Shadow.CSM.MaxCascades:10]]
[2019.06.21-17.20.34:696][  0]LogConfig: Setting CVar [[r.Shadow.MaxResolution:2048]]
[2019.06.21-17.20.34:696][  0]LogConfig: Setting CVar [[r.Shadow.MaxCSMResolution:2048]]
[2019.06.21-17.20.34:696][  0]LogConfig: Setting CVar [[r.Shadow.RadiusThreshold:0.01]]
[2019.06.21-17.20.34:696][  0]LogConfig: Setting CVar [[r.Shadow.DistanceScale:1.0]]
[2019.06.21-17.20.34:696][  0]LogConfig: Setting CVar [[r.Shadow.CSM.TransitionScale:1.0]]
[2019.06.21-17.20.34:696][  0]LogConfig: Setting CVar [[r.Shadow.PreShadowResolutionFactor:1.0]]
[2019.06.21-17.20.34:696][  0]LogConfig: Setting CVar [[r.DistanceFieldShadowing:1]]
[2019.06.21-17.20.34:696][  0]LogConfig: Setting CVar [[r.DistanceFieldAO:1]]
[2019.06.21-17.20.34:696][  0]LogConfig: Setting CVar [[r.AOQuality:2]]
[2019.06.21-17.20.34:696][  0]LogConfig: Setting CVar [[r.VolumetricFog:1]]
[2019.06.21-17.20.34:697][  0]LogConfig: Setting CVar [[r.VolumetricFog.GridPixelSize:8]]
[2019.06.21-17.20.34:697][  0]LogConfig: Setting CVar [[r.VolumetricFog.GridSizeZ:128]]
[2019.06.21-17.20.34:697][  0]LogConfig: Setting CVar [[r.VolumetricFog.HistoryMissSupersampleCount:4]]
[2019.06.21-17.20.34:697][  0]LogConfig: Setting CVar [[r.LightMaxDrawDistanceScale:1]]
[2019.06.21-17.20.34:697][  0]LogConfig: Setting CVar [[r.CapsuleShadows:1]]
[2019.06.21-17.20.34:697][  0]LogConfig: Applying CVar settings from Section [PostProcessQuality@3] File [D:/M2Rep/PointCloudsVR/CPP_PointCloudsVR_22/Saved/Config/Windows/Scalability.ini]
[2019.06.21-17.20.34:697][  0]LogConfig: Setting CVar [[r.MotionBlurQuality:4]]
[2019.06.21-17.20.34:697][  0]LogConfig: Setting CVar [[r.AmbientOcclusionMipLevelFactor:0.4]]
[2019.06.21-17.20.34:697][  0]LogConfig: Setting CVar [[r.AmbientOcclusionMaxQuality:100]]
[2019.06.21-17.20.34:697][  0]LogConfig: Setting CVar [[r.AmbientOcclusionLevels:-1]]
[2019.06.21-17.20.34:697][  0]LogConfig: Setting CVar [[r.AmbientOcclusionRadiusScale:1.0]]
[2019.06.21-17.20.34:697][  0]LogConfig: Setting CVar [[r.DepthOfFieldQuality:2]]
[2019.06.21-17.20.34:697][  0]LogConfig: Setting CVar [[r.RenderTargetPoolMin:400]]
[2019.06.21-17.20.34:697][  0]LogConfig: Setting CVar [[r.LensFlareQuality:2]]
[2019.06.21-17.20.34:697][  0]LogConfig: Setting CVar [[r.SceneColorFringeQuality:1]]
[2019.06.21-17.20.34:697][  0]LogConfig: Setting CVar [[r.EyeAdaptationQuality:2]]
[2019.06.21-17.20.34:697][  0]LogConfig: Setting CVar [[r.BloomQuality:5]]
[2019.06.21-17.20.34:697][  0]LogConfig: Setting CVar [[r.FastBlurThreshold:100]]
[2019.06.21-17.20.34:697][  0]LogConfig: Setting CVar [[r.Upscale.Quality:3]]
[2019.06.21-17.20.34:697][  0]LogConfig: Setting CVar [[r.Tonemapper.GrainQuantization:1]]
[2019.06.21-17.20.34:697][  0]LogConfig: Setting CVar [[r.LightShaftQuality:1]]
[2019.06.21-17.20.34:697][  0]LogConfig: Setting CVar [[r.Filter.SizeScale:1]]
[2019.06.21-17.20.34:698][  0]LogConfig: Setting CVar [[r.Tonemapper.Quality:5]]
[2019.06.21-17.20.34:698][  0]LogConfig: Setting CVar [[r.DOF.Gather.AccumulatorQuality:1        ; higher gathering accumulator quality]]
[2019.06.21-17.20.34:698][  0]LogConfig: Setting CVar [[r.DOF.Gather.PostfilterMethod:1          ; Median3x3 postfilering method]]
[2019.06.21-17.20.34:698][  0]LogConfig: Setting CVar [[r.DOF.Gather.EnableBokehSettings:0       ; no bokeh simulation when gathering]]
[2019.06.21-17.20.34:698][  0]LogConfig: Setting CVar [[r.DOF.Gather.RingCount:4                 ; medium number of samples when gathering]]
[2019.06.21-17.20.34:698][  0]LogConfig: Setting CVar [[r.DOF.Scatter.ForegroundCompositing:1    ; additive foreground scattering]]
[2019.06.21-17.20.34:698][  0]LogConfig: Setting CVar [[r.DOF.Scatter.BackgroundCompositing:2    ; additive background scattering]]
[2019.06.21-17.20.34:698][  0]LogConfig: Setting CVar [[r.DOF.Scatter.EnableBokehSettings:1      ; bokeh simulation when scattering]]
[2019.06.21-17.20.34:698][  0]LogConfig: Setting CVar [[r.DOF.Scatter.MaxSpriteRatio:0.1         ; only a maximum of 10% of scattered bokeh]]
[2019.06.21-17.20.34:698][  0]LogConfig: Setting CVar [[r.DOF.Recombine.Quality:1                ; cheap slight out of focus]]
[2019.06.21-17.20.34:698][  0]LogConfig: Setting CVar [[r.DOF.Recombine.EnableBokehSettings:0    ; no bokeh simulation on slight out of focus]]
[2019.06.21-17.20.34:698][  0]LogConfig: Setting CVar [[r.DOF.TemporalAAQuality:1                ; more stable temporal accumulation]]
[2019.06.21-17.20.34:698][  0]LogConfig: Setting CVar [[r.DOF.Kernel.MaxForegroundRadius:0.025]]
[2019.06.21-17.20.34:698][  0]LogConfig: Setting CVar [[r.DOF.Kernel.MaxBackgroundRadius:0.025]]
[2019.06.21-17.20.34:698][  0]LogConfig: Applying CVar settings from Section [TextureQuality@3] File [D:/M2Rep/PointCloudsVR/CPP_PointCloudsVR_22/Saved/Config/Windows/Scalability.ini]
[2019.06.21-17.20.34:698][  0]LogConfig: Setting CVar [[r.Streaming.MipBias:0]]
[2019.06.21-17.20.34:698][  0]LogConfig: Setting CVar [[r.Streaming.AmortizeCPUToGPUCopy:0]]
[2019.06.21-17.20.34:698][  0]LogConfig: Setting CVar [[r.Streaming.MaxNumTexturesToStreamPerFrame:0]]
[2019.06.21-17.20.34:698][  0]LogConfig: Setting CVar [[r.Streaming.Boost:1]]
[2019.06.21-17.20.34:698][  0]LogConfig: Setting CVar [[r.MaxAnisotropy:8]]
[2019.06.21-17.20.34:699][  0]LogConfig: Setting CVar [[r.Streaming.LimitPoolSizeToVRAM:0]]
[2019.06.21-17.20.34:699][  0]LogConfig: Setting CVar [[r.Streaming.PoolSize:1000]]
[2019.06.21-17.20.34:699][  0]LogConfig: Setting CVar [[r.Streaming.MaxEffectiveScreenSize:0]]
[2019.06.21-17.20.34:699][  0]LogConfig: Applying CVar settings from Section [EffectsQuality@3] File [D:/M2Rep/PointCloudsVR/CPP_PointCloudsVR_22/Saved/Config/Windows/Scalability.ini]
[2019.06.21-17.20.34:699][  0]LogConfig: Setting CVar [[r.TranslucencyLightingVolumeDim:64]]
[2019.06.21-17.20.34:699][  0]LogConfig: Setting CVar [[r.RefractionQuality:2]]
[2019.06.21-17.20.34:700][  0]LogConfig: Setting CVar [[r.SSR.Quality:3]]
[2019.06.21-17.20.34:700][  0]LogConfig: Setting CVar [[r.SceneColorFormat:4]]
[2019.06.21-17.20.34:700][  0]LogConfig: Setting CVar [[r.DetailMode:2]]
[2019.06.21-17.20.34:700][  0]LogConfig: Setting CVar [[r.TranslucencyVolumeBlur:1]]
[2019.06.21-17.20.34:700][  0]LogConfig: Setting CVar [[r.MaterialQualityLevel:1 ; High quality]]
[2019.06.21-17.20.34:700][  0]LogConfig: Setting CVar [[r.SSS.Scale:1]]
[2019.06.21-17.20.34:700][  0]LogConfig: Setting CVar [[r.SSS.SampleSet:2]]
[2019.06.21-17.20.34:700][  0]LogConfig: Setting CVar [[r.SSS.Quality:1]]
[2019.06.21-17.20.34:700][  0]LogConfig: Setting CVar [[r.SSS.HalfRes:1]]
[2019.06.21-17.20.34:701][  0]LogConfig: Setting CVar [[r.EmitterSpawnRateScale:1.0]]
[2019.06.21-17.20.34:701][  0]LogConfig: Setting CVar [[r.ParticleLightQuality:2]]
[2019.06.21-17.20.34:701][  0]LogConfig: Applying CVar settings from Section [FoliageQuality@3] File [D:/M2Rep/PointCloudsVR/CPP_PointCloudsVR_22/Saved/Config/Windows/Scalability.ini]
[2019.06.21-17.20.34:702][  0]LogConfig: Setting CVar [[foliage.DensityScale:1.0]]
[2019.06.21-17.20.34:702][  0]LogConfig: Setting CVar [[grass.DensityScale:1.0]]
[2019.06.21-17.20.34:702][  0]LogInit: Selected Device Profile: [Windows]
[2019.06.21-17.20.34:702][  0]LogInit: Applying CVar settings loaded from the selected device profile: [Windows]
[2019.06.21-17.20.34:713][  0]LogHAL: Display: Platform has ~ 32 GB [34250248192 / 34359738368 / 32], which maps to Largest [LargestMinGB=32, LargerMinGB=12, DefaultMinGB=8, SmallerMinGB=6, SmallestMinGB=0)
[2019.06.21-17.20.34:713][  0]LogConfig: Setting CVar [[r.Vulkan.UseRealUBs:0		; Required until we fix HLR fall-out]]
[2019.06.21-17.20.34:714][  0]LogInit: Going up to parent DeviceProfile []
[2019.06.21-17.20.34:714][  0]LogConfig: Applying CVar settings from Section [ViewDistanceQuality@3] File [D:/M2Rep/PointCloudsVR/CPP_PointCloudsVR_22/Saved/Config/Windows/Scalability.ini]
[2019.06.21-17.20.34:714][  0]LogConfig: Setting CVar [[r.SkeletalMeshLODBias:0]]
[2019.06.21-17.20.34:714][  0]LogConfig: Setting CVar [[r.ViewDistanceScale:1.0]]
[2019.06.21-17.20.34:714][  0]LogConfig: Applying CVar settings from Section [AntiAliasingQuality@3] File [D:/M2Rep/PointCloudsVR/CPP_PointCloudsVR_22/Saved/Config/Windows/Scalability.ini]
[2019.06.21-17.20.34:714][  0]LogConfig: Setting CVar [[r.PostProcessAAQuality:4]]
[2019.06.21-17.20.34:714][  0]LogConfig: Applying CVar settings from Section [ShadowQuality@3] File [D:/M2Rep/PointCloudsVR/CPP_PointCloudsVR_22/Saved/Config/Windows/Scalability.ini]
[2019.06.21-17.20.34:714][  0]LogConfig: Setting CVar [[r.LightFunctionQuality:1]]
[2019.06.21-17.20.34:714][  0]LogConfig: Setting CVar [[r.ShadowQuality:5]]
[2019.06.21-17.20.34:714][  0]LogConfig: Setting CVar [[r.Shadow.CSM.MaxCascades:10]]
[2019.06.21-17.20.34:715][  0]LogConfig: Setting CVar [[r.Shadow.MaxResolution:2048]]
[2019.06.21-17.20.34:715][  0]LogConfig: Setting CVar [[r.Shadow.MaxCSMResolution:2048]]
[2019.06.21-17.20.34:715][  0]LogConfig: Setting CVar [[r.Shadow.RadiusThreshold:0.01]]
[2019.06.21-17.20.34:715][  0]LogConfig: Setting CVar [[r.Shadow.DistanceScale:1.0]]
[2019.06.21-17.20.34:715][  0]LogConfig: Setting CVar [[r.Shadow.CSM.TransitionScale:1.0]]
[2019.06.21-17.20.34:715][  0]LogConfig: Setting CVar [[r.Shadow.PreShadowResolutionFactor:1.0]]
[2019.06.21-17.20.34:715][  0]LogConfig: Setting CVar [[r.DistanceFieldShadowing:1]]
[2019.06.21-17.20.34:716][  0]LogConfig: Setting CVar [[r.DistanceFieldAO:1]]
[2019.06.21-17.20.34:716][  0]LogConfig: Setting CVar [[r.AOQuality:2]]
[2019.06.21-17.20.34:716][  0]LogConfig: Setting CVar [[r.VolumetricFog:1]]
[2019.06.21-17.20.34:716][  0]LogConfig: Setting CVar [[r.VolumetricFog.GridPixelSize:8]]
[2019.06.21-17.20.34:717][  0]LogConfig: Setting CVar [[r.VolumetricFog.GridSizeZ:128]]
[2019.06.21-17.20.34:717][  0]LogConfig: Setting CVar [[r.VolumetricFog.HistoryMissSupersampleCount:4]]
[2019.06.21-17.20.34:717][  0]LogConfig: Setting CVar [[r.LightMaxDrawDistanceScale:1]]
[2019.06.21-17.20.34:717][  0]LogConfig: Setting CVar [[r.CapsuleShadows:1]]
[2019.06.21-17.20.34:717][  0]LogConfig: Applying CVar settings from Section [PostProcessQuality@3] File [D:/M2Rep/PointCloudsVR/CPP_PointCloudsVR_22/Saved/Config/Windows/Scalability.ini]
[2019.06.21-17.20.34:718][  0]LogConfig: Setting CVar [[r.MotionBlurQuality:4]]
[2019.06.21-17.20.34:718][  0]LogConfig: Setting CVar [[r.AmbientOcclusionMipLevelFactor:0.4]]
[2019.06.21-17.20.34:719][  0]LogConfig: Setting CVar [[r.AmbientOcclusionMaxQuality:100]]
[2019.06.21-17.20.34:719][  0]LogConfig: Setting CVar [[r.AmbientOcclusionLevels:-1]]
[2019.06.21-17.20.34:719][  0]LogConfig: Setting CVar [[r.AmbientOcclusionRadiusScale:1.0]]
[2019.06.21-17.20.34:719][  0]LogConfig: Setting CVar [[r.DepthOfFieldQuality:2]]
[2019.06.21-17.20.34:719][  0]LogConfig: Setting CVar [[r.RenderTargetPoolMin:400]]
[2019.06.21-17.20.34:719][  0]LogConfig: Setting CVar [[r.LensFlareQuality:2]]
[2019.06.21-17.20.34:720][  0]LogConfig: Setting CVar [[r.SceneColorFringeQuality:1]]
[2019.06.21-17.20.34:720][  0]LogConfig: Setting CVar [[r.EyeAdaptationQuality:2]]
[2019.06.21-17.20.34:720][  0]LogConfig: Setting CVar [[r.BloomQuality:5]]
[2019.06.21-17.20.34:721][  0]LogConfig: Setting CVar [[r.FastBlurThreshold:100]]
[2019.06.21-17.20.34:721][  0]LogConfig: Setting CVar [[r.Upscale.Quality:3]]
[2019.06.21-17.20.34:721][  0]LogConfig: Setting CVar [[r.Tonemapper.GrainQuantization:1]]
[2019.06.21-17.20.34:721][  0]LogConfig: Setting CVar [[r.LightShaftQuality:1]]
[2019.06.21-17.20.34:721][  0]LogConfig: Setting CVar [[r.Filter.SizeScale:1]]
[2019.06.21-17.20.34:721][  0]LogConfig: Setting CVar [[r.Tonemapper.Quality:5]]
[2019.06.21-17.20.34:721][  0]LogConfig: Setting CVar [[r.DOF.Gather.AccumulatorQuality:1        ; higher gathering accumulator quality]]
[2019.06.21-17.20.34:721][  0]LogConfig: Setting CVar [[r.DOF.Gather.PostfilterMethod:1          ; Median3x3 postfilering method]]
[2019.06.21-17.20.34:722][  0]LogConfig: Setting CVar [[r.DOF.Gather.EnableBokehSettings:0       ; no bokeh simulation when gathering]]
[2019.06.21-17.20.34:722][  0]LogConfig: Setting CVar [[r.DOF.Gather.RingCount:4                 ; medium number of samples when gathering]]
[2019.06.21-17.20.34:722][  0]LogConfig: Setting CVar [[r.DOF.Scatter.ForegroundCompositing:1    ; additive foreground scattering]]
[2019.06.21-17.20.34:722][  0]LogConfig: Setting CVar [[r.DOF.Scatter.BackgroundCompositing:2    ; additive background scattering]]
[2019.06.21-17.20.34:723][  0]LogConfig: Setting CVar [[r.DOF.Scatter.EnableBokehSettings:1      ; bokeh simulation when scattering]]
[2019.06.21-17.20.34:723][  0]LogConfig: Setting CVar [[r.DOF.Scatter.MaxSpriteRatio:0.1         ; only a maximum of 10% of scattered bokeh]]
[2019.06.21-17.20.34:723][  0]LogConfig: Setting CVar [[r.DOF.Recombine.Quality:1                ; cheap slight out of focus]]
[2019.06.21-17.20.34:723][  0]LogConfig: Setting CVar [[r.DOF.Recombine.EnableBokehSettings:0    ; no bokeh simulation on slight out of focus]]
[2019.06.21-17.20.34:723][  0]LogConfig: Setting CVar [[r.DOF.TemporalAAQuality:1                ; more stable temporal accumulation]]
[2019.06.21-17.20.34:723][  0]LogConfig: Setting CVar [[r.DOF.Kernel.MaxForegroundRadius:0.025]]
[2019.06.21-17.20.34:723][  0]LogConfig: Setting CVar [[r.DOF.Kernel.MaxBackgroundRadius:0.025]]
[2019.06.21-17.20.34:723][  0]LogConfig: Applying CVar settings from Section [TextureQuality@3] File [D:/M2Rep/PointCloudsVR/CPP_PointCloudsVR_22/Saved/Config/Windows/Scalability.ini]
[2019.06.21-17.20.34:723][  0]LogConfig: Setting CVar [[r.Streaming.MipBias:0]]
[2019.06.21-17.20.34:723][  0]LogConfig: Setting CVar [[r.Streaming.AmortizeCPUToGPUCopy:0]]
[2019.06.21-17.20.34:724][  0]LogConfig: Setting CVar [[r.Streaming.MaxNumTexturesToStreamPerFrame:0]]
[2019.06.21-17.20.34:724][  0]LogConfig: Setting CVar [[r.Streaming.Boost:1]]
[2019.06.21-17.20.34:724][  0]LogConfig: Setting CVar [[r.MaxAnisotropy:8]]
[2019.06.21-17.20.34:724][  0]LogConfig: Setting CVar [[r.Streaming.LimitPoolSizeToVRAM:0]]
[2019.06.21-17.20.34:724][  0]LogConfig: Setting CVar [[r.Streaming.PoolSize:1000]]
[2019.06.21-17.20.34:724][  0]LogConfig: Setting CVar [[r.Streaming.MaxEffectiveScreenSize:0]]
[2019.06.21-17.20.34:724][  0]LogConfig: Applying CVar settings from Section [EffectsQuality@3] File [D:/M2Rep/PointCloudsVR/CPP_PointCloudsVR_22/Saved/Config/Windows/Scalability.ini]
[2019.06.21-17.20.34:724][  0]LogConfig: Setting CVar [[r.TranslucencyLightingVolumeDim:64]]
[2019.06.21-17.20.34:724][  0]LogConfig: Setting CVar [[r.RefractionQuality:2]]
[2019.06.21-17.20.34:724][  0]LogConfig: Setting CVar [[r.SSR.Quality:3]]
[2019.06.21-17.20.34:724][  0]LogConfig: Setting CVar [[r.SceneColorFormat:4]]
[2019.06.21-17.20.34:724][  0]LogConfig: Setting CVar [[r.DetailMode:2]]
[2019.06.21-17.20.34:724][  0]LogConfig: Setting CVar [[r.TranslucencyVolumeBlur:1]]
[2019.06.21-17.20.34:724][  0]LogConfig: Setting CVar [[r.MaterialQualityLevel:1 ; High quality]]
[2019.06.21-17.20.34:724][  0]LogConfig: Setting CVar [[r.SSS.Scale:1]]
[2019.06.21-17.20.34:724][  0]LogConfig: Setting CVar [[r.SSS.SampleSet:2]]
[2019.06.21-17.20.34:724][  0]LogConfig: Setting CVar [[r.SSS.Quality:1]]
[2019.06.21-17.20.34:724][  0]LogConfig: Setting CVar [[r.SSS.HalfRes:1]]
[2019.06.21-17.20.34:725][  0]LogConfig: Setting CVar [[r.EmitterSpawnRateScale:1.0]]
[2019.06.21-17.20.34:725][  0]LogConfig: Setting CVar [[r.ParticleLightQuality:2]]
[2019.06.21-17.20.34:725][  0]LogConfig: Applying CVar settings from Section [FoliageQuality@3] File [D:/M2Rep/PointCloudsVR/CPP_PointCloudsVR_22/Saved/Config/Windows/Scalability.ini]
[2019.06.21-17.20.34:725][  0]LogConfig: Setting CVar [[foliage.DensityScale:1.0]]
[2019.06.21-17.20.34:725][  0]LogConfig: Setting CVar [[grass.DensityScale:1.0]]
[2019.06.21-17.20.34:725][  0]LogConfig: Applying CVar settings from Section [Startup] File [../../../Engine/Config/ConsoleVariables.ini]
[2019.06.21-17.20.34:725][  0]LogConfig: Setting CVar [[net.UseAdaptiveNetUpdateFrequency:0]]
[2019.06.21-17.20.34:725][  0]LogConfig: Setting CVar [[p.chaos.AllowCreatePhysxBodies:1]]
[2019.06.21-17.20.34:725][  0]LogConfig: Applying CVar settings from Section [ConsoleVariables] File [D:/M2Rep/PointCloudsVR/CPP_PointCloudsVR_22/Saved/Config/Windows/Engine.ini]
[2019.06.21-17.20.34:726][  0]LogInit: Computer: DESKTOP-ON6PSEN
[2019.06.21-17.20.34:726][  0]LogInit: User: CAADvr
[2019.06.21-17.20.34:726][  0]LogInit: CPU Page size=4096, Cores=4
[2019.06.21-17.20.34:726][  0]LogInit: High frequency timer resolution =3.515629 MHz
[2019.06.21-17.20.34:726][  0]LogMemory: Memory total: Physical=31.9GB (32GB approx)
[2019.06.21-17.20.34:726][  0]LogMemory: Platform Memory Stats for Windows
[2019.06.21-17.20.34:726][  0]LogMemory: Process Physical Memory: 103.39 MB used, 103.39 MB peak
[2019.06.21-17.20.34:726][  0]LogMemory: Process Virtual Memory: 98.01 MB used, 98.01 MB peak
[2019.06.21-17.20.34:727][  0]LogMemory: Physical Memory: 10277.20 MB used,  22386.39 MB free, 32663.58 MB total
[2019.06.21-17.20.34:727][  0]LogMemory: Virtual Memory: 4671.58 MB used,  134213056.00 MB free, 134217728.00 MB total
[2019.06.21-17.20.34:820][  0]LogInit: Using OS detected language (de-DE).
[2019.06.21-17.20.34:820][  0]LogInit: Using OS detected locale (de-DE).
[2019.06.21-17.20.34:821][  0]LogTextLocalizationManager: No specific localization for 'de-DE' exists, so the 'de' localization will be used.
[2019.06.21-17.20.34:821][  0]LogTextLocalizationResource: LocRes '../../../Engine/Content/Localization/Editor/de/Editor.locres' could not be opened for reading!
[2019.06.21-17.20.34:821][  0]LogTextLocalizationResource: LocRes '../../../Engine/Content/Localization/EditorTutorials/de/EditorTutorials.locres' could not be opened for reading!
[2019.06.21-17.20.34:822][  0]LogTextLocalizationResource: LocRes '../../../Engine/Content/Localization/Keywords/de/Keywords.locres' could not be opened for reading!
[2019.06.21-17.20.34:823][  0]LogTextLocalizationResource: LocRes '../../../Engine/Content/Localization/Category/de/Category.locres' could not be opened for reading!
[2019.06.21-17.20.34:823][  0]LogTextLocalizationResource: LocRes '../../../Engine/Content/Localization/ToolTips/de/ToolTips.locres' could not be opened for reading!
[2019.06.21-17.20.34:823][  0]LogTextLocalizationResource: LocRes '../../../Engine/Content/Localization/PropertyNames/de/PropertyNames.locres' could not be opened for reading!
[2019.06.21-17.20.34:823][  0]LogTextLocalizationResource: LocRes '../../../Engine/Content/Localization/Engine/de/Engine.locres' could not be opened for reading!
[2019.06.21-17.20.34:824][  0]LogInit: Setting process to per monitor DPI aware
[2019.06.21-17.20.34:865][  0]LogSlate: New Slate User Created.  User Index 0, Is Virtual User: 0
[2019.06.21-17.20.34:865][  0]LogSlate: Slate User Registered.  User Index 0, Is Virtual User: 0
[2019.06.21-17.20.35:000][  0]LogD3D11RHI: D3D11 adapters:
[2019.06.21-17.20.35:063][  0]LogD3D11RHI:    0. 'NVIDIA GeForce GTX 1060 6GB' (Feature Level 11_0)
[2019.06.21-17.20.35:063][  0]LogD3D11RHI:       6052/0/16331 MB DedicatedVideo/DedicatedSystem/SharedSystem, Outputs:2, VendorId:0x10de
[2019.06.21-17.20.35:099][  0]LogD3D11RHI:    1. 'Intel(R) HD Graphics 630' (Feature Level 11_0)
[2019.06.21-17.20.35:099][  0]LogD3D11RHI:       128/0/16331 MB DedicatedVideo/DedicatedSystem/SharedSystem, Outputs:0, VendorId:0x8086
[2019.06.21-17.20.35:104][  0]LogD3D11RHI:    2. 'Microsoft Basic Render Driver' (Feature Level 11_0)
[2019.06.21-17.20.35:104][  0]LogD3D11RHI:       0/0/16331 MB DedicatedVideo/DedicatedSystem/SharedSystem, Outputs:0, VendorId:0x1414
[2019.06.21-17.20.35:104][  0]LogD3D11RHI: Chosen D3D11 Adapter: 0
[2019.06.21-17.20.35:112][  0]LogD3D11RHI: Creating new Direct3DDevice
[2019.06.21-17.20.35:112][  0]LogD3D11RHI:     GPU DeviceId: 0x1c03 (for the marketing name, search the web for "GPU Device Id")
[2019.06.21-17.20.35:112][  0]LogWindows: EnumDisplayDevices:
[2019.06.21-17.20.35:112][  0]LogWindows:    0. 'NVIDIA GeForce GTX 1060 6GB' (P:1 D:1)
[2019.06.21-17.20.35:112][  0]LogWindows:    1. 'NVIDIA GeForce GTX 1060 6GB' (P:0 D:1)
[2019.06.21-17.20.35:113][  0]LogWindows:    2. 'NVIDIA GeForce GTX 1060 6GB' (P:0 D:0)
[2019.06.21-17.20.35:113][  0]LogWindows:    3. 'NVIDIA GeForce GTX 1060 6GB' (P:0 D:0)
[2019.06.21-17.20.35:113][  0]LogWindows:    4. 'Intel(R) HD Graphics 630' (P:0 D:0)
[2019.06.21-17.20.35:114][  0]LogWindows:    5. 'Intel(R) HD Graphics 630' (P:0 D:0)
[2019.06.21-17.20.35:114][  0]LogWindows:    6. 'Intel(R) HD Graphics 630' (P:0 D:0)
[2019.06.21-17.20.35:114][  0]LogWindows: DebugString: PrimaryIsNotTheChoosenAdapter PrimaryIsNotTheChoosenAdapter PrimaryIsNotTheChoosenAdapter FoundDriverCount:4 
[2019.06.21-17.20.35:114][  0]LogD3D11RHI:     Adapter Name: NVIDIA GeForce GTX 1060 6GB
[2019.06.21-17.20.35:114][  0]LogD3D11RHI:   Driver Version: 418.91 (internal:25.21.14.1891, unified:418.91)
[2019.06.21-17.20.35:114][  0]LogD3D11RHI:      Driver Date: 2-6-2019
[2019.06.21-17.20.35:114][  0]LogRHI: Texture pool is 4236 MB (70% of 6052 MB)
[2019.06.21-17.20.35:153][  0]LogD3D11RHI: Async texture creation enabled
[2019.06.21-17.20.35:164][  0]LogRendererCore: FGlobalReadBuffer::InitRHI
[2019.06.21-17.20.35:164][  0]LogRendererCore: FGlobalReadBuffer::InitRHI
[2019.06.21-17.20.35:164][  0]LogRendererCore: FGlobalReadBuffer::InitRHI
[2019.06.21-17.20.35:172][  0]LogD3D11RHI: GPU Timing Frequency: 1000.000000 (Debug: 2 1)
[2019.06.21-17.20.35:502][  0]LogTemp: Display: Module 'AllDesktopTargetPlatform' loaded TargetPlatform 'AllDesktop'
[2019.06.21-17.20.35:515][  0]LogTemp: Display: Module 'MacClientTargetPlatform' loaded TargetPlatform 'MacClient'
[2019.06.21-17.20.35:528][  0]LogTemp: Display: Module 'MacNoEditorTargetPlatform' loaded TargetPlatform 'MacNoEditor'
[2019.06.21-17.20.35:542][  0]LogTemp: Display: Module 'MacServerTargetPlatform' loaded TargetPlatform 'MacServer'
[2019.06.21-17.20.35:555][  0]LogTemp: Display: Module 'MacTargetPlatform' loaded TargetPlatform 'Mac'
[2019.06.21-17.20.35:572][  0]LogTemp: Display: Module 'WindowsClientTargetPlatform' loaded TargetPlatform 'WindowsClient'
[2019.06.21-17.20.35:585][  0]LogTemp: Display: Module 'WindowsNoEditorTargetPlatform' loaded TargetPlatform 'WindowsNoEditor'
[2019.06.21-17.20.35:598][  0]LogTemp: Display: Module 'WindowsServerTargetPlatform' loaded TargetPlatform 'WindowsServer'
[2019.06.21-17.20.35:607][  0]LogTemp: Display: Module 'WindowsTargetPlatform' loaded TargetPlatform 'Windows'
[2019.06.21-17.20.35:676][  0]LogTemp: Display: Module 'AndroidTargetPlatform' loaded TargetPlatform 'Android'
[2019.06.21-17.20.35:677][  0]LogTemp: Display: Module 'AndroidTargetPlatform' loaded TargetPlatform 'Android_ASTC'
[2019.06.21-17.20.35:677][  0]LogTemp: Display: Module 'AndroidTargetPlatform' loaded TargetPlatform 'Android_ATC'
[2019.06.21-17.20.35:677][  0]LogTemp: Display: Module 'AndroidTargetPlatform' loaded TargetPlatform 'Android_DXT'
[2019.06.21-17.20.35:677][  0]LogTemp: Display: Module 'AndroidTargetPlatform' loaded TargetPlatform 'Android_ETC1'
[2019.06.21-17.20.35:677][  0]LogTemp: Display: Module 'AndroidTargetPlatform' loaded TargetPlatform 'Android_ETC1a'
[2019.06.21-17.20.35:677][  0]LogTemp: Display: Module 'AndroidTargetPlatform' loaded TargetPlatform 'Android_ETC2'
[2019.06.21-17.20.35:677][  0]LogTemp: Display: Module 'AndroidTargetPlatform' loaded TargetPlatform 'Android_PVRTC'
[2019.06.21-17.20.35:677][  0]LogTemp: Display: Module 'AndroidTargetPlatform' loaded TargetPlatform 'AndroidClient'
[2019.06.21-17.20.35:677][  0]LogTemp: Display: Module 'AndroidTargetPlatform' loaded TargetPlatform 'Android_ASTCClient'
[2019.06.21-17.20.35:677][  0]LogTemp: Display: Module 'AndroidTargetPlatform' loaded TargetPlatform 'Android_ATCClient'
[2019.06.21-17.20.35:677][  0]LogTemp: Display: Module 'AndroidTargetPlatform' loaded TargetPlatform 'Android_DXTClient'
[2019.06.21-17.20.35:677][  0]LogTemp: Display: Module 'AndroidTargetPlatform' loaded TargetPlatform 'Android_ETC1Client'
[2019.06.21-17.20.35:677][  0]LogTemp: Display: Module 'AndroidTargetPlatform' loaded TargetPlatform 'Android_ETC1aClient'
[2019.06.21-17.20.35:677][  0]LogTemp: Display: Module 'AndroidTargetPlatform' loaded TargetPlatform 'Android_ETC2Client'
[2019.06.21-17.20.35:677][  0]LogTemp: Display: Module 'AndroidTargetPlatform' loaded TargetPlatform 'Android_PVRTCClient'
[2019.06.21-17.20.35:677][  0]LogTemp: Display: Module 'AndroidTargetPlatform' loaded TargetPlatform 'Android_Multi'
[2019.06.21-17.20.35:677][  0]LogTemp: Display: Module 'AndroidTargetPlatform' loaded TargetPlatform 'Android_MultiClient'
[2019.06.21-17.20.35:680][  0]LogTemp: Display: Module 'HTML5TargetPlatform' loaded TargetPlatform 'HTML5'
[2019.06.21-17.20.35:733][  0]LogTemp: Display: Module 'IOSTargetPlatform' loaded TargetPlatform 'IOSClient'
[2019.06.21-17.20.35:733][  0]LogTemp: Display: Module 'IOSTargetPlatform' loaded TargetPlatform 'IOS'
[2019.06.21-17.20.35:755][  0]LogTemp: Display: Module 'TVOSTargetPlatform' loaded TargetPlatform 'TVOSClient'
[2019.06.21-17.20.35:755][  0]LogTemp: Display: Module 'TVOSTargetPlatform' loaded TargetPlatform 'TVOS'
[2019.06.21-17.20.35:767][  0]LogTemp: Display: Module 'LinuxClientTargetPlatform' loaded TargetPlatform 'LinuxClient'
[2019.06.21-17.20.35:779][  0]LogTemp: Display: Module 'LinuxNoEditorTargetPlatform' loaded TargetPlatform 'LinuxNoEditor'
[2019.06.21-17.20.35:790][  0]LogTemp: Display: Module 'LinuxServerTargetPlatform' loaded TargetPlatform 'LinuxServer'
[2019.06.21-17.20.35:803][  0]LogTemp: Display: Module 'LinuxTargetPlatform' loaded TargetPlatform 'Linux'
[2019.06.21-17.20.35:849][  0]LogTemp: Display: Module 'LuminTargetPlatform' loaded TargetPlatform 'Lumin'
[2019.06.21-17.20.35:849][  0]LogTemp: Display: Module 'LuminTargetPlatform' loaded TargetPlatform 'LuminClient'
[2019.06.21-17.20.35:849][  0]LogTargetPlatformManager: Display: Building Assets For Windows
[2019.06.21-17.20.35:862][  0]LogAudioDebug: Display: Lib vorbis DLL was dynamically loaded.
[2019.06.21-17.20.35:941][  0]LogShaderCompilers: Guid format shader working directory is -10 characters bigger than the processId version (../../../../../../M2Rep/PointCloudsVR/CPP_PointCloudsVR_22/Intermediate/Shaders/WorkingDirectory/7912/).
[2019.06.21-17.20.35:941][  0]LogShaderCompilers: Cleaned the shader compiler working directory 'C:/Users/CAAD.vr/AppData/Local/Temp/UnrealShaderWorkingDir/95DD6D98428803A0586215A20B09915D/'.
[2019.06.21-17.20.35:943][  0]LogXGEController: Cleaning working directory: C:/Users/CAAD.vr/AppData/Local/Temp/UnrealXGEWorkingDir/
[2019.06.21-17.20.35:943][  0]LogXGEController: Cannot use XGE Controller as Incredibuild is not installed on this machine.
[2019.06.21-17.20.35:943][  0]LogShaderCompilers: Cannot use XGE Shader Compiler as Incredibuild is not installed on this machine.
[2019.06.21-17.20.35:943][  0]LogShaderCompilers: Display: Using Local Shader Compiler.
[2019.06.21-17.20.36:420][  0]LogDerivedDataCache: Display: Max Cache Size: 512 MB
[2019.06.21-17.20.36:466][  0]LogDerivedDataCache: Loaded boot cache 0.05s 77MB C:/Users/CAAD.vr/AppData/Local/UnrealEngine/4.22/DerivedDataCache/Boot.ddc.
[2019.06.21-17.20.36:466][  0]LogDerivedDataCache: Display: Loaded Boot cache: C:/Users/CAAD.vr/AppData/Local/UnrealEngine/4.22/DerivedDataCache/Boot.ddc
[2019.06.21-17.20.36:466][  0]LogDerivedDataCache: FDerivedDataBackendGraph:  Pak pak cache file ../../../../../../M2Rep/PointCloudsVR/CPP_PointCloudsVR_22/DerivedDataCache/DDC.ddp not found, will not use a pak cache.
[2019.06.21-17.20.36:466][  0]LogDerivedDataCache: Unable to find inner node Pak for hierarchical cache Hierarchy.
[2019.06.21-17.20.36:466][  0]LogDerivedDataCache: FDerivedDataBackendGraph:  CompressedPak pak cache file ../../../../../../M2Rep/PointCloudsVR/CPP_PointCloudsVR_22/DerivedDataCache/Compressed.ddp not found, will not use a pak cache.
[2019.06.21-17.20.36:466][  0]LogDerivedDataCache: Unable to find inner node CompressedPak for hierarchical cache Hierarchy.
[2019.06.21-17.20.36:481][  0]LogDerivedDataCache: Display: Pak cache opened for reading ../../../Engine/DerivedDataCache/Compressed.ddp.
[2019.06.21-17.20.36:484][  0]LogDerivedDataCache: Display: Pak cache opened for reading ../../../Enterprise/DerivedDataCache/Compressed.ddp.
[2019.06.21-17.20.36:498][  0]LogDerivedDataCache: Using Local data cache path C:/Users/CAAD.vr/AppData/Local/UnrealEngine/Common/DerivedDataCache: Writable
[2019.06.21-17.20.36:498][  0]LogDerivedDataCache: Shared data cache path not found in *engine.ini, will not use an Shared cache.
[2019.06.21-17.20.36:498][  0]LogDerivedDataCache: Unable to find inner node Shared for hierarchical cache Hierarchy.
[2019.06.21-17.20.36:516][  0]LogMaterial: Verifying Global Shaders for PCD3D_SM5
[2019.06.21-17.20.36:517][  0]LogSlate: Using FreeType 2.6.0
[2019.06.21-17.20.36:518][  0]LogSlate: SlateFontServices - WITH_FREETYPE: 1, WITH_HARFBUZZ: 1
[2019.06.21-17.20.36:595][  0]LogAssetRegistry: FAssetRegistry took 0.0343 seconds to start up
[2019.06.21-17.20.36:868][  0]LogInit: Selected Device Profile: [Windows]
[2019.06.21-17.20.36:929][  0]LogMeshReduction: Using QuadricMeshReduction for automatic static mesh reduction
[2019.06.21-17.20.36:929][  0]LogMeshReduction: Using SimplygonMeshReduction for automatic skeletal mesh reduction
[2019.06.21-17.20.36:929][  0]LogMeshReduction: Using ProxyLODMeshReduction for automatic mesh merging
[2019.06.21-17.20.36:929][  0]LogMeshReduction: No distributed automatic mesh merging module available
[2019.06.21-17.20.36:929][  0]LogMeshMerging: No distributed automatic mesh merging module available
[2019.06.21-17.20.37:012][  0]LogNetVersion: CPP_PointCloudsVR_22 1.0.0, NetCL: 5660361, EngineNetVer: 10, GameNetVer: 0 (Checksum: 2507006774)
[2019.06.21-17.20.37:403][  0]LogPackageLocalizationCache: Processed 17 localized package path(s) for 1 prioritized culture(s) in 0.059272 seconds
[2019.06.21-17.20.37:410][  0]LogUObjectArray: 42657 objects as part of root set at end of initial load.
[2019.06.21-17.20.37:410][  0]LogUObjectAllocator: 7430168 out of 0 bytes used by permanent object pool.
[2019.06.21-17.20.37:410][  0]LogUObjectArray: CloseDisregardForGC: 0/0 objects in disregard for GC pool
[2019.06.21-17.20.38:226][  0]LogTcpMessaging: Initializing TcpMessaging bridge
[2019.06.21-17.20.38:242][  0]LogUdpMessaging: Initializing bridge on interface 0.0.0.0:0 to multicast group 230.0.0.1:6666.
[2019.06.21-17.20.38:509][  0]SourceControl: Source control is disabled
[2019.06.21-17.20.38:509][  0]SourceControl: Source control is disabled
[2019.06.21-17.20.38:512][  0]SourceControl: Source control is disabled
[2019.06.21-17.20.38:515][  0]SourceControl: Source control is disabled
[2019.06.21-17.20.38:743][  0]LogAndroidPermission: UAndroidPermissionCallbackProxy::GetInstance
[2019.06.21-17.20.38:864][  0]LogOcInput: OculusInput pre-init called
[2019.06.21-17.20.40:989][  0]LogEngine: Initializing Engine...
[2019.06.21-17.20.40:991][  0]LogHMD: Oculus plugin initialized. Version: 4.22.1-6063286+++UE4+Release-4.22, OVRPlugin: 1.32.0
[2019.06.21-17.20.40:993][  0]LogStats: UGameplayTagsManager::InitializeManager -  0.000 s
[2019.06.21-17.20.41:195][  0]LogInit: Initializing FReadOnlyCVARCache
[2019.06.21-17.20.41:212][  0]LogAIModule: Creating AISystem for world Untitled
[2019.06.21-17.20.41:235][  0]LogInit: XAudio2 using 'Speakers / Headphones (Realtek Audio)' : 2 channels at 44.1 kHz using 16 bits per sample (channel mask 0x3)
[2019.06.21-17.20.41:344][  0]LogInit: FAudioDevice initialized.
[2019.06.21-17.20.41:345][  0]LogNetVersion: Set ProjectVersion to 1.0.0.0. Version Checksum will be recalculated on next use.
[2019.06.21-17.20.41:457][  0]LogDerivedDataCache: Saved boot cache 0.11s 77MB C:/Users/CAAD.vr/AppData/Local/UnrealEngine/4.22/DerivedDataCache/Boot.ddc.
[2019.06.21-17.20.41:468][  0]LogInit: Texture streaming: Enabled
[2019.06.21-17.20.41:492][  0]LogEngineSessionManager: EngineSessionManager initialized
[2019.06.21-17.20.41:493][  0]LogEngineSessionManager: EngineSessionManager sent abnormal shutdown report. Type=Debugger, SessionId={D00614D4-4189-CF6F-2F7D-B7B2D3BB78E1}
[2019.06.21-17.20.41:521][  0]LogInit: Transaction tracking system initialized
[2019.06.21-17.20.41:553][  0]BlueprintLog: New page: Editor Load
[2019.06.21-17.20.41:676][  0]LocalizationService: Localization service is disabled
[2019.06.21-17.20.42:288][  0]LogFileCache: Scanning file cache for directory 'D:/M2Rep/PointCloudsVR/CPP_PointCloudsVR_22/Content/' took 0.02s
[2019.06.21-17.20.42:288][  0]LogCook: Display: Max memory allowance for cook 16384mb min free memory 0mb
[2019.06.21-17.20.42:288][  0]LogCook: Display: Mobile HDR setting 1
[2019.06.21-17.20.43:543][  0]SourceControl: Source control is disabled
[2019.06.21-17.20.43:543][  0]Cmd: MAP LOAD FILE="../../../../../../M2Rep/PointCloudsVR/CPP_PointCloudsVR_22/Content/FirstPersonCPP/Maps/FirstPersonExampleMap.umap" TEMPLATE=0 SHOWPROGRESS=1 FEATURELEVEL=3
[2019.06.21-17.20.43:544][  0]LightingResults: New page: Lighting Build
[2019.06.21-17.20.43:546][  0]MapCheck: New page: Map Check
[2019.06.21-17.20.43:546][  0]LightingResults: New page: Lighting Build
[2019.06.21-17.20.43:570][  0]LogUObjectHash: Compacting FUObjectHashTables data took   1.78ms
[2019.06.21-17.20.43:750][  0]LogAIModule: Creating AISystem for world FirstPersonExampleMap
[2019.06.21-17.20.43:764][  0]LogEditorServer: Finished looking for orphan Actors (0.000 secs)
[2019.06.21-17.20.43:793][  0]LogUObjectHash: Compacting FUObjectHashTables data took   3.45ms
[2019.06.21-17.20.43:793][  0]Cmd: MAP CHECKDEP NOCLEARLOG
[2019.06.21-17.20.43:794][  0]MapCheck: Map check complete: 0 Error(s), 0 Warning(s), took 0,092ms to complete.
[2019.06.21-17.20.43:794][  0]LogFileHelpers: Loading map 'FirstPersonExampleMap' took 0.251
[2019.06.21-17.20.43:942][  0]LogSlate: Updating window title bar state: overlay mode, drag disabled, window buttons hidden, title bar hidden
[2019.06.21-17.20.43:949][  0]LogSlate: Updating window title bar state: overlay mode, drag disabled, window buttons hidden, title bar hidden
[2019.06.21-17.20.43:959][  0]LogSlate: Updating window title bar state: overlay mode, drag disabled, window buttons hidden, title bar hidden
[2019.06.21-17.20.43:967][  0]LogSlate: Updating window title bar state: overlay mode, drag disabled, window buttons hidden, title bar hidden
[2019.06.21-17.20.43:974][  0]LogCollectionManager: Loaded 0 collections in 0.001484 seconds
[2019.06.21-17.20.44:006][  0]LogFileCache: Scanning file cache for directory 'D:/M2Rep/PointCloudsVR/CPP_PointCloudsVR_22/Saved/Collections/' took 0.01s
[2019.06.21-17.20.44:006][  0]LogFileCache: Scanning file cache for directory 'D:/M2Rep/PointCloudsVR/CPP_PointCloudsVR_22/Content/Developers/CAADvr/Collections/' took 0.00s
[2019.06.21-17.20.44:006][  0]LogFileCache: Scanning file cache for directory 'D:/M2Rep/PointCloudsVR/CPP_PointCloudsVR_22/Content/Collections/' took 0.01s
[2019.06.21-17.20.44:006][  0]LogCollectionManager: Rebuilt the GUID cache for 0 collections in 0.000001 seconds
[2019.06.21-17.20.44:015][  0]LogContentBrowser: Native class hierarchy populated in 0.0085 seconds. Added 2879 classes and 735 folders.
[2019.06.21-17.20.44:021][  0]LogContentBrowser: Native class hierarchy updated for 'WidgetCarousel' in 0.0003 seconds. Added 0 classes and 0 folders.
[2019.06.21-17.20.44:023][  0]LogPakFile: Registered encryption key '00000000000000000000000000000000': 0 pak files mounted, 0 remain pending
[2019.06.21-17.20.44:023][  0]LogPakFile: Registered encryption key '00000000000000000000000000000000': 0 pak files mounted, 0 remain pending
[2019.06.21-17.20.44:024][  0]LogPakFile: Registered encryption key '00000000000000000000000000000000': 0 pak files mounted, 0 remain pending
[2019.06.21-17.20.44:024][  0]LogPakFile: Registered encryption key '00000000000000000000000000000000': 0 pak files mounted, 0 remain pending
[2019.06.21-17.20.44:024][  0]LogPakFile: Registered encryption key '00000000000000000000000000000000': 0 pak files mounted, 0 remain pending
[2019.06.21-17.20.44:025][  0]LogPakFile: Registered encryption key '00000000000000000000000000000000': 0 pak files mounted, 0 remain pending
[2019.06.21-17.20.44:025][  0]LogPakFile: Registered encryption key '00000000000000000000000000000000': 0 pak files mounted, 0 remain pending
[2019.06.21-17.20.44:026][  0]LogPakFile: Registered encryption key '00000000000000000000000000000000': 0 pak files mounted, 0 remain pending
[2019.06.21-17.20.44:026][  0]LogPakFile: Registered encryption key '00000000000000000000000000000000': 0 pak files mounted, 0 remain pending
[2019.06.21-17.20.44:027][  0]LogPakFile: Registered encryption key '00000000000000000000000000000000': 0 pak files mounted, 0 remain pending
[2019.06.21-17.20.44:027][  0]LogPakFile: Registered encryption key '00000000000000000000000000000000': 0 pak files mounted, 0 remain pending
[2019.06.21-17.20.44:028][  0]LogPakFile: Registered encryption key '00000000000000000000000000000000': 0 pak files mounted, 0 remain pending
[2019.06.21-17.20.44:028][  0]LogPakFile: Registered encryption key '00000000000000000000000000000000': 0 pak files mounted, 0 remain pending
[2019.06.21-17.20.44:029][  0]LogPakFile: Registered encryption key '00000000000000000000000000000000': 0 pak files mounted, 0 remain pending
[2019.06.21-17.20.44:029][  0]LogPakFile: Registered encryption key '00000000000000000000000000000000': 0 pak files mounted, 0 remain pending
[2019.06.21-17.20.44:030][  0]LogPakFile: Registered encryption key '00000000000000000000000000000000': 0 pak files mounted, 0 remain pending
[2019.06.21-17.20.44:030][  0]LogPakFile: Registered encryption key '00000000000000000000000000000000': 0 pak files mounted, 0 remain pending
[2019.06.21-17.20.44:030][  0]LogPakFile: Registered encryption key '00000000000000000000000000000000': 0 pak files mounted, 0 remain pending
[2019.06.21-17.20.44:031][  0]LogPakFile: Registered encryption key '00000000000000000000000000000000': 0 pak files mounted, 0 remain pending
[2019.06.21-17.20.44:031][  0]LogPakFile: Registered encryption key '00000000000000000000000000000000': 0 pak files mounted, 0 remain pending
[2019.06.21-17.20.44:032][  0]LogPakFile: Registered encryption key '00000000000000000000000000000000': 0 pak files mounted, 0 remain pending
[2019.06.21-17.20.44:032][  0]LogPakFile: Registered encryption key '00000000000000000000000000000000': 0 pak files mounted, 0 remain pending
[2019.06.21-17.20.44:033][  0]LogPakFile: Registered encryption key '00000000000000000000000000000000': 0 pak files mounted, 0 remain pending
[2019.06.21-17.20.44:033][  0]LogPakFile: Registered encryption key '00000000000000000000000000000000': 0 pak files mounted, 0 remain pending
[2019.06.21-17.20.44:033][  0]LogPakFile: Registered encryption key '00000000000000000000000000000000': 0 pak files mounted, 0 remain pending
[2019.06.21-17.20.44:034][  0]LogPakFile: Registered encryption key '00000000000000000000000000000000': 0 pak files mounted, 0 remain pending
[2019.06.21-17.20.44:034][  0]LogPakFile: Registered encryption key '00000000000000000000000000000000': 0 pak files mounted, 0 remain pending
[2019.06.21-17.20.44:035][  0]LogPakFile: Registered encryption key '00000000000000000000000000000000': 0 pak files mounted, 0 remain pending
[2019.06.21-17.20.44:058][  0]LogContentBrowser: Native class hierarchy updated for 'AddContentDialog' in 0.0003 seconds. Added 0 classes and 0 folders.
[2019.06.21-17.20.44:062][  0]LogContentBrowser: Native class hierarchy updated for 'SceneOutliner' in 0.0003 seconds. Added 1 classes and 0 folders.
[2019.06.21-17.20.44:175][  0]LogContentBrowser: Native class hierarchy updated for 'HierarchicalLODOutliner' in 0.0003 seconds. Added 0 classes and 0 folders.
[2019.06.21-17.20.44:175][  0]LogLoad: (Engine Initialization) Total time: 11.31 seconds
[2019.06.21-17.20.44:175][  0]LogLoad: (Engine Initialization) Total Blueprint compile time: 0.00 seconds
[2019.06.21-17.20.44:204][  0]LogWindowsTextInputMethodSystem: Display: IME system now deactivated.
[2019.06.21-17.20.44:211][  0]LogOcInput: OculusInput is initialized
[2019.06.21-17.20.44:230][  0]LogAssetRegistry: Asset discovery search completed in 7.6593 seconds
[2019.06.21-17.20.44:233][  0]LogCollectionManager: Rebuilt the object cache for 0 collections in 0.000000 seconds (found 0 objects)
[2019.06.21-17.20.44:233][  0]LogCollectionManager: Fixed up redirectors for 0 collections in 0.000883 seconds (updated 0 objects)
[2019.06.21-17.20.44:235][  0]LogContentStreaming: Texture pool size now 1000 MB
[2019.06.21-17.20.44:242][  0]LogSlate: Took 0.000158 seconds to synchronously load lazily loaded font '../../../Engine/Content/Slate/Fonts/Roboto-Regular.ttf' (155K)
[2019.06.21-17.20.44:244][  0]LogSlate: Took 0.000155 seconds to synchronously load lazily loaded font '../../../Engine/Content/Slate/Fonts/Roboto-Bold.ttf' (160K)
[2019.06.21-17.20.44:248][  0]LogSlate: Took 0.000185 seconds to synchronously load lazily loaded font '../../../Engine/Content/Editor/Slate/Fonts/FontAwesome.ttf' (139K)
[2019.06.21-17.20.44:318][  0]LogRenderer: Reallocating scene render targets to support 532x360 Format 10 NumSamples 1 (Frame:1).
[2019.06.21-17.20.44:365][  0]LogSlate: Took 0.000157 seconds to synchronously load lazily loaded font '../../../Engine/Content/Slate/Fonts/Roboto-Light.ttf' (167K)
[2019.06.21-17.28.12:429][897]LogRenderer: Reallocating scene render targets to support 700x536 Format 10 NumSamples 1 (Frame:4).
[2019.06.21-17.28.13:445][ 15]LogSlate: FSceneViewport::OnFocusLost() reason 2
[2019.06.21-17.28.14:829][180]LogTemp: Repeating last play command: VR Preview
[2019.06.21-17.28.14:842][180]LogBlueprintUserMessages: Early PlayInEditor Detection: Level '/Game/FirstPersonCPP/Maps/FirstPersonExampleMap.FirstPersonExampleMap:PersistentLevel' has LevelScriptBlueprint '/Game/FirstPersonCPP/Maps/FirstPersonExampleMap.FirstPersonExampleMap:PersistentLevel.FirstPersonExampleMap' with GeneratedClass '/Game/FirstPersonCPP/Maps/FirstPersonExampleMap.FirstPersonExampleMap_C' with ClassGeneratedBy '/Game/FirstPersonCPP/Maps/FirstPersonExampleMap.FirstPersonExampleMap:PersistentLevel.FirstPersonExampleMap'
[2019.06.21-17.28.14:842][180]LogPlayLevel: PlayLevel: No blueprints needed recompiling
[2019.06.21-17.28.14:843][180]LogHMD: Initializing OVRPlugin session
[2019.06.21-17.28.16:579][180]PIE: New page: PIE session: FirstPersonExampleMap (21.06.2019 21:28:16)
[2019.06.21-17.28.16:608][180]LogPlayLevel: Creating play world package: /Game/FirstPersonCPP/Maps/UEDPIE_0_FirstPersonExampleMap
[2019.06.21-17.28.16:620][180]LogPlayLevel: PIE: StaticDuplicateObject took: (0.011852s)
[2019.06.21-17.28.16:621][180]LogAIModule: Creating AISystem for world FirstPersonExampleMap
[2019.06.21-17.28.16:621][180]LogPlayLevel: PIE: World Init took: (0.000767s)
[2019.06.21-17.28.16:622][180]LogPlayLevel: PIE: Created PIE world by copying editor world from /Game/FirstPersonCPP/Maps/FirstPersonExampleMap.FirstPersonExampleMap to /Game/FirstPersonCPP/Maps/UEDPIE_0_FirstPersonExampleMap.FirstPersonExampleMap (0.013171s)
[2019.06.21-17.28.16:699][180]LogUObjectHash: Compacting FUObjectHashTables data took   1.38ms
[2019.06.21-17.28.16:718][180]LogInit: XAudio2 using 'Headphones (Rift Audio)' : 2 channels at 48 kHz using 16 bits per sample (channel mask 0x3)
[2019.06.21-17.28.16:727][180]LogInit: FAudioDevice initialized.
[2019.06.21-17.28.16:733][180]LogSlate: FSceneViewport::OnFocusLost() reason 2
[2019.06.21-17.28.16:741][180]LogSlate: Updating window title bar state: overlay mode, drag disabled, window buttons hidden, title bar hidden
[2019.06.21-17.28.16:780][180]LogHMD: Allocating Oculus 2688 x 1600 rendertarget swapchain
[2019.06.21-17.28.16:824][180]LogLoad: Game class is 'CPP_PointCloudsVR_22GameMode'
[2019.06.21-17.28.16:825][180]LogWorld: Bringing World /Game/FirstPersonCPP/Maps/UEDPIE_0_FirstPersonExampleMap.FirstPersonExampleMap up for play (max tick rate 3) at 2019.06.21-19.28.16
[2019.06.21-17.28.16:825][180]LogWorld: Bringing up level for play took: 0.000935
[2019.06.21-17.28.16:843][180]LogContentBrowser: Native class hierarchy updated for 'MovieSceneCapture' in 0.0004 seconds. Added 20 classes and 0 folders.
[2019.06.21-17.28.16:844][180]LogSlate: New Slate User Created.  User Index 8, Is Virtual User: 1
[2019.06.21-17.28.16:844][180]LogSlate: Slate User Registered.  User Index 8, Is Virtual User: 1
[2019.06.21-17.28.16:850][180]PIE: Play in editor start time for /Game/FirstPersonCPP/Maps/UEDPIE_0_FirstPersonExampleMap 1,747
[2019.06.21-17.28.16:850][180]LogBlueprintUserMessages: Late PlayInEditor Detection: Level '/Game/FirstPersonCPP/Maps/FirstPersonExampleMap.FirstPersonExampleMap:PersistentLevel' has LevelScriptBlueprint '/Game/FirstPersonCPP/Maps/FirstPersonExampleMap.FirstPersonExampleMap:PersistentLevel.FirstPersonExampleMap' with GeneratedClass '/Game/FirstPersonCPP/Maps/FirstPersonExampleMap.FirstPersonExampleMap_C' with ClassGeneratedBy '/Game/FirstPersonCPP/Maps/FirstPersonExampleMap.FirstPersonExampleMap:PersistentLevel.FirstPersonExampleMap'
[2019.06.21-17.28.16:851][180]LogEngine: Changing dynamic resolution state.
[2019.06.21-17.28.16:876][180]LogRenderer: Reallocating scene render targets to support 2688x1600 Format 10 NumSamples 1 (Frame:1).
[2019.06.21-17.28.16:877][180]LogHMD: Allocating Oculus 2688 x 1600 depth rendertarget swapchain
[2019.06.21-17.28.16:909][182]LogProfilingDebugging: Allocated a 1024 x 1024 texture for HMD canvas layer
[2019.06.21-17.28.42:594][179]LogBlueprintUserMessages: Early EndPlayMap Detection: Level '/Game/FirstPersonCPP/Maps/FirstPersonExampleMap.FirstPersonExampleMap:PersistentLevel' has LevelScriptBlueprint '/Game/FirstPersonCPP/Maps/FirstPersonExampleMap.FirstPersonExampleMap:PersistentLevel.FirstPersonExampleMap' with GeneratedClass '/Game/FirstPersonCPP/Maps/FirstPersonExampleMap.FirstPersonExampleMap_C' with ClassGeneratedBy '/Game/FirstPersonCPP/Maps/FirstPersonExampleMap.FirstPersonExampleMap:PersistentLevel.FirstPersonExampleMap'
[2019.06.21-17.28.42:681][179]LogSlate: Updating window title bar state: overlay mode, drag disabled, window buttons hidden, title bar hidden
[2019.06.21-17.28.42:728][179]LogSlate: Window 'CPP_PointCloudsVR_22 Game Preview Standalone (64-bit/PCD3D_SM5)' being destroyed
[2019.06.21-17.28.42:796][179]LogPlayLevel: Display: Shutting down PIE online subsystems
[2019.06.21-17.28.42:796][179]LogBlueprintUserMessages: Late EndPlayMap Detection: Level '/Game/FirstPersonCPP/Maps/FirstPersonExampleMap.FirstPersonExampleMap:PersistentLevel' has LevelScriptBlueprint '/Game/FirstPersonCPP/Maps/FirstPersonExampleMap.FirstPersonExampleMap:PersistentLevel.FirstPersonExampleMap' with GeneratedClass '/Game/FirstPersonCPP/Maps/FirstPersonExampleMap.FirstPersonExampleMap_C' with ClassGeneratedBy '/Game/FirstPersonCPP/Maps/FirstPersonExampleMap.FirstPersonExampleMap:PersistentLevel.FirstPersonExampleMap'
[2019.06.21-17.28.42:832][179]LogSlate: Slate User Unregistered.  User Index 8
[2019.06.21-17.28.42:833][179]LogSlate: Slate User Destroyed.  User Index 8, Is Virtual User: 1
[2019.06.21-17.28.42:834][179]LogUObjectHash: Compacting FUObjectHashTables data took   1.39ms
[2019.06.21-17.28.42:849][180]LogPlayLevel: Display: Destroying online subsystem :Context_3
[2019.06.21-17.28.42:850][180]LogEngine: Changing dynamic resolution state.
[2019.06.21-17.28.45:712][465]LogSlate: FSceneViewport::OnFocusLost() reason 0
[2019.06.21-17.28.47:414][667]LogTemp: Repeating last play command: VR Preview
[2019.06.21-17.28.47:431][667]LogBlueprintUserMessages: Early PlayInEditor Detection: Level '/Game/FirstPersonCPP/Maps/FirstPersonExampleMap.FirstPersonExampleMap:PersistentLevel' has LevelScriptBlueprint '/Game/FirstPersonCPP/Maps/FirstPersonExampleMap.FirstPersonExampleMap:PersistentLevel.FirstPersonExampleMap' with GeneratedClass '/Game/FirstPersonCPP/Maps/FirstPersonExampleMap.FirstPersonExampleMap_C' with ClassGeneratedBy '/Game/FirstPersonCPP/Maps/FirstPersonExampleMap.FirstPersonExampleMap:PersistentLevel.FirstPersonExampleMap'
[2019.06.21-17.28.47:431][667]LogPlayLevel: PlayLevel: No blueprints needed recompiling
[2019.06.21-17.28.47:432][667]LogHMD: Initializing OVRPlugin session
[2019.06.21-17.28.47:542][667]PIE: New page: PIE session: FirstPersonExampleMap (21.06.2019 21:28:47)
[2019.06.21-17.28.47:543][667]LogPlayLevel: Creating play world package: /Game/FirstPersonCPP/Maps/UEDPIE_0_FirstPersonExampleMap
[2019.06.21-17.28.47:554][667]LogPlayLevel: PIE: StaticDuplicateObject took: (0.011213s)
[2019.06.21-17.28.47:555][667]LogAIModule: Creating AISystem for world FirstPersonExampleMap
[2019.06.21-17.28.47:555][667]LogPlayLevel: PIE: World Init took: (0.000626s)
[2019.06.21-17.28.47:555][667]LogPlayLevel: PIE: Created PIE world by copying editor world from /Game/FirstPersonCPP/Maps/FirstPersonExampleMap.FirstPersonExampleMap to /Game/FirstPersonCPP/Maps/UEDPIE_0_FirstPersonExampleMap.FirstPersonExampleMap (0.012537s)
[2019.06.21-17.28.47:578][667]LogUObjectHash: Compacting FUObjectHashTables data took   1.00ms
[2019.06.21-17.28.47:603][667]LogInit: XAudio2 using 'Headphones (Rift Audio)' : 2 channels at 48 kHz using 16 bits per sample (channel mask 0x3)
[2019.06.21-17.28.47:637][667]LogInit: FAudioDevice initialized.
[2019.06.21-17.28.47:642][667]LogSlate: Updating window title bar state: overlay mode, drag disabled, window buttons hidden, title bar hidden
[2019.06.21-17.28.47:686][667]LogHMD: Allocating Oculus 2688 x 1600 rendertarget swapchain
[2019.06.21-17.28.47:712][667]LogLoad: Game class is 'CPP_PointCloudsVR_22GameMode'
[2019.06.21-17.28.47:713][667]LogWorld: Bringing World /Game/FirstPersonCPP/Maps/UEDPIE_0_FirstPersonExampleMap.FirstPersonExampleMap up for play (max tick rate 0) at 2019.06.21-19.28.47
[2019.06.21-17.28.47:715][667]LogWorld: Bringing up level for play took: 0.001859
[2019.06.21-17.28.47:731][667]LogSlate: New Slate User Created.  User Index 8, Is Virtual User: 1
[2019.06.21-17.28.47:731][667]LogSlate: Slate User Registered.  User Index 8, Is Virtual User: 1
[2019.06.21-17.28.47:738][667]PIE: Play in editor start time for /Game/FirstPersonCPP/Maps/UEDPIE_0_FirstPersonExampleMap 0,635
[2019.06.21-17.28.47:738][667]LogBlueprintUserMessages: Late PlayInEditor Detection: Level '/Game/FirstPersonCPP/Maps/FirstPersonExampleMap.FirstPersonExampleMap:PersistentLevel' has LevelScriptBlueprint '/Game/FirstPersonCPP/Maps/FirstPersonExampleMap.FirstPersonExampleMap:PersistentLevel.FirstPersonExampleMap' with GeneratedClass '/Game/FirstPersonCPP/Maps/FirstPersonExampleMap.FirstPersonExampleMap_C' with ClassGeneratedBy '/Game/FirstPersonCPP/Maps/FirstPersonExampleMap.FirstPersonExampleMap:PersistentLevel.FirstPersonExampleMap'
[2019.06.21-17.28.47:739][667]LogEngine: Changing dynamic resolution state.
[2019.06.21-17.28.47:743][667]LogHMD: Allocating Oculus 2688 x 1600 depth rendertarget swapchain
[2019.06.21-17.28.47:774][669]LogProfilingDebugging: Allocated a 1024 x 1024 texture for HMD canvas layer
[2019.06.21-17.28.51:493][869]LogBlueprintUserMessages: [BP_PointCloudTraveller_C_0] 45
[2019.06.21-17.28.51:750][881]LogBlueprintUserMessages: [BP_PointCloudTraveller_C_0] 39
[2019.06.21-17.28.51:942][898]LogBlueprintUserMessages: [BP_PointCloudTraveller_C_0] 34
[2019.06.21-17.28.52:175][919]LogBlueprintUserMessages: [BP_PointCloudTraveller_C_0] 29
[2019.06.21-17.28.52:342][934]LogBlueprintUserMessages: [BP_PointCloudTraveller_C_0] 24
[2019.06.21-17.28.52:530][951]LogBlueprintUserMessages: [BP_PointCloudTraveller_C_0] 19
[2019.06.21-17.28.55:165][188]LogScript: Warning: Accessed None trying to read property NewPointCloud
	BPA_Collider_C /Game/FirstPersonCPP/Maps/UEDPIE_0_FirstPersonExampleMap.FirstPersonExampleMap:PersistentLevel.BPA_Collider_3
	Function /Game/Collider/BPA_Collider.BPA_Collider_C:LoadPointCloud:0012
[2019.06.21-17.28.55:165][188]PIE: Error: Blueprint Runtime Error: "Accessed None trying to read property NewPointCloud". Blueprint:  BPA_Collider Function:  Load Point Cloud Graph:  LoadPointCloud Node:  BP Reset Variables
[2019.06.21-17.28.55:361][188]LogTemp: Warning: [LOD4] Cells: 1, MinPoints: 6251, MaxPoints: 6251, TotalPoints: 6251
[2019.06.21-17.28.55:361][188]LogTemp: Warning: [LOD3] Cells: 8, MinPoints: 1536, MaxPoints: 1581, TotalPoints: 12503
[2019.06.21-17.28.55:361][188]LogTemp: Warning: [LOD2] Cells: 64, MinPoints: 367, MaxPoints: 415, TotalPoints: 25027
[2019.06.21-17.28.55:361][188]LogTemp: Warning: [LOD1] Cells: 512, MinPoints: 78, MaxPoints: 118, TotalPoints: 50132
[2019.06.21-17.28.55:361][188]LogTemp: Warning: [LOD0] Cells: 4096, MinPoints: 13, MaxPoints: 40, TotalPoints: 12740
[2019.06.21-17.29.02:049][492]LogBlueprintUserMessages: [WBP_SelectionController] Start new Selection
[2019.06.21-17.29.39:560][178]LogTemp: Warning: [LOD4] Cells: 1, MinPoints: 6251, MaxPoints: 6251, TotalPoints: 6251
[2019.06.21-17.29.39:560][178]LogTemp: Warning: [LOD3] Cells: 8, MinPoints: 1536, MaxPoints: 1581, TotalPoints: 12503
[2019.06.21-17.29.39:560][178]LogTemp: Warning: [LOD2] Cells: 64, MinPoints: 367, MaxPoints: 415, TotalPoints: 25027
[2019.06.21-17.29.39:560][178]LogTemp: Warning: [LOD1] Cells: 512, MinPoints: 78, MaxPoints: 118, TotalPoints: 50132
[2019.06.21-17.29.39:560][178]LogTemp: Warning: [LOD0] Cells: 4096, MinPoints: 13, MaxPoints: 40, TotalPoints: 12740
[2019.06.21-17.29.46:314][481]LogTemp: Warning: [LOD4] Cells: 1, MinPoints: 6251, MaxPoints: 6251, TotalPoints: 6251
[2019.06.21-17.29.46:314][481]LogTemp: Warning: [LOD3] Cells: 8, MinPoints: 1536, MaxPoints: 1581, TotalPoints: 12503
[2019.06.21-17.29.46:314][481]LogTemp: Warning: [LOD2] Cells: 64, MinPoints: 367, MaxPoints: 415, TotalPoints: 25027
[2019.06.21-17.29.46:314][481]LogTemp: Warning: [LOD1] Cells: 512, MinPoints: 78, MaxPoints: 118, TotalPoints: 50132
[2019.06.21-17.29.46:314][481]LogTemp: Warning: [LOD0] Cells: 4096, MinPoints: 13, MaxPoints: 40, TotalPoints: 12740
[2019.06.21-17.31.35:070][372]LogTemp: Warning: [LOD4] Cells: 1, MinPoints: 6251, MaxPoints: 6251, TotalPoints: 6251
[2019.06.21-17.31.35:070][372]LogTemp: Warning: [LOD3] Cells: 8, MinPoints: 1536, MaxPoints: 1581, TotalPoints: 12503
[2019.06.21-17.31.35:070][372]LogTemp: Warning: [LOD2] Cells: 64, MinPoints: 367, MaxPoints: 415, TotalPoints: 25027
[2019.06.21-17.31.35:070][372]LogTemp: Warning: [LOD1] Cells: 512, MinPoints: 78, MaxPoints: 118, TotalPoints: 50132
[2019.06.21-17.31.35:070][372]LogTemp: Warning: [LOD0] Cells: 4096, MinPoints: 13, MaxPoints: 40, TotalPoints: 12740
[2019.06.21-17.31.41:826][675]LogBlueprintUserMessages: Early EndPlayMap Detection: Level '/Game/FirstPersonCPP/Maps/FirstPersonExampleMap.FirstPersonExampleMap:PersistentLevel' has LevelScriptBlueprint '/Game/FirstPersonCPP/Maps/FirstPersonExampleMap.FirstPersonExampleMap:PersistentLevel.FirstPersonExampleMap' with GeneratedClass '/Game/FirstPersonCPP/Maps/FirstPersonExampleMap.FirstPersonExampleMap_C' with ClassGeneratedBy '/Game/FirstPersonCPP/Maps/FirstPersonExampleMap.FirstPersonExampleMap:PersistentLevel.FirstPersonExampleMap'
[2019.06.21-17.31.41:901][675]LogSlate: Updating window title bar state: overlay mode, drag disabled, window buttons hidden, title bar hidden
[2019.06.21-17.31.41:929][675]LogSlate: Window 'CPP_PointCloudsVR_22 Game Preview Standalone (64-bit/PCD3D_SM5)' being destroyed
[2019.06.21-17.31.41:966][675]LogPlayLevel: Display: Shutting down PIE online subsystems
[2019.06.21-17.31.41:967][675]LogBlueprintUserMessages: Late EndPlayMap Detection: Level '/Game/FirstPersonCPP/Maps/FirstPersonExampleMap.FirstPersonExampleMap:PersistentLevel' has LevelScriptBlueprint '/Game/FirstPersonCPP/Maps/FirstPersonExampleMap.FirstPersonExampleMap:PersistentLevel.FirstPersonExampleMap' with GeneratedClass '/Game/FirstPersonCPP/Maps/FirstPersonExampleMap.FirstPersonExampleMap_C' with ClassGeneratedBy '/Game/FirstPersonCPP/Maps/FirstPersonExampleMap.FirstPersonExampleMap:PersistentLevel.FirstPersonExampleMap'
[2019.06.21-17.31.41:999][675]LogSlate: Slate User Unregistered.  User Index 8
[2019.06.21-17.31.42:000][675]LogSlate: Slate User Destroyed.  User Index 8, Is Virtual User: 1
[2019.06.21-17.31.42:001][675]LogUObjectHash: Compacting FUObjectHashTables data took   1.33ms
[2019.06.21-17.31.42:032][676]LogPlayLevel: Display: Destroying online subsystem :Context_4
[2019.06.21-17.31.42:043][676]LogEngine: Changing dynamic resolution state.
[2019.06.21-17.31.45:241][951]LogSlate: Window 'Message Log' being destroyed
[2019.06.21-17.31.45:244][951]LogSlate: Window 'Message Log' being destroyed
