Log file open, 05/10/19 22:52:52
LogWindows: Failed to load 'aqProf.dll' (GetLastError=126)
LogWindows: File 'aqProf.dll' does not exist
LogWindows: Failed to load 'VtuneApi.dll' (GetLastError=126)
LogWindows: File 'VtuneApi.dll' does not exist
LogWindows: Failed to load 'VtuneApi32e.dll' (GetLastError=126)
LogWindows: File 'VtuneApi32e.dll' does not exist
LogConsoleResponse: Display: Failed to find resolution value strings in scalability ini. Falling back to default.
LogInit: Display: Running engine for game: CPP_PointCloudsVR_22
LogPakFile: Registered encryption key '00000000000000000000000000000000': 0 pak files mounted, 0 remain pending
LogPlatformFile: Not using cached read wrapper
LogTaskGraph: Started task graph with 5 named threads and 23 total threads with 3 sets of task threads.
LogStats: Stats thread started at 0.426850
LogD3D11RHI: Loaded GFSDK_Aftermath_Lib.x64.dll
LogICUInternationalization: ICU TimeZone Detection - Raw Offset: +1:00, Platform Override: ''
LogPluginManager: Mounting plugin Paper2D
LogPluginManager: Mounting plugin AISupport
LogPluginManager: Mounting plugin LightPropagationVolume
LogPluginManager: Mounting plugin ActorLayerUtilities
LogPluginManager: Mounting plugin AnimationSharing
LogPluginManager: Mounting plugin CLionSourceCodeAccess
LogPluginManager: Mounting plugin CodeLiteSourceCodeAccess
LogPluginManager: Mounting plugin GitSourceControl
LogPluginManager: Mounting plugin KDevelopSourceCodeAccess
LogPluginManager: Mounting plugin NullSourceCodeAccess
LogPluginManager: Mounting plugin PerforceSourceControl
LogPluginManager: Mounting plugin SubversionSourceControl
LogPluginManager: Mounting plugin UObjectPlugin
LogPluginManager: Mounting plugin VisualStudioCodeSourceCodeAccess
LogPluginManager: Mounting plugin VisualStudioSourceCodeAccess
LogPluginManager: Mounting plugin XCodeSourceCodeAccess
LogPluginManager: Mounting plugin AssetManagerEditor
LogPluginManager: Mounting plugin CryptoKeys
LogPluginManager: Mounting plugin DataValidation
LogPluginManager: Mounting plugin EditorScriptingUtilities
LogPluginManager: Mounting plugin FacialAnimation
LogPluginManager: Mounting plugin GameplayTagsEditor
LogPluginManager: Mounting plugin GLTFImporter
LogPluginManager: Mounting plugin MacGraphicsSwitching
LogPluginManager: Mounting plugin MaterialAnalyzer
LogPluginManager: Mounting plugin MeshEditor
LogPluginManager: Mounting plugin MobileLauncherProfileWizard
LogPluginManager: Mounting plugin PluginBrowser
LogPluginManager: Mounting plugin SpeedTreeImporter
LogPluginManager: Mounting plugin DatasmithContent
LogPluginManager: Mounting plugin VariantManagerContent
LogPluginManager: Mounting plugin AlembicImporter
LogPluginManager: Mounting plugin AppleImageUtils
LogPluginManager: Mounting plugin AppleVision
LogPluginManager: Mounting plugin BackChannel
LogPluginManager: Mounting plugin BlastPlugin
LogPluginManager: Mounting plugin ChaosSolverPlugin
LogPluginManager: Mounting plugin CharacterAI
LogPluginManager: Mounting plugin GeometryCache
LogPluginManager: Mounting plugin GeometryCollectionPlugin
LogPluginManager: Mounting plugin HTML5Networking
LogPluginManager: Mounting plugin ProxyLODPlugin
LogPluginManager: Mounting plugin SkeletalReduction
LogPluginManager: Mounting plugin MagicLeap
LogPluginManager: Mounting plugin MagicLeapMedia
LogPluginManager: Mounting plugin AndroidMedia
LogPluginManager: Mounting plugin AvfMedia
LogPluginManager: Mounting plugin ImgMedia
LogPluginManager: Mounting plugin LinearTimecode
LogPluginManager: Mounting plugin MediaCompositing
LogPluginManager: Mounting plugin MediaPlayerEditor
LogPluginManager: Mounting plugin WebMMedia
LogPluginManager: Mounting plugin WmfMedia
LogPluginManager: Mounting plugin TcpMessaging
LogPluginManager: Mounting plugin UdpMessaging
LogPluginManager: Mounting plugin ActorSequence
LogPluginManager: Mounting plugin LevelSequenceEditor
LogPluginManager: Mounting plugin MatineeToLevelSequence
LogPluginManager: Mounting plugin NetcodeUnitTest
LogPluginManager: Mounting plugin NUTUnrealEngine4
LogPluginManager: Mounting plugin OnlineSubsystemGooglePlay
LogPluginManager: Mounting plugin OnlineSubsystemIOS
LogPluginManager: Mounting plugin OnlineSubsystem
LogPluginManager: Mounting plugin OnlineSubsystemNull
LogPluginManager: Mounting plugin OnlineSubsystemUtils
LogPluginManager: Mounting plugin LauncherChunkInstaller
LogPluginManager: Mounting plugin AndroidDeviceProfileSelector
LogPluginManager: Mounting plugin AndroidMoviePlayer
LogPluginManager: Mounting plugin AndroidPermission
LogPluginManager: Mounting plugin AppleMoviePlayer
LogPluginManager: Mounting plugin ArchVisCharacter
LogPluginManager: Mounting plugin AudioCapture
LogPluginManager: Mounting plugin CableComponent
LogPluginManager: Mounting plugin CustomMeshComponent
LogPluginManager: Mounting plugin EditableMesh
LogPluginManager: Mounting plugin ExampleDeviceProfileSelector
LogPluginManager: Mounting plugin Firebase
LogPluginManager: Mounting plugin GoogleCloudMessaging
LogPluginManager: Mounting plugin IOSDeviceProfileSelector
LogPluginManager: Mounting plugin LinuxDeviceProfileSelector
LogPluginManager: Mounting plugin LocationServicesBPLibrary
LogPluginManager: Mounting plugin MobilePatchingUtils
LogPluginManager: Mounting plugin OculusVR
LogPluginManager: Mounting plugin PhysXVehicles
LogPluginManager: Mounting plugin ProceduralMeshComponent
LogPluginManager: Mounting plugin RuntimePhysXCooking
LogPluginManager: Mounting plugin SignificanceManager
LogPluginManager: Mounting plugin SteamVR
LogPluginManager: Mounting plugin WebMMoviePlayer
LogPluginManager: Mounting plugin WindowsMoviePlayer
LogPluginManager: Mounting plugin PointCloudPlugin
LogPluginManager: Mounting plugin DatasmithCADImporter
LogPluginManager: Mounting plugin DatasmithDataPrepEditor
LogPluginManager: Mounting plugin DatasmithFBXImporter
LogPluginManager: Mounting plugin DatasmithGLTFImporter
LogPluginManager: Mounting plugin DatasmithImporter
LogPluginManager: Mounting plugin MDLImporter
LogPluginManager: Mounting plugin StaticMeshEditorExtension
LogPluginManager: Mounting plugin VariantManager
LogInit: Using libcurl 7.55.1-DEV
LogInit:  - built for x86_64-pc-win32
LogInit:  - supports SSL with OpenSSL/1.1.1
LogInit:  - supports HTTP deflate (compression) using libz 1.2.8
LogInit:  - other features:
LogInit:      CURL_VERSION_SSL
LogInit:      CURL_VERSION_LIBZ
LogInit:      CURL_VERSION_IPV6
LogInit:      CURL_VERSION_ASYNCHDNS
LogInit:      CURL_VERSION_LARGEFILE
LogInit:      CURL_VERSION_IDN
LogInit:  CurlRequestOptions (configurable via config and command line):
LogInit:  - bVerifyPeer = true  - Libcurl will verify peer certificate
LogInit:  - bUseHttpProxy = false  - Libcurl will NOT use HTTP proxy
LogInit:  - bDontReuseConnections = false  - Libcurl will reuse connections
LogInit:  - MaxHostConnections = 16  - Libcurl will limit the number of connections to a host
LogInit:  - LocalHostAddr = Default
LogInit:  - BufferSize = 65536
LogInit: WinSock: version 1.1 (2.2), MaxSocks=32767, MaxUdp=65467
LogInit: Build: ++UE4+Release-4.22-CL-6063286
LogInit: Engine Version: 4.22.1-6063286+++UE4+Release-4.22
LogInit: Compatible Engine Version: 4.22.0-5660361+++UE4+Release-4.22
LogInit: Net CL: 5660361
LogInit: OS: Windows 10 (Release 1809) (), CPU: Intel(R) Core(TM) i7-6700HQ CPU @ 2.60GHz, GPU: Intel(R) HD Graphics 530
LogInit: Compiled (64-bit): Apr 24 2019 04:36:48
LogInit: Compiled with Visual C++: 19.16.27025.01
LogInit: Build Configuration: Development
LogInit: Branch Name: ++UE4+Release-4.22
LogInit: Command Line:  -skipcompile
LogInit: Base Directory: C:/Program Files/Epic Games/UE_4.22/Engine/Binaries/Win64/
LogInit: Installed Engine Build: 1
LogDevObjectVersion: Number of dev versions registered: 23
LogDevObjectVersion:   Dev-Blueprints (B0D832E4-1F89-4F0D-ACCF-7EB736FD4AA2): 10
LogDevObjectVersion:   Dev-Build (E1C64328-A22C-4D53-A36C-8E866417BD8C): 0
LogDevObjectVersion:   Dev-Core (375EC13C-06E4-48FB-B500-84F0262A717E): 3
LogDevObjectVersion:   Dev-Editor (E4B068ED-F494-42E9-A231-DA0B2E46BB41): 30
LogDevObjectVersion:   Dev-Framework (CFFC743F-43B0-4480-9391-14DF171D2073): 35
LogDevObjectVersion:   Dev-Mobile (B02B49B5-BB20-44E9-A304-32B752E40360): 2
LogDevObjectVersion:   Dev-Networking (A4E4105C-59A1-49B5-A7C5-40C4547EDFEE): 0
LogDevObjectVersion:   Dev-Online (39C831C9-5AE6-47DC-9A44-9C173E1C8E7C): 0
LogDevObjectVersion:   Dev-Physics (78F01B33-EBEA-4F98-B9B4-84EACCB95AA2): 0
LogDevObjectVersion:   Dev-Platform (6631380F-2D4D-43E0-8009-CF276956A95A): 0
LogDevObjectVersion:   Dev-Rendering (12F88B9F-8875-4AFC-A67C-D90C383ABD29): 28
LogDevObjectVersion:   Dev-Sequencer (7B5AE74C-D270-4C10-A958-57980B212A5A): 11
LogDevObjectVersion:   Dev-VR (D7296918-1DD6-4BDD-9DE2-64A83CC13884): 2
LogDevObjectVersion:   Dev-LoadTimes (C2A15278-BFE7-4AFE-6C17-90FF531DF755): 1
LogDevObjectVersion:   Private-Geometry (6EACA3D4-40EC-4CC1-B786-8BED09428FC5): 3
LogDevObjectVersion:   Dev-AnimPhys (29E575DD-E0A3-4627-9D10-D276232CDCEA): 17
LogDevObjectVersion:   Dev-Anim (AF43A65D-7FD3-4947-9873-3E8ED9C1BB05): 2
LogDevObjectVersion:   Dev-ReflectionCapture (6B266CEC-1EC7-4B8F-A30B-E4D90942FC07): 1
LogDevObjectVersion:   Dev-Automation (0DF73D61-A23F-47EA-B727-89E90C41499A): 1
LogDevObjectVersion:   FortniteMain (601D1886-AC64-4F84-AA16-D3DE0DEAC7D6): 25
LogDevObjectVersion:   Dev-Enterprise (9DFFBCD6-494F-0158-E221-12823C92A888): 6
LogDevObjectVersion:   Dev-Niagara (F2AED0AC-9AFE-416F-8664-AA7FFA26D6FC): 1
LogDevObjectVersion:   Dev-Destruction (174F1F0B-B4C6-45A5-B13F-2EE8D0FB917D): 2
LogInit: Presizing for max 16777216 objects, including 0 objects not considered by GC, pre-allocating 0 bytes for permanent pool.
LogInit: Object subsystem initialized
LogConfig: Setting CVar [[con.DebugEarlyDefault:1]]
LogConfig: Setting CVar [[r.setres:1280x720]]
[2019.05.10-20.52.52:788][  0]LogConfig: Setting CVar [[r.VSync:0]]
[2019.05.10-20.52.52:788][  0]LogConfig: Setting CVar [[r.RHICmdBypass:0]]
[2019.05.10-20.52.52:788][  0]LogConfig: Applying CVar settings from Section [/Script/Engine.RendererSettings] File [E:/Luk/Dokumente/GitHub/PointCloudsVR/CPP_PointCloudsVR_22/Saved/Config/Windows/Engine.ini]
[2019.05.10-20.52.52:788][  0]LogConfig: Setting CVar [[r.GPUCrashDebugging:0]]
[2019.05.10-20.52.52:789][  0]LogConfig: Applying CVar settings from Section [/Script/Engine.RendererOverrideSettings] File [E:/Luk/Dokumente/GitHub/PointCloudsVR/CPP_PointCloudsVR_22/Saved/Config/Windows/Engine.ini]
[2019.05.10-20.52.52:789][  0]LogConfig: Applying CVar settings from Section [/Script/Engine.StreamingSettings] File [E:/Luk/Dokumente/GitHub/PointCloudsVR/CPP_PointCloudsVR_22/Saved/Config/Windows/Engine.ini]
[2019.05.10-20.52.52:789][  0]LogConfig: Setting CVar [[s.MinBulkDataSizeForAsyncLoading:131072]]
[2019.05.10-20.52.52:789][  0]LogConfig: Setting CVar [[s.AsyncLoadingThreadEnabled:0]]
[2019.05.10-20.52.52:789][  0]LogConfig: Setting CVar [[s.EventDrivenLoaderEnabled:1]]
[2019.05.10-20.52.52:789][  0]LogConfig: Setting CVar [[s.WarnIfTimeLimitExceeded:0]]
[2019.05.10-20.52.52:789][  0]LogConfig: Setting CVar [[s.TimeLimitExceededMultiplier:1.5]]
[2019.05.10-20.52.52:789][  0]LogConfig: Setting CVar [[s.TimeLimitExceededMinTime:0.005]]
[2019.05.10-20.52.52:789][  0]LogConfig: Setting CVar [[s.UseBackgroundLevelStreaming:1]]
[2019.05.10-20.52.52:789][  0]LogConfig: Setting CVar [[s.PriorityAsyncLoadingExtraTime:15.0]]
[2019.05.10-20.52.52:789][  0]LogConfig: Setting CVar [[s.LevelStreamingActorsUpdateTimeLimit:5.0]]
[2019.05.10-20.52.52:789][  0]LogConfig: Setting CVar [[s.PriorityLevelStreamingActorsUpdateExtraTime:5.0]]
[2019.05.10-20.52.52:789][  0]LogConfig: Setting CVar [[s.LevelStreamingComponentsRegistrationGranularity:10]]
[2019.05.10-20.52.52:789][  0]LogConfig: Setting CVar [[s.UnregisterComponentsTimeLimit:1.0]]
[2019.05.10-20.52.52:790][  0]LogConfig: Setting CVar [[s.LevelStreamingComponentsUnregistrationGranularity:5]]
[2019.05.10-20.52.52:790][  0]LogConfig: Applying CVar settings from Section [/Script/Engine.GarbageCollectionSettings] File [E:/Luk/Dokumente/GitHub/PointCloudsVR/CPP_PointCloudsVR_22/Saved/Config/Windows/Engine.ini]
[2019.05.10-20.52.52:790][  0]LogConfig: Setting CVar [[gc.MaxObjectsNotConsideredByGC:1]]
[2019.05.10-20.52.52:790][  0]LogConfig: Setting CVar [[gc.SizeOfPermanentObjectPool:0]]
[2019.05.10-20.52.52:790][  0]LogConfig: Setting CVar [[gc.FlushStreamingOnGC:0]]
[2019.05.10-20.52.52:790][  0]LogConfig: Setting CVar [[gc.NumRetriesBeforeForcingGC:10]]
[2019.05.10-20.52.52:790][  0]LogConfig: Setting CVar [[gc.AllowParallelGC:1]]
[2019.05.10-20.52.52:790][  0]LogConfig: Setting CVar [[gc.TimeBetweenPurgingPendingKillObjects:61.1]]
[2019.05.10-20.52.52:790][  0]LogConfig: Setting CVar [[gc.MaxObjectsInEditor:16777216]]
[2019.05.10-20.52.52:790][  0]LogConfig: Setting CVar [[gc.IncrementalBeginDestroyEnabled:1]]
[2019.05.10-20.52.52:790][  0]LogConfig: Setting CVar [[gc.CreateGCClusters:1]]
[2019.05.10-20.52.52:790][  0]LogConfig: Setting CVar [[gc.MinGCClusterSize:5]]
[2019.05.10-20.52.52:790][  0]LogConfig: Setting CVar [[gc.ActorClusteringEnabled:0]]
[2019.05.10-20.52.52:790][  0]LogConfig: Setting CVar [[gc.BlueprintClusteringEnabled:0]]
[2019.05.10-20.52.52:791][  0]LogConfig: Setting CVar [[gc.UseDisregardForGCOnDedicatedServers:0]]
[2019.05.10-20.52.52:791][  0]LogConfig: Applying CVar settings from Section [/Script/Engine.NetworkSettings] File [E:/Luk/Dokumente/GitHub/PointCloudsVR/CPP_PointCloudsVR_22/Saved/Config/Windows/Engine.ini]
[2019.05.10-20.52.52:791][  0]LogConfig: Applying CVar settings from Section [/Script/UnrealEd.CookerSettings] File [E:/Luk/Dokumente/GitHub/PointCloudsVR/CPP_PointCloudsVR_22/Saved/Config/Windows/Engine.ini]
[2019.05.10-20.52.52:803][  0]LogConfig: Applying CVar settings from Section [ViewDistanceQuality@3] File [E:/Luk/Dokumente/GitHub/PointCloudsVR/CPP_PointCloudsVR_22/Saved/Config/Windows/Scalability.ini]
[2019.05.10-20.52.52:803][  0]LogConfig: Setting CVar [[r.SkeletalMeshLODBias:0]]
[2019.05.10-20.52.52:803][  0]LogConfig: Setting CVar [[r.ViewDistanceScale:1.0]]
[2019.05.10-20.52.52:804][  0]LogConfig: Applying CVar settings from Section [AntiAliasingQuality@3] File [E:/Luk/Dokumente/GitHub/PointCloudsVR/CPP_PointCloudsVR_22/Saved/Config/Windows/Scalability.ini]
[2019.05.10-20.52.52:804][  0]LogConfig: Setting CVar [[r.PostProcessAAQuality:4]]
[2019.05.10-20.52.52:804][  0]LogConfig: Applying CVar settings from Section [ShadowQuality@3] File [E:/Luk/Dokumente/GitHub/PointCloudsVR/CPP_PointCloudsVR_22/Saved/Config/Windows/Scalability.ini]
[2019.05.10-20.52.52:804][  0]LogConfig: Setting CVar [[r.LightFunctionQuality:1]]
[2019.05.10-20.52.52:804][  0]LogConfig: Setting CVar [[r.ShadowQuality:5]]
[2019.05.10-20.52.52:804][  0]LogConfig: Setting CVar [[r.Shadow.CSM.MaxCascades:10]]
[2019.05.10-20.52.52:804][  0]LogConfig: Setting CVar [[r.Shadow.MaxResolution:2048]]
[2019.05.10-20.52.52:804][  0]LogConfig: Setting CVar [[r.Shadow.MaxCSMResolution:2048]]
[2019.05.10-20.52.52:804][  0]LogConfig: Setting CVar [[r.Shadow.RadiusThreshold:0.01]]
[2019.05.10-20.52.52:804][  0]LogConfig: Setting CVar [[r.Shadow.DistanceScale:1.0]]
[2019.05.10-20.52.52:804][  0]LogConfig: Setting CVar [[r.Shadow.CSM.TransitionScale:1.0]]
[2019.05.10-20.52.52:804][  0]LogConfig: Setting CVar [[r.Shadow.PreShadowResolutionFactor:1.0]]
[2019.05.10-20.52.52:804][  0]LogConfig: Setting CVar [[r.DistanceFieldShadowing:1]]
[2019.05.10-20.52.52:805][  0]LogConfig: Setting CVar [[r.DistanceFieldAO:1]]
[2019.05.10-20.52.52:805][  0]LogConfig: Setting CVar [[r.AOQuality:2]]
[2019.05.10-20.52.52:805][  0]LogConfig: Setting CVar [[r.VolumetricFog:1]]
[2019.05.10-20.52.52:805][  0]LogConfig: Setting CVar [[r.VolumetricFog.GridPixelSize:8]]
[2019.05.10-20.52.52:805][  0]LogConfig: Setting CVar [[r.VolumetricFog.GridSizeZ:128]]
[2019.05.10-20.52.52:805][  0]LogConfig: Setting CVar [[r.VolumetricFog.HistoryMissSupersampleCount:4]]
[2019.05.10-20.52.52:805][  0]LogConfig: Setting CVar [[r.LightMaxDrawDistanceScale:1]]
[2019.05.10-20.52.52:805][  0]LogConfig: Setting CVar [[r.CapsuleShadows:1]]
[2019.05.10-20.52.52:805][  0]LogConfig: Applying CVar settings from Section [PostProcessQuality@3] File [E:/Luk/Dokumente/GitHub/PointCloudsVR/CPP_PointCloudsVR_22/Saved/Config/Windows/Scalability.ini]
[2019.05.10-20.52.52:805][  0]LogConfig: Setting CVar [[r.MotionBlurQuality:4]]
[2019.05.10-20.52.52:805][  0]LogConfig: Setting CVar [[r.AmbientOcclusionMipLevelFactor:0.4]]
[2019.05.10-20.52.52:805][  0]LogConfig: Setting CVar [[r.AmbientOcclusionMaxQuality:100]]
[2019.05.10-20.52.52:805][  0]LogConfig: Setting CVar [[r.AmbientOcclusionLevels:-1]]
[2019.05.10-20.52.52:805][  0]LogConfig: Setting CVar [[r.AmbientOcclusionRadiusScale:1.0]]
[2019.05.10-20.52.52:806][  0]LogConfig: Setting CVar [[r.DepthOfFieldQuality:2]]
[2019.05.10-20.52.52:806][  0]LogConfig: Setting CVar [[r.RenderTargetPoolMin:400]]
[2019.05.10-20.52.52:806][  0]LogConfig: Setting CVar [[r.LensFlareQuality:2]]
[2019.05.10-20.52.52:806][  0]LogConfig: Setting CVar [[r.SceneColorFringeQuality:1]]
[2019.05.10-20.52.52:806][  0]LogConfig: Setting CVar [[r.EyeAdaptationQuality:2]]
[2019.05.10-20.52.52:806][  0]LogConfig: Setting CVar [[r.BloomQuality:5]]
[2019.05.10-20.52.52:806][  0]LogConfig: Setting CVar [[r.FastBlurThreshold:100]]
[2019.05.10-20.52.52:806][  0]LogConfig: Setting CVar [[r.Upscale.Quality:3]]
[2019.05.10-20.52.52:806][  0]LogConfig: Setting CVar [[r.Tonemapper.GrainQuantization:1]]
[2019.05.10-20.52.52:806][  0]LogConfig: Setting CVar [[r.LightShaftQuality:1]]
[2019.05.10-20.52.52:806][  0]LogConfig: Setting CVar [[r.Filter.SizeScale:1]]
[2019.05.10-20.52.52:806][  0]LogConfig: Setting CVar [[r.Tonemapper.Quality:5]]
[2019.05.10-20.52.52:806][  0]LogConfig: Setting CVar [[r.DOF.Gather.AccumulatorQuality:1        ; higher gathering accumulator quality]]
[2019.05.10-20.52.52:807][  0]LogConfig: Setting CVar [[r.DOF.Gather.PostfilterMethod:1          ; Median3x3 postfilering method]]
[2019.05.10-20.52.52:807][  0]LogConfig: Setting CVar [[r.DOF.Gather.EnableBokehSettings:0       ; no bokeh simulation when gathering]]
[2019.05.10-20.52.52:807][  0]LogConfig: Setting CVar [[r.DOF.Gather.RingCount:4                 ; medium number of samples when gathering]]
[2019.05.10-20.52.52:807][  0]LogConfig: Setting CVar [[r.DOF.Scatter.ForegroundCompositing:1    ; additive foreground scattering]]
[2019.05.10-20.52.52:807][  0]LogConfig: Setting CVar [[r.DOF.Scatter.BackgroundCompositing:2    ; additive background scattering]]
[2019.05.10-20.52.52:807][  0]LogConfig: Setting CVar [[r.DOF.Scatter.EnableBokehSettings:1      ; bokeh simulation when scattering]]
[2019.05.10-20.52.52:807][  0]LogConfig: Setting CVar [[r.DOF.Scatter.MaxSpriteRatio:0.1         ; only a maximum of 10% of scattered bokeh]]
[2019.05.10-20.52.52:807][  0]LogConfig: Setting CVar [[r.DOF.Recombine.Quality:1                ; cheap slight out of focus]]
[2019.05.10-20.52.52:807][  0]LogConfig: Setting CVar [[r.DOF.Recombine.EnableBokehSettings:0    ; no bokeh simulation on slight out of focus]]
[2019.05.10-20.52.52:807][  0]LogConfig: Setting CVar [[r.DOF.TemporalAAQuality:1                ; more stable temporal accumulation]]
[2019.05.10-20.52.52:807][  0]LogConfig: Setting CVar [[r.DOF.Kernel.MaxForegroundRadius:0.025]]
[2019.05.10-20.52.52:807][  0]LogConfig: Setting CVar [[r.DOF.Kernel.MaxBackgroundRadius:0.025]]
[2019.05.10-20.52.52:807][  0]LogConfig: Applying CVar settings from Section [TextureQuality@3] File [E:/Luk/Dokumente/GitHub/PointCloudsVR/CPP_PointCloudsVR_22/Saved/Config/Windows/Scalability.ini]
[2019.05.10-20.52.52:808][  0]LogConfig: Setting CVar [[r.Streaming.MipBias:0]]
[2019.05.10-20.52.52:808][  0]LogConfig: Setting CVar [[r.Streaming.AmortizeCPUToGPUCopy:0]]
[2019.05.10-20.52.52:808][  0]LogConfig: Setting CVar [[r.Streaming.MaxNumTexturesToStreamPerFrame:0]]
[2019.05.10-20.52.52:808][  0]LogConfig: Setting CVar [[r.Streaming.Boost:1]]
[2019.05.10-20.52.52:808][  0]LogConfig: Setting CVar [[r.MaxAnisotropy:8]]
[2019.05.10-20.52.52:808][  0]LogConfig: Setting CVar [[r.Streaming.LimitPoolSizeToVRAM:0]]
[2019.05.10-20.52.52:808][  0]LogConfig: Setting CVar [[r.Streaming.PoolSize:1000]]
[2019.05.10-20.52.52:808][  0]LogConfig: Setting CVar [[r.Streaming.MaxEffectiveScreenSize:0]]
[2019.05.10-20.52.52:808][  0]LogConfig: Applying CVar settings from Section [EffectsQuality@3] File [E:/Luk/Dokumente/GitHub/PointCloudsVR/CPP_PointCloudsVR_22/Saved/Config/Windows/Scalability.ini]
[2019.05.10-20.52.52:808][  0]LogConfig: Setting CVar [[r.TranslucencyLightingVolumeDim:64]]
[2019.05.10-20.52.52:808][  0]LogConfig: Setting CVar [[r.RefractionQuality:2]]
[2019.05.10-20.52.52:808][  0]LogConfig: Setting CVar [[r.SSR.Quality:3]]
[2019.05.10-20.52.52:808][  0]LogConfig: Setting CVar [[r.SceneColorFormat:4]]
[2019.05.10-20.52.52:808][  0]LogConfig: Setting CVar [[r.DetailMode:2]]
[2019.05.10-20.52.52:809][  0]LogConfig: Setting CVar [[r.TranslucencyVolumeBlur:1]]
[2019.05.10-20.52.52:809][  0]LogConfig: Setting CVar [[r.MaterialQualityLevel:1 ; High quality]]
[2019.05.10-20.52.52:809][  0]LogConfig: Setting CVar [[r.SSS.Scale:1]]
[2019.05.10-20.52.52:809][  0]LogConfig: Setting CVar [[r.SSS.SampleSet:2]]
[2019.05.10-20.52.52:809][  0]LogConfig: Setting CVar [[r.SSS.Quality:1]]
[2019.05.10-20.52.52:809][  0]LogConfig: Setting CVar [[r.SSS.HalfRes:1]]
[2019.05.10-20.52.52:809][  0]LogConfig: Setting CVar [[r.EmitterSpawnRateScale:1.0]]
[2019.05.10-20.52.52:809][  0]LogConfig: Setting CVar [[r.ParticleLightQuality:2]]
[2019.05.10-20.52.52:809][  0]LogConfig: Applying CVar settings from Section [FoliageQuality@3] File [E:/Luk/Dokumente/GitHub/PointCloudsVR/CPP_PointCloudsVR_22/Saved/Config/Windows/Scalability.ini]
[2019.05.10-20.52.52:809][  0]LogConfig: Setting CVar [[foliage.DensityScale:1.0]]
[2019.05.10-20.52.52:809][  0]LogConfig: Setting CVar [[grass.DensityScale:1.0]]
[2019.05.10-20.52.52:809][  0]LogInit: Selected Device Profile: [Windows]
[2019.05.10-20.52.52:809][  0]LogInit: Applying CVar settings loaded from the selected device profile: [Windows]
[2019.05.10-20.52.52:824][  0]LogHAL: Display: Platform has ~ 16 GB [16999284736 / 17179869184 / 16], which maps to Larger [LargestMinGB=32, LargerMinGB=12, DefaultMinGB=8, SmallerMinGB=6, SmallestMinGB=0)
[2019.05.10-20.52.52:825][  0]LogConfig: Setting CVar [[r.Vulkan.UseRealUBs:0		; Required until we fix HLR fall-out]]
[2019.05.10-20.52.52:825][  0]LogInit: Going up to parent DeviceProfile []
[2019.05.10-20.52.52:825][  0]LogConfig: Applying CVar settings from Section [ViewDistanceQuality@3] File [E:/Luk/Dokumente/GitHub/PointCloudsVR/CPP_PointCloudsVR_22/Saved/Config/Windows/Scalability.ini]
[2019.05.10-20.52.52:825][  0]LogConfig: Setting CVar [[r.SkeletalMeshLODBias:0]]
[2019.05.10-20.52.52:825][  0]LogConfig: Setting CVar [[r.ViewDistanceScale:1.0]]
[2019.05.10-20.52.52:825][  0]LogConfig: Applying CVar settings from Section [AntiAliasingQuality@3] File [E:/Luk/Dokumente/GitHub/PointCloudsVR/CPP_PointCloudsVR_22/Saved/Config/Windows/Scalability.ini]
[2019.05.10-20.52.52:825][  0]LogConfig: Setting CVar [[r.PostProcessAAQuality:4]]
[2019.05.10-20.52.52:825][  0]LogConfig: Applying CVar settings from Section [ShadowQuality@3] File [E:/Luk/Dokumente/GitHub/PointCloudsVR/CPP_PointCloudsVR_22/Saved/Config/Windows/Scalability.ini]
[2019.05.10-20.52.52:825][  0]LogConfig: Setting CVar [[r.LightFunctionQuality:1]]
[2019.05.10-20.52.52:825][  0]LogConfig: Setting CVar [[r.ShadowQuality:5]]
[2019.05.10-20.52.52:826][  0]LogConfig: Setting CVar [[r.Shadow.CSM.MaxCascades:10]]
[2019.05.10-20.52.52:826][  0]LogConfig: Setting CVar [[r.Shadow.MaxResolution:2048]]
[2019.05.10-20.52.52:826][  0]LogConfig: Setting CVar [[r.Shadow.MaxCSMResolution:2048]]
[2019.05.10-20.52.52:826][  0]LogConfig: Setting CVar [[r.Shadow.RadiusThreshold:0.01]]
[2019.05.10-20.52.52:826][  0]LogConfig: Setting CVar [[r.Shadow.DistanceScale:1.0]]
[2019.05.10-20.52.52:826][  0]LogConfig: Setting CVar [[r.Shadow.CSM.TransitionScale:1.0]]
[2019.05.10-20.52.52:826][  0]LogConfig: Setting CVar [[r.Shadow.PreShadowResolutionFactor:1.0]]
[2019.05.10-20.52.52:826][  0]LogConfig: Setting CVar [[r.DistanceFieldShadowing:1]]
[2019.05.10-20.52.52:826][  0]LogConfig: Setting CVar [[r.DistanceFieldAO:1]]
[2019.05.10-20.52.52:826][  0]LogConfig: Setting CVar [[r.AOQuality:2]]
[2019.05.10-20.52.52:826][  0]LogConfig: Setting CVar [[r.VolumetricFog:1]]
[2019.05.10-20.52.52:826][  0]LogConfig: Setting CVar [[r.VolumetricFog.GridPixelSize:8]]
[2019.05.10-20.52.52:826][  0]LogConfig: Setting CVar [[r.VolumetricFog.GridSizeZ:128]]
[2019.05.10-20.52.52:826][  0]LogConfig: Setting CVar [[r.VolumetricFog.HistoryMissSupersampleCount:4]]
[2019.05.10-20.52.52:827][  0]LogConfig: Setting CVar [[r.LightMaxDrawDistanceScale:1]]
[2019.05.10-20.52.52:827][  0]LogConfig: Setting CVar [[r.CapsuleShadows:1]]
[2019.05.10-20.52.52:827][  0]LogConfig: Applying CVar settings from Section [PostProcessQuality@3] File [E:/Luk/Dokumente/GitHub/PointCloudsVR/CPP_PointCloudsVR_22/Saved/Config/Windows/Scalability.ini]
[2019.05.10-20.52.52:827][  0]LogConfig: Setting CVar [[r.MotionBlurQuality:4]]
[2019.05.10-20.52.52:827][  0]LogConfig: Setting CVar [[r.AmbientOcclusionMipLevelFactor:0.4]]
[2019.05.10-20.52.52:827][  0]LogConfig: Setting CVar [[r.AmbientOcclusionMaxQuality:100]]
[2019.05.10-20.52.52:827][  0]LogConfig: Setting CVar [[r.AmbientOcclusionLevels:-1]]
[2019.05.10-20.52.52:827][  0]LogConfig: Setting CVar [[r.AmbientOcclusionRadiusScale:1.0]]
[2019.05.10-20.52.52:827][  0]LogConfig: Setting CVar [[r.DepthOfFieldQuality:2]]
[2019.05.10-20.52.52:827][  0]LogConfig: Setting CVar [[r.RenderTargetPoolMin:400]]
[2019.05.10-20.52.52:827][  0]LogConfig: Setting CVar [[r.LensFlareQuality:2]]
[2019.05.10-20.52.52:827][  0]LogConfig: Setting CVar [[r.SceneColorFringeQuality:1]]
[2019.05.10-20.52.52:827][  0]LogConfig: Setting CVar [[r.EyeAdaptationQuality:2]]
[2019.05.10-20.52.52:827][  0]LogConfig: Setting CVar [[r.BloomQuality:5]]
[2019.05.10-20.52.52:828][  0]LogConfig: Setting CVar [[r.FastBlurThreshold:100]]
[2019.05.10-20.52.52:828][  0]LogConfig: Setting CVar [[r.Upscale.Quality:3]]
[2019.05.10-20.52.52:828][  0]LogConfig: Setting CVar [[r.Tonemapper.GrainQuantization:1]]
[2019.05.10-20.52.52:828][  0]LogConfig: Setting CVar [[r.LightShaftQuality:1]]
[2019.05.10-20.52.52:828][  0]LogConfig: Setting CVar [[r.Filter.SizeScale:1]]
[2019.05.10-20.52.52:828][  0]LogConfig: Setting CVar [[r.Tonemapper.Quality:5]]
[2019.05.10-20.52.52:828][  0]LogConfig: Setting CVar [[r.DOF.Gather.AccumulatorQuality:1        ; higher gathering accumulator quality]]
[2019.05.10-20.52.52:828][  0]LogConfig: Setting CVar [[r.DOF.Gather.PostfilterMethod:1          ; Median3x3 postfilering method]]
[2019.05.10-20.52.52:828][  0]LogConfig: Setting CVar [[r.DOF.Gather.EnableBokehSettings:0       ; no bokeh simulation when gathering]]
[2019.05.10-20.52.52:829][  0]LogConfig: Setting CVar [[r.DOF.Gather.RingCount:4                 ; medium number of samples when gathering]]
[2019.05.10-20.52.52:829][  0]LogConfig: Setting CVar [[r.DOF.Scatter.ForegroundCompositing:1    ; additive foreground scattering]]
[2019.05.10-20.52.52:829][  0]LogConfig: Setting CVar [[r.DOF.Scatter.BackgroundCompositing:2    ; additive background scattering]]
[2019.05.10-20.52.52:829][  0]LogConfig: Setting CVar [[r.DOF.Scatter.EnableBokehSettings:1      ; bokeh simulation when scattering]]
[2019.05.10-20.52.52:829][  0]LogConfig: Setting CVar [[r.DOF.Scatter.MaxSpriteRatio:0.1         ; only a maximum of 10% of scattered bokeh]]
[2019.05.10-20.52.52:829][  0]LogConfig: Setting CVar [[r.DOF.Recombine.Quality:1                ; cheap slight out of focus]]
[2019.05.10-20.52.52:830][  0]LogConfig: Setting CVar [[r.DOF.Recombine.EnableBokehSettings:0    ; no bokeh simulation on slight out of focus]]
[2019.05.10-20.52.52:830][  0]LogConfig: Setting CVar [[r.DOF.TemporalAAQuality:1                ; more stable temporal accumulation]]
[2019.05.10-20.52.52:830][  0]LogConfig: Setting CVar [[r.DOF.Kernel.MaxForegroundRadius:0.025]]
[2019.05.10-20.52.52:830][  0]LogConfig: Setting CVar [[r.DOF.Kernel.MaxBackgroundRadius:0.025]]
[2019.05.10-20.52.52:830][  0]LogConfig: Applying CVar settings from Section [TextureQuality@3] File [E:/Luk/Dokumente/GitHub/PointCloudsVR/CPP_PointCloudsVR_22/Saved/Config/Windows/Scalability.ini]
[2019.05.10-20.52.52:830][  0]LogConfig: Setting CVar [[r.Streaming.MipBias:0]]
[2019.05.10-20.52.52:830][  0]LogConfig: Setting CVar [[r.Streaming.AmortizeCPUToGPUCopy:0]]
[2019.05.10-20.52.52:830][  0]LogConfig: Setting CVar [[r.Streaming.MaxNumTexturesToStreamPerFrame:0]]
[2019.05.10-20.52.52:830][  0]LogConfig: Setting CVar [[r.Streaming.Boost:1]]
[2019.05.10-20.52.52:830][  0]LogConfig: Setting CVar [[r.MaxAnisotropy:8]]
[2019.05.10-20.52.52:830][  0]LogConfig: Setting CVar [[r.Streaming.LimitPoolSizeToVRAM:0]]
[2019.05.10-20.52.52:831][  0]LogConfig: Setting CVar [[r.Streaming.PoolSize:1000]]
[2019.05.10-20.52.52:831][  0]LogConfig: Setting CVar [[r.Streaming.MaxEffectiveScreenSize:0]]
[2019.05.10-20.52.52:831][  0]LogConfig: Applying CVar settings from Section [EffectsQuality@3] File [E:/Luk/Dokumente/GitHub/PointCloudsVR/CPP_PointCloudsVR_22/Saved/Config/Windows/Scalability.ini]
[2019.05.10-20.52.52:831][  0]LogConfig: Setting CVar [[r.TranslucencyLightingVolumeDim:64]]
[2019.05.10-20.52.52:831][  0]LogConfig: Setting CVar [[r.RefractionQuality:2]]
[2019.05.10-20.52.52:831][  0]LogConfig: Setting CVar [[r.SSR.Quality:3]]
[2019.05.10-20.52.52:831][  0]LogConfig: Setting CVar [[r.SceneColorFormat:4]]
[2019.05.10-20.52.52:831][  0]LogConfig: Setting CVar [[r.DetailMode:2]]
[2019.05.10-20.52.52:831][  0]LogConfig: Setting CVar [[r.TranslucencyVolumeBlur:1]]
[2019.05.10-20.52.52:831][  0]LogConfig: Setting CVar [[r.MaterialQualityLevel:1 ; High quality]]
[2019.05.10-20.52.52:831][  0]LogConfig: Setting CVar [[r.SSS.Scale:1]]
[2019.05.10-20.52.52:831][  0]LogConfig: Setting CVar [[r.SSS.SampleSet:2]]
[2019.05.10-20.52.52:831][  0]LogConfig: Setting CVar [[r.SSS.Quality:1]]
[2019.05.10-20.52.52:831][  0]LogConfig: Setting CVar [[r.SSS.HalfRes:1]]
[2019.05.10-20.52.52:831][  0]LogConfig: Setting CVar [[r.EmitterSpawnRateScale:1.0]]
[2019.05.10-20.52.52:832][  0]LogConfig: Setting CVar [[r.ParticleLightQuality:2]]
[2019.05.10-20.52.52:832][  0]LogConfig: Applying CVar settings from Section [FoliageQuality@3] File [E:/Luk/Dokumente/GitHub/PointCloudsVR/CPP_PointCloudsVR_22/Saved/Config/Windows/Scalability.ini]
[2019.05.10-20.52.52:832][  0]LogConfig: Setting CVar [[foliage.DensityScale:1.0]]
[2019.05.10-20.52.52:832][  0]LogConfig: Setting CVar [[grass.DensityScale:1.0]]
[2019.05.10-20.52.52:832][  0]LogConfig: Applying CVar settings from Section [Startup] File [../../../Engine/Config/ConsoleVariables.ini]
[2019.05.10-20.52.52:832][  0]LogConfig: Setting CVar [[net.UseAdaptiveNetUpdateFrequency:0]]
[2019.05.10-20.52.52:832][  0]LogConfig: Setting CVar [[p.chaos.AllowCreatePhysxBodies:1]]
[2019.05.10-20.52.52:832][  0]LogConfig: Applying CVar settings from Section [ConsoleVariables] File [E:/Luk/Dokumente/GitHub/PointCloudsVR/CPP_PointCloudsVR_22/Saved/Config/Windows/Engine.ini]
[2019.05.10-20.52.52:833][  0]LogInit: Computer: LAPTOP-9EU9193A
[2019.05.10-20.52.52:833][  0]LogInit: User: Luk
[2019.05.10-20.52.52:833][  0]LogInit: CPU Page size=4096, Cores=4
[2019.05.10-20.52.52:833][  0]LogInit: High frequency timer resolution =10.000000 MHz
[2019.05.10-20.52.52:833][  0]LogMemory: Memory total: Physical=15.8GB (16GB approx)
[2019.05.10-20.52.52:833][  0]LogMemory: Platform Memory Stats for Windows
[2019.05.10-20.52.52:833][  0]LogMemory: Process Physical Memory: 97.15 MB used, 97.16 MB peak
[2019.05.10-20.52.52:833][  0]LogMemory: Process Virtual Memory: 88.99 MB used, 88.99 MB peak
[2019.05.10-20.52.52:834][  0]LogMemory: Physical Memory: 9351.27 MB used,  6860.52 MB free, 16211.78 MB total
[2019.05.10-20.52.52:834][  0]LogMemory: Virtual Memory: 4657.81 MB used,  134213072.00 MB free, 134217728.00 MB total
[2019.05.10-20.52.52:968][  0]LogInit: Using OS detected language (de-DE).
[2019.05.10-20.52.52:968][  0]LogInit: Using OS detected locale (de-DE).
[2019.05.10-20.52.52:969][  0]LogTextLocalizationManager: No specific localization for 'de-DE' exists, so the 'de' localization will be used.
[2019.05.10-20.52.52:969][  0]LogTextLocalizationResource: LocRes '../../../Engine/Content/Localization/Editor/de/Editor.locres' could not be opened for reading!
[2019.05.10-20.52.52:970][  0]LogTextLocalizationResource: LocRes '../../../Engine/Content/Localization/EditorTutorials/de/EditorTutorials.locres' could not be opened for reading!
[2019.05.10-20.52.52:970][  0]LogTextLocalizationResource: LocRes '../../../Engine/Content/Localization/Keywords/de/Keywords.locres' could not be opened for reading!
[2019.05.10-20.52.52:970][  0]LogTextLocalizationResource: LocRes '../../../Engine/Content/Localization/Category/de/Category.locres' could not be opened for reading!
[2019.05.10-20.52.52:970][  0]LogTextLocalizationResource: LocRes '../../../Engine/Content/Localization/ToolTips/de/ToolTips.locres' could not be opened for reading!
[2019.05.10-20.52.52:971][  0]LogTextLocalizationResource: LocRes '../../../Engine/Content/Localization/PropertyNames/de/PropertyNames.locres' could not be opened for reading!
[2019.05.10-20.52.52:971][  0]LogTextLocalizationResource: LocRes '../../../Engine/Content/Localization/Engine/de/Engine.locres' could not be opened for reading!
[2019.05.10-20.52.52:973][  0]LogInit: Setting process to per monitor DPI aware
[2019.05.10-20.52.53:039][  0]LogSlate: New Slate User Created.  User Index 0, Is Virtual User: 0
[2019.05.10-20.52.53:039][  0]LogSlate: Slate User Registered.  User Index 0, Is Virtual User: 0
[2019.05.10-20.52.53:399][  0]LogHMD: Failed to initialize OpenVR with code 110
[2019.05.10-20.52.53:399][  0]LogD3D11RHI: D3D11 adapters:
[2019.05.10-20.52.53:884][  0]LogD3D11RHI:    0. 'NVIDIA GeForce GTX 960M' (Feature Level 11_0)
[2019.05.10-20.52.53:884][  0]LogD3D11RHI:       4055/0/8105 MB DedicatedVideo/DedicatedSystem/SharedSystem, Outputs:2, VendorId:0x10de
[2019.05.10-20.52.53:903][  0]LogD3D11RHI:    1. 'Intel(R) HD Graphics 530' (Feature Level 11_0)
[2019.05.10-20.52.53:903][  0]LogD3D11RHI:       128/0/8105 MB DedicatedVideo/DedicatedSystem/SharedSystem, Outputs:0, VendorId:0x8086
[2019.05.10-20.52.53:910][  0]LogD3D11RHI:    2. 'Microsoft Basic Render Driver' (Feature Level 11_0)
[2019.05.10-20.52.53:910][  0]LogD3D11RHI:       0/0/8105 MB DedicatedVideo/DedicatedSystem/SharedSystem, Outputs:0, VendorId:0x1414
[2019.05.10-20.52.53:911][  0]LogD3D11RHI: Chosen D3D11 Adapter: 0
[2019.05.10-20.52.53:969][  0]LogD3D11RHI: Creating new Direct3DDevice
[2019.05.10-20.52.53:969][  0]LogD3D11RHI:     GPU DeviceId: 0x139b (for the marketing name, search the web for "GPU Device Id")
[2019.05.10-20.52.53:969][  0]LogWindows: EnumDisplayDevices:
[2019.05.10-20.52.53:970][  0]LogWindows:    0. 'Intel(R) HD Graphics 530' (P:1 D:1)
[2019.05.10-20.52.53:970][  0]LogWindows:    1. 'Intel(R) HD Graphics 530' (P:0 D:1)
[2019.05.10-20.52.53:971][  0]LogWindows:    2. 'Intel(R) HD Graphics 530' (P:0 D:0)
[2019.05.10-20.52.53:972][  0]LogWindows: DebugString: PrimaryIsNotTheChoosenAdapter PrimaryIsNotTheChoosenAdapter PrimaryIsNotTheChoosenAdapter FoundDriverCount:0 
[2019.05.10-20.52.53:972][  0]LogD3D11RHI:     Adapter Name: NVIDIA GeForce GTX 960M
[2019.05.10-20.52.53:972][  0]LogD3D11RHI:   Driver Version: Unknown (internal:Unknown, unified:Unknown)
[2019.05.10-20.52.53:972][  0]LogD3D11RHI:      Driver Date: Unknown
[2019.05.10-20.52.53:972][  0]LogRHI: Texture pool is 2839 MB (70% of 4055 MB)
[2019.05.10-20.52.54:047][  0]LogD3D11RHI: Async texture creation enabled
[2019.05.10-20.52.54:053][  0]LogRendererCore: FGlobalReadBuffer::InitRHI
[2019.05.10-20.52.54:053][  0]LogRendererCore: FGlobalReadBuffer::InitRHI
[2019.05.10-20.52.54:054][  0]LogRendererCore: FGlobalReadBuffer::InitRHI
[2019.05.10-20.52.54:063][  0]LogD3D11RHI: GPU Timing Frequency: 1000.000000 (Debug: 2 1)
[2019.05.10-20.52.54:550][  0]LogTemp: Display: Module 'AllDesktopTargetPlatform' loaded TargetPlatform 'AllDesktop'
[2019.05.10-20.52.54:574][  0]LogTemp: Display: Module 'MacClientTargetPlatform' loaded TargetPlatform 'MacClient'
[2019.05.10-20.52.54:601][  0]LogTemp: Display: Module 'MacNoEditorTargetPlatform' loaded TargetPlatform 'MacNoEditor'
[2019.05.10-20.52.54:623][  0]LogTemp: Display: Module 'MacServerTargetPlatform' loaded TargetPlatform 'MacServer'
[2019.05.10-20.52.54:650][  0]LogTemp: Display: Module 'MacTargetPlatform' loaded TargetPlatform 'Mac'
[2019.05.10-20.52.54:676][  0]LogTemp: Display: Module 'WindowsClientTargetPlatform' loaded TargetPlatform 'WindowsClient'
[2019.05.10-20.52.54:699][  0]LogTemp: Display: Module 'WindowsNoEditorTargetPlatform' loaded TargetPlatform 'WindowsNoEditor'
[2019.05.10-20.52.54:719][  0]LogTemp: Display: Module 'WindowsServerTargetPlatform' loaded TargetPlatform 'WindowsServer'
[2019.05.10-20.52.54:733][  0]LogTemp: Display: Module 'WindowsTargetPlatform' loaded TargetPlatform 'Windows'
[2019.05.10-20.52.54:865][  0]LogTemp: Display: Module 'AndroidTargetPlatform' loaded TargetPlatform 'Android'
[2019.05.10-20.52.54:865][  0]LogTemp: Display: Module 'AndroidTargetPlatform' loaded TargetPlatform 'Android_ASTC'
[2019.05.10-20.52.54:865][  0]LogTemp: Display: Module 'AndroidTargetPlatform' loaded TargetPlatform 'Android_ATC'
[2019.05.10-20.52.54:866][  0]LogTemp: Display: Module 'AndroidTargetPlatform' loaded TargetPlatform 'Android_DXT'
[2019.05.10-20.52.54:866][  0]LogTemp: Display: Module 'AndroidTargetPlatform' loaded TargetPlatform 'Android_ETC1'
[2019.05.10-20.52.54:866][  0]LogTemp: Display: Module 'AndroidTargetPlatform' loaded TargetPlatform 'Android_ETC1a'
[2019.05.10-20.52.54:866][  0]LogTemp: Display: Module 'AndroidTargetPlatform' loaded TargetPlatform 'Android_ETC2'
[2019.05.10-20.52.54:866][  0]LogTemp: Display: Module 'AndroidTargetPlatform' loaded TargetPlatform 'Android_PVRTC'
[2019.05.10-20.52.54:866][  0]LogTemp: Display: Module 'AndroidTargetPlatform' loaded TargetPlatform 'AndroidClient'
[2019.05.10-20.52.54:866][  0]LogTemp: Display: Module 'AndroidTargetPlatform' loaded TargetPlatform 'Android_ASTCClient'
[2019.05.10-20.52.54:866][  0]LogTemp: Display: Module 'AndroidTargetPlatform' loaded TargetPlatform 'Android_ATCClient'
[2019.05.10-20.52.54:866][  0]LogTemp: Display: Module 'AndroidTargetPlatform' loaded TargetPlatform 'Android_DXTClient'
[2019.05.10-20.52.54:866][  0]LogTemp: Display: Module 'AndroidTargetPlatform' loaded TargetPlatform 'Android_ETC1Client'
[2019.05.10-20.52.54:866][  0]LogTemp: Display: Module 'AndroidTargetPlatform' loaded TargetPlatform 'Android_ETC1aClient'
[2019.05.10-20.52.54:866][  0]LogTemp: Display: Module 'AndroidTargetPlatform' loaded TargetPlatform 'Android_ETC2Client'
[2019.05.10-20.52.54:866][  0]LogTemp: Display: Module 'AndroidTargetPlatform' loaded TargetPlatform 'Android_PVRTCClient'
[2019.05.10-20.52.54:867][  0]LogTemp: Display: Module 'AndroidTargetPlatform' loaded TargetPlatform 'Android_Multi'
[2019.05.10-20.52.54:867][  0]LogTemp: Display: Module 'AndroidTargetPlatform' loaded TargetPlatform 'Android_MultiClient'
[2019.05.10-20.52.54:871][  0]LogTemp: Display: Module 'HTML5TargetPlatform' loaded TargetPlatform 'HTML5'
[2019.05.10-20.52.54:951][  0]LogTemp: Display: Module 'IOSTargetPlatform' loaded TargetPlatform 'IOSClient'
[2019.05.10-20.52.54:951][  0]LogTemp: Display: Module 'IOSTargetPlatform' loaded TargetPlatform 'IOS'
[2019.05.10-20.52.54:991][  0]LogTemp: Display: Module 'TVOSTargetPlatform' loaded TargetPlatform 'TVOSClient'
[2019.05.10-20.52.54:991][  0]LogTemp: Display: Module 'TVOSTargetPlatform' loaded TargetPlatform 'TVOS'
[2019.05.10-20.52.55:017][  0]LogTemp: Display: Module 'LinuxClientTargetPlatform' loaded TargetPlatform 'LinuxClient'
[2019.05.10-20.52.55:036][  0]LogTemp: Display: Module 'LinuxNoEditorTargetPlatform' loaded TargetPlatform 'LinuxNoEditor'
[2019.05.10-20.52.55:055][  0]LogTemp: Display: Module 'LinuxServerTargetPlatform' loaded TargetPlatform 'LinuxServer'
[2019.05.10-20.52.55:073][  0]LogTemp: Display: Module 'LinuxTargetPlatform' loaded TargetPlatform 'Linux'
[2019.05.10-20.52.55:149][  0]LogTemp: Display: Module 'LuminTargetPlatform' loaded TargetPlatform 'Lumin'
[2019.05.10-20.52.55:149][  0]LogTemp: Display: Module 'LuminTargetPlatform' loaded TargetPlatform 'LuminClient'
[2019.05.10-20.52.55:149][  0]LogTargetPlatformManager: Display: Building Assets For Windows
[2019.05.10-20.52.55:184][  0]LogAudioDebug: Display: Lib vorbis DLL was dynamically loaded.
[2019.05.10-20.52.55:317][  0]LogShaderCompilers: Guid format shader working directory is -14 characters bigger than the processId version (E:/Luk/Dokumente/GitHub/PointCloudsVR/CPP_PointCloudsVR_22/Intermediate/Shaders/WorkingDirectory/3044/).
[2019.05.10-20.52.55:318][  0]LogShaderCompilers: Cleaned the shader compiler working directory 'C:/Users/Luk/AppData/Local/Temp/UnrealShaderWorkingDir/9B20820D4CD61D936CEAB98438A2D303/'.
[2019.05.10-20.52.55:321][  0]LogXGEController: Cleaning working directory: C:/Users/Luk/AppData/Local/Temp/UnrealXGEWorkingDir/
[2019.05.10-20.52.55:321][  0]LogXGEController: Cannot use XGE Controller as Incredibuild is not installed on this machine.
[2019.05.10-20.52.55:321][  0]LogShaderCompilers: Cannot use XGE Shader Compiler as Incredibuild is not installed on this machine.
[2019.05.10-20.52.55:322][  0]LogShaderCompilers: Display: Using Local Shader Compiler.
[2019.05.10-20.52.56:173][  0]LogDerivedDataCache: Display: Max Cache Size: 512 MB
[2019.05.10-20.52.56:248][  0]LogDerivedDataCache: Loaded boot cache 0.07s 76MB C:/Users/Luk/AppData/Local/UnrealEngine/4.22/DerivedDataCache/Boot.ddc.
[2019.05.10-20.52.56:248][  0]LogDerivedDataCache: Display: Loaded Boot cache: C:/Users/Luk/AppData/Local/UnrealEngine/4.22/DerivedDataCache/Boot.ddc
[2019.05.10-20.52.56:248][  0]LogDerivedDataCache: FDerivedDataBackendGraph:  Pak pak cache file E:/Luk/Dokumente/GitHub/PointCloudsVR/CPP_PointCloudsVR_22/DerivedDataCache/DDC.ddp not found, will not use a pak cache.
[2019.05.10-20.52.56:249][  0]LogDerivedDataCache: Unable to find inner node Pak for hierarchical cache Hierarchy.
[2019.05.10-20.52.56:249][  0]LogDerivedDataCache: FDerivedDataBackendGraph:  CompressedPak pak cache file E:/Luk/Dokumente/GitHub/PointCloudsVR/CPP_PointCloudsVR_22/DerivedDataCache/Compressed.ddp not found, will not use a pak cache.
[2019.05.10-20.52.56:249][  0]LogDerivedDataCache: Unable to find inner node CompressedPak for hierarchical cache Hierarchy.
[2019.05.10-20.52.56:267][  0]LogDerivedDataCache: Display: Pak cache opened for reading ../../../Engine/DerivedDataCache/Compressed.ddp.
[2019.05.10-20.52.56:271][  0]LogDerivedDataCache: Display: Pak cache opened for reading ../../../Enterprise/DerivedDataCache/Compressed.ddp.
[2019.05.10-20.52.56:285][  0]LogDerivedDataCache: Using Local data cache path C:/Users/Luk/AppData/Local/UnrealEngine/Common/DerivedDataCache: Writable
[2019.05.10-20.52.56:285][  0]LogDerivedDataCache: Shared data cache path not found in *engine.ini, will not use an Shared cache.
[2019.05.10-20.52.56:285][  0]LogDerivedDataCache: Unable to find inner node Shared for hierarchical cache Hierarchy.
[2019.05.10-20.52.56:321][  0]LogMaterial: Verifying Global Shaders for PCD3D_SM5
[2019.05.10-20.52.56:323][  0]LogSlate: Using FreeType 2.6.0
[2019.05.10-20.52.56:324][  0]LogSlate: SlateFontServices - WITH_FREETYPE: 1, WITH_HARFBUZZ: 1
[2019.05.10-20.52.56:456][  0]LogAssetRegistry: FAssetRegistry took 0.0462 seconds to start up
[2019.05.10-20.52.56:983][  0]LogInit: Selected Device Profile: [Windows]
[2019.05.10-20.52.57:231][  0]LogMeshReduction: Using QuadricMeshReduction for automatic static mesh reduction
[2019.05.10-20.52.57:231][  0]LogMeshReduction: Using SimplygonMeshReduction for automatic skeletal mesh reduction
[2019.05.10-20.52.57:231][  0]LogMeshReduction: Using ProxyLODMeshReduction for automatic mesh merging
[2019.05.10-20.52.57:231][  0]LogMeshReduction: No distributed automatic mesh merging module available
[2019.05.10-20.52.57:231][  0]LogMeshMerging: No distributed automatic mesh merging module available
[2019.05.10-20.52.57:259][  0]LogNetVersion: CPP_PointCloudsVR_22 1.0.0, NetCL: 5660361, EngineNetVer: 10, GameNetVer: 0 (Checksum: 2507006774)
[2019.05.10-20.52.57:978][  0]LogPackageLocalizationCache: Processed 17 localized package path(s) for 1 prioritized culture(s) in 0.087490 seconds
[2019.05.10-20.52.57:988][  0]LogUObjectArray: 42614 objects as part of root set at end of initial load.
[2019.05.10-20.52.57:988][  0]LogUObjectAllocator: 7423144 out of 0 bytes used by permanent object pool.
[2019.05.10-20.52.57:988][  0]LogUObjectArray: CloseDisregardForGC: 0/0 objects in disregard for GC pool
[2019.05.10-20.52.59:525][  0]LogTcpMessaging: Initializing TcpMessaging bridge
[2019.05.10-20.52.59:548][  0]LogUdpMessaging: Initializing bridge on interface 0.0.0.0:0 to multicast group 230.0.0.1:6666.
[2019.05.10-20.52.59:756][  0]SourceControl: Source control is disabled
[2019.05.10-20.52.59:756][  0]SourceControl: Source control is disabled
[2019.05.10-20.52.59:762][  0]SourceControl: Source control is disabled
[2019.05.10-20.52.59:767][  0]SourceControl: Source control is disabled
[2019.05.10-20.53.00:123][  0]LogAndroidPermission: UAndroidPermissionCallbackProxy::GetInstance
[2019.05.10-20.53.00:354][  0]LogOcInput: OculusInput pre-init called
[2019.05.10-20.53.05:384][  0]LogEngine: Initializing Engine...
[2019.05.10-20.53.05:385][  0]LogHMD: Failed to initialize OpenVR with code 110
[2019.05.10-20.53.05:387][  0]LogStats: UGameplayTagsManager::InitializeManager -  0.000 s
[2019.05.10-20.53.05:730][  0]LogInit: Initializing FReadOnlyCVARCache
[2019.05.10-20.53.05:750][  0]LogAIModule: Creating AISystem for world Untitled
[2019.05.10-20.53.05:799][  0]LogInit: XAudio2 using 'Lautsprecher (Realtek High Definition Audio)' : 2 channels at 48 kHz using 32 bits per sample (channel mask 0x3)
[2019.05.10-20.53.05:850][  0]LogInit: FAudioDevice initialized.
[2019.05.10-20.53.05:851][  0]LogNetVersion: Set ProjectVersion to 1.0.0.0. Version Checksum will be recalculated on next use.
[2019.05.10-20.53.05:946][  0]LogDerivedDataCache: Saved boot cache 0.10s 76MB C:/Users/Luk/AppData/Local/UnrealEngine/4.22/DerivedDataCache/Boot.ddc.
[2019.05.10-20.53.05:956][  0]LogInit: Texture streaming: Enabled
[2019.05.10-20.53.05:998][  0]LogEngineSessionManager: EngineSessionManager initialized
[2019.05.10-20.53.05:998][  0]LogEngineSessionManager: EngineSessionManager sent abnormal shutdown report. Type=Debugger, SessionId={65E157E2-4D9F-C1D9-7AC7-C19C9DE91BC2}
[2019.05.10-20.53.06:027][  0]LogInit: Transaction tracking system initialized
[2019.05.10-20.53.06:083][  0]BlueprintLog: New page: Editor Load
[2019.05.10-20.53.06:260][  0]LocalizationService: Localization service is disabled
[2019.05.10-20.53.06:765][  0]LogFileCache: Scanning file cache for directory 'E:/Luk/Dokumente/GitHub/PointCloudsVR/CPP_PointCloudsVR_22/Content/' took 0.02s
[2019.05.10-20.53.06:765][  0]LogCook: Display: Max memory allowance for cook 16384mb min free memory 0mb
[2019.05.10-20.53.06:765][  0]LogCook: Display: Mobile HDR setting 1
[2019.05.10-20.53.09:695][  0]SourceControl: Source control is disabled
[2019.05.10-20.53.09:695][  0]Cmd: MAP LOAD FILE="E:/Luk/Dokumente/GitHub/PointCloudsVR/CPP_PointCloudsVR_22/Content/FirstPersonCPP/Maps/FirstPersonExampleMap.umap" TEMPLATE=0 SHOWPROGRESS=1 FEATURELEVEL=3
[2019.05.10-20.53.09:696][  0]LightingResults: New page: Lighting Build
[2019.05.10-20.53.09:700][  0]MapCheck: New page: Map Check
[2019.05.10-20.53.09:700][  0]LightingResults: New page: Lighting Build
[2019.05.10-20.53.09:732][  0]LogUObjectHash: Compacting FUObjectHashTables data took   2.07ms
[2019.05.10-20.53.09:953][  0]LogAIModule: Creating AISystem for world FirstPersonExampleMap
[2019.05.10-20.53.09:986][  0]LogEditorServer: Finished looking for orphan Actors (0.000 secs)
[2019.05.10-20.53.10:028][  0]LogUObjectHash: Compacting FUObjectHashTables data took   2.33ms
[2019.05.10-20.53.10:029][  0]Cmd: MAP CHECKDEP NOCLEARLOG
[2019.05.10-20.53.10:029][  0]MapCheck: Map check complete: 0 Error(s), 0 Warning(s), took 0,131ms to complete.
[2019.05.10-20.53.10:030][  0]LogFileHelpers: Loading map 'FirstPersonExampleMap' took 0.334
[2019.05.10-20.53.10:162][  0]LogSlate: Updating window title bar state: overlay mode, drag disabled, window buttons hidden, title bar hidden
[2019.05.10-20.53.10:171][  0]LogSlate: Updating window title bar state: overlay mode, drag disabled, window buttons hidden, title bar hidden
[2019.05.10-20.53.10:186][  0]LogSlate: Updating window title bar state: overlay mode, drag disabled, window buttons hidden, title bar hidden
[2019.05.10-20.53.10:203][  0]LogSlate: Updating window title bar state: overlay mode, drag disabled, window buttons hidden, title bar hidden
[2019.05.10-20.53.10:216][  0]LogCollectionManager: Loaded 0 collections in 0.002321 seconds
[2019.05.10-20.53.10:235][  0]LogFileCache: Scanning file cache for directory 'E:/Luk/Dokumente/GitHub/PointCloudsVR/CPP_PointCloudsVR_22/Saved/Collections/' took 0.01s
[2019.05.10-20.53.10:235][  0]LogFileCache: Scanning file cache for directory 'E:/Luk/Dokumente/GitHub/PointCloudsVR/CPP_PointCloudsVR_22/Content/Developers/Luk/Collections/' took 0.00s
[2019.05.10-20.53.10:235][  0]LogFileCache: Scanning file cache for directory 'E:/Luk/Dokumente/GitHub/PointCloudsVR/CPP_PointCloudsVR_22/Content/Collections/' took 0.00s
[2019.05.10-20.53.10:235][  0]LogCollectionManager: Rebuilt the GUID cache for 0 collections in 0.000000 seconds
[2019.05.10-20.53.10:252][  0]LogContentBrowser: Native class hierarchy populated in 0.0160 seconds. Added 2879 classes and 735 folders.
[2019.05.10-20.53.10:265][  0]LogContentBrowser: Native class hierarchy updated for 'WidgetCarousel' in 0.0003 seconds. Added 0 classes and 0 folders.
[2019.05.10-20.53.10:268][  0]LogPakFile: Registered encryption key '00000000000000000000000000000000': 0 pak files mounted, 0 remain pending
[2019.05.10-20.53.10:269][  0]LogPakFile: Registered encryption key '00000000000000000000000000000000': 0 pak files mounted, 0 remain pending
[2019.05.10-20.53.10:270][  0]LogPakFile: Registered encryption key '00000000000000000000000000000000': 0 pak files mounted, 0 remain pending
[2019.05.10-20.53.10:271][  0]LogPakFile: Registered encryption key '00000000000000000000000000000000': 0 pak files mounted, 0 remain pending
[2019.05.10-20.53.10:272][  0]LogPakFile: Registered encryption key '00000000000000000000000000000000': 0 pak files mounted, 0 remain pending
[2019.05.10-20.53.10:274][  0]LogPakFile: Registered encryption key '00000000000000000000000000000000': 0 pak files mounted, 0 remain pending
[2019.05.10-20.53.10:276][  0]LogPakFile: Registered encryption key '00000000000000000000000000000000': 0 pak files mounted, 0 remain pending
[2019.05.10-20.53.10:277][  0]LogPakFile: Registered encryption key '00000000000000000000000000000000': 0 pak files mounted, 0 remain pending
[2019.05.10-20.53.10:278][  0]LogPakFile: Registered encryption key '00000000000000000000000000000000': 0 pak files mounted, 0 remain pending
[2019.05.10-20.53.10:279][  0]LogPakFile: Registered encryption key '00000000000000000000000000000000': 0 pak files mounted, 0 remain pending
[2019.05.10-20.53.10:280][  0]LogPakFile: Registered encryption key '00000000000000000000000000000000': 0 pak files mounted, 0 remain pending
[2019.05.10-20.53.10:281][  0]LogPakFile: Registered encryption key '00000000000000000000000000000000': 0 pak files mounted, 0 remain pending
[2019.05.10-20.53.10:282][  0]LogPakFile: Registered encryption key '00000000000000000000000000000000': 0 pak files mounted, 0 remain pending
[2019.05.10-20.53.10:283][  0]LogPakFile: Registered encryption key '00000000000000000000000000000000': 0 pak files mounted, 0 remain pending
[2019.05.10-20.53.10:284][  0]LogPakFile: Registered encryption key '00000000000000000000000000000000': 0 pak files mounted, 0 remain pending
[2019.05.10-20.53.10:285][  0]LogPakFile: Registered encryption key '00000000000000000000000000000000': 0 pak files mounted, 0 remain pending
[2019.05.10-20.53.10:286][  0]LogPakFile: Registered encryption key '00000000000000000000000000000000': 0 pak files mounted, 0 remain pending
[2019.05.10-20.53.10:287][  0]LogPakFile: Registered encryption key '00000000000000000000000000000000': 0 pak files mounted, 0 remain pending
[2019.05.10-20.53.10:288][  0]LogPakFile: Registered encryption key '00000000000000000000000000000000': 0 pak files mounted, 0 remain pending
[2019.05.10-20.53.10:289][  0]LogPakFile: Registered encryption key '00000000000000000000000000000000': 0 pak files mounted, 0 remain pending
[2019.05.10-20.53.10:291][  0]LogPakFile: Registered encryption key '00000000000000000000000000000000': 0 pak files mounted, 0 remain pending
[2019.05.10-20.53.10:292][  0]LogPakFile: Registered encryption key '00000000000000000000000000000000': 0 pak files mounted, 0 remain pending
[2019.05.10-20.53.10:293][  0]LogPakFile: Registered encryption key '00000000000000000000000000000000': 0 pak files mounted, 0 remain pending
[2019.05.10-20.53.10:295][  0]LogPakFile: Registered encryption key '00000000000000000000000000000000': 0 pak files mounted, 0 remain pending
[2019.05.10-20.53.10:296][  0]LogPakFile: Registered encryption key '00000000000000000000000000000000': 0 pak files mounted, 0 remain pending
[2019.05.10-20.53.10:297][  0]LogPakFile: Registered encryption key '00000000000000000000000000000000': 0 pak files mounted, 0 remain pending
[2019.05.10-20.53.10:298][  0]LogPakFile: Registered encryption key '00000000000000000000000000000000': 0 pak files mounted, 0 remain pending
[2019.05.10-20.53.10:299][  0]LogPakFile: Registered encryption key '00000000000000000000000000000000': 0 pak files mounted, 0 remain pending
[2019.05.10-20.53.10:355][  0]LogContentBrowser: Native class hierarchy updated for 'AddContentDialog' in 0.0006 seconds. Added 0 classes and 0 folders.
[2019.05.10-20.53.10:360][  0]LogContentBrowser: Native class hierarchy updated for 'SceneOutliner' in 0.0004 seconds. Added 1 classes and 0 folders.
[2019.05.10-20.53.10:380][  0]LogContentBrowser: Native class hierarchy updated for 'WorldBrowser' in 0.0006 seconds. Added 2 classes and 3 folders.
[2019.05.10-20.53.10:506][  0]LogSlate: Took 0.000790 seconds to synchronously load lazily loaded font '../../../Engine/Content/Slate/Fonts/Roboto-Regular.ttf' (155K)
[2019.05.10-20.53.10:512][  0]LogSlate: Took 0.000451 seconds to synchronously load lazily loaded font '../../../Engine/Content/Slate/Fonts/Roboto-Bold.ttf' (160K)
[2019.05.10-20.53.10:523][  0]LogSlate: Took 0.000852 seconds to synchronously load lazily loaded font '../../../Engine/Content/Editor/Slate/Fonts/FontAwesome.ttf' (139K)
[2019.05.10-20.53.10:628][  0]LogRenderer: Reallocating scene render targets to support 1208x572 Format 10 NumSamples 1 (Frame:1).
[2019.05.10-20.53.10:737][  0]LogSlate: Took 0.000488 seconds to synchronously load lazily loaded font '../../../Engine/Content/Slate/Fonts/Roboto-Light.ttf' (167K)
[2019.05.10-20.53.10:880][  0]LogContentBrowser: Native class hierarchy updated for 'HierarchicalLODOutliner' in 0.0005 seconds. Added 0 classes and 0 folders.
[2019.05.10-20.53.10:881][  0]LogLoad: (Engine Initialization) Total time: 20.74 seconds
[2019.05.10-20.53.10:881][  0]LogLoad: (Engine Initialization) Total Blueprint compile time: 0.00 seconds
[2019.05.10-20.53.10:927][  0]LogAssetRegistry: Asset discovery search completed in 14.4975 seconds
[2019.05.10-20.53.10:931][  0]LogCollectionManager: Rebuilt the object cache for 0 collections in 0.000000 seconds (found 0 objects)
[2019.05.10-20.53.10:931][  0]LogCollectionManager: Fixed up redirectors for 0 collections in 0.000170 seconds (updated 0 objects)
[2019.05.10-20.53.10:933][  0]LogContentStreaming: Texture pool size now 1000 MB
[2019.05.10-20.53.23:199][171]LogSlate: FSceneViewport::OnFocusLost() reason 0
[2019.05.10-20.53.24:361][279]LogSlate: Took 0.000232 seconds to synchronously load lazily loaded font '../../../Engine/Content/Slate/Fonts/Roboto-Light.ttf' (167K)
[2019.05.10-20.53.24:389][279]LogAssetEditorManager: Opening Asset editor for Blueprint /Game/LukVizCharacter/BP_PointCloudTraveller.BP_PointCloudTraveller
[2019.05.10-20.53.24:787][279]LogContentBrowser: Native class hierarchy updated for 'BlueprintGraph' in 0.0013 seconds. Added 121 classes and 0 folders.
[2019.05.10-20.53.28:673][419]LogSlate: Window 'BP_PointCloudTraveller' being destroyed
[2019.05.10-20.53.28:779][419]LogAssetEditorManager: Opening Asset editor for Blueprint /Game/LukVizCharacter/BP_PointCloudTraveller.BP_PointCloudTraveller
[2019.05.10-20.53.29:276][419]LogSlate: Took 0.000924 seconds to synchronously load lazily loaded font '../../../Engine/Content/Slate/Fonts/Roboto-BoldCondensed.ttf' (158K)
[2019.05.10-20.53.32:343][581]LogSlate: Took 0.000990 seconds to synchronously load lazily loaded font '../../../Engine/Content/Slate/Fonts/Roboto-Italic.ttf' (157K)
[2019.05.10-20.53.35:975][765]LogRenderer: Reallocating scene render targets to support 1208x692 Format 10 NumSamples 1 (Frame:1).
[2019.05.10-20.53.57:073][902]LogSlate: Window 'BP_PointCloudTraveller' being destroyed
[2019.05.10-20.53.57:084][902]LogSlate: Window 'BP_PointCloudTraveller' being destroyed
[2019.05.10-20.53.59:049][ 56]Candidate modules for hot reload:
[2019.05.10-20.53.59:050][ 56]  CPP_PointCloudsVR_22
[2019.05.10-20.53.59:050][ 56]Launching UnrealBuildTool... [C:/Program Files/Epic Games/UE_4.22/Engine/Binaries/DotNET/UnrealBuildTool.exe  -ModuleWithSuffix=CPP_PointCloudsVR_22,5712 Win64 Development -TargetType=Editor -Project="E:/Luk/Dokumente/GitHub/PointCloudsVR/CPP_PointCloudsVR_22/CPP_PointCloudsVR_22.uproject" "E:/Luk/Dokumente/GitHub/PointCloudsVR/CPP_PointCloudsVR_22/CPP_PointCloudsVR_22.uproject"  -IgnoreJunk]
[2019.05.10-20.53.59:053][ 56]Warning: Starting HotReload took  0.1s.
[2019.05.10-20.54.30:660][840]CompilerResultsLog: New page: Compilation - 11.05.2019 00:54:30
[2019.05.10-20.54.30:660][840]CompilerResultsLog: Using 'git status' to determine working set for adaptive non-unity build (E:\Luk\Dokumente\GitHub\PointCloudsVR).
[2019.05.10-20.54.30:660][840]CompilerResultsLog: Creating makefile for CPP_PointCloudsVR_22Editor (ini files are newer than makefile)
[2019.05.10-20.54.30:661][840]CompilerResultsLog: Parsing headers for CPP_PointCloudsVR_22Editor
[2019.05.10-20.54.30:661][840]CompilerResultsLog:   Running UnrealHeaderTool "E:\Luk\Dokumente\GitHub\PointCloudsVR\CPP_PointCloudsVR_22\CPP_PointCloudsVR_22.uproject" "E:\Luk\Dokumente\GitHub\PointCloudsVR\CPP_PointCloudsVR_22\Intermediate\Build\Win64\CPP_PointCloudsVR_22Editor\Development\CPP_PointCloudsVR_22Editor.uhtmanifest" -LogCmds="loginit warning, logexit warning, logdatabase error" -Unattended -WarningsAsErrors -installed
[2019.05.10-20.54.30:661][840]CompilerResultsLog: Reflection code generated for CPP_PointCloudsVR_22Editor in 17,4453892 seconds
[2019.05.10-20.54.30:662][840]CompilerResultsLog: Failed to delete file 'E:\Luk\Dokumente\GitHub\PointCloudsVR\CPP_PointCloudsVR_22\Binaries\Win64\UE4Editor-CPP_PointCloudsVR_22.pdb'
[2019.05.10-20.54.30:665][840]CompilerResultsLog:     Exception: Der Zugriff auf den Pfad "E:\Luk\Dokumente\GitHub\PointCloudsVR\CPP_PointCloudsVR_22\Binaries\Win64\UE4Editor-CPP_PointCloudsVR_22.pdb" wurde verweigert.
[2019.05.10-20.54.30:665][840]CompilerResultsLog: Attempting to retry...
[2019.05.10-20.54.30:665][840]CompilerResultsLog: Failed to delete file 'E:\Luk\Dokumente\GitHub\PointCloudsVR\CPP_PointCloudsVR_22\Binaries\Win64\UE4Editor-CPP_PointCloudsVR_22.pdb'
[2019.05.10-20.54.30:665][840]CompilerResultsLog:     Exception: Der Zugriff auf den Pfad "E:\Luk\Dokumente\GitHub\PointCloudsVR\CPP_PointCloudsVR_22\Binaries\Win64\UE4Editor-CPP_PointCloudsVR_22.pdb" wurde verweigert.
[2019.05.10-20.54.30:665][840]CompilerResultsLog: Attempting to retry...
[2019.05.10-20.54.30:665][840]CompilerResultsLog: Failed to delete file 'E:\Luk\Dokumente\GitHub\PointCloudsVR\CPP_PointCloudsVR_22\Binaries\Win64\UE4Editor-CPP_PointCloudsVR_22.pdb'
[2019.05.10-20.54.30:665][840]CompilerResultsLog:     Exception: Der Zugriff auf den Pfad "E:\Luk\Dokumente\GitHub\PointCloudsVR\CPP_PointCloudsVR_22\Binaries\Win64\UE4Editor-CPP_PointCloudsVR_22.pdb" wurde verweigert.
[2019.05.10-20.54.30:666][840]CompilerResultsLog: ERROR: Exhausted all retries!
[2019.05.10-20.54.30:666][840]CompilerResultsLog: Using Visual Studio 2017 14.16.27023 toolchain (C:\Program Files (x86)\Microsoft Visual Studio\2017\Community\VC\Tools\MSVC\14.16.27023) and Windows 10.0.17763.0 SDK (C:\Program Files (x86)\Windows Kits\10).
[2019.05.10-20.54.30:666][840]CompilerResultsLog: Building 3 actions with 8 processes...
[2019.05.10-20.54.30:666][840]CompilerResultsLog:   [1/3] UE4Editor-CPP_PointCloudsVR_22-5712.lib
[2019.05.10-20.54.30:666][840]CompilerResultsLog:      Bibliothek "E:\Luk\Dokumente\GitHub\PointCloudsVR\CPP_PointCloudsVR_22\Intermediate\Build\Win64\UE4Editor\Development\CPP_PointCloudsVR_22\UE4Editor-CPP_PointCloudsVR_22-5712.lib" und Objekt "E:\Luk\Dokumente\GitHub\PointCloudsVR\CPP_PointCloudsVR_22\Intermediate\Build\Win64\UE4Editor\Development\CPP_PointCloudsVR_22\UE4Editor-CPP_PointCloudsVR_22-5712.exp" werden erstellt.
[2019.05.10-20.54.30:666][840]CompilerResultsLog:   [2/3] UE4Editor-CPP_PointCloudsVR_22-5712.dll
[2019.05.10-20.54.30:667][840]CompilerResultsLog:      Bibliothek "E:\Luk\Dokumente\GitHub\PointCloudsVR\CPP_PointCloudsVR_22\Intermediate\Build\Win64\UE4Editor\Development\CPP_PointCloudsVR_22\UE4Editor-CPP_PointCloudsVR_22-5712.suppressed.lib" und Objekt "E:\Luk\Dokumente\GitHub\PointCloudsVR\CPP_PointCloudsVR_22\Intermediate\Build\Win64\UE4Editor\Development\CPP_PointCloudsVR_22\UE4Editor-CPP_PointCloudsVR_22-5712.suppressed.exp" werden erstellt.
[2019.05.10-20.54.30:667][840]CompilerResultsLog:   [3/3] CPP_PointCloudsVR_22Editor.target
[2019.05.10-20.54.30:667][840]CompilerResultsLog: Total time in Parallel executor: 4,79 seconds
[2019.05.10-20.54.30:667][840]CompilerResultsLog: Total execution time: 31,42 seconds
[2019.05.10-20.54.30:667][840]LogMainFrame: MainFrame: Module compiling took 31.624 seconds
[2019.05.10-20.54.30:737][840]LogUObjectHash: Compacting FUObjectHashTables data took   4.48ms
[2019.05.10-20.54.30:737][840]LogBlueprintActionDatabase: Requesting refresh due to module change: CPP_PointCloudsVR_22 (unloaded)
[2019.05.10-20.54.30:791][840]LogBlueprintActionDatabase: Requesting refresh due to module change: CPP_PointCloudsVR_22 (loaded)
[2019.05.10-20.54.30:792][840]LogContentBrowser: Native class hierarchy updated for 'CPP_PointCloudsVR_22' in 0.0006 seconds. Added 5 classes and 2 folders.
[2019.05.10-20.54.30:799][840]Display: HotReload successful (1 functions remapped  0 scriptstructs remapped)
[2019.05.10-20.54.30:996][840]LogUObjectHash: Compacting FUObjectHashTables data took   3.05ms
[2019.05.10-20.54.30:996][840]LogBlueprintActionDatabase: Requesting refresh due to hot reload
[2019.05.10-20.54.31:021][840]LogContentBrowser: Native class hierarchy populated in 0.0156 seconds. Added 2881 classes and 738 folders.
[2019.05.10-20.54.31:022][840]Display: HotReload took 32.0s.
[2019.05.10-20.54.34:788][138]LogTemp: Repeating last play command: Selected Viewport
[2019.05.10-20.54.34:802][138]LogBlueprintUserMessages: Early PlayInEditor Detection: Level '/Game/FirstPersonCPP/Maps/FirstPersonExampleMap.FirstPersonExampleMap:PersistentLevel' has LevelScriptBlueprint '/Game/FirstPersonCPP/Maps/FirstPersonExampleMap.FirstPersonExampleMap:PersistentLevel.FirstPersonExampleMap' with GeneratedClass '/Game/FirstPersonCPP/Maps/FirstPersonExampleMap.FirstPersonExampleMap_C' with ClassGeneratedBy '/Game/FirstPersonCPP/Maps/FirstPersonExampleMap.FirstPersonExampleMap:PersistentLevel.FirstPersonExampleMap'
[2019.05.10-20.54.34:802][138]LogPlayLevel: PlayLevel: No blueprints needed recompiling
[2019.05.10-20.54.34:803][138]PIE: New page: PIE session: FirstPersonExampleMap (11.05.2019 00:54:34)
[2019.05.10-20.54.34:818][138]LogPlayLevel: Creating play world package: /Game/FirstPersonCPP/Maps/UEDPIE_0_FirstPersonExampleMap
[2019.05.10-20.54.34:839][138]LogPlayLevel: PIE: StaticDuplicateObject took: (0.021286s)
[2019.05.10-20.54.34:840][138]LogAIModule: Creating AISystem for world FirstPersonExampleMap
[2019.05.10-20.54.34:841][138]LogPlayLevel: PIE: World Init took: (0.001145s)
[2019.05.10-20.54.34:841][138]LogPlayLevel: PIE: Created PIE world by copying editor world from /Game/FirstPersonCPP/Maps/FirstPersonExampleMap.FirstPersonExampleMap to /Game/FirstPersonCPP/Maps/UEDPIE_0_FirstPersonExampleMap.FirstPersonExampleMap (0.023301s)
