Log file open, 06/21/19 20:04:34
LogWindows: Failed to load 'aqProf.dll' (GetLastError=126)
LogWindows: File 'aqProf.dll' does not exist
LogWindows: Failed to load 'VtuneApi.dll' (GetLastError=126)
LogWindows: File 'VtuneApi.dll' does not exist
LogWindows: Failed to load 'VtuneApi32e.dll' (GetLastError=126)
LogWindows: File 'VtuneApi32e.dll' does not exist
LogConsoleResponse: Display: Failed to find resolution value strings in scalability ini. Falling back to default.
LogInit: Display: Running engine for game: CPP_PointCloudsVR_22
LogPakFile: Registered encryption key '00000000000000000000000000000000': 0 pak files mounted, 0 remain pending
LogPlatformFile: Not using cached read wrapper
LogTaskGraph: Started task graph with 5 named threads and 14 total threads with 3 sets of task threads.
LogStats: Stats thread started at 0.361945
LogD3D11RHI: Loaded GFSDK_Aftermath_Lib.x64.dll
LogICUInternationalization: ICU TimeZone Detection - Raw Offset: +1:00, Platform Override: ''
LogPluginManager: Mounting plugin Paper2D
LogPluginManager: Mounting plugin AISupport
LogPluginManager: Mounting plugin LightPropagationVolume
LogPluginManager: Mounting plugin ActorLayerUtilities
LogPluginManager: Mounting plugin AnimationSharing
LogPluginManager: Mounting plugin CLionSourceCodeAccess
LogPluginManager: Mounting plugin CodeLiteSourceCodeAccess
LogPluginManager: Mounting plugin GitSourceControl
LogPluginManager: Mounting plugin KDevelopSourceCodeAccess
LogPluginManager: Mounting plugin NullSourceCodeAccess
LogPluginManager: Mounting plugin PerforceSourceControl
LogPluginManager: Mounting plugin SubversionSourceControl
LogPluginManager: Mounting plugin UObjectPlugin
LogPluginManager: Mounting plugin VisualStudioCodeSourceCodeAccess
LogPluginManager: Mounting plugin VisualStudioSourceCodeAccess
LogPluginManager: Mounting plugin XCodeSourceCodeAccess
LogPluginManager: Mounting plugin AssetManagerEditor
LogPluginManager: Mounting plugin CryptoKeys
LogPluginManager: Mounting plugin DataValidation
LogPluginManager: Mounting plugin EditorScriptingUtilities
LogPluginManager: Mounting plugin FacialAnimation
LogPluginManager: Mounting plugin GameplayTagsEditor
LogPluginManager: Mounting plugin GLTFImporter
LogPluginManager: Mounting plugin MacGraphicsSwitching
LogPluginManager: Mounting plugin MaterialAnalyzer
LogPluginManager: Mounting plugin MeshEditor
LogPluginManager: Mounting plugin MobileLauncherProfileWizard
LogPluginManager: Mounting plugin PluginBrowser
LogPluginManager: Mounting plugin SpeedTreeImporter
LogPluginManager: Mounting plugin DatasmithContent
LogPluginManager: Mounting plugin VariantManagerContent
LogPluginManager: Mounting plugin AlembicImporter
LogPluginManager: Mounting plugin AppleImageUtils
LogPluginManager: Mounting plugin AppleVision
LogPluginManager: Mounting plugin BackChannel
LogPluginManager: Mounting plugin BlastPlugin
LogPluginManager: Mounting plugin ChaosSolverPlugin
LogPluginManager: Mounting plugin CharacterAI
LogPluginManager: Mounting plugin GeometryCache
LogPluginManager: Mounting plugin GeometryCollectionPlugin
LogPluginManager: Mounting plugin HTML5Networking
LogPluginManager: Mounting plugin ProxyLODPlugin
LogPluginManager: Mounting plugin SkeletalReduction
LogPluginManager: Mounting plugin MagicLeap
LogPluginManager: Mounting plugin MagicLeapMedia
LogPluginManager: Mounting plugin AndroidMedia
LogPluginManager: Mounting plugin AvfMedia
LogPluginManager: Mounting plugin ImgMedia
LogPluginManager: Mounting plugin LinearTimecode
LogPluginManager: Mounting plugin MediaCompositing
LogPluginManager: Mounting plugin MediaPlayerEditor
LogPluginManager: Mounting plugin WebMMedia
LogPluginManager: Mounting plugin WmfMedia
LogPluginManager: Mounting plugin TcpMessaging
LogPluginManager: Mounting plugin UdpMessaging
LogPluginManager: Mounting plugin ActorSequence
LogPluginManager: Mounting plugin LevelSequenceEditor
LogPluginManager: Mounting plugin MatineeToLevelSequence
LogPluginManager: Mounting plugin NetcodeUnitTest
LogPluginManager: Mounting plugin NUTUnrealEngine4
LogPluginManager: Mounting plugin OnlineSubsystemGooglePlay
LogPluginManager: Mounting plugin OnlineSubsystemIOS
LogPluginManager: Mounting plugin OnlineSubsystem
LogPluginManager: Mounting plugin OnlineSubsystemNull
LogPluginManager: Mounting plugin OnlineSubsystemUtils
LogPluginManager: Mounting plugin LauncherChunkInstaller
LogPluginManager: Mounting plugin AndroidDeviceProfileSelector
LogPluginManager: Mounting plugin AndroidMoviePlayer
LogPluginManager: Mounting plugin AndroidPermission
LogPluginManager: Mounting plugin AppleMoviePlayer
LogPluginManager: Mounting plugin ArchVisCharacter
LogPluginManager: Mounting plugin AudioCapture
LogPluginManager: Mounting plugin CableComponent
LogPluginManager: Mounting plugin CustomMeshComponent
LogPluginManager: Mounting plugin EditableMesh
LogPluginManager: Mounting plugin ExampleDeviceProfileSelector
LogPluginManager: Mounting plugin Firebase
LogPluginManager: Mounting plugin GoogleCloudMessaging
LogPluginManager: Mounting plugin IOSDeviceProfileSelector
LogPluginManager: Mounting plugin LinuxDeviceProfileSelector
LogPluginManager: Mounting plugin LocationServicesBPLibrary
LogPluginManager: Mounting plugin MobilePatchingUtils
LogPluginManager: Mounting plugin OculusVR
LogPluginManager: Mounting plugin PhysXVehicles
LogPluginManager: Mounting plugin ProceduralMeshComponent
LogPluginManager: Mounting plugin RuntimePhysXCooking
LogPluginManager: Mounting plugin SignificanceManager
LogPluginManager: Mounting plugin SteamVR
LogPluginManager: Mounting plugin WebMMoviePlayer
LogPluginManager: Mounting plugin WindowsMoviePlayer
LogPluginManager: Mounting plugin PointCloudPlugin
LogPluginManager: Mounting plugin DatasmithCADImporter
LogPluginManager: Mounting plugin DatasmithDataPrepEditor
LogPluginManager: Mounting plugin DatasmithFBXImporter
LogPluginManager: Mounting plugin DatasmithGLTFImporter
LogPluginManager: Mounting plugin DatasmithImporter
LogPluginManager: Mounting plugin MDLImporter
LogPluginManager: Mounting plugin StaticMeshEditorExtension
LogPluginManager: Mounting plugin VariantManager
LogInit: Using libcurl 7.55.1-DEV
LogInit:  - built for x86_64-pc-win32
LogInit:  - supports SSL with OpenSSL/1.1.1
LogInit:  - supports HTTP deflate (compression) using libz 1.2.8
LogInit:  - other features:
LogInit:      CURL_VERSION_SSL
LogInit:      CURL_VERSION_LIBZ
LogInit:      CURL_VERSION_IPV6
LogInit:      CURL_VERSION_ASYNCHDNS
LogInit:      CURL_VERSION_LARGEFILE
LogInit:      CURL_VERSION_IDN
LogInit:  CurlRequestOptions (configurable via config and command line):
LogInit:  - bVerifyPeer = true  - Libcurl will verify peer certificate
LogInit:  - bUseHttpProxy = false  - Libcurl will NOT use HTTP proxy
LogInit:  - bDontReuseConnections = false  - Libcurl will reuse connections
LogInit:  - MaxHostConnections = 16  - Libcurl will limit the number of connections to a host
LogInit:  - LocalHostAddr = Default
LogInit:  - BufferSize = 65536
LogInit: WinSock: version 1.1 (2.2), MaxSocks=32767, MaxUdp=65467
LogInit: Build: ++UE4+Release-4.22-CL-6063286
LogInit: Engine Version: 4.22.1-6063286+++UE4+Release-4.22
LogInit: Compatible Engine Version: 4.22.0-5660361+++UE4+Release-4.22
LogInit: Net CL: 5660361
LogInit: OS: Windows 10 (Release 1803) (), CPU: Intel(R) Core(TM) i7-7700 CPU @ 3.60GHz, GPU: NVIDIA GeForce GTX 1060 6GB
LogInit: Compiled (64-bit): Apr 24 2019 04:36:48
LogInit: Compiled with Visual C++: 19.16.27025.01
LogInit: Build Configuration: Development
LogInit: Branch Name: ++UE4+Release-4.22
LogInit: Command Line:  -skipcompile
LogInit: Base Directory: D:/Programme/Epic/UE_4.22/Engine/Binaries/Win64/
LogInit: Installed Engine Build: 1
LogDevObjectVersion: Number of dev versions registered: 23
LogDevObjectVersion:   Dev-Blueprints (B0D832E4-1F89-4F0D-ACCF-7EB736FD4AA2): 10
LogDevObjectVersion:   Dev-Build (E1C64328-A22C-4D53-A36C-8E866417BD8C): 0
LogDevObjectVersion:   Dev-Core (375EC13C-06E4-48FB-B500-84F0262A717E): 3
LogDevObjectVersion:   Dev-Editor (E4B068ED-F494-42E9-A231-DA0B2E46BB41): 30
LogDevObjectVersion:   Dev-Framework (CFFC743F-43B0-4480-9391-14DF171D2073): 35
LogDevObjectVersion:   Dev-Mobile (B02B49B5-BB20-44E9-A304-32B752E40360): 2
LogDevObjectVersion:   Dev-Networking (A4E4105C-59A1-49B5-A7C5-40C4547EDFEE): 0
LogDevObjectVersion:   Dev-Online (39C831C9-5AE6-47DC-9A44-9C173E1C8E7C): 0
LogDevObjectVersion:   Dev-Physics (78F01B33-EBEA-4F98-B9B4-84EACCB95AA2): 0
LogDevObjectVersion:   Dev-Platform (6631380F-2D4D-43E0-8009-CF276956A95A): 0
LogDevObjectVersion:   Dev-Rendering (12F88B9F-8875-4AFC-A67C-D90C383ABD29): 28
LogDevObjectVersion:   Dev-Sequencer (7B5AE74C-D270-4C10-A958-57980B212A5A): 11
LogDevObjectVersion:   Dev-VR (D7296918-1DD6-4BDD-9DE2-64A83CC13884): 2
LogDevObjectVersion:   Dev-LoadTimes (C2A15278-BFE7-4AFE-6C17-90FF531DF755): 1
LogDevObjectVersion:   Private-Geometry (6EACA3D4-40EC-4CC1-B786-8BED09428FC5): 3
LogDevObjectVersion:   Dev-AnimPhys (29E575DD-E0A3-4627-9D10-D276232CDCEA): 17
LogDevObjectVersion:   Dev-Anim (AF43A65D-7FD3-4947-9873-3E8ED9C1BB05): 2
LogDevObjectVersion:   Dev-ReflectionCapture (6B266CEC-1EC7-4B8F-A30B-E4D90942FC07): 1
LogDevObjectVersion:   Dev-Automation (0DF73D61-A23F-47EA-B727-89E90C41499A): 1
LogDevObjectVersion:   FortniteMain (601D1886-AC64-4F84-AA16-D3DE0DEAC7D6): 25
LogDevObjectVersion:   Dev-Enterprise (9DFFBCD6-494F-0158-E221-12823C92A888): 6
LogDevObjectVersion:   Dev-Niagara (F2AED0AC-9AFE-416F-8664-AA7FFA26D6FC): 1
LogDevObjectVersion:   Dev-Destruction (174F1F0B-B4C6-45A5-B13F-2EE8D0FB917D): 2
LogInit: Presizing for max 16777216 objects, including 0 objects not considered by GC, pre-allocating 0 bytes for permanent pool.
LogInit: Object subsystem initialized
LogConfig: Setting CVar [[con.DebugEarlyDefault:1]]
LogConfig: Setting CVar [[r.setres:1280x720]]
[2019.06.21-18.04.34:516][  0]LogConfig: Setting CVar [[r.VSync:0]]
[2019.06.21-18.04.34:516][  0]LogConfig: Setting CVar [[r.RHICmdBypass:0]]
[2019.06.21-18.04.34:517][  0]LogConfig: Applying CVar settings from Section [/Script/Engine.RendererSettings] File [D:/M2Rep/PointCloudsVR/CPP_PointCloudsVR_22/Saved/Config/Windows/Engine.ini]
[2019.06.21-18.04.34:517][  0]LogConfig: Setting CVar [[r.GPUCrashDebugging:0]]
[2019.06.21-18.04.34:517][  0]LogConfig: Applying CVar settings from Section [/Script/Engine.RendererOverrideSettings] File [D:/M2Rep/PointCloudsVR/CPP_PointCloudsVR_22/Saved/Config/Windows/Engine.ini]
[2019.06.21-18.04.34:517][  0]LogConfig: Applying CVar settings from Section [/Script/Engine.StreamingSettings] File [D:/M2Rep/PointCloudsVR/CPP_PointCloudsVR_22/Saved/Config/Windows/Engine.ini]
[2019.06.21-18.04.34:517][  0]LogConfig: Setting CVar [[s.MinBulkDataSizeForAsyncLoading:131072]]
[2019.06.21-18.04.34:517][  0]LogConfig: Setting CVar [[s.AsyncLoadingThreadEnabled:0]]
[2019.06.21-18.04.34:517][  0]LogConfig: Setting CVar [[s.EventDrivenLoaderEnabled:1]]
[2019.06.21-18.04.34:517][  0]LogConfig: Setting CVar [[s.WarnIfTimeLimitExceeded:0]]
[2019.06.21-18.04.34:517][  0]LogConfig: Setting CVar [[s.TimeLimitExceededMultiplier:1.5]]
[2019.06.21-18.04.34:517][  0]LogConfig: Setting CVar [[s.TimeLimitExceededMinTime:0.005]]
[2019.06.21-18.04.34:517][  0]LogConfig: Setting CVar [[s.UseBackgroundLevelStreaming:1]]
[2019.06.21-18.04.34:517][  0]LogConfig: Setting CVar [[s.PriorityAsyncLoadingExtraTime:15.0]]
[2019.06.21-18.04.34:517][  0]LogConfig: Setting CVar [[s.LevelStreamingActorsUpdateTimeLimit:5.0]]
[2019.06.21-18.04.34:517][  0]LogConfig: Setting CVar [[s.PriorityLevelStreamingActorsUpdateExtraTime:5.0]]
[2019.06.21-18.04.34:517][  0]LogConfig: Setting CVar [[s.LevelStreamingComponentsRegistrationGranularity:10]]
[2019.06.21-18.04.34:517][  0]LogConfig: Setting CVar [[s.UnregisterComponentsTimeLimit:1.0]]
[2019.06.21-18.04.34:517][  0]LogConfig: Setting CVar [[s.LevelStreamingComponentsUnregistrationGranularity:5]]
[2019.06.21-18.04.34:517][  0]LogConfig: Applying CVar settings from Section [/Script/Engine.GarbageCollectionSettings] File [D:/M2Rep/PointCloudsVR/CPP_PointCloudsVR_22/Saved/Config/Windows/Engine.ini]
[2019.06.21-18.04.34:518][  0]LogConfig: Setting CVar [[gc.MaxObjectsNotConsideredByGC:1]]
[2019.06.21-18.04.34:518][  0]LogConfig: Setting CVar [[gc.SizeOfPermanentObjectPool:0]]
[2019.06.21-18.04.34:518][  0]LogConfig: Setting CVar [[gc.FlushStreamingOnGC:0]]
[2019.06.21-18.04.34:518][  0]LogConfig: Setting CVar [[gc.NumRetriesBeforeForcingGC:10]]
[2019.06.21-18.04.34:518][  0]LogConfig: Setting CVar [[gc.AllowParallelGC:1]]
[2019.06.21-18.04.34:518][  0]LogConfig: Setting CVar [[gc.TimeBetweenPurgingPendingKillObjects:61.1]]
[2019.06.21-18.04.34:518][  0]LogConfig: Setting CVar [[gc.MaxObjectsInEditor:16777216]]
[2019.06.21-18.04.34:518][  0]LogConfig: Setting CVar [[gc.IncrementalBeginDestroyEnabled:1]]
[2019.06.21-18.04.34:518][  0]LogConfig: Setting CVar [[gc.CreateGCClusters:1]]
[2019.06.21-18.04.34:518][  0]LogConfig: Setting CVar [[gc.MinGCClusterSize:5]]
[2019.06.21-18.04.34:518][  0]LogConfig: Setting CVar [[gc.ActorClusteringEnabled:0]]
[2019.06.21-18.04.34:518][  0]LogConfig: Setting CVar [[gc.BlueprintClusteringEnabled:0]]
[2019.06.21-18.04.34:518][  0]LogConfig: Setting CVar [[gc.UseDisregardForGCOnDedicatedServers:0]]
[2019.06.21-18.04.34:518][  0]LogConfig: Applying CVar settings from Section [/Script/Engine.NetworkSettings] File [D:/M2Rep/PointCloudsVR/CPP_PointCloudsVR_22/Saved/Config/Windows/Engine.ini]
[2019.06.21-18.04.34:519][  0]LogConfig: Applying CVar settings from Section [/Script/UnrealEd.CookerSettings] File [D:/M2Rep/PointCloudsVR/CPP_PointCloudsVR_22/Saved/Config/Windows/Engine.ini]
[2019.06.21-18.04.34:527][  0]LogConfig: Applying CVar settings from Section [ViewDistanceQuality@3] File [D:/M2Rep/PointCloudsVR/CPP_PointCloudsVR_22/Saved/Config/Windows/Scalability.ini]
[2019.06.21-18.04.34:527][  0]LogConfig: Setting CVar [[r.SkeletalMeshLODBias:0]]
[2019.06.21-18.04.34:527][  0]LogConfig: Setting CVar [[r.ViewDistanceScale:1.0]]
[2019.06.21-18.04.34:527][  0]LogConfig: Applying CVar settings from Section [AntiAliasingQuality@3] File [D:/M2Rep/PointCloudsVR/CPP_PointCloudsVR_22/Saved/Config/Windows/Scalability.ini]
[2019.06.21-18.04.34:527][  0]LogConfig: Setting CVar [[r.PostProcessAAQuality:4]]
[2019.06.21-18.04.34:527][  0]LogConfig: Applying CVar settings from Section [ShadowQuality@3] File [D:/M2Rep/PointCloudsVR/CPP_PointCloudsVR_22/Saved/Config/Windows/Scalability.ini]
[2019.06.21-18.04.34:527][  0]LogConfig: Setting CVar [[r.LightFunctionQuality:1]]
[2019.06.21-18.04.34:527][  0]LogConfig: Setting CVar [[r.ShadowQuality:5]]
[2019.06.21-18.04.34:527][  0]LogConfig: Setting CVar [[r.Shadow.CSM.MaxCascades:10]]
[2019.06.21-18.04.34:528][  0]LogConfig: Setting CVar [[r.Shadow.MaxResolution:2048]]
[2019.06.21-18.04.34:528][  0]LogConfig: Setting CVar [[r.Shadow.MaxCSMResolution:2048]]
[2019.06.21-18.04.34:528][  0]LogConfig: Setting CVar [[r.Shadow.RadiusThreshold:0.01]]
[2019.06.21-18.04.34:528][  0]LogConfig: Setting CVar [[r.Shadow.DistanceScale:1.0]]
[2019.06.21-18.04.34:528][  0]LogConfig: Setting CVar [[r.Shadow.CSM.TransitionScale:1.0]]
[2019.06.21-18.04.34:528][  0]LogConfig: Setting CVar [[r.Shadow.PreShadowResolutionFactor:1.0]]
[2019.06.21-18.04.34:528][  0]LogConfig: Setting CVar [[r.DistanceFieldShadowing:1]]
[2019.06.21-18.04.34:528][  0]LogConfig: Setting CVar [[r.DistanceFieldAO:1]]
[2019.06.21-18.04.34:528][  0]LogConfig: Setting CVar [[r.AOQuality:2]]
[2019.06.21-18.04.34:528][  0]LogConfig: Setting CVar [[r.VolumetricFog:1]]
[2019.06.21-18.04.34:528][  0]LogConfig: Setting CVar [[r.VolumetricFog.GridPixelSize:8]]
[2019.06.21-18.04.34:528][  0]LogConfig: Setting CVar [[r.VolumetricFog.GridSizeZ:128]]
[2019.06.21-18.04.34:528][  0]LogConfig: Setting CVar [[r.VolumetricFog.HistoryMissSupersampleCount:4]]
[2019.06.21-18.04.34:528][  0]LogConfig: Setting CVar [[r.LightMaxDrawDistanceScale:1]]
[2019.06.21-18.04.34:528][  0]LogConfig: Setting CVar [[r.CapsuleShadows:1]]
[2019.06.21-18.04.34:528][  0]LogConfig: Applying CVar settings from Section [PostProcessQuality@3] File [D:/M2Rep/PointCloudsVR/CPP_PointCloudsVR_22/Saved/Config/Windows/Scalability.ini]
[2019.06.21-18.04.34:528][  0]LogConfig: Setting CVar [[r.MotionBlurQuality:4]]
[2019.06.21-18.04.34:528][  0]LogConfig: Setting CVar [[r.AmbientOcclusionMipLevelFactor:0.4]]
[2019.06.21-18.04.34:528][  0]LogConfig: Setting CVar [[r.AmbientOcclusionMaxQuality:100]]
[2019.06.21-18.04.34:528][  0]LogConfig: Setting CVar [[r.AmbientOcclusionLevels:-1]]
[2019.06.21-18.04.34:528][  0]LogConfig: Setting CVar [[r.AmbientOcclusionRadiusScale:1.0]]
[2019.06.21-18.04.34:529][  0]LogConfig: Setting CVar [[r.DepthOfFieldQuality:2]]
[2019.06.21-18.04.34:529][  0]LogConfig: Setting CVar [[r.RenderTargetPoolMin:400]]
[2019.06.21-18.04.34:529][  0]LogConfig: Setting CVar [[r.LensFlareQuality:2]]
[2019.06.21-18.04.34:529][  0]LogConfig: Setting CVar [[r.SceneColorFringeQuality:1]]
[2019.06.21-18.04.34:529][  0]LogConfig: Setting CVar [[r.EyeAdaptationQuality:2]]
[2019.06.21-18.04.34:529][  0]LogConfig: Setting CVar [[r.BloomQuality:5]]
[2019.06.21-18.04.34:529][  0]LogConfig: Setting CVar [[r.FastBlurThreshold:100]]
[2019.06.21-18.04.34:529][  0]LogConfig: Setting CVar [[r.Upscale.Quality:3]]
[2019.06.21-18.04.34:529][  0]LogConfig: Setting CVar [[r.Tonemapper.GrainQuantization:1]]
[2019.06.21-18.04.34:529][  0]LogConfig: Setting CVar [[r.LightShaftQuality:1]]
[2019.06.21-18.04.34:529][  0]LogConfig: Setting CVar [[r.Filter.SizeScale:1]]
[2019.06.21-18.04.34:529][  0]LogConfig: Setting CVar [[r.Tonemapper.Quality:5]]
[2019.06.21-18.04.34:529][  0]LogConfig: Setting CVar [[r.DOF.Gather.AccumulatorQuality:1        ; higher gathering accumulator quality]]
[2019.06.21-18.04.34:529][  0]LogConfig: Setting CVar [[r.DOF.Gather.PostfilterMethod:1          ; Median3x3 postfilering method]]
[2019.06.21-18.04.34:529][  0]LogConfig: Setting CVar [[r.DOF.Gather.EnableBokehSettings:0       ; no bokeh simulation when gathering]]
[2019.06.21-18.04.34:529][  0]LogConfig: Setting CVar [[r.DOF.Gather.RingCount:4                 ; medium number of samples when gathering]]
[2019.06.21-18.04.34:529][  0]LogConfig: Setting CVar [[r.DOF.Scatter.ForegroundCompositing:1    ; additive foreground scattering]]
[2019.06.21-18.04.34:529][  0]LogConfig: Setting CVar [[r.DOF.Scatter.BackgroundCompositing:2    ; additive background scattering]]
[2019.06.21-18.04.34:529][  0]LogConfig: Setting CVar [[r.DOF.Scatter.EnableBokehSettings:1      ; bokeh simulation when scattering]]
[2019.06.21-18.04.34:529][  0]LogConfig: Setting CVar [[r.DOF.Scatter.MaxSpriteRatio:0.1         ; only a maximum of 10% of scattered bokeh]]
[2019.06.21-18.04.34:529][  0]LogConfig: Setting CVar [[r.DOF.Recombine.Quality:1                ; cheap slight out of focus]]
[2019.06.21-18.04.34:529][  0]LogConfig: Setting CVar [[r.DOF.Recombine.EnableBokehSettings:0    ; no bokeh simulation on slight out of focus]]
[2019.06.21-18.04.34:529][  0]LogConfig: Setting CVar [[r.DOF.TemporalAAQuality:1                ; more stable temporal accumulation]]
[2019.06.21-18.04.34:529][  0]LogConfig: Setting CVar [[r.DOF.Kernel.MaxForegroundRadius:0.025]]
[2019.06.21-18.04.34:529][  0]LogConfig: Setting CVar [[r.DOF.Kernel.MaxBackgroundRadius:0.025]]
[2019.06.21-18.04.34:530][  0]LogConfig: Applying CVar settings from Section [TextureQuality@3] File [D:/M2Rep/PointCloudsVR/CPP_PointCloudsVR_22/Saved/Config/Windows/Scalability.ini]
[2019.06.21-18.04.34:530][  0]LogConfig: Setting CVar [[r.Streaming.MipBias:0]]
[2019.06.21-18.04.34:530][  0]LogConfig: Setting CVar [[r.Streaming.AmortizeCPUToGPUCopy:0]]
[2019.06.21-18.04.34:530][  0]LogConfig: Setting CVar [[r.Streaming.MaxNumTexturesToStreamPerFrame:0]]
[2019.06.21-18.04.34:530][  0]LogConfig: Setting CVar [[r.Streaming.Boost:1]]
[2019.06.21-18.04.34:530][  0]LogConfig: Setting CVar [[r.MaxAnisotropy:8]]
[2019.06.21-18.04.34:530][  0]LogConfig: Setting CVar [[r.Streaming.LimitPoolSizeToVRAM:0]]
[2019.06.21-18.04.34:530][  0]LogConfig: Setting CVar [[r.Streaming.PoolSize:1000]]
[2019.06.21-18.04.34:530][  0]LogConfig: Setting CVar [[r.Streaming.MaxEffectiveScreenSize:0]]
[2019.06.21-18.04.34:530][  0]LogConfig: Applying CVar settings from Section [EffectsQuality@3] File [D:/M2Rep/PointCloudsVR/CPP_PointCloudsVR_22/Saved/Config/Windows/Scalability.ini]
[2019.06.21-18.04.34:530][  0]LogConfig: Setting CVar [[r.TranslucencyLightingVolumeDim:64]]
[2019.06.21-18.04.34:530][  0]LogConfig: Setting CVar [[r.RefractionQuality:2]]
[2019.06.21-18.04.34:530][  0]LogConfig: Setting CVar [[r.SSR.Quality:3]]
[2019.06.21-18.04.34:530][  0]LogConfig: Setting CVar [[r.SceneColorFormat:4]]
[2019.06.21-18.04.34:530][  0]LogConfig: Setting CVar [[r.DetailMode:2]]
[2019.06.21-18.04.34:530][  0]LogConfig: Setting CVar [[r.TranslucencyVolumeBlur:1]]
[2019.06.21-18.04.34:530][  0]LogConfig: Setting CVar [[r.MaterialQualityLevel:1 ; High quality]]
[2019.06.21-18.04.34:530][  0]LogConfig: Setting CVar [[r.SSS.Scale:1]]
[2019.06.21-18.04.34:530][  0]LogConfig: Setting CVar [[r.SSS.SampleSet:2]]
[2019.06.21-18.04.34:530][  0]LogConfig: Setting CVar [[r.SSS.Quality:1]]
[2019.06.21-18.04.34:530][  0]LogConfig: Setting CVar [[r.SSS.HalfRes:1]]
[2019.06.21-18.04.34:530][  0]LogConfig: Setting CVar [[r.EmitterSpawnRateScale:1.0]]
[2019.06.21-18.04.34:530][  0]LogConfig: Setting CVar [[r.ParticleLightQuality:2]]
[2019.06.21-18.04.34:530][  0]LogConfig: Applying CVar settings from Section [FoliageQuality@3] File [D:/M2Rep/PointCloudsVR/CPP_PointCloudsVR_22/Saved/Config/Windows/Scalability.ini]
[2019.06.21-18.04.34:531][  0]LogConfig: Setting CVar [[foliage.DensityScale:1.0]]
[2019.06.21-18.04.34:531][  0]LogConfig: Setting CVar [[grass.DensityScale:1.0]]
[2019.06.21-18.04.34:531][  0]LogInit: Selected Device Profile: [Windows]
[2019.06.21-18.04.34:531][  0]LogInit: Applying CVar settings loaded from the selected device profile: [Windows]
[2019.06.21-18.04.34:540][  0]LogHAL: Display: Platform has ~ 32 GB [34250248192 / 34359738368 / 32], which maps to Largest [LargestMinGB=32, LargerMinGB=12, DefaultMinGB=8, SmallerMinGB=6, SmallestMinGB=0)
[2019.06.21-18.04.34:540][  0]LogConfig: Setting CVar [[r.Vulkan.UseRealUBs:0		; Required until we fix HLR fall-out]]
[2019.06.21-18.04.34:540][  0]LogInit: Going up to parent DeviceProfile []
[2019.06.21-18.04.34:541][  0]LogConfig: Applying CVar settings from Section [ViewDistanceQuality@3] File [D:/M2Rep/PointCloudsVR/CPP_PointCloudsVR_22/Saved/Config/Windows/Scalability.ini]
[2019.06.21-18.04.34:541][  0]LogConfig: Setting CVar [[r.SkeletalMeshLODBias:0]]
[2019.06.21-18.04.34:541][  0]LogConfig: Setting CVar [[r.ViewDistanceScale:1.0]]
[2019.06.21-18.04.34:541][  0]LogConfig: Applying CVar settings from Section [AntiAliasingQuality@3] File [D:/M2Rep/PointCloudsVR/CPP_PointCloudsVR_22/Saved/Config/Windows/Scalability.ini]
[2019.06.21-18.04.34:541][  0]LogConfig: Setting CVar [[r.PostProcessAAQuality:4]]
[2019.06.21-18.04.34:541][  0]LogConfig: Applying CVar settings from Section [ShadowQuality@3] File [D:/M2Rep/PointCloudsVR/CPP_PointCloudsVR_22/Saved/Config/Windows/Scalability.ini]
[2019.06.21-18.04.34:541][  0]LogConfig: Setting CVar [[r.LightFunctionQuality:1]]
[2019.06.21-18.04.34:541][  0]LogConfig: Setting CVar [[r.ShadowQuality:5]]
[2019.06.21-18.04.34:541][  0]LogConfig: Setting CVar [[r.Shadow.CSM.MaxCascades:10]]
[2019.06.21-18.04.34:541][  0]LogConfig: Setting CVar [[r.Shadow.MaxResolution:2048]]
[2019.06.21-18.04.34:541][  0]LogConfig: Setting CVar [[r.Shadow.MaxCSMResolution:2048]]
[2019.06.21-18.04.34:541][  0]LogConfig: Setting CVar [[r.Shadow.RadiusThreshold:0.01]]
[2019.06.21-18.04.34:541][  0]LogConfig: Setting CVar [[r.Shadow.DistanceScale:1.0]]
[2019.06.21-18.04.34:541][  0]LogConfig: Setting CVar [[r.Shadow.CSM.TransitionScale:1.0]]
[2019.06.21-18.04.34:541][  0]LogConfig: Setting CVar [[r.Shadow.PreShadowResolutionFactor:1.0]]
[2019.06.21-18.04.34:541][  0]LogConfig: Setting CVar [[r.DistanceFieldShadowing:1]]
[2019.06.21-18.04.34:541][  0]LogConfig: Setting CVar [[r.DistanceFieldAO:1]]
[2019.06.21-18.04.34:541][  0]LogConfig: Setting CVar [[r.AOQuality:2]]
[2019.06.21-18.04.34:541][  0]LogConfig: Setting CVar [[r.VolumetricFog:1]]
[2019.06.21-18.04.34:541][  0]LogConfig: Setting CVar [[r.VolumetricFog.GridPixelSize:8]]
[2019.06.21-18.04.34:541][  0]LogConfig: Setting CVar [[r.VolumetricFog.GridSizeZ:128]]
[2019.06.21-18.04.34:541][  0]LogConfig: Setting CVar [[r.VolumetricFog.HistoryMissSupersampleCount:4]]
[2019.06.21-18.04.34:541][  0]LogConfig: Setting CVar [[r.LightMaxDrawDistanceScale:1]]
[2019.06.21-18.04.34:541][  0]LogConfig: Setting CVar [[r.CapsuleShadows:1]]
[2019.06.21-18.04.34:542][  0]LogConfig: Applying CVar settings from Section [PostProcessQuality@3] File [D:/M2Rep/PointCloudsVR/CPP_PointCloudsVR_22/Saved/Config/Windows/Scalability.ini]
[2019.06.21-18.04.34:542][  0]LogConfig: Setting CVar [[r.MotionBlurQuality:4]]
[2019.06.21-18.04.34:542][  0]LogConfig: Setting CVar [[r.AmbientOcclusionMipLevelFactor:0.4]]
[2019.06.21-18.04.34:542][  0]LogConfig: Setting CVar [[r.AmbientOcclusionMaxQuality:100]]
[2019.06.21-18.04.34:542][  0]LogConfig: Setting CVar [[r.AmbientOcclusionLevels:-1]]
[2019.06.21-18.04.34:542][  0]LogConfig: Setting CVar [[r.AmbientOcclusionRadiusScale:1.0]]
[2019.06.21-18.04.34:542][  0]LogConfig: Setting CVar [[r.DepthOfFieldQuality:2]]
[2019.06.21-18.04.34:542][  0]LogConfig: Setting CVar [[r.RenderTargetPoolMin:400]]
[2019.06.21-18.04.34:542][  0]LogConfig: Setting CVar [[r.LensFlareQuality:2]]
[2019.06.21-18.04.34:542][  0]LogConfig: Setting CVar [[r.SceneColorFringeQuality:1]]
[2019.06.21-18.04.34:542][  0]LogConfig: Setting CVar [[r.EyeAdaptationQuality:2]]
[2019.06.21-18.04.34:542][  0]LogConfig: Setting CVar [[r.BloomQuality:5]]
[2019.06.21-18.04.34:542][  0]LogConfig: Setting CVar [[r.FastBlurThreshold:100]]
[2019.06.21-18.04.34:542][  0]LogConfig: Setting CVar [[r.Upscale.Quality:3]]
[2019.06.21-18.04.34:542][  0]LogConfig: Setting CVar [[r.Tonemapper.GrainQuantization:1]]
[2019.06.21-18.04.34:542][  0]LogConfig: Setting CVar [[r.LightShaftQuality:1]]
[2019.06.21-18.04.34:543][  0]LogConfig: Setting CVar [[r.Filter.SizeScale:1]]
[2019.06.21-18.04.34:543][  0]LogConfig: Setting CVar [[r.Tonemapper.Quality:5]]
[2019.06.21-18.04.34:543][  0]LogConfig: Setting CVar [[r.DOF.Gather.AccumulatorQuality:1        ; higher gathering accumulator quality]]
[2019.06.21-18.04.34:543][  0]LogConfig: Setting CVar [[r.DOF.Gather.PostfilterMethod:1          ; Median3x3 postfilering method]]
[2019.06.21-18.04.34:543][  0]LogConfig: Setting CVar [[r.DOF.Gather.EnableBokehSettings:0       ; no bokeh simulation when gathering]]
[2019.06.21-18.04.34:543][  0]LogConfig: Setting CVar [[r.DOF.Gather.RingCount:4                 ; medium number of samples when gathering]]
[2019.06.21-18.04.34:543][  0]LogConfig: Setting CVar [[r.DOF.Scatter.ForegroundCompositing:1    ; additive foreground scattering]]
[2019.06.21-18.04.34:543][  0]LogConfig: Setting CVar [[r.DOF.Scatter.BackgroundCompositing:2    ; additive background scattering]]
[2019.06.21-18.04.34:543][  0]LogConfig: Setting CVar [[r.DOF.Scatter.EnableBokehSettings:1      ; bokeh simulation when scattering]]
[2019.06.21-18.04.34:543][  0]LogConfig: Setting CVar [[r.DOF.Scatter.MaxSpriteRatio:0.1         ; only a maximum of 10% of scattered bokeh]]
[2019.06.21-18.04.34:543][  0]LogConfig: Setting CVar [[r.DOF.Recombine.Quality:1                ; cheap slight out of focus]]
[2019.06.21-18.04.34:543][  0]LogConfig: Setting CVar [[r.DOF.Recombine.EnableBokehSettings:0    ; no bokeh simulation on slight out of focus]]
[2019.06.21-18.04.34:543][  0]LogConfig: Setting CVar [[r.DOF.TemporalAAQuality:1                ; more stable temporal accumulation]]
[2019.06.21-18.04.34:543][  0]LogConfig: Setting CVar [[r.DOF.Kernel.MaxForegroundRadius:0.025]]
[2019.06.21-18.04.34:543][  0]LogConfig: Setting CVar [[r.DOF.Kernel.MaxBackgroundRadius:0.025]]
[2019.06.21-18.04.34:543][  0]LogConfig: Applying CVar settings from Section [TextureQuality@3] File [D:/M2Rep/PointCloudsVR/CPP_PointCloudsVR_22/Saved/Config/Windows/Scalability.ini]
[2019.06.21-18.04.34:544][  0]LogConfig: Setting CVar [[r.Streaming.MipBias:0]]
[2019.06.21-18.04.34:544][  0]LogConfig: Setting CVar [[r.Streaming.AmortizeCPUToGPUCopy:0]]
[2019.06.21-18.04.34:544][  0]LogConfig: Setting CVar [[r.Streaming.MaxNumTexturesToStreamPerFrame:0]]
[2019.06.21-18.04.34:544][  0]LogConfig: Setting CVar [[r.Streaming.Boost:1]]
[2019.06.21-18.04.34:544][  0]LogConfig: Setting CVar [[r.MaxAnisotropy:8]]
[2019.06.21-18.04.34:544][  0]LogConfig: Setting CVar [[r.Streaming.LimitPoolSizeToVRAM:0]]
[2019.06.21-18.04.34:544][  0]LogConfig: Setting CVar [[r.Streaming.PoolSize:1000]]
[2019.06.21-18.04.34:544][  0]LogConfig: Setting CVar [[r.Streaming.MaxEffectiveScreenSize:0]]
[2019.06.21-18.04.34:544][  0]LogConfig: Applying CVar settings from Section [EffectsQuality@3] File [D:/M2Rep/PointCloudsVR/CPP_PointCloudsVR_22/Saved/Config/Windows/Scalability.ini]
[2019.06.21-18.04.34:544][  0]LogConfig: Setting CVar [[r.TranslucencyLightingVolumeDim:64]]
[2019.06.21-18.04.34:544][  0]LogConfig: Setting CVar [[r.RefractionQuality:2]]
[2019.06.21-18.04.34:544][  0]LogConfig: Setting CVar [[r.SSR.Quality:3]]
[2019.06.21-18.04.34:544][  0]LogConfig: Setting CVar [[r.SceneColorFormat:4]]
[2019.06.21-18.04.34:544][  0]LogConfig: Setting CVar [[r.DetailMode:2]]
[2019.06.21-18.04.34:545][  0]LogConfig: Setting CVar [[r.TranslucencyVolumeBlur:1]]
[2019.06.21-18.04.34:545][  0]LogConfig: Setting CVar [[r.MaterialQualityLevel:1 ; High quality]]
[2019.06.21-18.04.34:545][  0]LogConfig: Setting CVar [[r.SSS.Scale:1]]
[2019.06.21-18.04.34:545][  0]LogConfig: Setting CVar [[r.SSS.SampleSet:2]]
[2019.06.21-18.04.34:545][  0]LogConfig: Setting CVar [[r.SSS.Quality:1]]
[2019.06.21-18.04.34:545][  0]LogConfig: Setting CVar [[r.SSS.HalfRes:1]]
[2019.06.21-18.04.34:545][  0]LogConfig: Setting CVar [[r.EmitterSpawnRateScale:1.0]]
[2019.06.21-18.04.34:545][  0]LogConfig: Setting CVar [[r.ParticleLightQuality:2]]
[2019.06.21-18.04.34:545][  0]LogConfig: Applying CVar settings from Section [FoliageQuality@3] File [D:/M2Rep/PointCloudsVR/CPP_PointCloudsVR_22/Saved/Config/Windows/Scalability.ini]
[2019.06.21-18.04.34:545][  0]LogConfig: Setting CVar [[foliage.DensityScale:1.0]]
[2019.06.21-18.04.34:545][  0]LogConfig: Setting CVar [[grass.DensityScale:1.0]]
[2019.06.21-18.04.34:545][  0]LogConfig: Applying CVar settings from Section [Startup] File [../../../Engine/Config/ConsoleVariables.ini]
[2019.06.21-18.04.34:546][  0]LogConfig: Setting CVar [[net.UseAdaptiveNetUpdateFrequency:0]]
[2019.06.21-18.04.34:546][  0]LogConfig: Setting CVar [[p.chaos.AllowCreatePhysxBodies:1]]
[2019.06.21-18.04.34:546][  0]LogConfig: Applying CVar settings from Section [ConsoleVariables] File [D:/M2Rep/PointCloudsVR/CPP_PointCloudsVR_22/Saved/Config/Windows/Engine.ini]
[2019.06.21-18.04.34:546][  0]LogInit: Computer: DESKTOP-ON6PSEN
[2019.06.21-18.04.34:546][  0]LogInit: User: CAADvr
[2019.06.21-18.04.34:546][  0]LogInit: CPU Page size=4096, Cores=4
[2019.06.21-18.04.34:546][  0]LogInit: High frequency timer resolution =3.515629 MHz
[2019.06.21-18.04.34:547][  0]LogMemory: Memory total: Physical=31.9GB (32GB approx)
[2019.06.21-18.04.34:547][  0]LogMemory: Platform Memory Stats for Windows
[2019.06.21-18.04.34:547][  0]LogMemory: Process Physical Memory: 103.93 MB used, 103.93 MB peak
[2019.06.21-18.04.34:547][  0]LogMemory: Process Virtual Memory: 98.07 MB used, 98.07 MB peak
[2019.06.21-18.04.34:547][  0]LogMemory: Physical Memory: 9033.02 MB used,  23630.56 MB free, 32663.58 MB total
[2019.06.21-18.04.34:547][  0]LogMemory: Virtual Memory: 4671.58 MB used,  134213056.00 MB free, 134217728.00 MB total
[2019.06.21-18.04.34:638][  0]LogInit: Using OS detected language (de-DE).
[2019.06.21-18.04.34:638][  0]LogInit: Using OS detected locale (de-DE).
[2019.06.21-18.04.34:638][  0]LogTextLocalizationManager: No specific localization for 'de-DE' exists, so the 'de' localization will be used.
[2019.06.21-18.04.34:639][  0]LogTextLocalizationResource: LocRes '../../../Engine/Content/Localization/Editor/de/Editor.locres' could not be opened for reading!
[2019.06.21-18.04.34:639][  0]LogTextLocalizationResource: LocRes '../../../Engine/Content/Localization/EditorTutorials/de/EditorTutorials.locres' could not be opened for reading!
[2019.06.21-18.04.34:639][  0]LogTextLocalizationResource: LocRes '../../../Engine/Content/Localization/Keywords/de/Keywords.locres' could not be opened for reading!
[2019.06.21-18.04.34:639][  0]LogTextLocalizationResource: LocRes '../../../Engine/Content/Localization/Category/de/Category.locres' could not be opened for reading!
[2019.06.21-18.04.34:639][  0]LogTextLocalizationResource: LocRes '../../../Engine/Content/Localization/ToolTips/de/ToolTips.locres' could not be opened for reading!
[2019.06.21-18.04.34:640][  0]LogTextLocalizationResource: LocRes '../../../Engine/Content/Localization/PropertyNames/de/PropertyNames.locres' could not be opened for reading!
[2019.06.21-18.04.34:640][  0]LogTextLocalizationResource: LocRes '../../../Engine/Content/Localization/Engine/de/Engine.locres' could not be opened for reading!
[2019.06.21-18.04.34:640][  0]LogInit: Setting process to per monitor DPI aware
[2019.06.21-18.04.34:682][  0]LogSlate: New Slate User Created.  User Index 0, Is Virtual User: 0
[2019.06.21-18.04.34:682][  0]LogSlate: Slate User Registered.  User Index 0, Is Virtual User: 0
[2019.06.21-18.04.34:809][  0]LogD3D11RHI: D3D11 adapters:
[2019.06.21-18.04.34:868][  0]LogD3D11RHI:    0. 'NVIDIA GeForce GTX 1060 6GB' (Feature Level 11_0)
[2019.06.21-18.04.34:868][  0]LogD3D11RHI:       6052/0/16331 MB DedicatedVideo/DedicatedSystem/SharedSystem, Outputs:2, VendorId:0x10de
[2019.06.21-18.04.34:885][  0]LogD3D11RHI:    1. 'Intel(R) HD Graphics 630' (Feature Level 11_0)
[2019.06.21-18.04.34:885][  0]LogD3D11RHI:       128/0/16331 MB DedicatedVideo/DedicatedSystem/SharedSystem, Outputs:0, VendorId:0x8086
[2019.06.21-18.04.34:888][  0]LogD3D11RHI:    2. 'Microsoft Basic Render Driver' (Feature Level 11_0)
[2019.06.21-18.04.34:888][  0]LogD3D11RHI:       0/0/16331 MB DedicatedVideo/DedicatedSystem/SharedSystem, Outputs:0, VendorId:0x1414
[2019.06.21-18.04.34:888][  0]LogD3D11RHI: Chosen D3D11 Adapter: 0
[2019.06.21-18.04.34:895][  0]LogD3D11RHI: Creating new Direct3DDevice
[2019.06.21-18.04.34:895][  0]LogD3D11RHI:     GPU DeviceId: 0x1c03 (for the marketing name, search the web for "GPU Device Id")
[2019.06.21-18.04.34:895][  0]LogWindows: EnumDisplayDevices:
[2019.06.21-18.04.34:896][  0]LogWindows:    0. 'NVIDIA GeForce GTX 1060 6GB' (P:1 D:1)
[2019.06.21-18.04.34:896][  0]LogWindows:    1. 'NVIDIA GeForce GTX 1060 6GB' (P:0 D:1)
[2019.06.21-18.04.34:896][  0]LogWindows:    2. 'NVIDIA GeForce GTX 1060 6GB' (P:0 D:0)
[2019.06.21-18.04.34:896][  0]LogWindows:    3. 'NVIDIA GeForce GTX 1060 6GB' (P:0 D:0)
[2019.06.21-18.04.34:896][  0]LogWindows:    4. 'Intel(R) HD Graphics 630' (P:0 D:0)
[2019.06.21-18.04.34:897][  0]LogWindows:    5. 'Intel(R) HD Graphics 630' (P:0 D:0)
[2019.06.21-18.04.34:897][  0]LogWindows:    6. 'Intel(R) HD Graphics 630' (P:0 D:0)
[2019.06.21-18.04.34:897][  0]LogWindows: DebugString: PrimaryIsNotTheChoosenAdapter PrimaryIsNotTheChoosenAdapter PrimaryIsNotTheChoosenAdapter FoundDriverCount:4 
[2019.06.21-18.04.34:897][  0]LogD3D11RHI:     Adapter Name: NVIDIA GeForce GTX 1060 6GB
[2019.06.21-18.04.34:897][  0]LogD3D11RHI:   Driver Version: 418.91 (internal:25.21.14.1891, unified:418.91)
[2019.06.21-18.04.34:897][  0]LogD3D11RHI:      Driver Date: 2-6-2019
[2019.06.21-18.04.34:897][  0]LogRHI: Texture pool is 4236 MB (70% of 6052 MB)
[2019.06.21-18.04.34:934][  0]LogD3D11RHI: Async texture creation enabled
[2019.06.21-18.04.34:945][  0]LogRendererCore: FGlobalReadBuffer::InitRHI
[2019.06.21-18.04.34:945][  0]LogRendererCore: FGlobalReadBuffer::InitRHI
[2019.06.21-18.04.34:945][  0]LogRendererCore: FGlobalReadBuffer::InitRHI
[2019.06.21-18.04.34:953][  0]LogD3D11RHI: GPU Timing Frequency: 1000.000000 (Debug: 2 1)
[2019.06.21-18.04.35:239][  0]LogTemp: Display: Module 'AllDesktopTargetPlatform' loaded TargetPlatform 'AllDesktop'
[2019.06.21-18.04.35:252][  0]LogTemp: Display: Module 'MacClientTargetPlatform' loaded TargetPlatform 'MacClient'
[2019.06.21-18.04.35:264][  0]LogTemp: Display: Module 'MacNoEditorTargetPlatform' loaded TargetPlatform 'MacNoEditor'
[2019.06.21-18.04.35:277][  0]LogTemp: Display: Module 'MacServerTargetPlatform' loaded TargetPlatform 'MacServer'
[2019.06.21-18.04.35:291][  0]LogTemp: Display: Module 'MacTargetPlatform' loaded TargetPlatform 'Mac'
[2019.06.21-18.04.35:303][  0]LogTemp: Display: Module 'WindowsClientTargetPlatform' loaded TargetPlatform 'WindowsClient'
[2019.06.21-18.04.35:316][  0]LogTemp: Display: Module 'WindowsNoEditorTargetPlatform' loaded TargetPlatform 'WindowsNoEditor'
[2019.06.21-18.04.35:328][  0]LogTemp: Display: Module 'WindowsServerTargetPlatform' loaded TargetPlatform 'WindowsServer'
[2019.06.21-18.04.35:335][  0]LogTemp: Display: Module 'WindowsTargetPlatform' loaded TargetPlatform 'Windows'
[2019.06.21-18.04.35:402][  0]LogTemp: Display: Module 'AndroidTargetPlatform' loaded TargetPlatform 'Android'
[2019.06.21-18.04.35:402][  0]LogTemp: Display: Module 'AndroidTargetPlatform' loaded TargetPlatform 'Android_ASTC'
[2019.06.21-18.04.35:402][  0]LogTemp: Display: Module 'AndroidTargetPlatform' loaded TargetPlatform 'Android_ATC'
[2019.06.21-18.04.35:402][  0]LogTemp: Display: Module 'AndroidTargetPlatform' loaded TargetPlatform 'Android_DXT'
[2019.06.21-18.04.35:402][  0]LogTemp: Display: Module 'AndroidTargetPlatform' loaded TargetPlatform 'Android_ETC1'
[2019.06.21-18.04.35:402][  0]LogTemp: Display: Module 'AndroidTargetPlatform' loaded TargetPlatform 'Android_ETC1a'
[2019.06.21-18.04.35:402][  0]LogTemp: Display: Module 'AndroidTargetPlatform' loaded TargetPlatform 'Android_ETC2'
[2019.06.21-18.04.35:402][  0]LogTemp: Display: Module 'AndroidTargetPlatform' loaded TargetPlatform 'Android_PVRTC'
[2019.06.21-18.04.35:402][  0]LogTemp: Display: Module 'AndroidTargetPlatform' loaded TargetPlatform 'AndroidClient'
[2019.06.21-18.04.35:403][  0]LogTemp: Display: Module 'AndroidTargetPlatform' loaded TargetPlatform 'Android_ASTCClient'
[2019.06.21-18.04.35:403][  0]LogTemp: Display: Module 'AndroidTargetPlatform' loaded TargetPlatform 'Android_ATCClient'
[2019.06.21-18.04.35:403][  0]LogTemp: Display: Module 'AndroidTargetPlatform' loaded TargetPlatform 'Android_DXTClient'
[2019.06.21-18.04.35:403][  0]LogTemp: Display: Module 'AndroidTargetPlatform' loaded TargetPlatform 'Android_ETC1Client'
[2019.06.21-18.04.35:403][  0]LogTemp: Display: Module 'AndroidTargetPlatform' loaded TargetPlatform 'Android_ETC1aClient'
[2019.06.21-18.04.35:403][  0]LogTemp: Display: Module 'AndroidTargetPlatform' loaded TargetPlatform 'Android_ETC2Client'
[2019.06.21-18.04.35:403][  0]LogTemp: Display: Module 'AndroidTargetPlatform' loaded TargetPlatform 'Android_PVRTCClient'
[2019.06.21-18.04.35:403][  0]LogTemp: Display: Module 'AndroidTargetPlatform' loaded TargetPlatform 'Android_Multi'
[2019.06.21-18.04.35:403][  0]LogTemp: Display: Module 'AndroidTargetPlatform' loaded TargetPlatform 'Android_MultiClient'
[2019.06.21-18.04.35:406][  0]LogTemp: Display: Module 'HTML5TargetPlatform' loaded TargetPlatform 'HTML5'
[2019.06.21-18.04.35:457][  0]LogTemp: Display: Module 'IOSTargetPlatform' loaded TargetPlatform 'IOSClient'
[2019.06.21-18.04.35:457][  0]LogTemp: Display: Module 'IOSTargetPlatform' loaded TargetPlatform 'IOS'
[2019.06.21-18.04.35:478][  0]LogTemp: Display: Module 'TVOSTargetPlatform' loaded TargetPlatform 'TVOSClient'
[2019.06.21-18.04.35:478][  0]LogTemp: Display: Module 'TVOSTargetPlatform' loaded TargetPlatform 'TVOS'
[2019.06.21-18.04.35:493][  0]LogTemp: Display: Module 'LinuxClientTargetPlatform' loaded TargetPlatform 'LinuxClient'
[2019.06.21-18.04.35:504][  0]LogTemp: Display: Module 'LinuxNoEditorTargetPlatform' loaded TargetPlatform 'LinuxNoEditor'
[2019.06.21-18.04.35:516][  0]LogTemp: Display: Module 'LinuxServerTargetPlatform' loaded TargetPlatform 'LinuxServer'
[2019.06.21-18.04.35:528][  0]LogTemp: Display: Module 'LinuxTargetPlatform' loaded TargetPlatform 'Linux'
[2019.06.21-18.04.35:566][  0]LogTemp: Display: Module 'LuminTargetPlatform' loaded TargetPlatform 'Lumin'
[2019.06.21-18.04.35:567][  0]LogTemp: Display: Module 'LuminTargetPlatform' loaded TargetPlatform 'LuminClient'
[2019.06.21-18.04.35:567][  0]LogTargetPlatformManager: Display: Building Assets For Windows
[2019.06.21-18.04.35:580][  0]LogAudioDebug: Display: Lib vorbis DLL was dynamically loaded.
[2019.06.21-18.04.35:652][  0]LogShaderCompilers: Guid format shader working directory is -10 characters bigger than the processId version (../../../../../../M2Rep/PointCloudsVR/CPP_PointCloudsVR_22/Intermediate/Shaders/WorkingDirectory/2892/).
[2019.06.21-18.04.35:652][  0]LogShaderCompilers: Cleaned the shader compiler working directory 'C:/Users/CAAD.vr/AppData/Local/Temp/UnrealShaderWorkingDir/F12C3BB64420CA661C818AA79FFFA88B/'.
[2019.06.21-18.04.35:654][  0]LogXGEController: Cleaning working directory: C:/Users/CAAD.vr/AppData/Local/Temp/UnrealXGEWorkingDir/
[2019.06.21-18.04.35:654][  0]LogXGEController: Cannot use XGE Controller as Incredibuild is not installed on this machine.
[2019.06.21-18.04.35:654][  0]LogShaderCompilers: Cannot use XGE Shader Compiler as Incredibuild is not installed on this machine.
[2019.06.21-18.04.35:655][  0]LogShaderCompilers: Display: Using Local Shader Compiler.
[2019.06.21-18.04.36:125][  0]LogDerivedDataCache: Display: Max Cache Size: 512 MB
[2019.06.21-18.04.36:171][  0]LogDerivedDataCache: Loaded boot cache 0.05s 77MB C:/Users/CAAD.vr/AppData/Local/UnrealEngine/4.22/DerivedDataCache/Boot.ddc.
[2019.06.21-18.04.36:172][  0]LogDerivedDataCache: Display: Loaded Boot cache: C:/Users/CAAD.vr/AppData/Local/UnrealEngine/4.22/DerivedDataCache/Boot.ddc
[2019.06.21-18.04.36:172][  0]LogDerivedDataCache: FDerivedDataBackendGraph:  Pak pak cache file ../../../../../../M2Rep/PointCloudsVR/CPP_PointCloudsVR_22/DerivedDataCache/DDC.ddp not found, will not use a pak cache.
[2019.06.21-18.04.36:172][  0]LogDerivedDataCache: Unable to find inner node Pak for hierarchical cache Hierarchy.
[2019.06.21-18.04.36:172][  0]LogDerivedDataCache: FDerivedDataBackendGraph:  CompressedPak pak cache file ../../../../../../M2Rep/PointCloudsVR/CPP_PointCloudsVR_22/DerivedDataCache/Compressed.ddp not found, will not use a pak cache.
[2019.06.21-18.04.36:172][  0]LogDerivedDataCache: Unable to find inner node CompressedPak for hierarchical cache Hierarchy.
[2019.06.21-18.04.36:183][  0]LogDerivedDataCache: Display: Pak cache opened for reading ../../../Engine/DerivedDataCache/Compressed.ddp.
[2019.06.21-18.04.36:186][  0]LogDerivedDataCache: Display: Pak cache opened for reading ../../../Enterprise/DerivedDataCache/Compressed.ddp.
[2019.06.21-18.04.36:199][  0]LogDerivedDataCache: Using Local data cache path C:/Users/CAAD.vr/AppData/Local/UnrealEngine/Common/DerivedDataCache: Writable
[2019.06.21-18.04.36:199][  0]LogDerivedDataCache: Shared data cache path not found in *engine.ini, will not use an Shared cache.
[2019.06.21-18.04.36:199][  0]LogDerivedDataCache: Unable to find inner node Shared for hierarchical cache Hierarchy.
[2019.06.21-18.04.36:218][  0]LogMaterial: Verifying Global Shaders for PCD3D_SM5
[2019.06.21-18.04.36:219][  0]LogSlate: Using FreeType 2.6.0
[2019.06.21-18.04.36:220][  0]LogSlate: SlateFontServices - WITH_FREETYPE: 1, WITH_HARFBUZZ: 1
[2019.06.21-18.04.36:297][  0]LogAssetRegistry: FAssetRegistry took 0.0337 seconds to start up
[2019.06.21-18.04.36:560][  0]LogInit: Selected Device Profile: [Windows]
[2019.06.21-18.04.36:686][  0]LogMeshReduction: Using QuadricMeshReduction for automatic static mesh reduction
[2019.06.21-18.04.36:686][  0]LogMeshReduction: Using SimplygonMeshReduction for automatic skeletal mesh reduction
[2019.06.21-18.04.36:686][  0]LogMeshReduction: Using ProxyLODMeshReduction for automatic mesh merging
[2019.06.21-18.04.36:686][  0]LogMeshReduction: No distributed automatic mesh merging module available
[2019.06.21-18.04.36:686][  0]LogMeshMerging: No distributed automatic mesh merging module available
[2019.06.21-18.04.36:699][  0]LogNetVersion: CPP_PointCloudsVR_22 1.0.0, NetCL: 5660361, EngineNetVer: 10, GameNetVer: 0 (Checksum: 2507006774)
[2019.06.21-18.04.37:074][  0]LogPackageLocalizationCache: Processed 17 localized package path(s) for 1 prioritized culture(s) in 0.054195 seconds
[2019.06.21-18.04.37:080][  0]LogUObjectArray: 42657 objects as part of root set at end of initial load.
[2019.06.21-18.04.37:080][  0]LogUObjectAllocator: 7430168 out of 0 bytes used by permanent object pool.
[2019.06.21-18.04.37:080][  0]LogUObjectArray: CloseDisregardForGC: 0/0 objects in disregard for GC pool
[2019.06.21-18.04.37:846][  0]LogTcpMessaging: Initializing TcpMessaging bridge
[2019.06.21-18.04.37:861][  0]LogUdpMessaging: Initializing bridge on interface 0.0.0.0:0 to multicast group 230.0.0.1:6666.
[2019.06.21-18.04.38:109][  0]SourceControl: Source control is disabled
[2019.06.21-18.04.38:109][  0]SourceControl: Source control is disabled
[2019.06.21-18.04.38:112][  0]SourceControl: Source control is disabled
[2019.06.21-18.04.38:114][  0]SourceControl: Source control is disabled
[2019.06.21-18.04.38:283][  0]LogAndroidPermission: UAndroidPermissionCallbackProxy::GetInstance
[2019.06.21-18.04.38:379][  0]LogOcInput: OculusInput pre-init called
[2019.06.21-18.04.40:395][  0]LogEngine: Initializing Engine...
[2019.06.21-18.04.40:396][  0]LogHMD: Oculus plugin initialized. Version: 4.22.1-6063286+++UE4+Release-4.22, OVRPlugin: 1.32.0
[2019.06.21-18.04.40:397][  0]LogStats: UGameplayTagsManager::InitializeManager -  0.000 s
[2019.06.21-18.04.40:581][  0]LogInit: Initializing FReadOnlyCVARCache
[2019.06.21-18.04.40:593][  0]LogAIModule: Creating AISystem for world Untitled
[2019.06.21-18.04.40:613][  0]LogInit: XAudio2 using 'Speakers / Headphones (Realtek Audio)' : 2 channels at 44.1 kHz using 16 bits per sample (channel mask 0x3)
[2019.06.21-18.04.40:786][  0]LogInit: FAudioDevice initialized.
[2019.06.21-18.04.40:787][  0]LogNetVersion: Set ProjectVersion to 1.0.0.0. Version Checksum will be recalculated on next use.
[2019.06.21-18.04.40:901][  0]LogDerivedDataCache: Saved boot cache 0.11s 77MB C:/Users/CAAD.vr/AppData/Local/UnrealEngine/4.22/DerivedDataCache/Boot.ddc.
[2019.06.21-18.04.40:905][  0]LogInit: Texture streaming: Enabled
[2019.06.21-18.04.40:927][  0]LogEngineSessionManager: EngineSessionManager initialized
[2019.06.21-18.04.40:927][  0]LogEngineSessionManager: EngineSessionManager sent abnormal shutdown report. Type=Debugger, SessionId={53B1C3BA-4677-CC4F-7B13-5B8606B69423}
[2019.06.21-18.04.40:950][  0]LogInit: Transaction tracking system initialized
[2019.06.21-18.04.40:979][  0]BlueprintLog: New page: Editor Load
[2019.06.21-18.04.41:091][  0]LocalizationService: Localization service is disabled
[2019.06.21-18.04.41:701][  0]LogFileCache: Scanning file cache for directory 'D:/M2Rep/PointCloudsVR/CPP_PointCloudsVR_22/Content/' took 0.01s
[2019.06.21-18.04.41:701][  0]LogCook: Display: Max memory allowance for cook 16384mb min free memory 0mb
[2019.06.21-18.04.41:701][  0]LogCook: Display: Mobile HDR setting 1
[2019.06.21-18.04.42:866][  0]SourceControl: Source control is disabled
[2019.06.21-18.04.42:867][  0]Cmd: MAP LOAD FILE="../../../../../../M2Rep/PointCloudsVR/CPP_PointCloudsVR_22/Content/FirstPersonCPP/Maps/FirstPersonExampleMap.umap" TEMPLATE=0 SHOWPROGRESS=1 FEATURELEVEL=3
[2019.06.21-18.04.42:867][  0]LightingResults: New page: Lighting Build
[2019.06.21-18.04.42:870][  0]MapCheck: New page: Map Check
[2019.06.21-18.04.42:870][  0]LightingResults: New page: Lighting Build
[2019.06.21-18.04.42:896][  0]LogUObjectHash: Compacting FUObjectHashTables data took   1.89ms
[2019.06.21-18.04.43:058][  0]LogAIModule: Creating AISystem for world FirstPersonExampleMap
[2019.06.21-18.04.43:079][  0]LogEditorServer: Finished looking for orphan Actors (0.000 secs)
[2019.06.21-18.04.43:104][  0]LogUObjectHash: Compacting FUObjectHashTables data took   1.93ms
[2019.06.21-18.04.43:104][  0]Cmd: MAP CHECKDEP NOCLEARLOG
[2019.06.21-18.04.43:104][  0]MapCheck: Map check complete: 0 Error(s), 0 Warning(s), took 0,094ms to complete.
[2019.06.21-18.04.43:104][  0]LogFileHelpers: Loading map 'FirstPersonExampleMap' took 0.237
[2019.06.21-18.04.43:224][  0]LogSlate: Updating window title bar state: overlay mode, drag disabled, window buttons hidden, title bar hidden
[2019.06.21-18.04.43:231][  0]LogSlate: Updating window title bar state: overlay mode, drag disabled, window buttons hidden, title bar hidden
[2019.06.21-18.04.43:238][  0]LogSlate: Updating window title bar state: overlay mode, drag disabled, window buttons hidden, title bar hidden
[2019.06.21-18.04.43:246][  0]LogSlate: Updating window title bar state: overlay mode, drag disabled, window buttons hidden, title bar hidden
[2019.06.21-18.04.43:258][  0]LogCollectionManager: Loaded 0 collections in 0.001411 seconds
[2019.06.21-18.04.43:288][  0]LogFileCache: Scanning file cache for directory 'D:/M2Rep/PointCloudsVR/CPP_PointCloudsVR_22/Saved/Collections/' took 0.01s
[2019.06.21-18.04.43:288][  0]LogFileCache: Scanning file cache for directory 'D:/M2Rep/PointCloudsVR/CPP_PointCloudsVR_22/Content/Developers/CAADvr/Collections/' took 0.00s
[2019.06.21-18.04.43:288][  0]LogFileCache: Scanning file cache for directory 'D:/M2Rep/PointCloudsVR/CPP_PointCloudsVR_22/Content/Collections/' took 0.01s
[2019.06.21-18.04.43:288][  0]LogCollectionManager: Rebuilt the GUID cache for 0 collections in 0.000001 seconds
[2019.06.21-18.04.43:296][  0]LogContentBrowser: Native class hierarchy populated in 0.0075 seconds. Added 2879 classes and 735 folders.
[2019.06.21-18.04.43:301][  0]LogContentBrowser: Native class hierarchy updated for 'WidgetCarousel' in 0.0003 seconds. Added 0 classes and 0 folders.
[2019.06.21-18.04.43:303][  0]LogPakFile: Registered encryption key '00000000000000000000000000000000': 0 pak files mounted, 0 remain pending
[2019.06.21-18.04.43:303][  0]LogPakFile: Registered encryption key '00000000000000000000000000000000': 0 pak files mounted, 0 remain pending
[2019.06.21-18.04.43:303][  0]LogPakFile: Registered encryption key '00000000000000000000000000000000': 0 pak files mounted, 0 remain pending
[2019.06.21-18.04.43:304][  0]LogPakFile: Registered encryption key '00000000000000000000000000000000': 0 pak files mounted, 0 remain pending
[2019.06.21-18.04.43:304][  0]LogPakFile: Registered encryption key '00000000000000000000000000000000': 0 pak files mounted, 0 remain pending
[2019.06.21-18.04.43:304][  0]LogPakFile: Registered encryption key '00000000000000000000000000000000': 0 pak files mounted, 0 remain pending
[2019.06.21-18.04.43:305][  0]LogPakFile: Registered encryption key '00000000000000000000000000000000': 0 pak files mounted, 0 remain pending
[2019.06.21-18.04.43:305][  0]LogPakFile: Registered encryption key '00000000000000000000000000000000': 0 pak files mounted, 0 remain pending
[2019.06.21-18.04.43:305][  0]LogPakFile: Registered encryption key '00000000000000000000000000000000': 0 pak files mounted, 0 remain pending
[2019.06.21-18.04.43:306][  0]LogPakFile: Registered encryption key '00000000000000000000000000000000': 0 pak files mounted, 0 remain pending
[2019.06.21-18.04.43:306][  0]LogPakFile: Registered encryption key '00000000000000000000000000000000': 0 pak files mounted, 0 remain pending
[2019.06.21-18.04.43:307][  0]LogPakFile: Registered encryption key '00000000000000000000000000000000': 0 pak files mounted, 0 remain pending
[2019.06.21-18.04.43:307][  0]LogPakFile: Registered encryption key '00000000000000000000000000000000': 0 pak files mounted, 0 remain pending
[2019.06.21-18.04.43:307][  0]LogPakFile: Registered encryption key '00000000000000000000000000000000': 0 pak files mounted, 0 remain pending
[2019.06.21-18.04.43:308][  0]LogPakFile: Registered encryption key '00000000000000000000000000000000': 0 pak files mounted, 0 remain pending
[2019.06.21-18.04.43:308][  0]LogPakFile: Registered encryption key '00000000000000000000000000000000': 0 pak files mounted, 0 remain pending
[2019.06.21-18.04.43:308][  0]LogPakFile: Registered encryption key '00000000000000000000000000000000': 0 pak files mounted, 0 remain pending
[2019.06.21-18.04.43:309][  0]LogPakFile: Registered encryption key '00000000000000000000000000000000': 0 pak files mounted, 0 remain pending
[2019.06.21-18.04.43:309][  0]LogPakFile: Registered encryption key '00000000000000000000000000000000': 0 pak files mounted, 0 remain pending
[2019.06.21-18.04.43:309][  0]LogPakFile: Registered encryption key '00000000000000000000000000000000': 0 pak files mounted, 0 remain pending
[2019.06.21-18.04.43:310][  0]LogPakFile: Registered encryption key '00000000000000000000000000000000': 0 pak files mounted, 0 remain pending
[2019.06.21-18.04.43:310][  0]LogPakFile: Registered encryption key '00000000000000000000000000000000': 0 pak files mounted, 0 remain pending
[2019.06.21-18.04.43:311][  0]LogPakFile: Registered encryption key '00000000000000000000000000000000': 0 pak files mounted, 0 remain pending
[2019.06.21-18.04.43:311][  0]LogPakFile: Registered encryption key '00000000000000000000000000000000': 0 pak files mounted, 0 remain pending
[2019.06.21-18.04.43:312][  0]LogPakFile: Registered encryption key '00000000000000000000000000000000': 0 pak files mounted, 0 remain pending
[2019.06.21-18.04.43:312][  0]LogPakFile: Registered encryption key '00000000000000000000000000000000': 0 pak files mounted, 0 remain pending
[2019.06.21-18.04.43:312][  0]LogPakFile: Registered encryption key '00000000000000000000000000000000': 0 pak files mounted, 0 remain pending
[2019.06.21-18.04.43:313][  0]LogPakFile: Registered encryption key '00000000000000000000000000000000': 0 pak files mounted, 0 remain pending
[2019.06.21-18.04.43:336][  0]LogContentBrowser: Native class hierarchy updated for 'AddContentDialog' in 0.0003 seconds. Added 0 classes and 0 folders.
[2019.06.21-18.04.43:340][  0]LogContentBrowser: Native class hierarchy updated for 'SceneOutliner' in 0.0003 seconds. Added 1 classes and 0 folders.
[2019.06.21-18.04.43:406][  0]LogSlate: Took 0.000139 seconds to synchronously load lazily loaded font '../../../Engine/Content/Slate/Fonts/Roboto-Regular.ttf' (155K)
[2019.06.21-18.04.43:409][  0]LogSlate: Took 0.000119 seconds to synchronously load lazily loaded font '../../../Engine/Content/Slate/Fonts/Roboto-Bold.ttf' (160K)
[2019.06.21-18.04.43:414][  0]LogSlate: Took 0.000156 seconds to synchronously load lazily loaded font '../../../Engine/Content/Editor/Slate/Fonts/FontAwesome.ttf' (139K)
[2019.06.21-18.04.43:467][  0]LogRenderer: Reallocating scene render targets to support 700x536 Format 10 NumSamples 1 (Frame:1).
[2019.06.21-18.04.43:506][  0]LogSlate: Took 0.000122 seconds to synchronously load lazily loaded font '../../../Engine/Content/Slate/Fonts/Roboto-Light.ttf' (167K)
[2019.06.21-18.04.43:568][  0]LogContentBrowser: Native class hierarchy updated for 'HierarchicalLODOutliner' in 0.0003 seconds. Added 0 classes and 0 folders.
[2019.06.21-18.04.43:568][  0]LogLoad: (Engine Initialization) Total time: 10.69 seconds
[2019.06.21-18.04.43:568][  0]LogLoad: (Engine Initialization) Total Blueprint compile time: 0.00 seconds
[2019.06.21-18.04.43:578][  0]LogWindowsTextInputMethodSystem: Display: IME system now deactivated.
[2019.06.21-18.04.43:579][  0]LogOcInput: OculusInput is initialized
[2019.06.21-18.04.43:635][  0]LogAssetRegistry: Asset discovery search completed in 7.3631 seconds
[2019.06.21-18.04.43:637][  0]LogCollectionManager: Rebuilt the object cache for 0 collections in 0.000000 seconds (found 0 objects)
[2019.06.21-18.04.43:637][  0]LogCollectionManager: Fixed up redirectors for 0 collections in 0.000110 seconds (updated 0 objects)
[2019.06.21-18.04.43:643][  0]LogContentStreaming: Texture pool size now 1000 MB
[2019.06.21-18.06.00:893][954]LogSlate: FSceneViewport::OnFocusLost() reason 2
[2019.06.21-18.06.02:001][ 86]LogTemp: Repeating last play command: VR Preview
[2019.06.21-18.06.02:016][ 86]LogBlueprintUserMessages: Early PlayInEditor Detection: Level '/Game/FirstPersonCPP/Maps/FirstPersonExampleMap.FirstPersonExampleMap:PersistentLevel' has LevelScriptBlueprint '/Game/FirstPersonCPP/Maps/FirstPersonExampleMap.FirstPersonExampleMap:PersistentLevel.FirstPersonExampleMap' with GeneratedClass '/Game/FirstPersonCPP/Maps/FirstPersonExampleMap.FirstPersonExampleMap_C' with ClassGeneratedBy '/Game/FirstPersonCPP/Maps/FirstPersonExampleMap.FirstPersonExampleMap:PersistentLevel.FirstPersonExampleMap'
[2019.06.21-18.06.02:016][ 86]LogPlayLevel: PlayLevel: No blueprints needed recompiling
[2019.06.21-18.06.02:017][ 86]LogHMD: Initializing OVRPlugin session
[2019.06.21-18.06.02:098][ 86]PIE: New page: PIE session: FirstPersonExampleMap (21.06.2019 22:06:02)
[2019.06.21-18.06.02:111][ 86]LogPlayLevel: Creating play world package: /Game/FirstPersonCPP/Maps/UEDPIE_0_FirstPersonExampleMap
[2019.06.21-18.06.02:123][ 86]LogPlayLevel: PIE: StaticDuplicateObject took: (0.011616s)
[2019.06.21-18.06.02:123][ 86]LogAIModule: Creating AISystem for world FirstPersonExampleMap
[2019.06.21-18.06.02:124][ 86]LogPlayLevel: PIE: World Init took: (0.000629s)
[2019.06.21-18.06.02:124][ 86]LogPlayLevel: PIE: Created PIE world by copying editor world from /Game/FirstPersonCPP/Maps/FirstPersonExampleMap.FirstPersonExampleMap to /Game/FirstPersonCPP/Maps/UEDPIE_0_FirstPersonExampleMap.FirstPersonExampleMap (0.012740s)
[2019.06.21-18.06.02:144][ 86]LogUObjectHash: Compacting FUObjectHashTables data took   1.03ms
[2019.06.21-18.06.02:162][ 86]LogInit: XAudio2 using 'Headphones (Rift Audio)' : 2 channels at 48 kHz using 16 bits per sample (channel mask 0x3)
[2019.06.21-18.06.02:172][ 86]LogInit: FAudioDevice initialized.
[2019.06.21-18.06.02:175][ 86]LogSlate: FSceneViewport::OnFocusLost() reason 2
[2019.06.21-18.06.02:177][ 86]LogSlate: Updating window title bar state: overlay mode, drag disabled, window buttons hidden, title bar hidden
[2019.06.21-18.06.02:215][ 86]LogHMD: Allocating Oculus 2688 x 1600 rendertarget swapchain
[2019.06.21-18.06.02:255][ 86]LogLoad: Game class is 'CPP_PointCloudsVR_22GameMode'
[2019.06.21-18.06.02:256][ 86]LogWorld: Bringing World /Game/FirstPersonCPP/Maps/UEDPIE_0_FirstPersonExampleMap.FirstPersonExampleMap up for play (max tick rate 0) at 2019.06.21-20.06.02
[2019.06.21-18.06.02:257][ 86]LogWorld: Bringing up level for play took: 0.000853
[2019.06.21-18.06.02:274][ 86]LogContentBrowser: Native class hierarchy updated for 'MovieSceneCapture' in 0.0003 seconds. Added 20 classes and 0 folders.
[2019.06.21-18.06.02:274][ 86]LogSlate: New Slate User Created.  User Index 8, Is Virtual User: 1
[2019.06.21-18.06.02:275][ 86]LogSlate: Slate User Registered.  User Index 8, Is Virtual User: 1
[2019.06.21-18.06.02:281][ 86]PIE: Play in editor start time for /Game/FirstPersonCPP/Maps/UEDPIE_0_FirstPersonExampleMap 1,179
[2019.06.21-18.06.02:281][ 86]LogBlueprintUserMessages: Late PlayInEditor Detection: Level '/Game/FirstPersonCPP/Maps/FirstPersonExampleMap.FirstPersonExampleMap:PersistentLevel' has LevelScriptBlueprint '/Game/FirstPersonCPP/Maps/FirstPersonExampleMap.FirstPersonExampleMap:PersistentLevel.FirstPersonExampleMap' with GeneratedClass '/Game/FirstPersonCPP/Maps/FirstPersonExampleMap.FirstPersonExampleMap_C' with ClassGeneratedBy '/Game/FirstPersonCPP/Maps/FirstPersonExampleMap.FirstPersonExampleMap:PersistentLevel.FirstPersonExampleMap'
[2019.06.21-18.06.02:282][ 86]LogEngine: Changing dynamic resolution state.
[2019.06.21-18.06.02:303][ 86]LogRenderer: Reallocating scene render targets to support 2688x1600 Format 10 NumSamples 1 (Frame:1).
[2019.06.21-18.06.02:303][ 86]LogHMD: Allocating Oculus 2688 x 1600 depth rendertarget swapchain
[2019.06.21-18.06.02:331][ 88]LogProfilingDebugging: Allocated a 1024 x 1024 texture for HMD canvas layer
[2019.06.21-18.06.11:904][698]LogScript: Warning: Accessed None trying to read property NewPointCloud
	BPA_Collider_C /Game/FirstPersonCPP/Maps/UEDPIE_0_FirstPersonExampleMap.FirstPersonExampleMap:PersistentLevel.BPA_Collider_3
	Function /Game/Collider/BPA_Collider.BPA_Collider_C:LoadPointCloud:0012
[2019.06.21-18.06.11:905][698]PIE: Error: Blueprint Runtime Error: "Accessed None trying to read property NewPointCloud". Blueprint:  BPA_Collider Function:  Load Point Cloud Graph:  LoadPointCloud Node:  BP Reset Variables
[2019.06.21-18.06.12:094][698]LogTemp: Warning: [LOD4] Cells: 1, MinPoints: 6251, MaxPoints: 6251, TotalPoints: 6251
[2019.06.21-18.06.12:094][698]LogTemp: Warning: [LOD3] Cells: 8, MinPoints: 1544, MaxPoints: 1585, TotalPoints: 12504
[2019.06.21-18.06.12:095][698]LogTemp: Warning: [LOD2] Cells: 64, MinPoints: 373, MaxPoints: 414, TotalPoints: 25029
[2019.06.21-18.06.12:095][698]LogTemp: Warning: [LOD1] Cells: 512, MinPoints: 79, MaxPoints: 120, TotalPoints: 50130
[2019.06.21-18.06.12:095][698]LogTemp: Warning: [LOD0] Cells: 4096, MinPoints: 13, MaxPoints: 41, TotalPoints: 12426
[2019.06.21-18.06.29:658][489]LogBlueprintUserMessages: [WBP_SelectionController] Start new Selection
[2019.06.21-18.06.31:326][562]LogTemp: Warning: [LOD4] Cells: 1, MinPoints: 6251, MaxPoints: 6251, TotalPoints: 6251
[2019.06.21-18.06.31:326][562]LogTemp: Warning: [LOD3] Cells: 8, MinPoints: 1544, MaxPoints: 1585, TotalPoints: 12504
[2019.06.21-18.06.31:326][562]LogTemp: Warning: [LOD2] Cells: 64, MinPoints: 373, MaxPoints: 414, TotalPoints: 25029
[2019.06.21-18.06.31:326][562]LogTemp: Warning: [LOD1] Cells: 512, MinPoints: 79, MaxPoints: 120, TotalPoints: 50130
[2019.06.21-18.06.31:327][562]LogTemp: Warning: [LOD0] Cells: 4096, MinPoints: 13, MaxPoints: 41, TotalPoints: 12426
[2019.06.21-18.06.50:146][406]LogTemp: Warning: [LOD4] Cells: 1, MinPoints: 6251, MaxPoints: 6251, TotalPoints: 6251
[2019.06.21-18.06.50:146][406]LogTemp: Warning: [LOD3] Cells: 8, MinPoints: 1544, MaxPoints: 1585, TotalPoints: 12504
[2019.06.21-18.06.50:146][406]LogTemp: Warning: [LOD2] Cells: 64, MinPoints: 373, MaxPoints: 414, TotalPoints: 25029
[2019.06.21-18.06.50:146][406]LogTemp: Warning: [LOD1] Cells: 512, MinPoints: 79, MaxPoints: 120, TotalPoints: 50130
[2019.06.21-18.06.50:146][406]LogTemp: Warning: [LOD0] Cells: 4096, MinPoints: 13, MaxPoints: 41, TotalPoints: 12426
[2019.06.21-18.07.10:634][327]LogTemp: Warning: [LOD4] Cells: 1, MinPoints: 6251, MaxPoints: 6251, TotalPoints: 6251
[2019.06.21-18.07.10:634][327]LogTemp: Warning: [LOD3] Cells: 8, MinPoints: 1544, MaxPoints: 1585, TotalPoints: 12504
[2019.06.21-18.07.10:634][327]LogTemp: Warning: [LOD2] Cells: 64, MinPoints: 373, MaxPoints: 414, TotalPoints: 25029
[2019.06.21-18.07.10:634][327]LogTemp: Warning: [LOD1] Cells: 512, MinPoints: 79, MaxPoints: 120, TotalPoints: 50130
[2019.06.21-18.07.10:634][327]LogTemp: Warning: [LOD0] Cells: 4096, MinPoints: 13, MaxPoints: 41, TotalPoints: 12426
[2019.06.21-18.07.25:031][973]LogTemp: Warning: [LOD4] Cells: 1, MinPoints: 6251, MaxPoints: 6251, TotalPoints: 6251
[2019.06.21-18.07.25:032][973]LogTemp: Warning: [LOD3] Cells: 8, MinPoints: 1544, MaxPoints: 1585, TotalPoints: 12504
[2019.06.21-18.07.25:032][973]LogTemp: Warning: [LOD2] Cells: 64, MinPoints: 373, MaxPoints: 414, TotalPoints: 25029
[2019.06.21-18.07.25:032][973]LogTemp: Warning: [LOD1] Cells: 512, MinPoints: 79, MaxPoints: 120, TotalPoints: 50130
[2019.06.21-18.07.25:032][973]LogTemp: Warning: [LOD0] Cells: 4096, MinPoints: 13, MaxPoints: 41, TotalPoints: 12426
[2019.06.21-18.07.38:839][592]LogTemp: Warning: [LOD4] Cells: 1, MinPoints: 6251, MaxPoints: 6251, TotalPoints: 6251
[2019.06.21-18.07.38:839][592]LogTemp: Warning: [LOD3] Cells: 8, MinPoints: 1544, MaxPoints: 1585, TotalPoints: 12504
[2019.06.21-18.07.38:839][592]LogTemp: Warning: [LOD2] Cells: 64, MinPoints: 373, MaxPoints: 414, TotalPoints: 25029
[2019.06.21-18.07.38:840][592]LogTemp: Warning: [LOD1] Cells: 512, MinPoints: 79, MaxPoints: 120, TotalPoints: 50130
[2019.06.21-18.07.38:840][592]LogTemp: Warning: [LOD0] Cells: 4096, MinPoints: 13, MaxPoints: 41, TotalPoints: 12426
[2019.06.21-18.08.10:335][  7]LogBlueprintUserMessages: Early EndPlayMap Detection: Level '/Game/FirstPersonCPP/Maps/FirstPersonExampleMap.FirstPersonExampleMap:PersistentLevel' has LevelScriptBlueprint '/Game/FirstPersonCPP/Maps/FirstPersonExampleMap.FirstPersonExampleMap:PersistentLevel.FirstPersonExampleMap' with GeneratedClass '/Game/FirstPersonCPP/Maps/FirstPersonExampleMap.FirstPersonExampleMap_C' with ClassGeneratedBy '/Game/FirstPersonCPP/Maps/FirstPersonExampleMap.FirstPersonExampleMap:PersistentLevel.FirstPersonExampleMap'
[2019.06.21-18.08.10:413][  7]LogSlate: Updating window title bar state: overlay mode, drag disabled, window buttons hidden, title bar hidden
[2019.06.21-18.08.10:448][  7]LogSlate: Window 'CPP_PointCloudsVR_22 Game Preview Standalone (64-bit/PCD3D_SM5)' being destroyed
[2019.06.21-18.08.10:487][  7]LogPlayLevel: Display: Shutting down PIE online subsystems
[2019.06.21-18.08.10:488][  7]LogBlueprintUserMessages: Late EndPlayMap Detection: Level '/Game/FirstPersonCPP/Maps/FirstPersonExampleMap.FirstPersonExampleMap:PersistentLevel' has LevelScriptBlueprint '/Game/FirstPersonCPP/Maps/FirstPersonExampleMap.FirstPersonExampleMap:PersistentLevel.FirstPersonExampleMap' with GeneratedClass '/Game/FirstPersonCPP/Maps/FirstPersonExampleMap.FirstPersonExampleMap_C' with ClassGeneratedBy '/Game/FirstPersonCPP/Maps/FirstPersonExampleMap.FirstPersonExampleMap:PersistentLevel.FirstPersonExampleMap'
[2019.06.21-18.08.10:519][  7]LogSlate: Slate User Unregistered.  User Index 8
[2019.06.21-18.08.10:519][  7]LogSlate: Slate User Destroyed.  User Index 8, Is Virtual User: 1
[2019.06.21-18.08.10:521][  7]LogUObjectHash: Compacting FUObjectHashTables data took   1.47ms
[2019.06.21-18.08.10:527][  7]LogSlate: FSceneViewport::OnFocusLost() reason 2
[2019.06.21-18.08.10:554][  8]LogPlayLevel: Display: Destroying online subsystem :Context_3
[2019.06.21-18.08.10:554][  8]LogEngine: Changing dynamic resolution state.
[2019.06.21-18.08.13:267][330]LogSlate: Window 'Message Log' being destroyed
[2019.06.21-18.08.13:271][330]LogSlate: Window 'Message Log' being destroyed
[2019.06.21-18.10.27:567][323]LogSlate: FSceneViewport::OnFocusLost() reason 0
[2019.06.21-18.10.27:721][329]LogSlate: Took 0.000166 seconds to synchronously load lazily loaded font '../../../Engine/Content/Slate/Fonts/Roboto-Light.ttf' (167K)
[2019.06.21-18.10.27:729][329]LogAssetEditorManager: Opening Asset editor for Blueprint /Game/Collider/BPA_Collider.BPA_Collider
[2019.06.21-18.10.27:913][329]LogContentBrowser: Native class hierarchy updated for 'BlueprintGraph' in 0.0006 seconds. Added 121 classes and 0 folders.
[2019.06.21-18.10.28:628][329]LogSlate: Took 0.000144 seconds to synchronously load lazily loaded font '../../../Engine/Content/Slate/Fonts/Roboto-BoldCondensed.ttf' (158K)
[2019.06.21-18.10.28:944][330]LogSlate: Took 0.000158 seconds to synchronously load lazily loaded font '../../../Engine/Content/Slate/Fonts/Roboto-Italic.ttf' (157K)
[2019.06.21-18.16.52:362][862]LogUObjectHash: Compacting FUObjectHashTables data took   3.15ms
[2019.06.21-18.16.52:375][862]LogFileHelpers: Editor autosave (incl. sublevels) for '/Game/FirstPersonCPP/Maps/FirstPersonExampleMap' took 0.086
[2019.06.21-18.16.52:378][862]OBJ SavePackage: Generating thumbnails for [1] asset(s) in package [/Game/Collider/BPA_Collider] ([1] browsable assets)...
[2019.06.21-18.16.52:393][862]OBJ SavePackage:     Rendered thumbnail for [Blueprint /Game/Collider/BPA_Collider.BPA_Collider]
[2019.06.21-18.16.52:395][862]OBJ SavePackage: Finished generating thumbnails for package [/Game/Collider/BPA_Collider]
[2019.06.21-18.16.52:638][862]LogSavePackage: Moving '../../../../../../M2Rep/PointCloudsVR/CPP_PointCloudsVR_22/Saved/BPA_Collider_Auto19827FC114656B4B2E64AF7808CAE1AAC.tmp' to '../../../../../../M2Rep/PointCloudsVR/CPP_PointCloudsVR_22/Saved/Autosaves/Game/Collider/BPA_Collider_Auto1.uasset'
[2019.06.21-18.16.52:639][862]LogFileHelpers: Auto-saving content packages took 0.262
