Log file open, 05/27/19 20:33:11
LogWindows: Failed to load 'aqProf.dll' (GetLastError=126)
LogWindows: File 'aqProf.dll' does not exist
LogWindows: Failed to load 'VtuneApi.dll' (GetLastError=126)
LogWindows: File 'VtuneApi.dll' does not exist
LogWindows: Failed to load 'VtuneApi32e.dll' (GetLastError=126)
LogWindows: File 'VtuneApi32e.dll' does not exist
LogConsoleResponse: Display: Failed to find resolution value strings in scalability ini. Falling back to default.
LogInit: Display: Running engine for game: CPP_PointCloudsVR_22
LogPakFile: Registered encryption key '00000000000000000000000000000000': 0 pak files mounted, 0 remain pending
LogPlatformFile: Not using cached read wrapper
LogTaskGraph: Started task graph with 5 named threads and 23 total threads with 3 sets of task threads.
LogStats: Stats thread started at 0.407809
LogD3D11RHI: Loaded GFSDK_Aftermath_Lib.x64.dll
LogICUInternationalization: ICU TimeZone Detection - Raw Offset: +1:00, Platform Override: ''
LogPluginManager: Mounting plugin Paper2D
LogPluginManager: Mounting plugin AISupport
LogPluginManager: Mounting plugin LightPropagationVolume
LogPluginManager: Mounting plugin ActorLayerUtilities
LogPluginManager: Mounting plugin AnimationSharing
LogPluginManager: Mounting plugin CLionSourceCodeAccess
LogPluginManager: Mounting plugin CodeLiteSourceCodeAccess
LogPluginManager: Mounting plugin GitSourceControl
LogPluginManager: Mounting plugin KDevelopSourceCodeAccess
LogPluginManager: Mounting plugin NullSourceCodeAccess
LogPluginManager: Mounting plugin PerforceSourceControl
LogPluginManager: Mounting plugin SubversionSourceControl
LogPluginManager: Mounting plugin UObjectPlugin
LogPluginManager: Mounting plugin VisualStudioCodeSourceCodeAccess
LogPluginManager: Mounting plugin VisualStudioSourceCodeAccess
LogPluginManager: Mounting plugin XCodeSourceCodeAccess
LogPluginManager: Mounting plugin AssetManagerEditor
LogPluginManager: Mounting plugin CryptoKeys
LogPluginManager: Mounting plugin DataValidation
LogPluginManager: Mounting plugin EditorScriptingUtilities
LogPluginManager: Mounting plugin FacialAnimation
LogPluginManager: Mounting plugin GameplayTagsEditor
LogPluginManager: Mounting plugin GLTFImporter
LogPluginManager: Mounting plugin MacGraphicsSwitching
LogPluginManager: Mounting plugin MaterialAnalyzer
LogPluginManager: Mounting plugin MeshEditor
LogPluginManager: Mounting plugin MobileLauncherProfileWizard
LogPluginManager: Mounting plugin PluginBrowser
LogPluginManager: Mounting plugin SpeedTreeImporter
LogPluginManager: Mounting plugin DatasmithContent
LogPluginManager: Mounting plugin VariantManagerContent
LogPluginManager: Mounting plugin AlembicImporter
LogPluginManager: Mounting plugin AppleImageUtils
LogPluginManager: Mounting plugin AppleVision
LogPluginManager: Mounting plugin BackChannel
LogPluginManager: Mounting plugin BlastPlugin
LogPluginManager: Mounting plugin ChaosSolverPlugin
LogPluginManager: Mounting plugin CharacterAI
LogPluginManager: Mounting plugin GeometryCache
LogPluginManager: Mounting plugin GeometryCollectionPlugin
LogPluginManager: Mounting plugin HTML5Networking
LogPluginManager: Mounting plugin ProxyLODPlugin
LogPluginManager: Mounting plugin SkeletalReduction
LogPluginManager: Mounting plugin MagicLeap
LogPluginManager: Mounting plugin MagicLeapMedia
LogPluginManager: Mounting plugin AndroidMedia
LogPluginManager: Mounting plugin AvfMedia
LogPluginManager: Mounting plugin ImgMedia
LogPluginManager: Mounting plugin LinearTimecode
LogPluginManager: Mounting plugin MediaCompositing
LogPluginManager: Mounting plugin MediaPlayerEditor
LogPluginManager: Mounting plugin WebMMedia
LogPluginManager: Mounting plugin WmfMedia
LogPluginManager: Mounting plugin TcpMessaging
LogPluginManager: Mounting plugin UdpMessaging
LogPluginManager: Mounting plugin ActorSequence
LogPluginManager: Mounting plugin LevelSequenceEditor
LogPluginManager: Mounting plugin MatineeToLevelSequence
LogPluginManager: Mounting plugin NetcodeUnitTest
LogPluginManager: Mounting plugin NUTUnrealEngine4
LogPluginManager: Mounting plugin OnlineSubsystemGooglePlay
LogPluginManager: Mounting plugin OnlineSubsystemIOS
LogPluginManager: Mounting plugin OnlineSubsystem
LogPluginManager: Mounting plugin OnlineSubsystemNull
LogPluginManager: Mounting plugin OnlineSubsystemUtils
LogPluginManager: Mounting plugin LauncherChunkInstaller
LogPluginManager: Mounting plugin AndroidDeviceProfileSelector
LogPluginManager: Mounting plugin AndroidMoviePlayer
LogPluginManager: Mounting plugin AndroidPermission
LogPluginManager: Mounting plugin AppleMoviePlayer
LogPluginManager: Mounting plugin ArchVisCharacter
LogPluginManager: Mounting plugin AudioCapture
LogPluginManager: Mounting plugin CableComponent
LogPluginManager: Mounting plugin CustomMeshComponent
LogPluginManager: Mounting plugin EditableMesh
LogPluginManager: Mounting plugin ExampleDeviceProfileSelector
LogPluginManager: Mounting plugin Firebase
LogPluginManager: Mounting plugin GoogleCloudMessaging
LogPluginManager: Mounting plugin IOSDeviceProfileSelector
LogPluginManager: Mounting plugin LinuxDeviceProfileSelector
LogPluginManager: Mounting plugin LocationServicesBPLibrary
LogPluginManager: Mounting plugin MobilePatchingUtils
LogPluginManager: Mounting plugin OculusVR
LogPluginManager: Mounting plugin PhysXVehicles
LogPluginManager: Mounting plugin ProceduralMeshComponent
LogPluginManager: Mounting plugin RuntimePhysXCooking
LogPluginManager: Mounting plugin SignificanceManager
LogPluginManager: Mounting plugin SteamVR
LogPluginManager: Mounting plugin WebMMoviePlayer
LogPluginManager: Mounting plugin WindowsMoviePlayer
LogPluginManager: Mounting plugin PointCloudPlugin
LogPluginManager: Mounting plugin DatasmithCADImporter
LogPluginManager: Mounting plugin DatasmithDataPrepEditor
LogPluginManager: Mounting plugin DatasmithFBXImporter
LogPluginManager: Mounting plugin DatasmithGLTFImporter
LogPluginManager: Mounting plugin DatasmithImporter
LogPluginManager: Mounting plugin MDLImporter
LogPluginManager: Mounting plugin StaticMeshEditorExtension
LogPluginManager: Mounting plugin VariantManager
LogInit: Using libcurl 7.55.1-DEV
LogInit:  - built for x86_64-pc-win32
LogInit:  - supports SSL with OpenSSL/1.1.1
LogInit:  - supports HTTP deflate (compression) using libz 1.2.8
LogInit:  - other features:
LogInit:      CURL_VERSION_SSL
LogInit:      CURL_VERSION_LIBZ
LogInit:      CURL_VERSION_IPV6
LogInit:      CURL_VERSION_ASYNCHDNS
LogInit:      CURL_VERSION_LARGEFILE
LogInit:      CURL_VERSION_IDN
LogInit:  CurlRequestOptions (configurable via config and command line):
LogInit:  - bVerifyPeer = true  - Libcurl will verify peer certificate
LogInit:  - bUseHttpProxy = false  - Libcurl will NOT use HTTP proxy
LogInit:  - bDontReuseConnections = false  - Libcurl will reuse connections
LogInit:  - MaxHostConnections = 16  - Libcurl will limit the number of connections to a host
LogInit:  - LocalHostAddr = Default
LogInit:  - BufferSize = 65536
LogInit: WinSock: version 1.1 (2.2), MaxSocks=32767, MaxUdp=65467
LogInit: Build: ++UE4+Release-4.22-CL-6063286
LogInit: Engine Version: 4.22.1-6063286+++UE4+Release-4.22
LogInit: Compatible Engine Version: 4.22.0-5660361+++UE4+Release-4.22
LogInit: Net CL: 5660361
LogInit: OS: Windows 10 (Release 1809) (), CPU: Intel(R) Core(TM) i7-6700HQ CPU @ 2.60GHz, GPU: Intel(R) HD Graphics 530
LogInit: Compiled (64-bit): Apr 24 2019 04:36:48
LogInit: Compiled with Visual C++: 19.16.27025.01
LogInit: Build Configuration: Development
LogInit: Branch Name: ++UE4+Release-4.22
LogInit: Command Line:  -skipcompile
LogInit: Base Directory: C:/Program Files/Epic Games/UE_4.22/Engine/Binaries/Win64/
LogInit: Installed Engine Build: 1
LogDevObjectVersion: Number of dev versions registered: 23
LogDevObjectVersion:   Dev-Blueprints (B0D832E4-1F89-4F0D-ACCF-7EB736FD4AA2): 10
LogDevObjectVersion:   Dev-Build (E1C64328-A22C-4D53-A36C-8E866417BD8C): 0
LogDevObjectVersion:   Dev-Core (375EC13C-06E4-48FB-B500-84F0262A717E): 3
LogDevObjectVersion:   Dev-Editor (E4B068ED-F494-42E9-A231-DA0B2E46BB41): 30
LogDevObjectVersion:   Dev-Framework (CFFC743F-43B0-4480-9391-14DF171D2073): 35
LogDevObjectVersion:   Dev-Mobile (B02B49B5-BB20-44E9-A304-32B752E40360): 2
LogDevObjectVersion:   Dev-Networking (A4E4105C-59A1-49B5-A7C5-40C4547EDFEE): 0
LogDevObjectVersion:   Dev-Online (39C831C9-5AE6-47DC-9A44-9C173E1C8E7C): 0
LogDevObjectVersion:   Dev-Physics (78F01B33-EBEA-4F98-B9B4-84EACCB95AA2): 0
LogDevObjectVersion:   Dev-Platform (6631380F-2D4D-43E0-8009-CF276956A95A): 0
LogDevObjectVersion:   Dev-Rendering (12F88B9F-8875-4AFC-A67C-D90C383ABD29): 28
LogDevObjectVersion:   Dev-Sequencer (7B5AE74C-D270-4C10-A958-57980B212A5A): 11
LogDevObjectVersion:   Dev-VR (D7296918-1DD6-4BDD-9DE2-64A83CC13884): 2
LogDevObjectVersion:   Dev-LoadTimes (C2A15278-BFE7-4AFE-6C17-90FF531DF755): 1
LogDevObjectVersion:   Private-Geometry (6EACA3D4-40EC-4CC1-B786-8BED09428FC5): 3
LogDevObjectVersion:   Dev-AnimPhys (29E575DD-E0A3-4627-9D10-D276232CDCEA): 17
LogDevObjectVersion:   Dev-Anim (AF43A65D-7FD3-4947-9873-3E8ED9C1BB05): 2
LogDevObjectVersion:   Dev-ReflectionCapture (6B266CEC-1EC7-4B8F-A30B-E4D90942FC07): 1
LogDevObjectVersion:   Dev-Automation (0DF73D61-A23F-47EA-B727-89E90C41499A): 1
LogDevObjectVersion:   FortniteMain (601D1886-AC64-4F84-AA16-D3DE0DEAC7D6): 25
LogDevObjectVersion:   Dev-Enterprise (9DFFBCD6-494F-0158-E221-12823C92A888): 6
LogDevObjectVersion:   Dev-Niagara (F2AED0AC-9AFE-416F-8664-AA7FFA26D6FC): 1
LogDevObjectVersion:   Dev-Destruction (174F1F0B-B4C6-45A5-B13F-2EE8D0FB917D): 2
LogInit: Presizing for max 16777216 objects, including 0 objects not considered by GC, pre-allocating 0 bytes for permanent pool.
LogInit: Object subsystem initialized
LogConfig: Setting CVar [[con.DebugEarlyDefault:1]]
LogConfig: Setting CVar [[r.setres:1280x720]]
[2019.05.27-18.33.12:526][  0]LogConfig: Setting CVar [[r.VSync:0]]
[2019.05.27-18.33.12:526][  0]LogConfig: Setting CVar [[r.RHICmdBypass:0]]
[2019.05.27-18.33.12:526][  0]LogConfig: Applying CVar settings from Section [/Script/Engine.RendererSettings] File [E:/Luk/Dokumente/GitHub/PointCloudsVR/CPP_PointCloudsVR_22/Saved/Config/Windows/Engine.ini]
[2019.05.27-18.33.12:526][  0]LogConfig: Setting CVar [[r.GPUCrashDebugging:0]]
[2019.05.27-18.33.12:526][  0]LogConfig: Applying CVar settings from Section [/Script/Engine.RendererOverrideSettings] File [E:/Luk/Dokumente/GitHub/PointCloudsVR/CPP_PointCloudsVR_22/Saved/Config/Windows/Engine.ini]
[2019.05.27-18.33.12:527][  0]LogConfig: Applying CVar settings from Section [/Script/Engine.StreamingSettings] File [E:/Luk/Dokumente/GitHub/PointCloudsVR/CPP_PointCloudsVR_22/Saved/Config/Windows/Engine.ini]
[2019.05.27-18.33.12:527][  0]LogConfig: Setting CVar [[s.MinBulkDataSizeForAsyncLoading:131072]]
[2019.05.27-18.33.12:527][  0]LogConfig: Setting CVar [[s.AsyncLoadingThreadEnabled:0]]
[2019.05.27-18.33.12:527][  0]LogConfig: Setting CVar [[s.EventDrivenLoaderEnabled:1]]
[2019.05.27-18.33.12:527][  0]LogConfig: Setting CVar [[s.WarnIfTimeLimitExceeded:0]]
[2019.05.27-18.33.12:527][  0]LogConfig: Setting CVar [[s.TimeLimitExceededMultiplier:1.5]]
[2019.05.27-18.33.12:527][  0]LogConfig: Setting CVar [[s.TimeLimitExceededMinTime:0.005]]
[2019.05.27-18.33.12:527][  0]LogConfig: Setting CVar [[s.UseBackgroundLevelStreaming:1]]
[2019.05.27-18.33.12:527][  0]LogConfig: Setting CVar [[s.PriorityAsyncLoadingExtraTime:15.0]]
[2019.05.27-18.33.12:527][  0]LogConfig: Setting CVar [[s.LevelStreamingActorsUpdateTimeLimit:5.0]]
[2019.05.27-18.33.12:527][  0]LogConfig: Setting CVar [[s.PriorityLevelStreamingActorsUpdateExtraTime:5.0]]
[2019.05.27-18.33.12:527][  0]LogConfig: Setting CVar [[s.LevelStreamingComponentsRegistrationGranularity:10]]
[2019.05.27-18.33.12:527][  0]LogConfig: Setting CVar [[s.UnregisterComponentsTimeLimit:1.0]]
[2019.05.27-18.33.12:527][  0]LogConfig: Setting CVar [[s.LevelStreamingComponentsUnregistrationGranularity:5]]
[2019.05.27-18.33.12:527][  0]LogConfig: Applying CVar settings from Section [/Script/Engine.GarbageCollectionSettings] File [E:/Luk/Dokumente/GitHub/PointCloudsVR/CPP_PointCloudsVR_22/Saved/Config/Windows/Engine.ini]
[2019.05.27-18.33.12:528][  0]LogConfig: Setting CVar [[gc.MaxObjectsNotConsideredByGC:1]]
[2019.05.27-18.33.12:528][  0]LogConfig: Setting CVar [[gc.SizeOfPermanentObjectPool:0]]
[2019.05.27-18.33.12:528][  0]LogConfig: Setting CVar [[gc.FlushStreamingOnGC:0]]
[2019.05.27-18.33.12:528][  0]LogConfig: Setting CVar [[gc.NumRetriesBeforeForcingGC:10]]
[2019.05.27-18.33.12:528][  0]LogConfig: Setting CVar [[gc.AllowParallelGC:1]]
[2019.05.27-18.33.12:528][  0]LogConfig: Setting CVar [[gc.TimeBetweenPurgingPendingKillObjects:61.1]]
[2019.05.27-18.33.12:528][  0]LogConfig: Setting CVar [[gc.MaxObjectsInEditor:16777216]]
[2019.05.27-18.33.12:528][  0]LogConfig: Setting CVar [[gc.IncrementalBeginDestroyEnabled:1]]
[2019.05.27-18.33.12:528][  0]LogConfig: Setting CVar [[gc.CreateGCClusters:1]]
[2019.05.27-18.33.12:528][  0]LogConfig: Setting CVar [[gc.MinGCClusterSize:5]]
[2019.05.27-18.33.12:528][  0]LogConfig: Setting CVar [[gc.ActorClusteringEnabled:0]]
[2019.05.27-18.33.12:528][  0]LogConfig: Setting CVar [[gc.BlueprintClusteringEnabled:0]]
[2019.05.27-18.33.12:528][  0]LogConfig: Setting CVar [[gc.UseDisregardForGCOnDedicatedServers:0]]
[2019.05.27-18.33.12:528][  0]LogConfig: Applying CVar settings from Section [/Script/Engine.NetworkSettings] File [E:/Luk/Dokumente/GitHub/PointCloudsVR/CPP_PointCloudsVR_22/Saved/Config/Windows/Engine.ini]
[2019.05.27-18.33.12:529][  0]LogConfig: Applying CVar settings from Section [/Script/UnrealEd.CookerSettings] File [E:/Luk/Dokumente/GitHub/PointCloudsVR/CPP_PointCloudsVR_22/Saved/Config/Windows/Engine.ini]
[2019.05.27-18.33.12:542][  0]LogConfig: Applying CVar settings from Section [ViewDistanceQuality@3] File [E:/Luk/Dokumente/GitHub/PointCloudsVR/CPP_PointCloudsVR_22/Saved/Config/Windows/Scalability.ini]
[2019.05.27-18.33.12:542][  0]LogConfig: Setting CVar [[r.SkeletalMeshLODBias:0]]
[2019.05.27-18.33.12:542][  0]LogConfig: Setting CVar [[r.ViewDistanceScale:1.0]]
[2019.05.27-18.33.12:542][  0]LogConfig: Applying CVar settings from Section [AntiAliasingQuality@3] File [E:/Luk/Dokumente/GitHub/PointCloudsVR/CPP_PointCloudsVR_22/Saved/Config/Windows/Scalability.ini]
[2019.05.27-18.33.12:542][  0]LogConfig: Setting CVar [[r.PostProcessAAQuality:4]]
[2019.05.27-18.33.12:542][  0]LogConfig: Applying CVar settings from Section [ShadowQuality@3] File [E:/Luk/Dokumente/GitHub/PointCloudsVR/CPP_PointCloudsVR_22/Saved/Config/Windows/Scalability.ini]
[2019.05.27-18.33.12:542][  0]LogConfig: Setting CVar [[r.LightFunctionQuality:1]]
[2019.05.27-18.33.12:543][  0]LogConfig: Setting CVar [[r.ShadowQuality:5]]
[2019.05.27-18.33.12:543][  0]LogConfig: Setting CVar [[r.Shadow.CSM.MaxCascades:10]]
[2019.05.27-18.33.12:543][  0]LogConfig: Setting CVar [[r.Shadow.MaxResolution:2048]]
[2019.05.27-18.33.12:543][  0]LogConfig: Setting CVar [[r.Shadow.MaxCSMResolution:2048]]
[2019.05.27-18.33.12:543][  0]LogConfig: Setting CVar [[r.Shadow.RadiusThreshold:0.01]]
[2019.05.27-18.33.12:543][  0]LogConfig: Setting CVar [[r.Shadow.DistanceScale:1.0]]
[2019.05.27-18.33.12:543][  0]LogConfig: Setting CVar [[r.Shadow.CSM.TransitionScale:1.0]]
[2019.05.27-18.33.12:543][  0]LogConfig: Setting CVar [[r.Shadow.PreShadowResolutionFactor:1.0]]
[2019.05.27-18.33.12:543][  0]LogConfig: Setting CVar [[r.DistanceFieldShadowing:1]]
[2019.05.27-18.33.12:543][  0]LogConfig: Setting CVar [[r.DistanceFieldAO:1]]
[2019.05.27-18.33.12:543][  0]LogConfig: Setting CVar [[r.AOQuality:2]]
[2019.05.27-18.33.12:543][  0]LogConfig: Setting CVar [[r.VolumetricFog:1]]
[2019.05.27-18.33.12:543][  0]LogConfig: Setting CVar [[r.VolumetricFog.GridPixelSize:8]]
[2019.05.27-18.33.12:544][  0]LogConfig: Setting CVar [[r.VolumetricFog.GridSizeZ:128]]
[2019.05.27-18.33.12:544][  0]LogConfig: Setting CVar [[r.VolumetricFog.HistoryMissSupersampleCount:4]]
[2019.05.27-18.33.12:544][  0]LogConfig: Setting CVar [[r.LightMaxDrawDistanceScale:1]]
[2019.05.27-18.33.12:544][  0]LogConfig: Setting CVar [[r.CapsuleShadows:1]]
[2019.05.27-18.33.12:544][  0]LogConfig: Applying CVar settings from Section [PostProcessQuality@3] File [E:/Luk/Dokumente/GitHub/PointCloudsVR/CPP_PointCloudsVR_22/Saved/Config/Windows/Scalability.ini]
[2019.05.27-18.33.12:544][  0]LogConfig: Setting CVar [[r.MotionBlurQuality:4]]
[2019.05.27-18.33.12:544][  0]LogConfig: Setting CVar [[r.AmbientOcclusionMipLevelFactor:0.4]]
[2019.05.27-18.33.12:544][  0]LogConfig: Setting CVar [[r.AmbientOcclusionMaxQuality:100]]
[2019.05.27-18.33.12:544][  0]LogConfig: Setting CVar [[r.AmbientOcclusionLevels:-1]]
[2019.05.27-18.33.12:544][  0]LogConfig: Setting CVar [[r.AmbientOcclusionRadiusScale:1.0]]
[2019.05.27-18.33.12:544][  0]LogConfig: Setting CVar [[r.DepthOfFieldQuality:2]]
[2019.05.27-18.33.12:544][  0]LogConfig: Setting CVar [[r.RenderTargetPoolMin:400]]
[2019.05.27-18.33.12:544][  0]LogConfig: Setting CVar [[r.LensFlareQuality:2]]
[2019.05.27-18.33.12:545][  0]LogConfig: Setting CVar [[r.SceneColorFringeQuality:1]]
[2019.05.27-18.33.12:545][  0]LogConfig: Setting CVar [[r.EyeAdaptationQuality:2]]
[2019.05.27-18.33.12:545][  0]LogConfig: Setting CVar [[r.BloomQuality:5]]
[2019.05.27-18.33.12:545][  0]LogConfig: Setting CVar [[r.FastBlurThreshold:100]]
[2019.05.27-18.33.12:545][  0]LogConfig: Setting CVar [[r.Upscale.Quality:3]]
[2019.05.27-18.33.12:545][  0]LogConfig: Setting CVar [[r.Tonemapper.GrainQuantization:1]]
[2019.05.27-18.33.12:545][  0]LogConfig: Setting CVar [[r.LightShaftQuality:1]]
[2019.05.27-18.33.12:545][  0]LogConfig: Setting CVar [[r.Filter.SizeScale:1]]
[2019.05.27-18.33.12:545][  0]LogConfig: Setting CVar [[r.Tonemapper.Quality:5]]
[2019.05.27-18.33.12:545][  0]LogConfig: Setting CVar [[r.DOF.Gather.AccumulatorQuality:1        ; higher gathering accumulator quality]]
[2019.05.27-18.33.12:545][  0]LogConfig: Setting CVar [[r.DOF.Gather.PostfilterMethod:1          ; Median3x3 postfilering method]]
[2019.05.27-18.33.12:545][  0]LogConfig: Setting CVar [[r.DOF.Gather.EnableBokehSettings:0       ; no bokeh simulation when gathering]]
[2019.05.27-18.33.12:546][  0]LogConfig: Setting CVar [[r.DOF.Gather.RingCount:4                 ; medium number of samples when gathering]]
[2019.05.27-18.33.12:546][  0]LogConfig: Setting CVar [[r.DOF.Scatter.ForegroundCompositing:1    ; additive foreground scattering]]
[2019.05.27-18.33.12:546][  0]LogConfig: Setting CVar [[r.DOF.Scatter.BackgroundCompositing:2    ; additive background scattering]]
[2019.05.27-18.33.12:546][  0]LogConfig: Setting CVar [[r.DOF.Scatter.EnableBokehSettings:1      ; bokeh simulation when scattering]]
[2019.05.27-18.33.12:546][  0]LogConfig: Setting CVar [[r.DOF.Scatter.MaxSpriteRatio:0.1         ; only a maximum of 10% of scattered bokeh]]
[2019.05.27-18.33.12:546][  0]LogConfig: Setting CVar [[r.DOF.Recombine.Quality:1                ; cheap slight out of focus]]
[2019.05.27-18.33.12:546][  0]LogConfig: Setting CVar [[r.DOF.Recombine.EnableBokehSettings:0    ; no bokeh simulation on slight out of focus]]
[2019.05.27-18.33.12:546][  0]LogConfig: Setting CVar [[r.DOF.TemporalAAQuality:1                ; more stable temporal accumulation]]
[2019.05.27-18.33.12:546][  0]LogConfig: Setting CVar [[r.DOF.Kernel.MaxForegroundRadius:0.025]]
[2019.05.27-18.33.12:546][  0]LogConfig: Setting CVar [[r.DOF.Kernel.MaxBackgroundRadius:0.025]]
[2019.05.27-18.33.12:546][  0]LogConfig: Applying CVar settings from Section [TextureQuality@3] File [E:/Luk/Dokumente/GitHub/PointCloudsVR/CPP_PointCloudsVR_22/Saved/Config/Windows/Scalability.ini]
[2019.05.27-18.33.12:546][  0]LogConfig: Setting CVar [[r.Streaming.MipBias:0]]
[2019.05.27-18.33.12:547][  0]LogConfig: Setting CVar [[r.Streaming.AmortizeCPUToGPUCopy:0]]
[2019.05.27-18.33.12:547][  0]LogConfig: Setting CVar [[r.Streaming.MaxNumTexturesToStreamPerFrame:0]]
[2019.05.27-18.33.12:547][  0]LogConfig: Setting CVar [[r.Streaming.Boost:1]]
[2019.05.27-18.33.12:547][  0]LogConfig: Setting CVar [[r.MaxAnisotropy:8]]
[2019.05.27-18.33.12:547][  0]LogConfig: Setting CVar [[r.Streaming.LimitPoolSizeToVRAM:0]]
[2019.05.27-18.33.12:547][  0]LogConfig: Setting CVar [[r.Streaming.PoolSize:1000]]
[2019.05.27-18.33.12:547][  0]LogConfig: Setting CVar [[r.Streaming.MaxEffectiveScreenSize:0]]
[2019.05.27-18.33.12:548][  0]LogConfig: Applying CVar settings from Section [EffectsQuality@3] File [E:/Luk/Dokumente/GitHub/PointCloudsVR/CPP_PointCloudsVR_22/Saved/Config/Windows/Scalability.ini]
[2019.05.27-18.33.12:548][  0]LogConfig: Setting CVar [[r.TranslucencyLightingVolumeDim:64]]
[2019.05.27-18.33.12:548][  0]LogConfig: Setting CVar [[r.RefractionQuality:2]]
[2019.05.27-18.33.12:548][  0]LogConfig: Setting CVar [[r.SSR.Quality:3]]
[2019.05.27-18.33.12:548][  0]LogConfig: Setting CVar [[r.SceneColorFormat:4]]
[2019.05.27-18.33.12:548][  0]LogConfig: Setting CVar [[r.DetailMode:2]]
[2019.05.27-18.33.12:549][  0]LogConfig: Setting CVar [[r.TranslucencyVolumeBlur:1]]
[2019.05.27-18.33.12:549][  0]LogConfig: Setting CVar [[r.MaterialQualityLevel:1 ; High quality]]
[2019.05.27-18.33.12:549][  0]LogConfig: Setting CVar [[r.SSS.Scale:1]]
[2019.05.27-18.33.12:549][  0]LogConfig: Setting CVar [[r.SSS.SampleSet:2]]
[2019.05.27-18.33.12:550][  0]LogConfig: Setting CVar [[r.SSS.Quality:1]]
[2019.05.27-18.33.12:550][  0]LogConfig: Setting CVar [[r.SSS.HalfRes:1]]
[2019.05.27-18.33.12:550][  0]LogConfig: Setting CVar [[r.EmitterSpawnRateScale:1.0]]
[2019.05.27-18.33.12:550][  0]LogConfig: Setting CVar [[r.ParticleLightQuality:2]]
[2019.05.27-18.33.12:550][  0]LogConfig: Applying CVar settings from Section [FoliageQuality@3] File [E:/Luk/Dokumente/GitHub/PointCloudsVR/CPP_PointCloudsVR_22/Saved/Config/Windows/Scalability.ini]
[2019.05.27-18.33.12:550][  0]LogConfig: Setting CVar [[foliage.DensityScale:1.0]]
[2019.05.27-18.33.12:550][  0]LogConfig: Setting CVar [[grass.DensityScale:1.0]]
[2019.05.27-18.33.12:551][  0]LogInit: Selected Device Profile: [Windows]
[2019.05.27-18.33.12:551][  0]LogInit: Applying CVar settings loaded from the selected device profile: [Windows]
[2019.05.27-18.33.12:567][  0]LogHAL: Display: Platform has ~ 16 GB [16999284736 / 17179869184 / 16], which maps to Larger [LargestMinGB=32, LargerMinGB=12, DefaultMinGB=8, SmallerMinGB=6, SmallestMinGB=0)
[2019.05.27-18.33.12:567][  0]LogConfig: Setting CVar [[r.Vulkan.UseRealUBs:0		; Required until we fix HLR fall-out]]
[2019.05.27-18.33.12:568][  0]LogInit: Going up to parent DeviceProfile []
[2019.05.27-18.33.12:568][  0]LogConfig: Applying CVar settings from Section [ViewDistanceQuality@3] File [E:/Luk/Dokumente/GitHub/PointCloudsVR/CPP_PointCloudsVR_22/Saved/Config/Windows/Scalability.ini]
[2019.05.27-18.33.12:568][  0]LogConfig: Setting CVar [[r.SkeletalMeshLODBias:0]]
[2019.05.27-18.33.12:568][  0]LogConfig: Setting CVar [[r.ViewDistanceScale:1.0]]
[2019.05.27-18.33.12:568][  0]LogConfig: Applying CVar settings from Section [AntiAliasingQuality@3] File [E:/Luk/Dokumente/GitHub/PointCloudsVR/CPP_PointCloudsVR_22/Saved/Config/Windows/Scalability.ini]
[2019.05.27-18.33.12:568][  0]LogConfig: Setting CVar [[r.PostProcessAAQuality:4]]
[2019.05.27-18.33.12:568][  0]LogConfig: Applying CVar settings from Section [ShadowQuality@3] File [E:/Luk/Dokumente/GitHub/PointCloudsVR/CPP_PointCloudsVR_22/Saved/Config/Windows/Scalability.ini]
[2019.05.27-18.33.12:568][  0]LogConfig: Setting CVar [[r.LightFunctionQuality:1]]
[2019.05.27-18.33.12:568][  0]LogConfig: Setting CVar [[r.ShadowQuality:5]]
[2019.05.27-18.33.12:568][  0]LogConfig: Setting CVar [[r.Shadow.CSM.MaxCascades:10]]
[2019.05.27-18.33.12:568][  0]LogConfig: Setting CVar [[r.Shadow.MaxResolution:2048]]
[2019.05.27-18.33.12:568][  0]LogConfig: Setting CVar [[r.Shadow.MaxCSMResolution:2048]]
[2019.05.27-18.33.12:568][  0]LogConfig: Setting CVar [[r.Shadow.RadiusThreshold:0.01]]
[2019.05.27-18.33.12:569][  0]LogConfig: Setting CVar [[r.Shadow.DistanceScale:1.0]]
[2019.05.27-18.33.12:569][  0]LogConfig: Setting CVar [[r.Shadow.CSM.TransitionScale:1.0]]
[2019.05.27-18.33.12:569][  0]LogConfig: Setting CVar [[r.Shadow.PreShadowResolutionFactor:1.0]]
[2019.05.27-18.33.12:569][  0]LogConfig: Setting CVar [[r.DistanceFieldShadowing:1]]
[2019.05.27-18.33.12:569][  0]LogConfig: Setting CVar [[r.DistanceFieldAO:1]]
[2019.05.27-18.33.12:569][  0]LogConfig: Setting CVar [[r.AOQuality:2]]
[2019.05.27-18.33.12:569][  0]LogConfig: Setting CVar [[r.VolumetricFog:1]]
[2019.05.27-18.33.12:569][  0]LogConfig: Setting CVar [[r.VolumetricFog.GridPixelSize:8]]
[2019.05.27-18.33.12:569][  0]LogConfig: Setting CVar [[r.VolumetricFog.GridSizeZ:128]]
[2019.05.27-18.33.12:569][  0]LogConfig: Setting CVar [[r.VolumetricFog.HistoryMissSupersampleCount:4]]
[2019.05.27-18.33.12:569][  0]LogConfig: Setting CVar [[r.LightMaxDrawDistanceScale:1]]
[2019.05.27-18.33.12:569][  0]LogConfig: Setting CVar [[r.CapsuleShadows:1]]
[2019.05.27-18.33.12:569][  0]LogConfig: Applying CVar settings from Section [PostProcessQuality@3] File [E:/Luk/Dokumente/GitHub/PointCloudsVR/CPP_PointCloudsVR_22/Saved/Config/Windows/Scalability.ini]
[2019.05.27-18.33.12:570][  0]LogConfig: Setting CVar [[r.MotionBlurQuality:4]]
[2019.05.27-18.33.12:570][  0]LogConfig: Setting CVar [[r.AmbientOcclusionMipLevelFactor:0.4]]
[2019.05.27-18.33.12:570][  0]LogConfig: Setting CVar [[r.AmbientOcclusionMaxQuality:100]]
[2019.05.27-18.33.12:570][  0]LogConfig: Setting CVar [[r.AmbientOcclusionLevels:-1]]
[2019.05.27-18.33.12:570][  0]LogConfig: Setting CVar [[r.AmbientOcclusionRadiusScale:1.0]]
[2019.05.27-18.33.12:570][  0]LogConfig: Setting CVar [[r.DepthOfFieldQuality:2]]
[2019.05.27-18.33.12:570][  0]LogConfig: Setting CVar [[r.RenderTargetPoolMin:400]]
[2019.05.27-18.33.12:570][  0]LogConfig: Setting CVar [[r.LensFlareQuality:2]]
[2019.05.27-18.33.12:570][  0]LogConfig: Setting CVar [[r.SceneColorFringeQuality:1]]
[2019.05.27-18.33.12:570][  0]LogConfig: Setting CVar [[r.EyeAdaptationQuality:2]]
[2019.05.27-18.33.12:570][  0]LogConfig: Setting CVar [[r.BloomQuality:5]]
[2019.05.27-18.33.12:570][  0]LogConfig: Setting CVar [[r.FastBlurThreshold:100]]
[2019.05.27-18.33.12:570][  0]LogConfig: Setting CVar [[r.Upscale.Quality:3]]
[2019.05.27-18.33.12:570][  0]LogConfig: Setting CVar [[r.Tonemapper.GrainQuantization:1]]
[2019.05.27-18.33.12:571][  0]LogConfig: Setting CVar [[r.LightShaftQuality:1]]
[2019.05.27-18.33.12:571][  0]LogConfig: Setting CVar [[r.Filter.SizeScale:1]]
[2019.05.27-18.33.12:571][  0]LogConfig: Setting CVar [[r.Tonemapper.Quality:5]]
[2019.05.27-18.33.12:571][  0]LogConfig: Setting CVar [[r.DOF.Gather.AccumulatorQuality:1        ; higher gathering accumulator quality]]
[2019.05.27-18.33.12:571][  0]LogConfig: Setting CVar [[r.DOF.Gather.PostfilterMethod:1          ; Median3x3 postfilering method]]
[2019.05.27-18.33.12:571][  0]LogConfig: Setting CVar [[r.DOF.Gather.EnableBokehSettings:0       ; no bokeh simulation when gathering]]
[2019.05.27-18.33.12:571][  0]LogConfig: Setting CVar [[r.DOF.Gather.RingCount:4                 ; medium number of samples when gathering]]
[2019.05.27-18.33.12:571][  0]LogConfig: Setting CVar [[r.DOF.Scatter.ForegroundCompositing:1    ; additive foreground scattering]]
[2019.05.27-18.33.12:571][  0]LogConfig: Setting CVar [[r.DOF.Scatter.BackgroundCompositing:2    ; additive background scattering]]
[2019.05.27-18.33.12:571][  0]LogConfig: Setting CVar [[r.DOF.Scatter.EnableBokehSettings:1      ; bokeh simulation when scattering]]
[2019.05.27-18.33.12:571][  0]LogConfig: Setting CVar [[r.DOF.Scatter.MaxSpriteRatio:0.1         ; only a maximum of 10% of scattered bokeh]]
[2019.05.27-18.33.12:571][  0]LogConfig: Setting CVar [[r.DOF.Recombine.Quality:1                ; cheap slight out of focus]]
[2019.05.27-18.33.12:571][  0]LogConfig: Setting CVar [[r.DOF.Recombine.EnableBokehSettings:0    ; no bokeh simulation on slight out of focus]]
[2019.05.27-18.33.12:571][  0]LogConfig: Setting CVar [[r.DOF.TemporalAAQuality:1                ; more stable temporal accumulation]]
[2019.05.27-18.33.12:572][  0]LogConfig: Setting CVar [[r.DOF.Kernel.MaxForegroundRadius:0.025]]
[2019.05.27-18.33.12:572][  0]LogConfig: Setting CVar [[r.DOF.Kernel.MaxBackgroundRadius:0.025]]
[2019.05.27-18.33.12:572][  0]LogConfig: Applying CVar settings from Section [TextureQuality@3] File [E:/Luk/Dokumente/GitHub/PointCloudsVR/CPP_PointCloudsVR_22/Saved/Config/Windows/Scalability.ini]
[2019.05.27-18.33.12:572][  0]LogConfig: Setting CVar [[r.Streaming.MipBias:0]]
[2019.05.27-18.33.12:572][  0]LogConfig: Setting CVar [[r.Streaming.AmortizeCPUToGPUCopy:0]]
[2019.05.27-18.33.12:572][  0]LogConfig: Setting CVar [[r.Streaming.MaxNumTexturesToStreamPerFrame:0]]
[2019.05.27-18.33.12:572][  0]LogConfig: Setting CVar [[r.Streaming.Boost:1]]
[2019.05.27-18.33.12:572][  0]LogConfig: Setting CVar [[r.MaxAnisotropy:8]]
[2019.05.27-18.33.12:572][  0]LogConfig: Setting CVar [[r.Streaming.LimitPoolSizeToVRAM:0]]
[2019.05.27-18.33.12:572][  0]LogConfig: Setting CVar [[r.Streaming.PoolSize:1000]]
[2019.05.27-18.33.12:572][  0]LogConfig: Setting CVar [[r.Streaming.MaxEffectiveScreenSize:0]]
[2019.05.27-18.33.12:572][  0]LogConfig: Applying CVar settings from Section [EffectsQuality@3] File [E:/Luk/Dokumente/GitHub/PointCloudsVR/CPP_PointCloudsVR_22/Saved/Config/Windows/Scalability.ini]
[2019.05.27-18.33.12:572][  0]LogConfig: Setting CVar [[r.TranslucencyLightingVolumeDim:64]]
[2019.05.27-18.33.12:572][  0]LogConfig: Setting CVar [[r.RefractionQuality:2]]
[2019.05.27-18.33.12:573][  0]LogConfig: Setting CVar [[r.SSR.Quality:3]]
[2019.05.27-18.33.12:573][  0]LogConfig: Setting CVar [[r.SceneColorFormat:4]]
[2019.05.27-18.33.12:573][  0]LogConfig: Setting CVar [[r.DetailMode:2]]
[2019.05.27-18.33.12:573][  0]LogConfig: Setting CVar [[r.TranslucencyVolumeBlur:1]]
[2019.05.27-18.33.12:573][  0]LogConfig: Setting CVar [[r.MaterialQualityLevel:1 ; High quality]]
[2019.05.27-18.33.12:573][  0]LogConfig: Setting CVar [[r.SSS.Scale:1]]
[2019.05.27-18.33.12:573][  0]LogConfig: Setting CVar [[r.SSS.SampleSet:2]]
[2019.05.27-18.33.12:573][  0]LogConfig: Setting CVar [[r.SSS.Quality:1]]
[2019.05.27-18.33.12:573][  0]LogConfig: Setting CVar [[r.SSS.HalfRes:1]]
[2019.05.27-18.33.12:573][  0]LogConfig: Setting CVar [[r.EmitterSpawnRateScale:1.0]]
[2019.05.27-18.33.12:573][  0]LogConfig: Setting CVar [[r.ParticleLightQuality:2]]
[2019.05.27-18.33.12:573][  0]LogConfig: Applying CVar settings from Section [FoliageQuality@3] File [E:/Luk/Dokumente/GitHub/PointCloudsVR/CPP_PointCloudsVR_22/Saved/Config/Windows/Scalability.ini]
[2019.05.27-18.33.12:573][  0]LogConfig: Setting CVar [[foliage.DensityScale:1.0]]
[2019.05.27-18.33.12:573][  0]LogConfig: Setting CVar [[grass.DensityScale:1.0]]
[2019.05.27-18.33.12:573][  0]LogConfig: Applying CVar settings from Section [Startup] File [../../../Engine/Config/ConsoleVariables.ini]
[2019.05.27-18.33.12:574][  0]LogConfig: Setting CVar [[net.UseAdaptiveNetUpdateFrequency:0]]
[2019.05.27-18.33.12:574][  0]LogConfig: Setting CVar [[p.chaos.AllowCreatePhysxBodies:1]]
[2019.05.27-18.33.12:574][  0]LogConfig: Applying CVar settings from Section [ConsoleVariables] File [E:/Luk/Dokumente/GitHub/PointCloudsVR/CPP_PointCloudsVR_22/Saved/Config/Windows/Engine.ini]
[2019.05.27-18.33.12:574][  0]LogInit: Computer: LAPTOP-9EU9193A
[2019.05.27-18.33.12:574][  0]LogInit: User: Luk
[2019.05.27-18.33.12:575][  0]LogInit: CPU Page size=4096, Cores=4
[2019.05.27-18.33.12:575][  0]LogInit: High frequency timer resolution =10.000000 MHz
[2019.05.27-18.33.12:575][  0]LogMemory: Memory total: Physical=15.8GB (16GB approx)
[2019.05.27-18.33.12:575][  0]LogMemory: Platform Memory Stats for Windows
[2019.05.27-18.33.12:575][  0]LogMemory: Process Physical Memory: 97.70 MB used, 97.71 MB peak
[2019.05.27-18.33.12:575][  0]LogMemory: Process Virtual Memory: 89.10 MB used, 89.10 MB peak
[2019.05.27-18.33.12:575][  0]LogMemory: Physical Memory: 6868.02 MB used,  9343.77 MB free, 16211.78 MB total
[2019.05.27-18.33.12:575][  0]LogMemory: Virtual Memory: 4657.85 MB used,  134213072.00 MB free, 134217728.00 MB total
[2019.05.27-18.33.12:726][  0]LogInit: Using OS detected language (de-DE).
[2019.05.27-18.33.12:726][  0]LogInit: Using OS detected locale (de-DE).
[2019.05.27-18.33.12:728][  0]LogTextLocalizationManager: No specific localization for 'de-DE' exists, so the 'de' localization will be used.
[2019.05.27-18.33.12:728][  0]LogTextLocalizationResource: LocRes '../../../Engine/Content/Localization/Editor/de/Editor.locres' could not be opened for reading!
[2019.05.27-18.33.12:728][  0]LogTextLocalizationResource: LocRes '../../../Engine/Content/Localization/EditorTutorials/de/EditorTutorials.locres' could not be opened for reading!
[2019.05.27-18.33.12:728][  0]LogTextLocalizationResource: LocRes '../../../Engine/Content/Localization/Keywords/de/Keywords.locres' could not be opened for reading!
[2019.05.27-18.33.12:729][  0]LogTextLocalizationResource: LocRes '../../../Engine/Content/Localization/Category/de/Category.locres' could not be opened for reading!
[2019.05.27-18.33.12:729][  0]LogTextLocalizationResource: LocRes '../../../Engine/Content/Localization/ToolTips/de/ToolTips.locres' could not be opened for reading!
[2019.05.27-18.33.12:729][  0]LogTextLocalizationResource: LocRes '../../../Engine/Content/Localization/PropertyNames/de/PropertyNames.locres' could not be opened for reading!
[2019.05.27-18.33.12:730][  0]LogTextLocalizationResource: LocRes '../../../Engine/Content/Localization/Engine/de/Engine.locres' could not be opened for reading!
[2019.05.27-18.33.12:731][  0]LogInit: Setting process to per monitor DPI aware
[2019.05.27-18.33.12:823][  0]LogSlate: New Slate User Created.  User Index 0, Is Virtual User: 0
[2019.05.27-18.33.12:823][  0]LogSlate: Slate User Registered.  User Index 0, Is Virtual User: 0
[2019.05.27-18.33.13:163][  0]LogHMD: Failed to initialize OpenVR with code 110
[2019.05.27-18.33.13:163][  0]LogD3D11RHI: D3D11 adapters:
[2019.05.27-18.33.13:587][  0]LogD3D11RHI:    0. 'NVIDIA GeForce GTX 960M' (Feature Level 11_0)
[2019.05.27-18.33.13:587][  0]LogD3D11RHI:       4055/0/8105 MB DedicatedVideo/DedicatedSystem/SharedSystem, Outputs:2, VendorId:0x10de
[2019.05.27-18.33.13:613][  0]LogD3D11RHI:    1. 'Intel(R) HD Graphics 530' (Feature Level 11_0)
[2019.05.27-18.33.13:613][  0]LogD3D11RHI:       128/0/8105 MB DedicatedVideo/DedicatedSystem/SharedSystem, Outputs:0, VendorId:0x8086
[2019.05.27-18.33.13:623][  0]LogD3D11RHI:    2. 'Microsoft Basic Render Driver' (Feature Level 11_0)
[2019.05.27-18.33.13:623][  0]LogD3D11RHI:       0/0/8105 MB DedicatedVideo/DedicatedSystem/SharedSystem, Outputs:0, VendorId:0x1414
[2019.05.27-18.33.13:623][  0]LogD3D11RHI: Chosen D3D11 Adapter: 0
[2019.05.27-18.33.13:680][  0]LogD3D11RHI: Creating new Direct3DDevice
[2019.05.27-18.33.13:680][  0]LogD3D11RHI:     GPU DeviceId: 0x139b (for the marketing name, search the web for "GPU Device Id")
[2019.05.27-18.33.13:681][  0]LogWindows: EnumDisplayDevices:
[2019.05.27-18.33.13:681][  0]LogWindows:    0. 'Intel(R) HD Graphics 530' (P:1 D:1)
[2019.05.27-18.33.13:682][  0]LogWindows:    1. 'Intel(R) HD Graphics 530' (P:0 D:1)
[2019.05.27-18.33.13:683][  0]LogWindows:    2. 'Intel(R) HD Graphics 530' (P:0 D:0)
[2019.05.27-18.33.13:684][  0]LogWindows: DebugString: PrimaryIsNotTheChoosenAdapter PrimaryIsNotTheChoosenAdapter PrimaryIsNotTheChoosenAdapter FoundDriverCount:0 
[2019.05.27-18.33.13:684][  0]LogD3D11RHI:     Adapter Name: NVIDIA GeForce GTX 960M
[2019.05.27-18.33.13:684][  0]LogD3D11RHI:   Driver Version: Unknown (internal:Unknown, unified:Unknown)
[2019.05.27-18.33.13:684][  0]LogD3D11RHI:      Driver Date: Unknown
[2019.05.27-18.33.13:684][  0]LogRHI: Texture pool is 2839 MB (70% of 4055 MB)
[2019.05.27-18.33.13:747][  0]LogD3D11RHI: Async texture creation enabled
[2019.05.27-18.33.13:754][  0]LogRendererCore: FGlobalReadBuffer::InitRHI
[2019.05.27-18.33.13:755][  0]LogRendererCore: FGlobalReadBuffer::InitRHI
[2019.05.27-18.33.13:755][  0]LogRendererCore: FGlobalReadBuffer::InitRHI
[2019.05.27-18.33.13:763][  0]LogD3D11RHI: GPU Timing Frequency: 1000.000000 (Debug: 2 1)
[2019.05.27-18.33.14:221][  0]LogTemp: Display: Module 'AllDesktopTargetPlatform' loaded TargetPlatform 'AllDesktop'
[2019.05.27-18.33.14:246][  0]LogTemp: Display: Module 'MacClientTargetPlatform' loaded TargetPlatform 'MacClient'
[2019.05.27-18.33.14:272][  0]LogTemp: Display: Module 'MacNoEditorTargetPlatform' loaded TargetPlatform 'MacNoEditor'
[2019.05.27-18.33.14:298][  0]LogTemp: Display: Module 'MacServerTargetPlatform' loaded TargetPlatform 'MacServer'
[2019.05.27-18.33.14:322][  0]LogTemp: Display: Module 'MacTargetPlatform' loaded TargetPlatform 'Mac'
[2019.05.27-18.33.14:347][  0]LogTemp: Display: Module 'WindowsClientTargetPlatform' loaded TargetPlatform 'WindowsClient'
[2019.05.27-18.33.14:373][  0]LogTemp: Display: Module 'WindowsNoEditorTargetPlatform' loaded TargetPlatform 'WindowsNoEditor'
[2019.05.27-18.33.14:393][  0]LogTemp: Display: Module 'WindowsServerTargetPlatform' loaded TargetPlatform 'WindowsServer'
[2019.05.27-18.33.14:407][  0]LogTemp: Display: Module 'WindowsTargetPlatform' loaded TargetPlatform 'Windows'
[2019.05.27-18.33.14:529][  0]LogTemp: Display: Module 'AndroidTargetPlatform' loaded TargetPlatform 'Android'
[2019.05.27-18.33.14:529][  0]LogTemp: Display: Module 'AndroidTargetPlatform' loaded TargetPlatform 'Android_ASTC'
[2019.05.27-18.33.14:529][  0]LogTemp: Display: Module 'AndroidTargetPlatform' loaded TargetPlatform 'Android_ATC'
[2019.05.27-18.33.14:529][  0]LogTemp: Display: Module 'AndroidTargetPlatform' loaded TargetPlatform 'Android_DXT'
[2019.05.27-18.33.14:529][  0]LogTemp: Display: Module 'AndroidTargetPlatform' loaded TargetPlatform 'Android_ETC1'
[2019.05.27-18.33.14:529][  0]LogTemp: Display: Module 'AndroidTargetPlatform' loaded TargetPlatform 'Android_ETC1a'
[2019.05.27-18.33.14:529][  0]LogTemp: Display: Module 'AndroidTargetPlatform' loaded TargetPlatform 'Android_ETC2'
[2019.05.27-18.33.14:529][  0]LogTemp: Display: Module 'AndroidTargetPlatform' loaded TargetPlatform 'Android_PVRTC'
[2019.05.27-18.33.14:529][  0]LogTemp: Display: Module 'AndroidTargetPlatform' loaded TargetPlatform 'AndroidClient'
[2019.05.27-18.33.14:529][  0]LogTemp: Display: Module 'AndroidTargetPlatform' loaded TargetPlatform 'Android_ASTCClient'
[2019.05.27-18.33.14:529][  0]LogTemp: Display: Module 'AndroidTargetPlatform' loaded TargetPlatform 'Android_ATCClient'
[2019.05.27-18.33.14:530][  0]LogTemp: Display: Module 'AndroidTargetPlatform' loaded TargetPlatform 'Android_DXTClient'
[2019.05.27-18.33.14:530][  0]LogTemp: Display: Module 'AndroidTargetPlatform' loaded TargetPlatform 'Android_ETC1Client'
[2019.05.27-18.33.14:530][  0]LogTemp: Display: Module 'AndroidTargetPlatform' loaded TargetPlatform 'Android_ETC1aClient'
[2019.05.27-18.33.14:530][  0]LogTemp: Display: Module 'AndroidTargetPlatform' loaded TargetPlatform 'Android_ETC2Client'
[2019.05.27-18.33.14:530][  0]LogTemp: Display: Module 'AndroidTargetPlatform' loaded TargetPlatform 'Android_PVRTCClient'
[2019.05.27-18.33.14:530][  0]LogTemp: Display: Module 'AndroidTargetPlatform' loaded TargetPlatform 'Android_Multi'
[2019.05.27-18.33.14:530][  0]LogTemp: Display: Module 'AndroidTargetPlatform' loaded TargetPlatform 'Android_MultiClient'
[2019.05.27-18.33.14:537][  0]LogTemp: Display: Module 'HTML5TargetPlatform' loaded TargetPlatform 'HTML5'
[2019.05.27-18.33.14:613][  0]LogTemp: Display: Module 'IOSTargetPlatform' loaded TargetPlatform 'IOSClient'
[2019.05.27-18.33.14:613][  0]LogTemp: Display: Module 'IOSTargetPlatform' loaded TargetPlatform 'IOS'
[2019.05.27-18.33.14:656][  0]LogTemp: Display: Module 'TVOSTargetPlatform' loaded TargetPlatform 'TVOSClient'
[2019.05.27-18.33.14:656][  0]LogTemp: Display: Module 'TVOSTargetPlatform' loaded TargetPlatform 'TVOS'
[2019.05.27-18.33.14:680][  0]LogTemp: Display: Module 'LinuxClientTargetPlatform' loaded TargetPlatform 'LinuxClient'
[2019.05.27-18.33.14:698][  0]LogTemp: Display: Module 'LinuxNoEditorTargetPlatform' loaded TargetPlatform 'LinuxNoEditor'
[2019.05.27-18.33.14:717][  0]LogTemp: Display: Module 'LinuxServerTargetPlatform' loaded TargetPlatform 'LinuxServer'
[2019.05.27-18.33.14:740][  0]LogTemp: Display: Module 'LinuxTargetPlatform' loaded TargetPlatform 'Linux'
[2019.05.27-18.33.14:805][  0]LogTemp: Display: Module 'LuminTargetPlatform' loaded TargetPlatform 'Lumin'
[2019.05.27-18.33.14:805][  0]LogTemp: Display: Module 'LuminTargetPlatform' loaded TargetPlatform 'LuminClient'
[2019.05.27-18.33.14:805][  0]LogTargetPlatformManager: Display: Building Assets For Windows
[2019.05.27-18.33.14:827][  0]LogAudioDebug: Display: Lib vorbis DLL was dynamically loaded.
[2019.05.27-18.33.14:960][  0]LogShaderCompilers: Guid format shader working directory is -14 characters bigger than the processId version (E:/Luk/Dokumente/GitHub/PointCloudsVR/CPP_PointCloudsVR_22/Intermediate/Shaders/WorkingDirectory/5228/).
[2019.05.27-18.33.14:960][  0]LogShaderCompilers: Cleaned the shader compiler working directory 'C:/Users/Luk/AppData/Local/Temp/UnrealShaderWorkingDir/D34BD6B34BF394B7876655B1E4279091/'.
[2019.05.27-18.33.14:963][  0]LogXGEController: Cleaning working directory: C:/Users/Luk/AppData/Local/Temp/UnrealXGEWorkingDir/
[2019.05.27-18.33.14:963][  0]LogXGEController: Cannot use XGE Controller as Incredibuild is not installed on this machine.
[2019.05.27-18.33.14:963][  0]LogShaderCompilers: Cannot use XGE Shader Compiler as Incredibuild is not installed on this machine.
[2019.05.27-18.33.14:964][  0]LogShaderCompilers: Display: Using Local Shader Compiler.
[2019.05.27-18.33.15:784][  0]LogDerivedDataCache: Display: Max Cache Size: 512 MB
[2019.05.27-18.33.15:849][  0]LogDerivedDataCache: Loaded boot cache 0.07s 76MB C:/Users/Luk/AppData/Local/UnrealEngine/4.22/DerivedDataCache/Boot.ddc.
[2019.05.27-18.33.15:850][  0]LogDerivedDataCache: Display: Loaded Boot cache: C:/Users/Luk/AppData/Local/UnrealEngine/4.22/DerivedDataCache/Boot.ddc
[2019.05.27-18.33.15:850][  0]LogDerivedDataCache: FDerivedDataBackendGraph:  Pak pak cache file E:/Luk/Dokumente/GitHub/PointCloudsVR/CPP_PointCloudsVR_22/DerivedDataCache/DDC.ddp not found, will not use a pak cache.
[2019.05.27-18.33.15:850][  0]LogDerivedDataCache: Unable to find inner node Pak for hierarchical cache Hierarchy.
[2019.05.27-18.33.15:850][  0]LogDerivedDataCache: FDerivedDataBackendGraph:  CompressedPak pak cache file E:/Luk/Dokumente/GitHub/PointCloudsVR/CPP_PointCloudsVR_22/DerivedDataCache/Compressed.ddp not found, will not use a pak cache.
[2019.05.27-18.33.15:850][  0]LogDerivedDataCache: Unable to find inner node CompressedPak for hierarchical cache Hierarchy.
[2019.05.27-18.33.15:866][  0]LogDerivedDataCache: Display: Pak cache opened for reading ../../../Engine/DerivedDataCache/Compressed.ddp.
[2019.05.27-18.33.15:871][  0]LogDerivedDataCache: Display: Pak cache opened for reading ../../../Enterprise/DerivedDataCache/Compressed.ddp.
[2019.05.27-18.33.15:884][  0]LogDerivedDataCache: Using Local data cache path C:/Users/Luk/AppData/Local/UnrealEngine/Common/DerivedDataCache: Writable
[2019.05.27-18.33.15:884][  0]LogDerivedDataCache: Shared data cache path not found in *engine.ini, will not use an Shared cache.
[2019.05.27-18.33.15:884][  0]LogDerivedDataCache: Unable to find inner node Shared for hierarchical cache Hierarchy.
[2019.05.27-18.33.15:919][  0]LogMaterial: Verifying Global Shaders for PCD3D_SM5
[2019.05.27-18.33.15:920][  0]LogSlate: Using FreeType 2.6.0
[2019.05.27-18.33.15:921][  0]LogSlate: SlateFontServices - WITH_FREETYPE: 1, WITH_HARFBUZZ: 1
[2019.05.27-18.33.16:039][  0]LogAssetRegistry: FAssetRegistry took 0.0440 seconds to start up
[2019.05.27-18.33.16:504][  0]LogInit: Selected Device Profile: [Windows]
[2019.05.27-18.33.16:724][  0]LogMeshReduction: Using QuadricMeshReduction for automatic static mesh reduction
[2019.05.27-18.33.16:724][  0]LogMeshReduction: Using SimplygonMeshReduction for automatic skeletal mesh reduction
[2019.05.27-18.33.16:724][  0]LogMeshReduction: Using ProxyLODMeshReduction for automatic mesh merging
[2019.05.27-18.33.16:725][  0]LogMeshReduction: No distributed automatic mesh merging module available
[2019.05.27-18.33.16:725][  0]LogMeshMerging: No distributed automatic mesh merging module available
[2019.05.27-18.33.16:753][  0]LogNetVersion: CPP_PointCloudsVR_22 1.0.0, NetCL: 5660361, EngineNetVer: 10, GameNetVer: 0 (Checksum: 2507006774)
[2019.05.27-18.33.17:424][  0]LogPackageLocalizationCache: Processed 17 localized package path(s) for 1 prioritized culture(s) in 0.091534 seconds
[2019.05.27-18.33.17:435][  0]LogUObjectArray: 42635 objects as part of root set at end of initial load.
[2019.05.27-18.33.17:436][  0]LogUObjectAllocator: 7426808 out of 0 bytes used by permanent object pool.
[2019.05.27-18.33.17:436][  0]LogUObjectArray: CloseDisregardForGC: 0/0 objects in disregard for GC pool
[2019.05.27-18.33.19:001][  0]LogTcpMessaging: Initializing TcpMessaging bridge
[2019.05.27-18.33.19:019][  0]LogUdpMessaging: Initializing bridge on interface 0.0.0.0:0 to multicast group 230.0.0.1:6666.
[2019.05.27-18.33.19:224][  0]SourceControl: Source control is disabled
[2019.05.27-18.33.19:224][  0]SourceControl: Source control is disabled
[2019.05.27-18.33.19:228][  0]SourceControl: Source control is disabled
[2019.05.27-18.33.19:232][  0]SourceControl: Source control is disabled
[2019.05.27-18.33.19:544][  0]LogAndroidPermission: UAndroidPermissionCallbackProxy::GetInstance
[2019.05.27-18.33.19:735][  0]LogOcInput: OculusInput pre-init called
[2019.05.27-18.33.23:907][  0]LogEngine: Initializing Engine...
[2019.05.27-18.33.23:908][  0]LogHMD: Failed to initialize OpenVR with code 110
[2019.05.27-18.33.23:910][  0]LogStats: UGameplayTagsManager::InitializeManager -  0.000 s
[2019.05.27-18.33.24:208][  0]LogInit: Initializing FReadOnlyCVARCache
[2019.05.27-18.33.24:227][  0]LogAIModule: Creating AISystem for world Untitled
[2019.05.27-18.33.24:271][  0]LogInit: XAudio2 using 'Lautsprecher (Realtek High Definition Audio)' : 2 channels at 48 kHz using 32 bits per sample (channel mask 0x3)
[2019.05.27-18.33.24:317][  0]LogInit: FAudioDevice initialized.
[2019.05.27-18.33.24:317][  0]LogNetVersion: Set ProjectVersion to 1.0.0.0. Version Checksum will be recalculated on next use.
[2019.05.27-18.33.24:410][  0]LogDerivedDataCache: Saved boot cache 0.09s 76MB C:/Users/Luk/AppData/Local/UnrealEngine/4.22/DerivedDataCache/Boot.ddc.
[2019.05.27-18.33.24:417][  0]LogInit: Texture streaming: Enabled
[2019.05.27-18.33.24:448][  0]LogEngineSessionManager: EngineSessionManager initialized
[2019.05.27-18.33.24:479][  0]LogInit: Transaction tracking system initialized
[2019.05.27-18.33.24:521][  0]BlueprintLog: New page: Editor Load
[2019.05.27-18.33.24:675][  0]LocalizationService: Localization service is disabled
[2019.05.27-18.33.25:116][  0]LogFileCache: Scanning file cache for directory 'E:/Luk/Dokumente/GitHub/PointCloudsVR/CPP_PointCloudsVR_22/Content/' took 0.02s
[2019.05.27-18.33.25:116][  0]LogCook: Display: Max memory allowance for cook 16384mb min free memory 0mb
[2019.05.27-18.33.25:116][  0]LogCook: Display: Mobile HDR setting 1
[2019.05.27-18.33.27:430][  0]SourceControl: Source control is disabled
[2019.05.27-18.33.27:430][  0]Cmd: MAP LOAD FILE="E:/Luk/Dokumente/GitHub/PointCloudsVR/CPP_PointCloudsVR_22/Content/FirstPersonCPP/Maps/FirstPersonExampleMap.umap" TEMPLATE=0 SHOWPROGRESS=1 FEATURELEVEL=3
[2019.05.27-18.33.27:431][  0]LightingResults: New page: Lighting Build
[2019.05.27-18.33.27:434][  0]MapCheck: New page: Map Check
[2019.05.27-18.33.27:434][  0]LightingResults: New page: Lighting Build
[2019.05.27-18.33.27:467][  0]LogUObjectHash: Compacting FUObjectHashTables data took   2.33ms
[2019.05.27-18.33.27:806][  0]LogAIModule: Creating AISystem for world FirstPersonExampleMap
[2019.05.27-18.33.27:852][  0]LogEditorServer: Finished looking for orphan Actors (0.000 secs)
[2019.05.27-18.33.27:887][  0]LogUObjectHash: Compacting FUObjectHashTables data took   2.42ms
[2019.05.27-18.33.27:888][  0]Cmd: MAP CHECKDEP NOCLEARLOG
[2019.05.27-18.33.27:888][  0]MapCheck: Map check complete: 0 Error(s), 0 Warning(s), took 0,194ms to complete.
[2019.05.27-18.33.27:888][  0]LogFileHelpers: Loading map 'FirstPersonExampleMap' took 0.459
[2019.05.27-18.33.28:080][  0]LogSlate: Updating window title bar state: overlay mode, drag disabled, window buttons hidden, title bar hidden
[2019.05.27-18.33.28:089][  0]LogSlate: Updating window title bar state: overlay mode, drag disabled, window buttons hidden, title bar hidden
[2019.05.27-18.33.28:099][  0]LogSlate: Updating window title bar state: overlay mode, drag disabled, window buttons hidden, title bar hidden
[2019.05.27-18.33.28:109][  0]LogSlate: Updating window title bar state: overlay mode, drag disabled, window buttons hidden, title bar hidden
[2019.05.27-18.33.28:119][  0]LogCollectionManager: Loaded 0 collections in 0.002233 seconds
[2019.05.27-18.33.28:154][  0]LogFileCache: Scanning file cache for directory 'E:/Luk/Dokumente/GitHub/PointCloudsVR/CPP_PointCloudsVR_22/Saved/Collections/' took 0.01s
[2019.05.27-18.33.28:154][  0]LogFileCache: Scanning file cache for directory 'E:/Luk/Dokumente/GitHub/PointCloudsVR/CPP_PointCloudsVR_22/Content/Developers/Luk/Collections/' took 0.00s
[2019.05.27-18.33.28:155][  0]LogFileCache: Scanning file cache for directory 'E:/Luk/Dokumente/GitHub/PointCloudsVR/CPP_PointCloudsVR_22/Content/Collections/' took 0.02s
[2019.05.27-18.33.28:155][  0]LogCollectionManager: Rebuilt the GUID cache for 0 collections in 0.000002 seconds
[2019.05.27-18.33.28:166][  0]LogContentBrowser: Native class hierarchy populated in 0.0112 seconds. Added 2879 classes and 735 folders.
[2019.05.27-18.33.28:177][  0]LogContentBrowser: Native class hierarchy updated for 'WidgetCarousel' in 0.0005 seconds. Added 0 classes and 0 folders.
[2019.05.27-18.33.28:180][  0]LogPakFile: Registered encryption key '00000000000000000000000000000000': 0 pak files mounted, 0 remain pending
[2019.05.27-18.33.28:182][  0]LogPakFile: Registered encryption key '00000000000000000000000000000000': 0 pak files mounted, 0 remain pending
[2019.05.27-18.33.28:182][  0]LogPakFile: Registered encryption key '00000000000000000000000000000000': 0 pak files mounted, 0 remain pending
[2019.05.27-18.33.28:183][  0]LogPakFile: Registered encryption key '00000000000000000000000000000000': 0 pak files mounted, 0 remain pending
[2019.05.27-18.33.28:183][  0]LogPakFile: Registered encryption key '00000000000000000000000000000000': 0 pak files mounted, 0 remain pending
[2019.05.27-18.33.28:184][  0]LogPakFile: Registered encryption key '00000000000000000000000000000000': 0 pak files mounted, 0 remain pending
[2019.05.27-18.33.28:185][  0]LogPakFile: Registered encryption key '00000000000000000000000000000000': 0 pak files mounted, 0 remain pending
[2019.05.27-18.33.28:185][  0]LogPakFile: Registered encryption key '00000000000000000000000000000000': 0 pak files mounted, 0 remain pending
[2019.05.27-18.33.28:186][  0]LogPakFile: Registered encryption key '00000000000000000000000000000000': 0 pak files mounted, 0 remain pending
[2019.05.27-18.33.28:187][  0]LogPakFile: Registered encryption key '00000000000000000000000000000000': 0 pak files mounted, 0 remain pending
[2019.05.27-18.33.28:188][  0]LogPakFile: Registered encryption key '00000000000000000000000000000000': 0 pak files mounted, 0 remain pending
[2019.05.27-18.33.28:189][  0]LogPakFile: Registered encryption key '00000000000000000000000000000000': 0 pak files mounted, 0 remain pending
[2019.05.27-18.33.28:189][  0]LogPakFile: Registered encryption key '00000000000000000000000000000000': 0 pak files mounted, 0 remain pending
[2019.05.27-18.33.28:191][  0]LogPakFile: Registered encryption key '00000000000000000000000000000000': 0 pak files mounted, 0 remain pending
[2019.05.27-18.33.28:191][  0]LogPakFile: Registered encryption key '00000000000000000000000000000000': 0 pak files mounted, 0 remain pending
[2019.05.27-18.33.28:192][  0]LogPakFile: Registered encryption key '00000000000000000000000000000000': 0 pak files mounted, 0 remain pending
[2019.05.27-18.33.28:193][  0]LogPakFile: Registered encryption key '00000000000000000000000000000000': 0 pak files mounted, 0 remain pending
[2019.05.27-18.33.28:194][  0]LogPakFile: Registered encryption key '00000000000000000000000000000000': 0 pak files mounted, 0 remain pending
[2019.05.27-18.33.28:195][  0]LogPakFile: Registered encryption key '00000000000000000000000000000000': 0 pak files mounted, 0 remain pending
[2019.05.27-18.33.28:196][  0]LogPakFile: Registered encryption key '00000000000000000000000000000000': 0 pak files mounted, 0 remain pending
[2019.05.27-18.33.28:196][  0]LogPakFile: Registered encryption key '00000000000000000000000000000000': 0 pak files mounted, 0 remain pending
[2019.05.27-18.33.28:197][  0]LogPakFile: Registered encryption key '00000000000000000000000000000000': 0 pak files mounted, 0 remain pending
[2019.05.27-18.33.28:198][  0]LogPakFile: Registered encryption key '00000000000000000000000000000000': 0 pak files mounted, 0 remain pending
[2019.05.27-18.33.28:199][  0]LogPakFile: Registered encryption key '00000000000000000000000000000000': 0 pak files mounted, 0 remain pending
[2019.05.27-18.33.28:199][  0]LogPakFile: Registered encryption key '00000000000000000000000000000000': 0 pak files mounted, 0 remain pending
[2019.05.27-18.33.28:200][  0]LogPakFile: Registered encryption key '00000000000000000000000000000000': 0 pak files mounted, 0 remain pending
[2019.05.27-18.33.28:200][  0]LogPakFile: Registered encryption key '00000000000000000000000000000000': 0 pak files mounted, 0 remain pending
[2019.05.27-18.33.28:201][  0]LogPakFile: Registered encryption key '00000000000000000000000000000000': 0 pak files mounted, 0 remain pending
[2019.05.27-18.33.28:247][  0]LogContentBrowser: Native class hierarchy updated for 'AddContentDialog' in 0.0005 seconds. Added 0 classes and 0 folders.
[2019.05.27-18.33.28:251][  0]LogContentBrowser: Native class hierarchy updated for 'SceneOutliner' in 0.0003 seconds. Added 1 classes and 0 folders.
[2019.05.27-18.33.28:266][  0]LogContentBrowser: Native class hierarchy updated for 'WorldBrowser' in 0.0005 seconds. Added 2 classes and 3 folders.
[2019.05.27-18.33.28:363][  0]LogSlate: Took 0.000603 seconds to synchronously load lazily loaded font '../../../Engine/Content/Slate/Fonts/Roboto-Regular.ttf' (155K)
[2019.05.27-18.33.28:367][  0]LogSlate: Took 0.000387 seconds to synchronously load lazily loaded font '../../../Engine/Content/Slate/Fonts/Roboto-Bold.ttf' (160K)
[2019.05.27-18.33.28:375][  0]LogSlate: Took 0.000636 seconds to synchronously load lazily loaded font '../../../Engine/Content/Editor/Slate/Fonts/FontAwesome.ttf' (139K)
[2019.05.27-18.33.28:470][  0]LogRenderer: Reallocating scene render targets to support 1208x572 Format 10 NumSamples 1 (Frame:1).
[2019.05.27-18.33.28:673][  0]LogContentBrowser: Native class hierarchy updated for 'HierarchicalLODOutliner' in 0.0005 seconds. Added 0 classes and 0 folders.
[2019.05.27-18.33.28:673][  0]LogLoad: (Engine Initialization) Total time: 18.63 seconds
[2019.05.27-18.33.28:673][  0]LogLoad: (Engine Initialization) Total Blueprint compile time: 0.00 seconds
[2019.05.27-18.33.28:721][  0]LogAssetRegistry: Asset discovery search completed in 12.7077 seconds
[2019.05.27-18.33.28:724][  0]LogCollectionManager: Rebuilt the object cache for 0 collections in 0.000000 seconds (found 0 objects)
[2019.05.27-18.33.28:724][  0]LogCollectionManager: Fixed up redirectors for 0 collections in 0.000242 seconds (updated 0 objects)
[2019.05.27-18.33.28:725][  0]LogContentStreaming: Texture pool size now 1000 MB
[2019.05.27-18.33.28:786][  0]LogSlate: Took 0.000380 seconds to synchronously load lazily loaded font '../../../Engine/Content/Slate/Fonts/Roboto-Light.ttf' (167K)
[2019.05.27-18.35.46:089][654]LogSlate: FSceneViewport::OnFocusLost() reason 0
[2019.05.27-18.35.46:165][657]LogTemp: Repeating last play command: Selected Viewport
[2019.05.27-18.35.46:179][657]LogBlueprintUserMessages: Early PlayInEditor Detection: Level '/Game/FirstPersonCPP/Maps/FirstPersonExampleMap.FirstPersonExampleMap:PersistentLevel' has LevelScriptBlueprint '/Game/FirstPersonCPP/Maps/FirstPersonExampleMap.FirstPersonExampleMap:PersistentLevel.FirstPersonExampleMap' with GeneratedClass '/Game/FirstPersonCPP/Maps/FirstPersonExampleMap.FirstPersonExampleMap_C' with ClassGeneratedBy '/Game/FirstPersonCPP/Maps/FirstPersonExampleMap.FirstPersonExampleMap:PersistentLevel.FirstPersonExampleMap'
[2019.05.27-18.35.46:179][657]LogPlayLevel: PlayLevel: No blueprints needed recompiling
[2019.05.27-18.35.46:180][657]PIE: New page: PIE session: FirstPersonExampleMap (27.05.2019 22:35:46)
[2019.05.27-18.35.46:198][657]LogPlayLevel: Creating play world package: /Game/FirstPersonCPP/Maps/UEDPIE_0_FirstPersonExampleMap
[2019.05.27-18.35.46:217][657]LogPlayLevel: PIE: StaticDuplicateObject took: (0.017814s)
[2019.05.27-18.35.46:218][657]LogAIModule: Creating AISystem for world FirstPersonExampleMap
[2019.05.27-18.35.46:218][657]LogPlayLevel: PIE: World Init took: (0.001178s)
[2019.05.27-18.35.46:218][657]LogPlayLevel: PIE: Created PIE world by copying editor world from /Game/FirstPersonCPP/Maps/FirstPersonExampleMap.FirstPersonExampleMap to /Game/FirstPersonCPP/Maps/UEDPIE_0_FirstPersonExampleMap.FirstPersonExampleMap (0.019790s)
[2019.05.27-18.35.46:253][657]LogUObjectHash: Compacting FUObjectHashTables data took   1.34ms
[2019.05.27-18.35.46:270][657]LogInit: XAudio2 using 'Lautsprecher (Realtek High Definition Audio)' : 2 channels at 48 kHz using 32 bits per sample (channel mask 0x3)
[2019.05.27-18.35.46:290][657]LogInit: FAudioDevice initialized.
[2019.05.27-18.35.46:343][657]LogLoad: Game class is 'CPP_PointCloudsVR_22GameMode'
[2019.05.27-18.35.46:351][657]LogWorld: Bringing World /Game/FirstPersonCPP/Maps/UEDPIE_0_FirstPersonExampleMap.FirstPersonExampleMap up for play (max tick rate 0) at 2019.05.27-20.35.46
[2019.05.27-18.35.46:351][657]LogWorld: Bringing up level for play took: 0.005218
[2019.05.27-18.35.46:375][657]LogContentBrowser: Native class hierarchy updated for 'MovieSceneCapture' in 0.0006 seconds. Added 20 classes and 0 folders.
[2019.05.27-18.35.46:376][657]LogSlate: New Slate User Created.  User Index 8, Is Virtual User: 1
[2019.05.27-18.35.46:376][657]LogSlate: Slate User Registered.  User Index 8, Is Virtual User: 1
[2019.05.27-18.35.46:382][657]PIE: Play in editor start time for /Game/FirstPersonCPP/Maps/UEDPIE_0_FirstPersonExampleMap 0,018
[2019.05.27-18.35.46:383][657]LogBlueprintUserMessages: Late PlayInEditor Detection: Level '/Game/FirstPersonCPP/Maps/FirstPersonExampleMap.FirstPersonExampleMap:PersistentLevel' has LevelScriptBlueprint '/Game/FirstPersonCPP/Maps/FirstPersonExampleMap.FirstPersonExampleMap:PersistentLevel.FirstPersonExampleMap' with GeneratedClass '/Game/FirstPersonCPP/Maps/FirstPersonExampleMap.FirstPersonExampleMap_C' with ClassGeneratedBy '/Game/FirstPersonCPP/Maps/FirstPersonExampleMap.FirstPersonExampleMap:PersistentLevel.FirstPersonExampleMap'
[2019.05.27-18.35.59:318][145]LogBlueprintUserMessages: Early EndPlayMap Detection: Level '/Game/FirstPersonCPP/Maps/FirstPersonExampleMap.FirstPersonExampleMap:PersistentLevel' has LevelScriptBlueprint '/Game/FirstPersonCPP/Maps/FirstPersonExampleMap.FirstPersonExampleMap:PersistentLevel.FirstPersonExampleMap' with GeneratedClass '/Game/FirstPersonCPP/Maps/FirstPersonExampleMap.FirstPersonExampleMap_C' with ClassGeneratedBy '/Game/FirstPersonCPP/Maps/FirstPersonExampleMap.FirstPersonExampleMap:PersistentLevel.FirstPersonExampleMap'
[2019.05.27-18.35.59:318][145]LogSlate: Updating window title bar state: overlay mode, drag disabled, window buttons hidden, title bar hidden
[2019.05.27-18.35.59:359][145]LogPlayLevel: Display: Shutting down PIE online subsystems
[2019.05.27-18.35.59:359][145]LogBlueprintUserMessages: Late EndPlayMap Detection: Level '/Game/FirstPersonCPP/Maps/FirstPersonExampleMap.FirstPersonExampleMap:PersistentLevel' has LevelScriptBlueprint '/Game/FirstPersonCPP/Maps/FirstPersonExampleMap.FirstPersonExampleMap:PersistentLevel.FirstPersonExampleMap' with GeneratedClass '/Game/FirstPersonCPP/Maps/FirstPersonExampleMap.FirstPersonExampleMap_C' with ClassGeneratedBy '/Game/FirstPersonCPP/Maps/FirstPersonExampleMap.FirstPersonExampleMap:PersistentLevel.FirstPersonExampleMap'
[2019.05.27-18.35.59:395][145]LogSlate: Updating window title bar state: overlay mode, drag disabled, window buttons hidden, title bar hidden
[2019.05.27-18.35.59:397][145]LogSlate: Slate User Unregistered.  User Index 8
[2019.05.27-18.35.59:397][145]LogSlate: Slate User Destroyed.  User Index 8, Is Virtual User: 1
[2019.05.27-18.35.59:399][145]LogUObjectHash: Compacting FUObjectHashTables data took   1.72ms
[2019.05.27-18.35.59:465][146]LogPlayLevel: Display: Destroying online subsystem :Context_1
[2019.05.27-18.36.00:841][289]LogSlate: FSceneViewport::OnFocusLost() reason 2
[2019.05.27-18.36.02:867][528]LogTemp: Repeating last play command: Selected Viewport
[2019.05.27-18.36.02:879][528]LogBlueprintUserMessages: Early PlayInEditor Detection: Level '/Game/FirstPersonCPP/Maps/FirstPersonExampleMap.FirstPersonExampleMap:PersistentLevel' has LevelScriptBlueprint '/Game/FirstPersonCPP/Maps/FirstPersonExampleMap.FirstPersonExampleMap:PersistentLevel.FirstPersonExampleMap' with GeneratedClass '/Game/FirstPersonCPP/Maps/FirstPersonExampleMap.FirstPersonExampleMap_C' with ClassGeneratedBy '/Game/FirstPersonCPP/Maps/FirstPersonExampleMap.FirstPersonExampleMap:PersistentLevel.FirstPersonExampleMap'
[2019.05.27-18.36.02:879][528]LogPlayLevel: PlayLevel: No blueprints needed recompiling
[2019.05.27-18.36.02:879][528]PIE: New page: PIE session: FirstPersonExampleMap (27.05.2019 22:36:02)
[2019.05.27-18.36.02:879][528]LogPlayLevel: Creating play world package: /Game/FirstPersonCPP/Maps/UEDPIE_0_FirstPersonExampleMap
[2019.05.27-18.36.02:898][528]LogPlayLevel: PIE: StaticDuplicateObject took: (0.017802s)
[2019.05.27-18.36.02:899][528]LogAIModule: Creating AISystem for world FirstPersonExampleMap
[2019.05.27-18.36.02:900][528]LogPlayLevel: PIE: World Init took: (0.001250s)
[2019.05.27-18.36.02:900][528]LogPlayLevel: PIE: Created PIE world by copying editor world from /Game/FirstPersonCPP/Maps/FirstPersonExampleMap.FirstPersonExampleMap to /Game/FirstPersonCPP/Maps/UEDPIE_0_FirstPersonExampleMap.FirstPersonExampleMap (0.020453s)
[2019.05.27-18.36.02:935][528]LogUObjectHash: Compacting FUObjectHashTables data took   1.54ms
[2019.05.27-18.36.02:961][528]LogInit: XAudio2 using 'Lautsprecher (Realtek High Definition Audio)' : 2 channels at 48 kHz using 32 bits per sample (channel mask 0x3)
[2019.05.27-18.36.02:986][528]LogInit: FAudioDevice initialized.
[2019.05.27-18.36.03:025][528]LogLoad: Game class is 'CPP_PointCloudsVR_22GameMode'
[2019.05.27-18.36.03:028][528]LogWorld: Bringing World /Game/FirstPersonCPP/Maps/UEDPIE_0_FirstPersonExampleMap.FirstPersonExampleMap up for play (max tick rate 0) at 2019.05.27-20.36.03
[2019.05.27-18.36.03:029][528]LogWorld: Bringing up level for play took: 0.003114
[2019.05.27-18.36.03:044][528]LogSlate: New Slate User Created.  User Index 8, Is Virtual User: 1
[2019.05.27-18.36.03:045][528]LogSlate: Slate User Registered.  User Index 8, Is Virtual User: 1
[2019.05.27-18.36.03:049][528]PIE: Play in editor start time for /Game/FirstPersonCPP/Maps/UEDPIE_0_FirstPersonExampleMap 0,685
[2019.05.27-18.36.03:049][528]LogBlueprintUserMessages: Late PlayInEditor Detection: Level '/Game/FirstPersonCPP/Maps/FirstPersonExampleMap.FirstPersonExampleMap:PersistentLevel' has LevelScriptBlueprint '/Game/FirstPersonCPP/Maps/FirstPersonExampleMap.FirstPersonExampleMap:PersistentLevel.FirstPersonExampleMap' with GeneratedClass '/Game/FirstPersonCPP/Maps/FirstPersonExampleMap.FirstPersonExampleMap_C' with ClassGeneratedBy '/Game/FirstPersonCPP/Maps/FirstPersonExampleMap.FirstPersonExampleMap:PersistentLevel.FirstPersonExampleMap'
[2019.05.27-18.36.05:224][769]LogSlate: FSceneViewport::OnFocusLost() reason 2
[2019.05.27-18.36.08:295][ 95]LogTemp: Warning: [LOD4] Cells: 1, MinPoints: 6251, MaxPoints: 6251, TotalPoints: 6251
[2019.05.27-18.36.08:296][ 95]LogTemp: Warning: [LOD3] Cells: 8, MinPoints: 1533, MaxPoints: 1596, TotalPoints: 12504
[2019.05.27-18.36.08:296][ 95]LogTemp: Warning: [LOD2] Cells: 64, MinPoints: 366, MaxPoints: 431, TotalPoints: 25024
[2019.05.27-18.36.08:296][ 95]LogTemp: Warning: [LOD1] Cells: 512, MinPoints: 78, MaxPoints: 119, TotalPoints: 50119
[2019.05.27-18.36.08:296][ 95]LogTemp: Warning: [LOD0] Cells: 4096, MinPoints: 14, MaxPoints: 41, TotalPoints: 12469
[2019.05.27-18.36.12:547][575]LogSlate: FSceneViewport::OnFocusLost() reason 2
[2019.05.27-18.36.15:048][868]LogBlueprintUserMessages: [WBP_SelectionController] Start new Selection
[2019.05.27-18.36.39:222][614]LogSlate: FSceneViewport::OnFocusLost() reason 2
[2019.05.27-18.36.47:306][445]LogSlate: FSceneViewport::OnFocusLost() reason 2
[2019.05.27-18.36.51:156][855]LogTemp: Warning: [LOD4] Cells: 1, MinPoints: 6251, MaxPoints: 6251, TotalPoints: 6251
[2019.05.27-18.36.51:156][855]LogTemp: Warning: [LOD3] Cells: 8, MinPoints: 1533, MaxPoints: 1596, TotalPoints: 12504
[2019.05.27-18.36.51:156][855]LogTemp: Warning: [LOD2] Cells: 64, MinPoints: 366, MaxPoints: 431, TotalPoints: 25024
[2019.05.27-18.36.51:156][855]LogTemp: Warning: [LOD1] Cells: 512, MinPoints: 78, MaxPoints: 119, TotalPoints: 50119
[2019.05.27-18.36.51:156][855]LogTemp: Warning: [LOD0] Cells: 4096, MinPoints: 14, MaxPoints: 41, TotalPoints: 12469
[2019.05.27-18.37.03:963][266]LogSlate: FSceneViewport::OnFocusLost() reason 2
[2019.05.27-18.37.11:500][884]LogSlate: FSceneViewport::OnFocusLost() reason 2
[2019.05.27-18.37.15:244][139]LogTemp: Warning: [LOD4] Cells: 1, MinPoints: 6251, MaxPoints: 6251, TotalPoints: 6251
[2019.05.27-18.37.15:245][139]LogTemp: Warning: [LOD3] Cells: 8, MinPoints: 1533, MaxPoints: 1596, TotalPoints: 12504
[2019.05.27-18.37.15:245][139]LogTemp: Warning: [LOD2] Cells: 64, MinPoints: 366, MaxPoints: 431, TotalPoints: 25024
[2019.05.27-18.37.15:245][139]LogTemp: Warning: [LOD1] Cells: 512, MinPoints: 78, MaxPoints: 119, TotalPoints: 50119
[2019.05.27-18.37.15:245][139]LogTemp: Warning: [LOD0] Cells: 4096, MinPoints: 14, MaxPoints: 41, TotalPoints: 12469
[2019.05.27-18.37.22:020][822]LogBlueprintUserMessages: Early EndPlayMap Detection: Level '/Game/FirstPersonCPP/Maps/FirstPersonExampleMap.FirstPersonExampleMap:PersistentLevel' has LevelScriptBlueprint '/Game/FirstPersonCPP/Maps/FirstPersonExampleMap.FirstPersonExampleMap:PersistentLevel.FirstPersonExampleMap' with GeneratedClass '/Game/FirstPersonCPP/Maps/FirstPersonExampleMap.FirstPersonExampleMap_C' with ClassGeneratedBy '/Game/FirstPersonCPP/Maps/FirstPersonExampleMap.FirstPersonExampleMap:PersistentLevel.FirstPersonExampleMap'
[2019.05.27-18.37.22:021][822]LogSlate: Updating window title bar state: overlay mode, drag disabled, window buttons hidden, title bar hidden
[2019.05.27-18.37.22:072][822]LogPlayLevel: Display: Shutting down PIE online subsystems
[2019.05.27-18.37.22:072][822]LogBlueprintUserMessages: Late EndPlayMap Detection: Level '/Game/FirstPersonCPP/Maps/FirstPersonExampleMap.FirstPersonExampleMap:PersistentLevel' has LevelScriptBlueprint '/Game/FirstPersonCPP/Maps/FirstPersonExampleMap.FirstPersonExampleMap:PersistentLevel.FirstPersonExampleMap' with GeneratedClass '/Game/FirstPersonCPP/Maps/FirstPersonExampleMap.FirstPersonExampleMap_C' with ClassGeneratedBy '/Game/FirstPersonCPP/Maps/FirstPersonExampleMap.FirstPersonExampleMap:PersistentLevel.FirstPersonExampleMap'
[2019.05.27-18.37.22:115][822]LogSlate: Updating window title bar state: overlay mode, drag disabled, window buttons hidden, title bar hidden
[2019.05.27-18.37.22:119][822]LogSlate: Slate User Unregistered.  User Index 8
[2019.05.27-18.37.22:119][822]LogSlate: Slate User Destroyed.  User Index 8, Is Virtual User: 1
[2019.05.27-18.37.22:121][822]LogUObjectHash: Compacting FUObjectHashTables data took   1.48ms
[2019.05.27-18.37.22:203][823]LogPlayLevel: Display: Destroying online subsystem :Context_2
[2019.05.27-18.37.24:171][ 46]LogSlate: FSceneViewport::OnFocusLost() reason 0
[2019.05.27-18.37.24:238][ 54]LogTemp: Repeating last play command: Selected Viewport
[2019.05.27-18.37.24:250][ 54]LogBlueprintUserMessages: Early PlayInEditor Detection: Level '/Game/FirstPersonCPP/Maps/FirstPersonExampleMap.FirstPersonExampleMap:PersistentLevel' has LevelScriptBlueprint '/Game/FirstPersonCPP/Maps/FirstPersonExampleMap.FirstPersonExampleMap:PersistentLevel.FirstPersonExampleMap' with GeneratedClass '/Game/FirstPersonCPP/Maps/FirstPersonExampleMap.FirstPersonExampleMap_C' with ClassGeneratedBy '/Game/FirstPersonCPP/Maps/FirstPersonExampleMap.FirstPersonExampleMap:PersistentLevel.FirstPersonExampleMap'
[2019.05.27-18.37.24:251][ 54]LogPlayLevel: PlayLevel: No blueprints needed recompiling
[2019.05.27-18.37.24:251][ 54]PIE: New page: PIE session: FirstPersonExampleMap (27.05.2019 22:37:24)
[2019.05.27-18.37.24:251][ 54]LogPlayLevel: Creating play world package: /Game/FirstPersonCPP/Maps/UEDPIE_0_FirstPersonExampleMap
[2019.05.27-18.37.24:264][ 54]LogPlayLevel: PIE: StaticDuplicateObject took: (0.012304s)
[2019.05.27-18.37.24:265][ 54]LogAIModule: Creating AISystem for world FirstPersonExampleMap
[2019.05.27-18.37.24:265][ 54]LogPlayLevel: PIE: World Init took: (0.001305s)
[2019.05.27-18.37.24:265][ 54]LogPlayLevel: PIE: Created PIE world by copying editor world from /Game/FirstPersonCPP/Maps/FirstPersonExampleMap.FirstPersonExampleMap to /Game/FirstPersonCPP/Maps/UEDPIE_0_FirstPersonExampleMap.FirstPersonExampleMap (0.014105s)
[2019.05.27-18.37.24:294][ 54]LogUObjectHash: Compacting FUObjectHashTables data took   1.16ms
[2019.05.27-18.37.24:312][ 54]LogInit: XAudio2 using 'Lautsprecher (Realtek High Definition Audio)' : 2 channels at 48 kHz using 32 bits per sample (channel mask 0x3)
[2019.05.27-18.37.24:335][ 54]LogInit: FAudioDevice initialized.
[2019.05.27-18.37.24:372][ 54]LogLoad: Game class is 'CPP_PointCloudsVR_22GameMode'
[2019.05.27-18.37.24:375][ 54]LogWorld: Bringing World /Game/FirstPersonCPP/Maps/UEDPIE_0_FirstPersonExampleMap.FirstPersonExampleMap up for play (max tick rate 0) at 2019.05.27-20.37.24
[2019.05.27-18.37.24:376][ 54]LogWorld: Bringing up level for play took: 0.002298
[2019.05.27-18.37.24:391][ 54]LogSlate: New Slate User Created.  User Index 8, Is Virtual User: 1
[2019.05.27-18.37.24:391][ 54]LogSlate: Slate User Registered.  User Index 8, Is Virtual User: 1
[2019.05.27-18.37.24:396][ 54]PIE: Play in editor start time for /Game/FirstPersonCPP/Maps/UEDPIE_0_FirstPersonExampleMap 0,033
[2019.05.27-18.37.24:397][ 54]LogBlueprintUserMessages: Late PlayInEditor Detection: Level '/Game/FirstPersonCPP/Maps/FirstPersonExampleMap.FirstPersonExampleMap:PersistentLevel' has LevelScriptBlueprint '/Game/FirstPersonCPP/Maps/FirstPersonExampleMap.FirstPersonExampleMap:PersistentLevel.FirstPersonExampleMap' with GeneratedClass '/Game/FirstPersonCPP/Maps/FirstPersonExampleMap.FirstPersonExampleMap_C' with ClassGeneratedBy '/Game/FirstPersonCPP/Maps/FirstPersonExampleMap.FirstPersonExampleMap:PersistentLevel.FirstPersonExampleMap'
[2019.05.27-18.37.30:171][723]LogSlate: FSceneViewport::OnFocusLost() reason 2
[2019.05.27-18.37.38:869][261]LogSlate: FSceneViewport::OnFocusLost() reason 2
[2019.05.27-18.37.45:184][574]LogTemp: Warning: [LOD10] Cells: 1, MinPoints: 1469, MaxPoints: 1469, TotalPoints: 1469
[2019.05.27-18.37.45:185][574]LogTemp: Warning: [LOD9] Cells: 8, MinPoints: 4, MaxPoints: 1349, TotalPoints: 2942
[2019.05.27-18.37.45:185][574]LogTemp: Warning: [LOD8] Cells: 25, MinPoints: 1, MaxPoints: 2643, TotalPoints: 5887
[2019.05.27-18.37.45:185][574]LogTemp: Warning: [LOD7] Cells: 61, MinPoints: 1, MaxPoints: 4834, TotalPoints: 11779
[2019.05.27-18.37.45:185][574]LogTemp: Warning: [LOD6] Cells: 204, MinPoints: 1, MaxPoints: 4761, TotalPoints: 23605
[2019.05.27-18.37.45:185][574]LogTemp: Warning: [LOD5] Cells: 690, MinPoints: 1, MaxPoints: 3491, TotalPoints: 47352
[2019.05.27-18.37.45:185][574]LogTemp: Warning: [LOD4] Cells: 2258, MinPoints: 1, MaxPoints: 2349, TotalPoints: 95054
[2019.05.27-18.37.45:185][574]LogTemp: Warning: [LOD3] Cells: 7194, MinPoints: 1, MaxPoints: 1570, TotalPoints: 190772
[2019.05.27-18.37.45:186][574]LogTemp: Warning: [LOD2] Cells: 20671, MinPoints: 1, MaxPoints: 715, TotalPoints: 379858
[2019.05.27-18.37.45:186][574]LogTemp: Warning: [LOD1] Cells: 48685, MinPoints: 2, MaxPoints: 472, TotalPoints: 736680
[2019.05.27-18.37.45:186][574]LogTemp: Warning: [LOD0] Cells: 96803, MinPoints: 3, MaxPoints: 302, TotalPoints: 357275
[2019.05.27-18.37.54:188][571]LogScript: Warning: Script Msg: No world was found for object (/Engine/Transient.PointCloud_0) passed in to UEngine::GetWorldFromContextObject().
[2019.05.27-18.37.54:189][571]LogScript: Warning: Script Msg: No world was found for object (/Engine/Transient.PointCloud_0) passed in to UEngine::GetWorldFromContextObject().
[2019.05.27-18.37.54:189][571]LogScript: Warning: Script Msg: No world was found for object (/Engine/Transient.PointCloud_0) passed in to UEngine::GetWorldFromContextObject().
[2019.05.27-18.37.54:189][571]LogScript: Warning: Script Msg: No world was found for object (/Engine/Transient.PointCloud_0) passed in to UEngine::GetWorldFromContextObject().
[2019.05.27-18.37.54:189][571]LogScript: Warning: Script Msg: No world was found for object (/Engine/Transient.PointCloud_0) passed in to UEngine::GetWorldFromContextObject().
[2019.05.27-18.37.54:190][571]LogScript: Warning: Script Msg: No world was found for object (/Engine/Transient.PointCloud_0) passed in to UEngine::GetWorldFromContextObject().
[2019.05.27-18.37.54:190][571]LogScript: Warning: Script Msg: No world was found for object (/Engine/Transient.PointCloud_0) passed in to UEngine::GetWorldFromContextObject().
[2019.05.27-18.37.54:190][571]LogScript: Warning: Script Msg: No world was found for object (/Engine/Transient.PointCloud_0) passed in to UEngine::GetWorldFromContextObject().
[2019.05.27-18.37.54:190][571]LogScript: Warning: Script Msg: No world was found for object (/Engine/Transient.PointCloud_0) passed in to UEngine::GetWorldFromContextObject().
[2019.05.27-18.37.54:191][571]LogScript: Warning: Script Msg: No world was found for object (/Engine/Transient.PointCloud_0) passed in to UEngine::GetWorldFromContextObject().
[2019.05.27-18.37.54:191][571]LogScript: Warning: Script Msg: No world was found for object (/Engine/Transient.PointCloud_0) passed in to UEngine::GetWorldFromContextObject().
[2019.05.27-18.37.54:191][571]LogScript: Warning: Script Msg: No world was found for object (/Engine/Transient.PointCloud_0) passed in to UEngine::GetWorldFromContextObject().
[2019.05.27-18.37.54:191][571]LogScript: Warning: Script Msg: No world was found for object (/Engine/Transient.PointCloud_0) passed in to UEngine::GetWorldFromContextObject().
[2019.05.27-18.37.54:191][571]LogScript: Warning: Script Msg: No world was found for object (/Engine/Transient.PointCloud_0) passed in to UEngine::GetWorldFromContextObject().
[2019.05.27-18.37.54:191][571]LogScript: Warning: Script Msg: No world was found for object (/Engine/Transient.PointCloud_0) passed in to UEngine::GetWorldFromContextObject().
[2019.05.27-18.37.54:191][571]LogScript: Warning: Script Msg: No world was found for object (/Engine/Transient.PointCloud_0) passed in to UEngine::GetWorldFromContextObject().
[2019.05.27-18.37.54:191][571]LogScript: Warning: Script Msg: No world was found for object (/Engine/Transient.PointCloud_0) passed in to UEngine::GetWorldFromContextObject().
[2019.05.27-18.37.54:192][571]LogScript: Warning: Script Msg: No world was found for object (/Engine/Transient.PointCloud_0) passed in to UEngine::GetWorldFromContextObject().
[2019.05.27-18.37.54:192][571]LogScript: Warning: Script Msg: No world was found for object (/Engine/Transient.PointCloud_0) passed in to UEngine::GetWorldFromContextObject().
[2019.05.27-18.37.54:192][571]LogScript: Warning: Script Msg: No world was found for object (/Engine/Transient.PointCloud_0) passed in to UEngine::GetWorldFromContextObject().
[2019.05.27-18.37.54:192][571]LogScript: Warning: Script Msg: No world was found for object (/Engine/Transient.PointCloud_0) passed in to UEngine::GetWorldFromContextObject().
[2019.05.27-18.37.54:192][571]LogScript: Warning: Script Msg: No world was found for object (/Engine/Transient.PointCloud_0) passed in to UEngine::GetWorldFromContextObject().
[2019.05.27-18.37.54:192][571]LogScript: Warning: Script Msg: No world was found for object (/Engine/Transient.PointCloud_0) passed in to UEngine::GetWorldFromContextObject().
[2019.05.27-18.37.54:192][571]LogScript: Warning: Script Msg: No world was found for object (/Engine/Transient.PointCloud_0) passed in to UEngine::GetWorldFromContextObject().
[2019.05.27-18.37.54:192][571]LogScript: Warning: Script Msg: No world was found for object (/Engine/Transient.PointCloud_0) passed in to UEngine::GetWorldFromContextObject().
[2019.05.27-18.37.54:192][571]LogScript: Warning: Script Msg: No world was found for object (/Engine/Transient.PointCloud_0) passed in to UEngine::GetWorldFromContextObject().
[2019.05.27-18.37.54:192][571]LogScript: Warning: Script Msg: No world was found for object (/Engine/Transient.PointCloud_0) passed in to UEngine::GetWorldFromContextObject().
[2019.05.27-18.37.54:192][571]LogScript: Warning: Script Msg: No world was found for object (/Engine/Transient.PointCloud_0) passed in to UEngine::GetWorldFromContextObject().
[2019.05.27-18.37.54:193][571]LogScript: Warning: Script Msg: No world was found for object (/Engine/Transient.PointCloud_0) passed in to UEngine::GetWorldFromContextObject().
[2019.05.27-18.37.54:193][571]LogScript: Warning: Script Msg: No world was found for object (/Engine/Transient.PointCloud_0) passed in to UEngine::GetWorldFromContextObject().
[2019.05.27-18.37.54:193][571]LogScript: Warning: Script Msg: No world was found for object (/Engine/Transient.PointCloud_0) passed in to UEngine::GetWorldFromContextObject().
[2019.05.27-18.37.54:193][571]LogScript: Warning: Script Msg: No world was found for object (/Engine/Transient.PointCloud_0) passed in to UEngine::GetWorldFromContextObject().
[2019.05.27-18.37.54:193][571]LogScript: Warning: Script Msg: No world was found for object (/Engine/Transient.PointCloud_0) passed in to UEngine::GetWorldFromContextObject().
[2019.05.27-18.38.02:568][509]LogScript: Warning: Script Msg: No world was found for object (/Engine/Transient.PointCloud_0) passed in to UEngine::GetWorldFromContextObject().
[2019.05.27-18.38.02:568][509]LogScript: Warning: Script Msg: No world was found for object (/Engine/Transient.PointCloud_0) passed in to UEngine::GetWorldFromContextObject().
[2019.05.27-18.38.02:569][509]LogScript: Warning: Script Msg: No world was found for object (/Engine/Transient.PointCloud_0) passed in to UEngine::GetWorldFromContextObject().
[2019.05.27-18.38.02:569][509]LogScript: Warning: Script Msg: No world was found for object (/Engine/Transient.PointCloud_0) passed in to UEngine::GetWorldFromContextObject().
[2019.05.27-18.38.02:570][509]LogScript: Warning: Script Msg: No world was found for object (/Engine/Transient.PointCloud_0) passed in to UEngine::GetWorldFromContextObject().
[2019.05.27-18.38.02:570][509]LogScript: Warning: Script Msg: No world was found for object (/Engine/Transient.PointCloud_0) passed in to UEngine::GetWorldFromContextObject().
[2019.05.27-18.38.02:571][509]LogScript: Warning: Script Msg: No world was found for object (/Engine/Transient.PointCloud_0) passed in to UEngine::GetWorldFromContextObject().
[2019.05.27-18.38.02:571][509]LogScript: Warning: Script Msg: No world was found for object (/Engine/Transient.PointCloud_0) passed in to UEngine::GetWorldFromContextObject().
[2019.05.27-18.38.02:571][509]LogScript: Warning: Script Msg: No world was found for object (/Engine/Transient.PointCloud_0) passed in to UEngine::GetWorldFromContextObject().
[2019.05.27-18.38.02:571][509]LogScript: Warning: Script Msg: No world was found for object (/Engine/Transient.PointCloud_0) passed in to UEngine::GetWorldFromContextObject().
[2019.05.27-18.38.02:571][509]LogScript: Warning: Script Msg: No world was found for object (/Engine/Transient.PointCloud_0) passed in to UEngine::GetWorldFromContextObject().
[2019.05.27-18.38.02:571][509]LogScript: Warning: Script Msg: No world was found for object (/Engine/Transient.PointCloud_0) passed in to UEngine::GetWorldFromContextObject().
[2019.05.27-18.38.02:571][509]LogScript: Warning: Script Msg: No world was found for object (/Engine/Transient.PointCloud_0) passed in to UEngine::GetWorldFromContextObject().
[2019.05.27-18.38.02:571][509]LogScript: Warning: Script Msg: No world was found for object (/Engine/Transient.PointCloud_0) passed in to UEngine::GetWorldFromContextObject().
[2019.05.27-18.38.02:572][509]LogScript: Warning: Script Msg: No world was found for object (/Engine/Transient.PointCloud_0) passed in to UEngine::GetWorldFromContextObject().
[2019.05.27-18.38.02:572][509]LogScript: Warning: Script Msg: No world was found for object (/Engine/Transient.PointCloud_0) passed in to UEngine::GetWorldFromContextObject().
[2019.05.27-18.38.06:730][986]LogSlate: FSceneViewport::OnFocusLost() reason 2
