Log file open, 05/15/19 12:48:41
LogWindows: Failed to load 'aqProf.dll' (GetLastError=126)
LogWindows: File 'aqProf.dll' does not exist
LogWindows: Failed to load 'VtuneApi.dll' (GetLastError=126)
LogWindows: File 'VtuneApi.dll' does not exist
LogWindows: Failed to load 'VtuneApi32e.dll' (GetLastError=126)
LogWindows: File 'VtuneApi32e.dll' does not exist
LogConsoleResponse: Display: Failed to find resolution value strings in scalability ini. Falling back to default.
LogInit: Display: Running engine for game: CPP_PointCloudsVR_22
LogPakFile: Registered encryption key '00000000000000000000000000000000': 0 pak files mounted, 0 remain pending
LogPlatformFile: Not using cached read wrapper
LogTaskGraph: Started task graph with 5 named threads and 23 total threads with 3 sets of task threads.
LogStats: Stats thread started at 0.404643
LogD3D11RHI: Loaded GFSDK_Aftermath_Lib.x64.dll
LogICUInternationalization: ICU TimeZone Detection - Raw Offset: +1:00, Platform Override: ''
LogPluginManager: Mounting plugin Paper2D
LogPluginManager: Mounting plugin AISupport
LogPluginManager: Mounting plugin LightPropagationVolume
LogPluginManager: Mounting plugin ActorLayerUtilities
LogPluginManager: Mounting plugin AnimationSharing
LogPluginManager: Mounting plugin CLionSourceCodeAccess
LogPluginManager: Mounting plugin CodeLiteSourceCodeAccess
LogPluginManager: Mounting plugin GitSourceControl
LogPluginManager: Mounting plugin KDevelopSourceCodeAccess
LogPluginManager: Mounting plugin NullSourceCodeAccess
LogPluginManager: Mounting plugin PerforceSourceControl
LogPluginManager: Mounting plugin SubversionSourceControl
LogPluginManager: Mounting plugin UObjectPlugin
LogPluginManager: Mounting plugin VisualStudioCodeSourceCodeAccess
LogPluginManager: Mounting plugin VisualStudioSourceCodeAccess
LogPluginManager: Mounting plugin XCodeSourceCodeAccess
LogPluginManager: Mounting plugin AssetManagerEditor
LogPluginManager: Mounting plugin CryptoKeys
LogPluginManager: Mounting plugin DataValidation
LogPluginManager: Mounting plugin EditorScriptingUtilities
LogPluginManager: Mounting plugin FacialAnimation
LogPluginManager: Mounting plugin GameplayTagsEditor
LogPluginManager: Mounting plugin GLTFImporter
LogPluginManager: Mounting plugin MacGraphicsSwitching
LogPluginManager: Mounting plugin MaterialAnalyzer
LogPluginManager: Mounting plugin MeshEditor
LogPluginManager: Mounting plugin MobileLauncherProfileWizard
LogPluginManager: Mounting plugin PluginBrowser
LogPluginManager: Mounting plugin SpeedTreeImporter
LogPluginManager: Mounting plugin DatasmithContent
LogPluginManager: Mounting plugin VariantManagerContent
LogPluginManager: Mounting plugin AlembicImporter
LogPluginManager: Mounting plugin AppleImageUtils
LogPluginManager: Mounting plugin AppleVision
LogPluginManager: Mounting plugin BackChannel
LogPluginManager: Mounting plugin BlastPlugin
LogPluginManager: Mounting plugin ChaosSolverPlugin
LogPluginManager: Mounting plugin CharacterAI
LogPluginManager: Mounting plugin GeometryCache
LogPluginManager: Mounting plugin GeometryCollectionPlugin
LogPluginManager: Mounting plugin HTML5Networking
LogPluginManager: Mounting plugin ProxyLODPlugin
LogPluginManager: Mounting plugin SkeletalReduction
LogPluginManager: Mounting plugin MagicLeap
LogPluginManager: Mounting plugin MagicLeapMedia
LogPluginManager: Mounting plugin AndroidMedia
LogPluginManager: Mounting plugin AvfMedia
LogPluginManager: Mounting plugin ImgMedia
LogPluginManager: Mounting plugin LinearTimecode
LogPluginManager: Mounting plugin MediaCompositing
LogPluginManager: Mounting plugin MediaPlayerEditor
LogPluginManager: Mounting plugin WebMMedia
LogPluginManager: Mounting plugin WmfMedia
LogPluginManager: Mounting plugin TcpMessaging
LogPluginManager: Mounting plugin UdpMessaging
LogPluginManager: Mounting plugin ActorSequence
LogPluginManager: Mounting plugin LevelSequenceEditor
LogPluginManager: Mounting plugin MatineeToLevelSequence
LogPluginManager: Mounting plugin NetcodeUnitTest
LogPluginManager: Mounting plugin NUTUnrealEngine4
LogPluginManager: Mounting plugin OnlineSubsystemGooglePlay
LogPluginManager: Mounting plugin OnlineSubsystemIOS
LogPluginManager: Mounting plugin OnlineSubsystem
LogPluginManager: Mounting plugin OnlineSubsystemNull
LogPluginManager: Mounting plugin OnlineSubsystemUtils
LogPluginManager: Mounting plugin LauncherChunkInstaller
LogPluginManager: Mounting plugin AndroidDeviceProfileSelector
LogPluginManager: Mounting plugin AndroidMoviePlayer
LogPluginManager: Mounting plugin AndroidPermission
LogPluginManager: Mounting plugin AppleMoviePlayer
LogPluginManager: Mounting plugin ArchVisCharacter
LogPluginManager: Mounting plugin AudioCapture
LogPluginManager: Mounting plugin CableComponent
LogPluginManager: Mounting plugin CustomMeshComponent
LogPluginManager: Mounting plugin EditableMesh
LogPluginManager: Mounting plugin ExampleDeviceProfileSelector
LogPluginManager: Mounting plugin Firebase
LogPluginManager: Mounting plugin GoogleCloudMessaging
LogPluginManager: Mounting plugin IOSDeviceProfileSelector
LogPluginManager: Mounting plugin LinuxDeviceProfileSelector
LogPluginManager: Mounting plugin LocationServicesBPLibrary
LogPluginManager: Mounting plugin MobilePatchingUtils
LogPluginManager: Mounting plugin OculusVR
LogPluginManager: Mounting plugin PhysXVehicles
LogPluginManager: Mounting plugin ProceduralMeshComponent
LogPluginManager: Mounting plugin RuntimePhysXCooking
LogPluginManager: Mounting plugin SignificanceManager
LogPluginManager: Mounting plugin SteamVR
LogPluginManager: Mounting plugin WebMMoviePlayer
LogPluginManager: Mounting plugin WindowsMoviePlayer
LogPluginManager: Mounting plugin PointCloudPlugin
LogPluginManager: Mounting plugin DatasmithCADImporter
LogPluginManager: Mounting plugin DatasmithDataPrepEditor
LogPluginManager: Mounting plugin DatasmithFBXImporter
LogPluginManager: Mounting plugin DatasmithGLTFImporter
LogPluginManager: Mounting plugin DatasmithImporter
LogPluginManager: Mounting plugin MDLImporter
LogPluginManager: Mounting plugin StaticMeshEditorExtension
LogPluginManager: Mounting plugin VariantManager
LogInit: Using libcurl 7.55.1-DEV
LogInit:  - built for x86_64-pc-win32
LogInit:  - supports SSL with OpenSSL/1.1.1
LogInit:  - supports HTTP deflate (compression) using libz 1.2.8
LogInit:  - other features:
LogInit:      CURL_VERSION_SSL
LogInit:      CURL_VERSION_LIBZ
LogInit:      CURL_VERSION_IPV6
LogInit:      CURL_VERSION_ASYNCHDNS
LogInit:      CURL_VERSION_LARGEFILE
LogInit:      CURL_VERSION_IDN
LogInit:  CurlRequestOptions (configurable via config and command line):
LogInit:  - bVerifyPeer = true  - Libcurl will verify peer certificate
LogInit:  - bUseHttpProxy = false  - Libcurl will NOT use HTTP proxy
LogInit:  - bDontReuseConnections = false  - Libcurl will reuse connections
LogInit:  - MaxHostConnections = 16  - Libcurl will limit the number of connections to a host
LogInit:  - LocalHostAddr = Default
LogInit:  - BufferSize = 65536
LogInit: WinSock: version 1.1 (2.2), MaxSocks=32767, MaxUdp=65467
LogInit: Build: ++UE4+Release-4.22-CL-6063286
LogInit: Engine Version: 4.22.1-6063286+++UE4+Release-4.22
LogInit: Compatible Engine Version: 4.22.0-5660361+++UE4+Release-4.22
LogInit: Net CL: 5660361
LogInit: OS: Windows 10 (Release 1809) (), CPU: Intel(R) Core(TM) i7-6700HQ CPU @ 2.60GHz, GPU: Intel(R) HD Graphics 530
LogInit: Compiled (64-bit): Apr 24 2019 04:36:48
LogInit: Compiled with Visual C++: 19.16.27025.01
LogInit: Build Configuration: Development
LogInit: Branch Name: ++UE4+Release-4.22
LogInit: Command Line:  -skipcompile
LogInit: Base Directory: C:/Program Files/Epic Games/UE_4.22/Engine/Binaries/Win64/
LogInit: Installed Engine Build: 1
LogDevObjectVersion: Number of dev versions registered: 23
LogDevObjectVersion:   Dev-Blueprints (B0D832E4-1F89-4F0D-ACCF-7EB736FD4AA2): 10
LogDevObjectVersion:   Dev-Build (E1C64328-A22C-4D53-A36C-8E866417BD8C): 0
LogDevObjectVersion:   Dev-Core (375EC13C-06E4-48FB-B500-84F0262A717E): 3
LogDevObjectVersion:   Dev-Editor (E4B068ED-F494-42E9-A231-DA0B2E46BB41): 30
LogDevObjectVersion:   Dev-Framework (CFFC743F-43B0-4480-9391-14DF171D2073): 35
LogDevObjectVersion:   Dev-Mobile (B02B49B5-BB20-44E9-A304-32B752E40360): 2
LogDevObjectVersion:   Dev-Networking (A4E4105C-59A1-49B5-A7C5-40C4547EDFEE): 0
LogDevObjectVersion:   Dev-Online (39C831C9-5AE6-47DC-9A44-9C173E1C8E7C): 0
LogDevObjectVersion:   Dev-Physics (78F01B33-EBEA-4F98-B9B4-84EACCB95AA2): 0
LogDevObjectVersion:   Dev-Platform (6631380F-2D4D-43E0-8009-CF276956A95A): 0
LogDevObjectVersion:   Dev-Rendering (12F88B9F-8875-4AFC-A67C-D90C383ABD29): 28
LogDevObjectVersion:   Dev-Sequencer (7B5AE74C-D270-4C10-A958-57980B212A5A): 11
LogDevObjectVersion:   Dev-VR (D7296918-1DD6-4BDD-9DE2-64A83CC13884): 2
LogDevObjectVersion:   Dev-LoadTimes (C2A15278-BFE7-4AFE-6C17-90FF531DF755): 1
LogDevObjectVersion:   Private-Geometry (6EACA3D4-40EC-4CC1-B786-8BED09428FC5): 3
LogDevObjectVersion:   Dev-AnimPhys (29E575DD-E0A3-4627-9D10-D276232CDCEA): 17
LogDevObjectVersion:   Dev-Anim (AF43A65D-7FD3-4947-9873-3E8ED9C1BB05): 2
LogDevObjectVersion:   Dev-ReflectionCapture (6B266CEC-1EC7-4B8F-A30B-E4D90942FC07): 1
LogDevObjectVersion:   Dev-Automation (0DF73D61-A23F-47EA-B727-89E90C41499A): 1
LogDevObjectVersion:   FortniteMain (601D1886-AC64-4F84-AA16-D3DE0DEAC7D6): 25
LogDevObjectVersion:   Dev-Enterprise (9DFFBCD6-494F-0158-E221-12823C92A888): 6
LogDevObjectVersion:   Dev-Niagara (F2AED0AC-9AFE-416F-8664-AA7FFA26D6FC): 1
LogDevObjectVersion:   Dev-Destruction (174F1F0B-B4C6-45A5-B13F-2EE8D0FB917D): 2
LogInit: Presizing for max 16777216 objects, including 0 objects not considered by GC, pre-allocating 0 bytes for permanent pool.
LogInit: Object subsystem initialized
LogConfig: Setting CVar [[con.DebugEarlyDefault:1]]
LogConfig: Setting CVar [[r.setres:1280x720]]
[2019.05.15-10.48.41:663][  0]LogConfig: Setting CVar [[r.VSync:0]]
[2019.05.15-10.48.41:663][  0]LogConfig: Setting CVar [[r.RHICmdBypass:0]]
[2019.05.15-10.48.41:663][  0]LogConfig: Applying CVar settings from Section [/Script/Engine.RendererSettings] File [E:/Luk/Dokumente/GitHub/PointCloudsVR/CPP_PointCloudsVR_22/Saved/Config/Windows/Engine.ini]
[2019.05.15-10.48.41:663][  0]LogConfig: Setting CVar [[r.GPUCrashDebugging:0]]
[2019.05.15-10.48.41:663][  0]LogConfig: Applying CVar settings from Section [/Script/Engine.RendererOverrideSettings] File [E:/Luk/Dokumente/GitHub/PointCloudsVR/CPP_PointCloudsVR_22/Saved/Config/Windows/Engine.ini]
[2019.05.15-10.48.41:663][  0]LogConfig: Applying CVar settings from Section [/Script/Engine.StreamingSettings] File [E:/Luk/Dokumente/GitHub/PointCloudsVR/CPP_PointCloudsVR_22/Saved/Config/Windows/Engine.ini]
[2019.05.15-10.48.41:663][  0]LogConfig: Setting CVar [[s.MinBulkDataSizeForAsyncLoading:131072]]
[2019.05.15-10.48.41:664][  0]LogConfig: Setting CVar [[s.AsyncLoadingThreadEnabled:0]]
[2019.05.15-10.48.41:664][  0]LogConfig: Setting CVar [[s.EventDrivenLoaderEnabled:1]]
[2019.05.15-10.48.41:664][  0]LogConfig: Setting CVar [[s.WarnIfTimeLimitExceeded:0]]
[2019.05.15-10.48.41:664][  0]LogConfig: Setting CVar [[s.TimeLimitExceededMultiplier:1.5]]
[2019.05.15-10.48.41:664][  0]LogConfig: Setting CVar [[s.TimeLimitExceededMinTime:0.005]]
[2019.05.15-10.48.41:664][  0]LogConfig: Setting CVar [[s.UseBackgroundLevelStreaming:1]]
[2019.05.15-10.48.41:664][  0]LogConfig: Setting CVar [[s.PriorityAsyncLoadingExtraTime:15.0]]
[2019.05.15-10.48.41:664][  0]LogConfig: Setting CVar [[s.LevelStreamingActorsUpdateTimeLimit:5.0]]
[2019.05.15-10.48.41:664][  0]LogConfig: Setting CVar [[s.PriorityLevelStreamingActorsUpdateExtraTime:5.0]]
[2019.05.15-10.48.41:664][  0]LogConfig: Setting CVar [[s.LevelStreamingComponentsRegistrationGranularity:10]]
[2019.05.15-10.48.41:665][  0]LogConfig: Setting CVar [[s.UnregisterComponentsTimeLimit:1.0]]
[2019.05.15-10.48.41:665][  0]LogConfig: Setting CVar [[s.LevelStreamingComponentsUnregistrationGranularity:5]]
[2019.05.15-10.48.41:665][  0]LogConfig: Applying CVar settings from Section [/Script/Engine.GarbageCollectionSettings] File [E:/Luk/Dokumente/GitHub/PointCloudsVR/CPP_PointCloudsVR_22/Saved/Config/Windows/Engine.ini]
[2019.05.15-10.48.41:665][  0]LogConfig: Setting CVar [[gc.MaxObjectsNotConsideredByGC:1]]
[2019.05.15-10.48.41:665][  0]LogConfig: Setting CVar [[gc.SizeOfPermanentObjectPool:0]]
[2019.05.15-10.48.41:665][  0]LogConfig: Setting CVar [[gc.FlushStreamingOnGC:0]]
[2019.05.15-10.48.41:665][  0]LogConfig: Setting CVar [[gc.NumRetriesBeforeForcingGC:10]]
[2019.05.15-10.48.41:665][  0]LogConfig: Setting CVar [[gc.AllowParallelGC:1]]
[2019.05.15-10.48.41:665][  0]LogConfig: Setting CVar [[gc.TimeBetweenPurgingPendingKillObjects:61.1]]
[2019.05.15-10.48.41:666][  0]LogConfig: Setting CVar [[gc.MaxObjectsInEditor:16777216]]
[2019.05.15-10.48.41:666][  0]LogConfig: Setting CVar [[gc.IncrementalBeginDestroyEnabled:1]]
[2019.05.15-10.48.41:666][  0]LogConfig: Setting CVar [[gc.CreateGCClusters:1]]
[2019.05.15-10.48.41:666][  0]LogConfig: Setting CVar [[gc.MinGCClusterSize:5]]
[2019.05.15-10.48.41:666][  0]LogConfig: Setting CVar [[gc.ActorClusteringEnabled:0]]
[2019.05.15-10.48.41:666][  0]LogConfig: Setting CVar [[gc.BlueprintClusteringEnabled:0]]
[2019.05.15-10.48.41:666][  0]LogConfig: Setting CVar [[gc.UseDisregardForGCOnDedicatedServers:0]]
[2019.05.15-10.48.41:666][  0]LogConfig: Applying CVar settings from Section [/Script/Engine.NetworkSettings] File [E:/Luk/Dokumente/GitHub/PointCloudsVR/CPP_PointCloudsVR_22/Saved/Config/Windows/Engine.ini]
[2019.05.15-10.48.41:666][  0]LogConfig: Applying CVar settings from Section [/Script/UnrealEd.CookerSettings] File [E:/Luk/Dokumente/GitHub/PointCloudsVR/CPP_PointCloudsVR_22/Saved/Config/Windows/Engine.ini]
[2019.05.15-10.48.41:679][  0]LogConfig: Applying CVar settings from Section [ViewDistanceQuality@3] File [E:/Luk/Dokumente/GitHub/PointCloudsVR/CPP_PointCloudsVR_22/Saved/Config/Windows/Scalability.ini]
[2019.05.15-10.48.41:680][  0]LogConfig: Setting CVar [[r.SkeletalMeshLODBias:0]]
[2019.05.15-10.48.41:680][  0]LogConfig: Setting CVar [[r.ViewDistanceScale:1.0]]
[2019.05.15-10.48.41:680][  0]LogConfig: Applying CVar settings from Section [AntiAliasingQuality@3] File [E:/Luk/Dokumente/GitHub/PointCloudsVR/CPP_PointCloudsVR_22/Saved/Config/Windows/Scalability.ini]
[2019.05.15-10.48.41:680][  0]LogConfig: Setting CVar [[r.PostProcessAAQuality:4]]
[2019.05.15-10.48.41:680][  0]LogConfig: Applying CVar settings from Section [ShadowQuality@3] File [E:/Luk/Dokumente/GitHub/PointCloudsVR/CPP_PointCloudsVR_22/Saved/Config/Windows/Scalability.ini]
[2019.05.15-10.48.41:680][  0]LogConfig: Setting CVar [[r.LightFunctionQuality:1]]
[2019.05.15-10.48.41:680][  0]LogConfig: Setting CVar [[r.ShadowQuality:5]]
[2019.05.15-10.48.41:681][  0]LogConfig: Setting CVar [[r.Shadow.CSM.MaxCascades:10]]
[2019.05.15-10.48.41:681][  0]LogConfig: Setting CVar [[r.Shadow.MaxResolution:2048]]
[2019.05.15-10.48.41:681][  0]LogConfig: Setting CVar [[r.Shadow.MaxCSMResolution:2048]]
[2019.05.15-10.48.41:681][  0]LogConfig: Setting CVar [[r.Shadow.RadiusThreshold:0.01]]
[2019.05.15-10.48.41:681][  0]LogConfig: Setting CVar [[r.Shadow.DistanceScale:1.0]]
[2019.05.15-10.48.41:681][  0]LogConfig: Setting CVar [[r.Shadow.CSM.TransitionScale:1.0]]
[2019.05.15-10.48.41:681][  0]LogConfig: Setting CVar [[r.Shadow.PreShadowResolutionFactor:1.0]]
[2019.05.15-10.48.41:681][  0]LogConfig: Setting CVar [[r.DistanceFieldShadowing:1]]
[2019.05.15-10.48.41:681][  0]LogConfig: Setting CVar [[r.DistanceFieldAO:1]]
[2019.05.15-10.48.41:682][  0]LogConfig: Setting CVar [[r.AOQuality:2]]
[2019.05.15-10.48.41:682][  0]LogConfig: Setting CVar [[r.VolumetricFog:1]]
[2019.05.15-10.48.41:682][  0]LogConfig: Setting CVar [[r.VolumetricFog.GridPixelSize:8]]
[2019.05.15-10.48.41:682][  0]LogConfig: Setting CVar [[r.VolumetricFog.GridSizeZ:128]]
[2019.05.15-10.48.41:682][  0]LogConfig: Setting CVar [[r.VolumetricFog.HistoryMissSupersampleCount:4]]
[2019.05.15-10.48.41:682][  0]LogConfig: Setting CVar [[r.LightMaxDrawDistanceScale:1]]
[2019.05.15-10.48.41:682][  0]LogConfig: Setting CVar [[r.CapsuleShadows:1]]
[2019.05.15-10.48.41:682][  0]LogConfig: Applying CVar settings from Section [PostProcessQuality@3] File [E:/Luk/Dokumente/GitHub/PointCloudsVR/CPP_PointCloudsVR_22/Saved/Config/Windows/Scalability.ini]
[2019.05.15-10.48.41:682][  0]LogConfig: Setting CVar [[r.MotionBlurQuality:4]]
[2019.05.15-10.48.41:683][  0]LogConfig: Setting CVar [[r.AmbientOcclusionMipLevelFactor:0.4]]
[2019.05.15-10.48.41:683][  0]LogConfig: Setting CVar [[r.AmbientOcclusionMaxQuality:100]]
[2019.05.15-10.48.41:683][  0]LogConfig: Setting CVar [[r.AmbientOcclusionLevels:-1]]
[2019.05.15-10.48.41:683][  0]LogConfig: Setting CVar [[r.AmbientOcclusionRadiusScale:1.0]]
[2019.05.15-10.48.41:683][  0]LogConfig: Setting CVar [[r.DepthOfFieldQuality:2]]
[2019.05.15-10.48.41:683][  0]LogConfig: Setting CVar [[r.RenderTargetPoolMin:400]]
[2019.05.15-10.48.41:683][  0]LogConfig: Setting CVar [[r.LensFlareQuality:2]]
[2019.05.15-10.48.41:683][  0]LogConfig: Setting CVar [[r.SceneColorFringeQuality:1]]
[2019.05.15-10.48.41:683][  0]LogConfig: Setting CVar [[r.EyeAdaptationQuality:2]]
[2019.05.15-10.48.41:684][  0]LogConfig: Setting CVar [[r.BloomQuality:5]]
[2019.05.15-10.48.41:684][  0]LogConfig: Setting CVar [[r.FastBlurThreshold:100]]
[2019.05.15-10.48.41:684][  0]LogConfig: Setting CVar [[r.Upscale.Quality:3]]
[2019.05.15-10.48.41:684][  0]LogConfig: Setting CVar [[r.Tonemapper.GrainQuantization:1]]
[2019.05.15-10.48.41:684][  0]LogConfig: Setting CVar [[r.LightShaftQuality:1]]
[2019.05.15-10.48.41:684][  0]LogConfig: Setting CVar [[r.Filter.SizeScale:1]]
[2019.05.15-10.48.41:684][  0]LogConfig: Setting CVar [[r.Tonemapper.Quality:5]]
[2019.05.15-10.48.41:684][  0]LogConfig: Setting CVar [[r.DOF.Gather.AccumulatorQuality:1        ; higher gathering accumulator quality]]
[2019.05.15-10.48.41:684][  0]LogConfig: Setting CVar [[r.DOF.Gather.PostfilterMethod:1          ; Median3x3 postfilering method]]
[2019.05.15-10.48.41:685][  0]LogConfig: Setting CVar [[r.DOF.Gather.EnableBokehSettings:0       ; no bokeh simulation when gathering]]
[2019.05.15-10.48.41:685][  0]LogConfig: Setting CVar [[r.DOF.Gather.RingCount:4                 ; medium number of samples when gathering]]
[2019.05.15-10.48.41:685][  0]LogConfig: Setting CVar [[r.DOF.Scatter.ForegroundCompositing:1    ; additive foreground scattering]]
[2019.05.15-10.48.41:685][  0]LogConfig: Setting CVar [[r.DOF.Scatter.BackgroundCompositing:2    ; additive background scattering]]
[2019.05.15-10.48.41:685][  0]LogConfig: Setting CVar [[r.DOF.Scatter.EnableBokehSettings:1      ; bokeh simulation when scattering]]
[2019.05.15-10.48.41:685][  0]LogConfig: Setting CVar [[r.DOF.Scatter.MaxSpriteRatio:0.1         ; only a maximum of 10% of scattered bokeh]]
[2019.05.15-10.48.41:685][  0]LogConfig: Setting CVar [[r.DOF.Recombine.Quality:1                ; cheap slight out of focus]]
[2019.05.15-10.48.41:685][  0]LogConfig: Setting CVar [[r.DOF.Recombine.EnableBokehSettings:0    ; no bokeh simulation on slight out of focus]]
[2019.05.15-10.48.41:685][  0]LogConfig: Setting CVar [[r.DOF.TemporalAAQuality:1                ; more stable temporal accumulation]]
[2019.05.15-10.48.41:686][  0]LogConfig: Setting CVar [[r.DOF.Kernel.MaxForegroundRadius:0.025]]
[2019.05.15-10.48.41:686][  0]LogConfig: Setting CVar [[r.DOF.Kernel.MaxBackgroundRadius:0.025]]
[2019.05.15-10.48.41:686][  0]LogConfig: Applying CVar settings from Section [TextureQuality@3] File [E:/Luk/Dokumente/GitHub/PointCloudsVR/CPP_PointCloudsVR_22/Saved/Config/Windows/Scalability.ini]
[2019.05.15-10.48.41:686][  0]LogConfig: Setting CVar [[r.Streaming.MipBias:0]]
[2019.05.15-10.48.41:686][  0]LogConfig: Setting CVar [[r.Streaming.AmortizeCPUToGPUCopy:0]]
[2019.05.15-10.48.41:686][  0]LogConfig: Setting CVar [[r.Streaming.MaxNumTexturesToStreamPerFrame:0]]
[2019.05.15-10.48.41:686][  0]LogConfig: Setting CVar [[r.Streaming.Boost:1]]
[2019.05.15-10.48.41:686][  0]LogConfig: Setting CVar [[r.MaxAnisotropy:8]]
[2019.05.15-10.48.41:686][  0]LogConfig: Setting CVar [[r.Streaming.LimitPoolSizeToVRAM:0]]
[2019.05.15-10.48.41:686][  0]LogConfig: Setting CVar [[r.Streaming.PoolSize:1000]]
[2019.05.15-10.48.41:687][  0]LogConfig: Setting CVar [[r.Streaming.MaxEffectiveScreenSize:0]]
[2019.05.15-10.48.41:687][  0]LogConfig: Applying CVar settings from Section [EffectsQuality@3] File [E:/Luk/Dokumente/GitHub/PointCloudsVR/CPP_PointCloudsVR_22/Saved/Config/Windows/Scalability.ini]
[2019.05.15-10.48.41:687][  0]LogConfig: Setting CVar [[r.TranslucencyLightingVolumeDim:64]]
[2019.05.15-10.48.41:687][  0]LogConfig: Setting CVar [[r.RefractionQuality:2]]
[2019.05.15-10.48.41:687][  0]LogConfig: Setting CVar [[r.SSR.Quality:3]]
[2019.05.15-10.48.41:687][  0]LogConfig: Setting CVar [[r.SceneColorFormat:4]]
[2019.05.15-10.48.41:687][  0]LogConfig: Setting CVar [[r.DetailMode:2]]
[2019.05.15-10.48.41:687][  0]LogConfig: Setting CVar [[r.TranslucencyVolumeBlur:1]]
[2019.05.15-10.48.41:687][  0]LogConfig: Setting CVar [[r.MaterialQualityLevel:1 ; High quality]]
[2019.05.15-10.48.41:687][  0]LogConfig: Setting CVar [[r.SSS.Scale:1]]
[2019.05.15-10.48.41:687][  0]LogConfig: Setting CVar [[r.SSS.SampleSet:2]]
[2019.05.15-10.48.41:687][  0]LogConfig: Setting CVar [[r.SSS.Quality:1]]
[2019.05.15-10.48.41:687][  0]LogConfig: Setting CVar [[r.SSS.HalfRes:1]]
[2019.05.15-10.48.41:687][  0]LogConfig: Setting CVar [[r.EmitterSpawnRateScale:1.0]]
[2019.05.15-10.48.41:687][  0]LogConfig: Setting CVar [[r.ParticleLightQuality:2]]
[2019.05.15-10.48.41:687][  0]LogConfig: Applying CVar settings from Section [FoliageQuality@3] File [E:/Luk/Dokumente/GitHub/PointCloudsVR/CPP_PointCloudsVR_22/Saved/Config/Windows/Scalability.ini]
[2019.05.15-10.48.41:687][  0]LogConfig: Setting CVar [[foliage.DensityScale:1.0]]
[2019.05.15-10.48.41:687][  0]LogConfig: Setting CVar [[grass.DensityScale:1.0]]
[2019.05.15-10.48.41:687][  0]LogInit: Selected Device Profile: [Windows]
[2019.05.15-10.48.41:687][  0]LogInit: Applying CVar settings loaded from the selected device profile: [Windows]
[2019.05.15-10.48.41:703][  0]LogHAL: Display: Platform has ~ 16 GB [16999284736 / 17179869184 / 16], which maps to Larger [LargestMinGB=32, LargerMinGB=12, DefaultMinGB=8, SmallerMinGB=6, SmallestMinGB=0)
[2019.05.15-10.48.41:703][  0]LogConfig: Setting CVar [[r.Vulkan.UseRealUBs:0		; Required until we fix HLR fall-out]]
[2019.05.15-10.48.41:703][  0]LogInit: Going up to parent DeviceProfile []
[2019.05.15-10.48.41:703][  0]LogConfig: Applying CVar settings from Section [ViewDistanceQuality@3] File [E:/Luk/Dokumente/GitHub/PointCloudsVR/CPP_PointCloudsVR_22/Saved/Config/Windows/Scalability.ini]
[2019.05.15-10.48.41:703][  0]LogConfig: Setting CVar [[r.SkeletalMeshLODBias:0]]
[2019.05.15-10.48.41:703][  0]LogConfig: Setting CVar [[r.ViewDistanceScale:1.0]]
[2019.05.15-10.48.41:703][  0]LogConfig: Applying CVar settings from Section [AntiAliasingQuality@3] File [E:/Luk/Dokumente/GitHub/PointCloudsVR/CPP_PointCloudsVR_22/Saved/Config/Windows/Scalability.ini]
[2019.05.15-10.48.41:704][  0]LogConfig: Setting CVar [[r.PostProcessAAQuality:4]]
[2019.05.15-10.48.41:704][  0]LogConfig: Applying CVar settings from Section [ShadowQuality@3] File [E:/Luk/Dokumente/GitHub/PointCloudsVR/CPP_PointCloudsVR_22/Saved/Config/Windows/Scalability.ini]
[2019.05.15-10.48.41:704][  0]LogConfig: Setting CVar [[r.LightFunctionQuality:1]]
[2019.05.15-10.48.41:704][  0]LogConfig: Setting CVar [[r.ShadowQuality:5]]
[2019.05.15-10.48.41:704][  0]LogConfig: Setting CVar [[r.Shadow.CSM.MaxCascades:10]]
[2019.05.15-10.48.41:704][  0]LogConfig: Setting CVar [[r.Shadow.MaxResolution:2048]]
[2019.05.15-10.48.41:704][  0]LogConfig: Setting CVar [[r.Shadow.MaxCSMResolution:2048]]
[2019.05.15-10.48.41:704][  0]LogConfig: Setting CVar [[r.Shadow.RadiusThreshold:0.01]]
[2019.05.15-10.48.41:704][  0]LogConfig: Setting CVar [[r.Shadow.DistanceScale:1.0]]
[2019.05.15-10.48.41:705][  0]LogConfig: Setting CVar [[r.Shadow.CSM.TransitionScale:1.0]]
[2019.05.15-10.48.41:705][  0]LogConfig: Setting CVar [[r.Shadow.PreShadowResolutionFactor:1.0]]
[2019.05.15-10.48.41:705][  0]LogConfig: Setting CVar [[r.DistanceFieldShadowing:1]]
[2019.05.15-10.48.41:705][  0]LogConfig: Setting CVar [[r.DistanceFieldAO:1]]
[2019.05.15-10.48.41:705][  0]LogConfig: Setting CVar [[r.AOQuality:2]]
[2019.05.15-10.48.41:705][  0]LogConfig: Setting CVar [[r.VolumetricFog:1]]
[2019.05.15-10.48.41:705][  0]LogConfig: Setting CVar [[r.VolumetricFog.GridPixelSize:8]]
[2019.05.15-10.48.41:705][  0]LogConfig: Setting CVar [[r.VolumetricFog.GridSizeZ:128]]
[2019.05.15-10.48.41:705][  0]LogConfig: Setting CVar [[r.VolumetricFog.HistoryMissSupersampleCount:4]]
[2019.05.15-10.48.41:705][  0]LogConfig: Setting CVar [[r.LightMaxDrawDistanceScale:1]]
[2019.05.15-10.48.41:705][  0]LogConfig: Setting CVar [[r.CapsuleShadows:1]]
[2019.05.15-10.48.41:706][  0]LogConfig: Applying CVar settings from Section [PostProcessQuality@3] File [E:/Luk/Dokumente/GitHub/PointCloudsVR/CPP_PointCloudsVR_22/Saved/Config/Windows/Scalability.ini]
[2019.05.15-10.48.41:706][  0]LogConfig: Setting CVar [[r.MotionBlurQuality:4]]
[2019.05.15-10.48.41:706][  0]LogConfig: Setting CVar [[r.AmbientOcclusionMipLevelFactor:0.4]]
[2019.05.15-10.48.41:707][  0]LogConfig: Setting CVar [[r.AmbientOcclusionMaxQuality:100]]
[2019.05.15-10.48.41:707][  0]LogConfig: Setting CVar [[r.AmbientOcclusionLevels:-1]]
[2019.05.15-10.48.41:707][  0]LogConfig: Setting CVar [[r.AmbientOcclusionRadiusScale:1.0]]
[2019.05.15-10.48.41:707][  0]LogConfig: Setting CVar [[r.DepthOfFieldQuality:2]]
[2019.05.15-10.48.41:707][  0]LogConfig: Setting CVar [[r.RenderTargetPoolMin:400]]
[2019.05.15-10.48.41:707][  0]LogConfig: Setting CVar [[r.LensFlareQuality:2]]
[2019.05.15-10.48.41:707][  0]LogConfig: Setting CVar [[r.SceneColorFringeQuality:1]]
[2019.05.15-10.48.41:708][  0]LogConfig: Setting CVar [[r.EyeAdaptationQuality:2]]
[2019.05.15-10.48.41:708][  0]LogConfig: Setting CVar [[r.BloomQuality:5]]
[2019.05.15-10.48.41:708][  0]LogConfig: Setting CVar [[r.FastBlurThreshold:100]]
[2019.05.15-10.48.41:708][  0]LogConfig: Setting CVar [[r.Upscale.Quality:3]]
[2019.05.15-10.48.41:708][  0]LogConfig: Setting CVar [[r.Tonemapper.GrainQuantization:1]]
[2019.05.15-10.48.41:708][  0]LogConfig: Setting CVar [[r.LightShaftQuality:1]]
[2019.05.15-10.48.41:708][  0]LogConfig: Setting CVar [[r.Filter.SizeScale:1]]
[2019.05.15-10.48.41:708][  0]LogConfig: Setting CVar [[r.Tonemapper.Quality:5]]
[2019.05.15-10.48.41:708][  0]LogConfig: Setting CVar [[r.DOF.Gather.AccumulatorQuality:1        ; higher gathering accumulator quality]]
[2019.05.15-10.48.41:708][  0]LogConfig: Setting CVar [[r.DOF.Gather.PostfilterMethod:1          ; Median3x3 postfilering method]]
[2019.05.15-10.48.41:709][  0]LogConfig: Setting CVar [[r.DOF.Gather.EnableBokehSettings:0       ; no bokeh simulation when gathering]]
[2019.05.15-10.48.41:709][  0]LogConfig: Setting CVar [[r.DOF.Gather.RingCount:4                 ; medium number of samples when gathering]]
[2019.05.15-10.48.41:709][  0]LogConfig: Setting CVar [[r.DOF.Scatter.ForegroundCompositing:1    ; additive foreground scattering]]
[2019.05.15-10.48.41:709][  0]LogConfig: Setting CVar [[r.DOF.Scatter.BackgroundCompositing:2    ; additive background scattering]]
[2019.05.15-10.48.41:711][  0]LogConfig: Setting CVar [[r.DOF.Scatter.EnableBokehSettings:1      ; bokeh simulation when scattering]]
[2019.05.15-10.48.41:711][  0]LogConfig: Setting CVar [[r.DOF.Scatter.MaxSpriteRatio:0.1         ; only a maximum of 10% of scattered bokeh]]
[2019.05.15-10.48.41:711][  0]LogConfig: Setting CVar [[r.DOF.Recombine.Quality:1                ; cheap slight out of focus]]
[2019.05.15-10.48.41:711][  0]LogConfig: Setting CVar [[r.DOF.Recombine.EnableBokehSettings:0    ; no bokeh simulation on slight out of focus]]
[2019.05.15-10.48.41:711][  0]LogConfig: Setting CVar [[r.DOF.TemporalAAQuality:1                ; more stable temporal accumulation]]
[2019.05.15-10.48.41:711][  0]LogConfig: Setting CVar [[r.DOF.Kernel.MaxForegroundRadius:0.025]]
[2019.05.15-10.48.41:713][  0]LogConfig: Setting CVar [[r.DOF.Kernel.MaxBackgroundRadius:0.025]]
[2019.05.15-10.48.41:714][  0]LogConfig: Applying CVar settings from Section [TextureQuality@3] File [E:/Luk/Dokumente/GitHub/PointCloudsVR/CPP_PointCloudsVR_22/Saved/Config/Windows/Scalability.ini]
[2019.05.15-10.48.41:714][  0]LogConfig: Setting CVar [[r.Streaming.MipBias:0]]
[2019.05.15-10.48.41:714][  0]LogConfig: Setting CVar [[r.Streaming.AmortizeCPUToGPUCopy:0]]
[2019.05.15-10.48.41:716][  0]LogConfig: Setting CVar [[r.Streaming.MaxNumTexturesToStreamPerFrame:0]]
[2019.05.15-10.48.41:716][  0]LogConfig: Setting CVar [[r.Streaming.Boost:1]]
[2019.05.15-10.48.41:716][  0]LogConfig: Setting CVar [[r.MaxAnisotropy:8]]
[2019.05.15-10.48.41:716][  0]LogConfig: Setting CVar [[r.Streaming.LimitPoolSizeToVRAM:0]]
[2019.05.15-10.48.41:716][  0]LogConfig: Setting CVar [[r.Streaming.PoolSize:1000]]
[2019.05.15-10.48.41:716][  0]LogConfig: Setting CVar [[r.Streaming.MaxEffectiveScreenSize:0]]
[2019.05.15-10.48.41:716][  0]LogConfig: Applying CVar settings from Section [EffectsQuality@3] File [E:/Luk/Dokumente/GitHub/PointCloudsVR/CPP_PointCloudsVR_22/Saved/Config/Windows/Scalability.ini]
[2019.05.15-10.48.41:717][  0]LogConfig: Setting CVar [[r.TranslucencyLightingVolumeDim:64]]
[2019.05.15-10.48.41:717][  0]LogConfig: Setting CVar [[r.RefractionQuality:2]]
[2019.05.15-10.48.41:717][  0]LogConfig: Setting CVar [[r.SSR.Quality:3]]
[2019.05.15-10.48.41:717][  0]LogConfig: Setting CVar [[r.SceneColorFormat:4]]
[2019.05.15-10.48.41:717][  0]LogConfig: Setting CVar [[r.DetailMode:2]]
[2019.05.15-10.48.41:717][  0]LogConfig: Setting CVar [[r.TranslucencyVolumeBlur:1]]
[2019.05.15-10.48.41:717][  0]LogConfig: Setting CVar [[r.MaterialQualityLevel:1 ; High quality]]
[2019.05.15-10.48.41:717][  0]LogConfig: Setting CVar [[r.SSS.Scale:1]]
[2019.05.15-10.48.41:717][  0]LogConfig: Setting CVar [[r.SSS.SampleSet:2]]
[2019.05.15-10.48.41:717][  0]LogConfig: Setting CVar [[r.SSS.Quality:1]]
[2019.05.15-10.48.41:717][  0]LogConfig: Setting CVar [[r.SSS.HalfRes:1]]
[2019.05.15-10.48.41:717][  0]LogConfig: Setting CVar [[r.EmitterSpawnRateScale:1.0]]
[2019.05.15-10.48.41:717][  0]LogConfig: Setting CVar [[r.ParticleLightQuality:2]]
[2019.05.15-10.48.41:717][  0]LogConfig: Applying CVar settings from Section [FoliageQuality@3] File [E:/Luk/Dokumente/GitHub/PointCloudsVR/CPP_PointCloudsVR_22/Saved/Config/Windows/Scalability.ini]
[2019.05.15-10.48.41:717][  0]LogConfig: Setting CVar [[foliage.DensityScale:1.0]]
[2019.05.15-10.48.41:717][  0]LogConfig: Setting CVar [[grass.DensityScale:1.0]]
[2019.05.15-10.48.41:717][  0]LogConfig: Applying CVar settings from Section [Startup] File [../../../Engine/Config/ConsoleVariables.ini]
[2019.05.15-10.48.41:718][  0]LogConfig: Setting CVar [[net.UseAdaptiveNetUpdateFrequency:0]]
[2019.05.15-10.48.41:718][  0]LogConfig: Setting CVar [[p.chaos.AllowCreatePhysxBodies:1]]
[2019.05.15-10.48.41:718][  0]LogConfig: Applying CVar settings from Section [ConsoleVariables] File [E:/Luk/Dokumente/GitHub/PointCloudsVR/CPP_PointCloudsVR_22/Saved/Config/Windows/Engine.ini]
[2019.05.15-10.48.41:718][  0]LogInit: Computer: LAPTOP-9EU9193A
[2019.05.15-10.48.41:718][  0]LogInit: User: Luk
[2019.05.15-10.48.41:718][  0]LogInit: CPU Page size=4096, Cores=4
[2019.05.15-10.48.41:718][  0]LogInit: High frequency timer resolution =10.000000 MHz
[2019.05.15-10.48.41:719][  0]LogMemory: Memory total: Physical=15.8GB (16GB approx)
[2019.05.15-10.48.41:719][  0]LogMemory: Platform Memory Stats for Windows
[2019.05.15-10.48.41:719][  0]LogMemory: Process Physical Memory: 97.48 MB used, 97.48 MB peak
[2019.05.15-10.48.41:719][  0]LogMemory: Process Virtual Memory: 89.04 MB used, 89.04 MB peak
[2019.05.15-10.48.41:719][  0]LogMemory: Physical Memory: 7231.21 MB used,  8980.57 MB free, 16211.78 MB total
[2019.05.15-10.48.41:720][  0]LogMemory: Virtual Memory: 4657.81 MB used,  134213072.00 MB free, 134217728.00 MB total
[2019.05.15-10.48.41:851][  0]LogInit: Using OS detected language (de-DE).
[2019.05.15-10.48.41:852][  0]LogInit: Using OS detected locale (de-DE).
[2019.05.15-10.48.41:853][  0]LogTextLocalizationManager: No specific localization for 'de-DE' exists, so the 'de' localization will be used.
[2019.05.15-10.48.41:854][  0]LogTextLocalizationResource: LocRes '../../../Engine/Content/Localization/Editor/de/Editor.locres' could not be opened for reading!
[2019.05.15-10.48.41:854][  0]LogTextLocalizationResource: LocRes '../../../Engine/Content/Localization/EditorTutorials/de/EditorTutorials.locres' could not be opened for reading!
[2019.05.15-10.48.41:854][  0]LogTextLocalizationResource: LocRes '../../../Engine/Content/Localization/Keywords/de/Keywords.locres' could not be opened for reading!
[2019.05.15-10.48.41:855][  0]LogTextLocalizationResource: LocRes '../../../Engine/Content/Localization/Category/de/Category.locres' could not be opened for reading!
[2019.05.15-10.48.41:855][  0]LogTextLocalizationResource: LocRes '../../../Engine/Content/Localization/ToolTips/de/ToolTips.locres' could not be opened for reading!
[2019.05.15-10.48.41:855][  0]LogTextLocalizationResource: LocRes '../../../Engine/Content/Localization/PropertyNames/de/PropertyNames.locres' could not be opened for reading!
[2019.05.15-10.48.41:856][  0]LogTextLocalizationResource: LocRes '../../../Engine/Content/Localization/Engine/de/Engine.locres' could not be opened for reading!
[2019.05.15-10.48.41:858][  0]LogInit: Setting process to per monitor DPI aware
[2019.05.15-10.48.41:923][  0]LogSlate: New Slate User Created.  User Index 0, Is Virtual User: 0
[2019.05.15-10.48.41:924][  0]LogSlate: Slate User Registered.  User Index 0, Is Virtual User: 0
[2019.05.15-10.48.42:227][  0]LogHMD: Failed to initialize OpenVR with code 110
[2019.05.15-10.48.42:227][  0]LogD3D11RHI: D3D11 adapters:
[2019.05.15-10.48.42:641][  0]LogD3D11RHI:    0. 'NVIDIA GeForce GTX 960M' (Feature Level 11_0)
[2019.05.15-10.48.42:641][  0]LogD3D11RHI:       4055/0/8105 MB DedicatedVideo/DedicatedSystem/SharedSystem, Outputs:2, VendorId:0x10de
[2019.05.15-10.48.42:664][  0]LogD3D11RHI:    1. 'Intel(R) HD Graphics 530' (Feature Level 11_0)
[2019.05.15-10.48.42:664][  0]LogD3D11RHI:       128/0/8105 MB DedicatedVideo/DedicatedSystem/SharedSystem, Outputs:0, VendorId:0x8086
[2019.05.15-10.48.42:670][  0]LogD3D11RHI:    2. 'Microsoft Basic Render Driver' (Feature Level 11_0)
[2019.05.15-10.48.42:670][  0]LogD3D11RHI:       0/0/8105 MB DedicatedVideo/DedicatedSystem/SharedSystem, Outputs:0, VendorId:0x1414
[2019.05.15-10.48.42:670][  0]LogD3D11RHI: Chosen D3D11 Adapter: 0
[2019.05.15-10.48.42:725][  0]LogD3D11RHI: Creating new Direct3DDevice
[2019.05.15-10.48.42:726][  0]LogD3D11RHI:     GPU DeviceId: 0x139b (for the marketing name, search the web for "GPU Device Id")
[2019.05.15-10.48.42:726][  0]LogWindows: EnumDisplayDevices:
[2019.05.15-10.48.42:726][  0]LogWindows:    0. 'Intel(R) HD Graphics 530' (P:1 D:1)
[2019.05.15-10.48.42:727][  0]LogWindows:    1. 'Intel(R) HD Graphics 530' (P:0 D:1)
[2019.05.15-10.48.42:728][  0]LogWindows:    2. 'Intel(R) HD Graphics 530' (P:0 D:0)
[2019.05.15-10.48.42:729][  0]LogWindows: DebugString: PrimaryIsNotTheChoosenAdapter PrimaryIsNotTheChoosenAdapter PrimaryIsNotTheChoosenAdapter FoundDriverCount:0 
[2019.05.15-10.48.42:729][  0]LogD3D11RHI:     Adapter Name: NVIDIA GeForce GTX 960M
[2019.05.15-10.48.42:729][  0]LogD3D11RHI:   Driver Version: Unknown (internal:Unknown, unified:Unknown)
[2019.05.15-10.48.42:729][  0]LogD3D11RHI:      Driver Date: Unknown
[2019.05.15-10.48.42:729][  0]LogRHI: Texture pool is 2839 MB (70% of 4055 MB)
[2019.05.15-10.48.42:799][  0]LogD3D11RHI: Async texture creation enabled
[2019.05.15-10.48.42:806][  0]LogRendererCore: FGlobalReadBuffer::InitRHI
[2019.05.15-10.48.42:807][  0]LogRendererCore: FGlobalReadBuffer::InitRHI
[2019.05.15-10.48.42:807][  0]LogRendererCore: FGlobalReadBuffer::InitRHI
[2019.05.15-10.48.42:816][  0]LogD3D11RHI: GPU Timing Frequency: 1000.000000 (Debug: 2 1)
[2019.05.15-10.48.43:227][  0]LogTemp: Display: Module 'AllDesktopTargetPlatform' loaded TargetPlatform 'AllDesktop'
[2019.05.15-10.48.43:246][  0]LogTemp: Display: Module 'MacClientTargetPlatform' loaded TargetPlatform 'MacClient'
[2019.05.15-10.48.43:271][  0]LogTemp: Display: Module 'MacNoEditorTargetPlatform' loaded TargetPlatform 'MacNoEditor'
[2019.05.15-10.48.43:291][  0]LogTemp: Display: Module 'MacServerTargetPlatform' loaded TargetPlatform 'MacServer'
[2019.05.15-10.48.43:313][  0]LogTemp: Display: Module 'MacTargetPlatform' loaded TargetPlatform 'Mac'
[2019.05.15-10.48.43:336][  0]LogTemp: Display: Module 'WindowsClientTargetPlatform' loaded TargetPlatform 'WindowsClient'
[2019.05.15-10.48.43:355][  0]LogTemp: Display: Module 'WindowsNoEditorTargetPlatform' loaded TargetPlatform 'WindowsNoEditor'
[2019.05.15-10.48.43:376][  0]LogTemp: Display: Module 'WindowsServerTargetPlatform' loaded TargetPlatform 'WindowsServer'
[2019.05.15-10.48.43:386][  0]LogTemp: Display: Module 'WindowsTargetPlatform' loaded TargetPlatform 'Windows'
[2019.05.15-10.48.43:503][  0]LogTemp: Display: Module 'AndroidTargetPlatform' loaded TargetPlatform 'Android'
[2019.05.15-10.48.43:503][  0]LogTemp: Display: Module 'AndroidTargetPlatform' loaded TargetPlatform 'Android_ASTC'
[2019.05.15-10.48.43:503][  0]LogTemp: Display: Module 'AndroidTargetPlatform' loaded TargetPlatform 'Android_ATC'
[2019.05.15-10.48.43:503][  0]LogTemp: Display: Module 'AndroidTargetPlatform' loaded TargetPlatform 'Android_DXT'
[2019.05.15-10.48.43:503][  0]LogTemp: Display: Module 'AndroidTargetPlatform' loaded TargetPlatform 'Android_ETC1'
[2019.05.15-10.48.43:503][  0]LogTemp: Display: Module 'AndroidTargetPlatform' loaded TargetPlatform 'Android_ETC1a'
[2019.05.15-10.48.43:503][  0]LogTemp: Display: Module 'AndroidTargetPlatform' loaded TargetPlatform 'Android_ETC2'
[2019.05.15-10.48.43:503][  0]LogTemp: Display: Module 'AndroidTargetPlatform' loaded TargetPlatform 'Android_PVRTC'
[2019.05.15-10.48.43:503][  0]LogTemp: Display: Module 'AndroidTargetPlatform' loaded TargetPlatform 'AndroidClient'
[2019.05.15-10.48.43:503][  0]LogTemp: Display: Module 'AndroidTargetPlatform' loaded TargetPlatform 'Android_ASTCClient'
[2019.05.15-10.48.43:504][  0]LogTemp: Display: Module 'AndroidTargetPlatform' loaded TargetPlatform 'Android_ATCClient'
[2019.05.15-10.48.43:504][  0]LogTemp: Display: Module 'AndroidTargetPlatform' loaded TargetPlatform 'Android_DXTClient'
[2019.05.15-10.48.43:504][  0]LogTemp: Display: Module 'AndroidTargetPlatform' loaded TargetPlatform 'Android_ETC1Client'
[2019.05.15-10.48.43:504][  0]LogTemp: Display: Module 'AndroidTargetPlatform' loaded TargetPlatform 'Android_ETC1aClient'
[2019.05.15-10.48.43:504][  0]LogTemp: Display: Module 'AndroidTargetPlatform' loaded TargetPlatform 'Android_ETC2Client'
[2019.05.15-10.48.43:504][  0]LogTemp: Display: Module 'AndroidTargetPlatform' loaded TargetPlatform 'Android_PVRTCClient'
[2019.05.15-10.48.43:504][  0]LogTemp: Display: Module 'AndroidTargetPlatform' loaded TargetPlatform 'Android_Multi'
[2019.05.15-10.48.43:504][  0]LogTemp: Display: Module 'AndroidTargetPlatform' loaded TargetPlatform 'Android_MultiClient'
[2019.05.15-10.48.43:510][  0]LogTemp: Display: Module 'HTML5TargetPlatform' loaded TargetPlatform 'HTML5'
[2019.05.15-10.48.43:579][  0]LogTemp: Display: Module 'IOSTargetPlatform' loaded TargetPlatform 'IOSClient'
[2019.05.15-10.48.43:580][  0]LogTemp: Display: Module 'IOSTargetPlatform' loaded TargetPlatform 'IOS'
[2019.05.15-10.48.43:611][  0]LogTemp: Display: Module 'TVOSTargetPlatform' loaded TargetPlatform 'TVOSClient'
[2019.05.15-10.48.43:611][  0]LogTemp: Display: Module 'TVOSTargetPlatform' loaded TargetPlatform 'TVOS'
[2019.05.15-10.48.43:628][  0]LogTemp: Display: Module 'LinuxClientTargetPlatform' loaded TargetPlatform 'LinuxClient'
[2019.05.15-10.48.43:646][  0]LogTemp: Display: Module 'LinuxNoEditorTargetPlatform' loaded TargetPlatform 'LinuxNoEditor'
[2019.05.15-10.48.43:663][  0]LogTemp: Display: Module 'LinuxServerTargetPlatform' loaded TargetPlatform 'LinuxServer'
[2019.05.15-10.48.43:681][  0]LogTemp: Display: Module 'LinuxTargetPlatform' loaded TargetPlatform 'Linux'
[2019.05.15-10.48.43:764][  0]LogTemp: Display: Module 'LuminTargetPlatform' loaded TargetPlatform 'Lumin'
[2019.05.15-10.48.43:764][  0]LogTemp: Display: Module 'LuminTargetPlatform' loaded TargetPlatform 'LuminClient'
[2019.05.15-10.48.43:764][  0]LogTargetPlatformManager: Display: Building Assets For Windows
[2019.05.15-10.48.43:787][  0]LogAudioDebug: Display: Lib vorbis DLL was dynamically loaded.
[2019.05.15-10.48.43:900][  0]LogShaderCompilers: Guid format shader working directory is -13 characters bigger than the processId version (E:/Luk/Dokumente/GitHub/PointCloudsVR/CPP_PointCloudsVR_22/Intermediate/Shaders/WorkingDirectory/228/).
[2019.05.15-10.48.43:901][  0]LogShaderCompilers: Cleaned the shader compiler working directory 'C:/Users/Luk/AppData/Local/Temp/UnrealShaderWorkingDir/6A26665C4656B9A30F4A8CB5CEEC3ABA/'.
[2019.05.15-10.48.43:904][  0]LogXGEController: Cleaning working directory: C:/Users/Luk/AppData/Local/Temp/UnrealXGEWorkingDir/
[2019.05.15-10.48.43:904][  0]LogXGEController: Cannot use XGE Controller as Incredibuild is not installed on this machine.
[2019.05.15-10.48.43:904][  0]LogShaderCompilers: Cannot use XGE Shader Compiler as Incredibuild is not installed on this machine.
[2019.05.15-10.48.43:905][  0]LogShaderCompilers: Display: Using Local Shader Compiler.
[2019.05.15-10.48.44:588][  0]LogDerivedDataCache: Display: Max Cache Size: 512 MB
[2019.05.15-10.48.44:661][  0]LogDerivedDataCache: Loaded boot cache 0.07s 76MB C:/Users/Luk/AppData/Local/UnrealEngine/4.22/DerivedDataCache/Boot.ddc.
[2019.05.15-10.48.44:662][  0]LogDerivedDataCache: Display: Loaded Boot cache: C:/Users/Luk/AppData/Local/UnrealEngine/4.22/DerivedDataCache/Boot.ddc
[2019.05.15-10.48.44:662][  0]LogDerivedDataCache: FDerivedDataBackendGraph:  Pak pak cache file E:/Luk/Dokumente/GitHub/PointCloudsVR/CPP_PointCloudsVR_22/DerivedDataCache/DDC.ddp not found, will not use a pak cache.
[2019.05.15-10.48.44:662][  0]LogDerivedDataCache: Unable to find inner node Pak for hierarchical cache Hierarchy.
[2019.05.15-10.48.44:662][  0]LogDerivedDataCache: FDerivedDataBackendGraph:  CompressedPak pak cache file E:/Luk/Dokumente/GitHub/PointCloudsVR/CPP_PointCloudsVR_22/DerivedDataCache/Compressed.ddp not found, will not use a pak cache.
[2019.05.15-10.48.44:662][  0]LogDerivedDataCache: Unable to find inner node CompressedPak for hierarchical cache Hierarchy.
[2019.05.15-10.48.44:678][  0]LogDerivedDataCache: Display: Pak cache opened for reading ../../../Engine/DerivedDataCache/Compressed.ddp.
[2019.05.15-10.48.44:682][  0]LogDerivedDataCache: Display: Pak cache opened for reading ../../../Enterprise/DerivedDataCache/Compressed.ddp.
[2019.05.15-10.48.44:696][  0]LogDerivedDataCache: Using Local data cache path C:/Users/Luk/AppData/Local/UnrealEngine/Common/DerivedDataCache: Writable
[2019.05.15-10.48.44:696][  0]LogDerivedDataCache: Shared data cache path not found in *engine.ini, will not use an Shared cache.
[2019.05.15-10.48.44:697][  0]LogDerivedDataCache: Unable to find inner node Shared for hierarchical cache Hierarchy.
[2019.05.15-10.48.44:728][  0]LogMaterial: Verifying Global Shaders for PCD3D_SM5
[2019.05.15-10.48.44:731][  0]LogSlate: Using FreeType 2.6.0
[2019.05.15-10.48.44:732][  0]LogSlate: SlateFontServices - WITH_FREETYPE: 1, WITH_HARFBUZZ: 1
[2019.05.15-10.48.44:850][  0]LogAssetRegistry: FAssetRegistry took 0.0421 seconds to start up
[2019.05.15-10.48.45:287][  0]LogInit: Selected Device Profile: [Windows]
[2019.05.15-10.48.45:492][  0]LogMeshReduction: Using QuadricMeshReduction for automatic static mesh reduction
[2019.05.15-10.48.45:492][  0]LogMeshReduction: Using SimplygonMeshReduction for automatic skeletal mesh reduction
[2019.05.15-10.48.45:492][  0]LogMeshReduction: Using ProxyLODMeshReduction for automatic mesh merging
[2019.05.15-10.48.45:493][  0]LogMeshReduction: No distributed automatic mesh merging module available
[2019.05.15-10.48.45:493][  0]LogMeshMerging: No distributed automatic mesh merging module available
[2019.05.15-10.48.45:512][  0]LogNetVersion: CPP_PointCloudsVR_22 1.0.0, NetCL: 5660361, EngineNetVer: 10, GameNetVer: 0 (Checksum: 2507006774)
[2019.05.15-10.48.46:129][  0]LogPackageLocalizationCache: Processed 17 localized package path(s) for 1 prioritized culture(s) in 0.078625 seconds
[2019.05.15-10.48.46:135][  0]LogUObjectArray: 42620 objects as part of root set at end of initial load.
[2019.05.15-10.48.46:135][  0]LogUObjectAllocator: 7424200 out of 0 bytes used by permanent object pool.
[2019.05.15-10.48.46:137][  0]LogUObjectArray: CloseDisregardForGC: 0/0 objects in disregard for GC pool
[2019.05.15-10.48.47:449][  0]LogTcpMessaging: Initializing TcpMessaging bridge
[2019.05.15-10.48.47:467][  0]LogUdpMessaging: Initializing bridge on interface 0.0.0.0:0 to multicast group 230.0.0.1:6666.
[2019.05.15-10.48.47:667][  0]SourceControl: Source control is disabled
[2019.05.15-10.48.47:667][  0]SourceControl: Source control is disabled
[2019.05.15-10.48.47:672][  0]SourceControl: Source control is disabled
[2019.05.15-10.48.47:676][  0]SourceControl: Source control is disabled
[2019.05.15-10.48.47:958][  0]LogAndroidPermission: UAndroidPermissionCallbackProxy::GetInstance
[2019.05.15-10.48.48:234][  0]LogOcInput: OculusInput pre-init called
[2019.05.15-10.48.52:393][  0]LogEngine: Initializing Engine...
[2019.05.15-10.48.52:394][  0]LogHMD: Failed to initialize OpenVR with code 110
[2019.05.15-10.48.52:396][  0]LogStats: UGameplayTagsManager::InitializeManager -  0.000 s
[2019.05.15-10.48.52:689][  0]LogInit: Initializing FReadOnlyCVARCache
[2019.05.15-10.48.52:712][  0]LogAIModule: Creating AISystem for world Untitled
[2019.05.15-10.48.52:771][  0]LogInit: XAudio2 using 'Kopfhörer (Double Muffle Stereo)' : 2 channels at 44.1 kHz using 16 bits per sample (channel mask 0x3)
[2019.05.15-10.48.52:811][  0]LogInit: FAudioDevice initialized.
[2019.05.15-10.48.52:812][  0]LogNetVersion: Set ProjectVersion to 1.0.0.0. Version Checksum will be recalculated on next use.
[2019.05.15-10.48.52:928][  0]LogDerivedDataCache: Saved boot cache 0.12s 76MB C:/Users/Luk/AppData/Local/UnrealEngine/4.22/DerivedDataCache/Boot.ddc.
[2019.05.15-10.48.52:936][  0]LogInit: Texture streaming: Enabled
[2019.05.15-10.48.52:974][  0]LogEngineSessionManager: EngineSessionManager initialized
[2019.05.15-10.48.52:974][  0]LogEngineSessionManager: EngineSessionManager sent abnormal shutdown report. Type=Debugger, SessionId={726D088F-4830-09AC-9247-DAAB2FE6671A}
[2019.05.15-10.48.53:000][  0]LogInit: Transaction tracking system initialized
[2019.05.15-10.48.53:043][  0]BlueprintLog: New page: Editor Load
[2019.05.15-10.48.53:192][  0]LocalizationService: Localization service is disabled
[2019.05.15-10.48.53:621][  0]LogFileCache: Scanning file cache for directory 'E:/Luk/Dokumente/GitHub/PointCloudsVR/CPP_PointCloudsVR_22/Content/' took 0.02s
[2019.05.15-10.48.53:621][  0]LogCook: Display: Max memory allowance for cook 16384mb min free memory 0mb
[2019.05.15-10.48.53:622][  0]LogCook: Display: Mobile HDR setting 1
[2019.05.15-10.48.56:060][  0]SourceControl: Source control is disabled
[2019.05.15-10.48.56:060][  0]Cmd: MAP LOAD FILE="E:/Luk/Dokumente/GitHub/PointCloudsVR/CPP_PointCloudsVR_22/Content/FirstPersonCPP/Maps/FirstPersonExampleMap.umap" TEMPLATE=0 SHOWPROGRESS=1 FEATURELEVEL=3
[2019.05.15-10.48.56:061][  0]LightingResults: New page: Lighting Build
[2019.05.15-10.48.56:064][  0]MapCheck: New page: Map Check
[2019.05.15-10.48.56:065][  0]LightingResults: New page: Lighting Build
[2019.05.15-10.48.56:097][  0]LogUObjectHash: Compacting FUObjectHashTables data took   1.93ms
[2019.05.15-10.48.56:302][  0]LogAIModule: Creating AISystem for world FirstPersonExampleMap
[2019.05.15-10.48.56:343][  0]LogEditorServer: Finished looking for orphan Actors (0.000 secs)
[2019.05.15-10.48.56:382][  0]LogUObjectHash: Compacting FUObjectHashTables data took   2.91ms
[2019.05.15-10.48.56:382][  0]Cmd: MAP CHECKDEP NOCLEARLOG
[2019.05.15-10.48.56:383][  0]MapCheck: Map check complete: 0 Error(s), 0 Warning(s), took 0,159ms to complete.
[2019.05.15-10.48.56:383][  0]LogFileHelpers: Loading map 'FirstPersonExampleMap' took 0.323
[2019.05.15-10.48.56:525][  0]LogSlate: Updating window title bar state: overlay mode, drag disabled, window buttons hidden, title bar hidden
[2019.05.15-10.48.56:535][  0]LogSlate: Updating window title bar state: overlay mode, drag disabled, window buttons hidden, title bar hidden
[2019.05.15-10.48.56:546][  0]LogSlate: Updating window title bar state: overlay mode, drag disabled, window buttons hidden, title bar hidden
[2019.05.15-10.48.56:556][  0]LogSlate: Updating window title bar state: overlay mode, drag disabled, window buttons hidden, title bar hidden
[2019.05.15-10.48.56:566][  0]LogCollectionManager: Loaded 0 collections in 0.002134 seconds
[2019.05.15-10.48.56:584][  0]LogFileCache: Scanning file cache for directory 'E:/Luk/Dokumente/GitHub/PointCloudsVR/CPP_PointCloudsVR_22/Saved/Collections/' took 0.01s
[2019.05.15-10.48.56:584][  0]LogFileCache: Scanning file cache for directory 'E:/Luk/Dokumente/GitHub/PointCloudsVR/CPP_PointCloudsVR_22/Content/Developers/Luk/Collections/' took 0.00s
[2019.05.15-10.48.56:585][  0]LogFileCache: Scanning file cache for directory 'E:/Luk/Dokumente/GitHub/PointCloudsVR/CPP_PointCloudsVR_22/Content/Collections/' took 0.00s
[2019.05.15-10.48.56:585][  0]LogCollectionManager: Rebuilt the GUID cache for 0 collections in 0.000000 seconds
[2019.05.15-10.48.56:598][  0]LogContentBrowser: Native class hierarchy populated in 0.0120 seconds. Added 2879 classes and 735 folders.
[2019.05.15-10.48.56:609][  0]LogContentBrowser: Native class hierarchy updated for 'WidgetCarousel' in 0.0003 seconds. Added 0 classes and 0 folders.
[2019.05.15-10.48.56:612][  0]LogPakFile: Registered encryption key '00000000000000000000000000000000': 0 pak files mounted, 0 remain pending
[2019.05.15-10.48.56:613][  0]LogPakFile: Registered encryption key '00000000000000000000000000000000': 0 pak files mounted, 0 remain pending
[2019.05.15-10.48.56:614][  0]LogPakFile: Registered encryption key '00000000000000000000000000000000': 0 pak files mounted, 0 remain pending
[2019.05.15-10.48.56:615][  0]LogPakFile: Registered encryption key '00000000000000000000000000000000': 0 pak files mounted, 0 remain pending
[2019.05.15-10.48.56:616][  0]LogPakFile: Registered encryption key '00000000000000000000000000000000': 0 pak files mounted, 0 remain pending
[2019.05.15-10.48.56:616][  0]LogPakFile: Registered encryption key '00000000000000000000000000000000': 0 pak files mounted, 0 remain pending
[2019.05.15-10.48.56:617][  0]LogPakFile: Registered encryption key '00000000000000000000000000000000': 0 pak files mounted, 0 remain pending
[2019.05.15-10.48.56:619][  0]LogPakFile: Registered encryption key '00000000000000000000000000000000': 0 pak files mounted, 0 remain pending
[2019.05.15-10.48.56:620][  0]LogPakFile: Registered encryption key '00000000000000000000000000000000': 0 pak files mounted, 0 remain pending
[2019.05.15-10.48.56:620][  0]LogPakFile: Registered encryption key '00000000000000000000000000000000': 0 pak files mounted, 0 remain pending
[2019.05.15-10.48.56:621][  0]LogPakFile: Registered encryption key '00000000000000000000000000000000': 0 pak files mounted, 0 remain pending
[2019.05.15-10.48.56:622][  0]LogPakFile: Registered encryption key '00000000000000000000000000000000': 0 pak files mounted, 0 remain pending
[2019.05.15-10.48.56:623][  0]LogPakFile: Registered encryption key '00000000000000000000000000000000': 0 pak files mounted, 0 remain pending
[2019.05.15-10.48.56:624][  0]LogPakFile: Registered encryption key '00000000000000000000000000000000': 0 pak files mounted, 0 remain pending
[2019.05.15-10.48.56:625][  0]LogPakFile: Registered encryption key '00000000000000000000000000000000': 0 pak files mounted, 0 remain pending
[2019.05.15-10.48.56:626][  0]LogPakFile: Registered encryption key '00000000000000000000000000000000': 0 pak files mounted, 0 remain pending
[2019.05.15-10.48.56:626][  0]LogPakFile: Registered encryption key '00000000000000000000000000000000': 0 pak files mounted, 0 remain pending
[2019.05.15-10.48.56:627][  0]LogPakFile: Registered encryption key '00000000000000000000000000000000': 0 pak files mounted, 0 remain pending
[2019.05.15-10.48.56:628][  0]LogPakFile: Registered encryption key '00000000000000000000000000000000': 0 pak files mounted, 0 remain pending
[2019.05.15-10.48.56:629][  0]LogPakFile: Registered encryption key '00000000000000000000000000000000': 0 pak files mounted, 0 remain pending
[2019.05.15-10.48.56:630][  0]LogPakFile: Registered encryption key '00000000000000000000000000000000': 0 pak files mounted, 0 remain pending
[2019.05.15-10.48.56:631][  0]LogPakFile: Registered encryption key '00000000000000000000000000000000': 0 pak files mounted, 0 remain pending
[2019.05.15-10.48.56:632][  0]LogPakFile: Registered encryption key '00000000000000000000000000000000': 0 pak files mounted, 0 remain pending
[2019.05.15-10.48.56:633][  0]LogPakFile: Registered encryption key '00000000000000000000000000000000': 0 pak files mounted, 0 remain pending
[2019.05.15-10.48.56:634][  0]LogPakFile: Registered encryption key '00000000000000000000000000000000': 0 pak files mounted, 0 remain pending
[2019.05.15-10.48.56:635][  0]LogPakFile: Registered encryption key '00000000000000000000000000000000': 0 pak files mounted, 0 remain pending
[2019.05.15-10.48.56:637][  0]LogPakFile: Registered encryption key '00000000000000000000000000000000': 0 pak files mounted, 0 remain pending
[2019.05.15-10.48.56:638][  0]LogPakFile: Registered encryption key '00000000000000000000000000000000': 0 pak files mounted, 0 remain pending
[2019.05.15-10.48.56:684][  0]LogContentBrowser: Native class hierarchy updated for 'AddContentDialog' in 0.0003 seconds. Added 0 classes and 0 folders.
[2019.05.15-10.48.56:689][  0]LogContentBrowser: Native class hierarchy updated for 'SceneOutliner' in 0.0004 seconds. Added 1 classes and 0 folders.
[2019.05.15-10.48.56:705][  0]LogContentBrowser: Native class hierarchy updated for 'WorldBrowser' in 0.0005 seconds. Added 2 classes and 3 folders.
[2019.05.15-10.48.56:805][  0]LogSlate: Took 0.000600 seconds to synchronously load lazily loaded font '../../../Engine/Content/Slate/Fonts/Roboto-Regular.ttf' (155K)
[2019.05.15-10.48.56:809][  0]LogSlate: Took 0.000418 seconds to synchronously load lazily loaded font '../../../Engine/Content/Slate/Fonts/Roboto-Bold.ttf' (160K)
[2019.05.15-10.48.56:817][  0]LogSlate: Took 0.000550 seconds to synchronously load lazily loaded font '../../../Engine/Content/Editor/Slate/Fonts/FontAwesome.ttf' (139K)
[2019.05.15-10.48.56:917][  0]LogRenderer: Reallocating scene render targets to support 1208x572 Format 10 NumSamples 1 (Frame:1).
[2019.05.15-10.48.57:145][  0]LogContentBrowser: Native class hierarchy updated for 'HierarchicalLODOutliner' in 0.0004 seconds. Added 0 classes and 0 folders.
[2019.05.15-10.48.57:146][  0]LogLoad: (Engine Initialization) Total time: 18.02 seconds
[2019.05.15-10.48.57:146][  0]LogLoad: (Engine Initialization) Total Blueprint compile time: 0.00 seconds
[2019.05.15-10.48.57:184][  0]LogAssetRegistry: Asset discovery search completed in 12.3603 seconds
[2019.05.15-10.48.57:189][  0]LogCollectionManager: Rebuilt the object cache for 0 collections in 0.000000 seconds (found 0 objects)
[2019.05.15-10.48.57:189][  0]LogCollectionManager: Fixed up redirectors for 0 collections in 0.000221 seconds (updated 0 objects)
[2019.05.15-10.48.57:191][  0]LogContentStreaming: Texture pool size now 1000 MB
[2019.05.15-10.48.57:248][  0]LogSlate: Took 0.000323 seconds to synchronously load lazily loaded font '../../../Engine/Content/Slate/Fonts/Roboto-Light.ttf' (167K)
[2019.05.15-10.49.54:134][467]LogSlate: FSceneViewport::OnFocusLost() reason 0
[2019.05.15-10.49.54:234][479]LogTemp: Repeating last play command: Selected Viewport
[2019.05.15-10.49.54:246][479]LogBlueprintUserMessages: Early PlayInEditor Detection: Level '/Game/FirstPersonCPP/Maps/FirstPersonExampleMap.FirstPersonExampleMap:PersistentLevel' has LevelScriptBlueprint '/Game/FirstPersonCPP/Maps/FirstPersonExampleMap.FirstPersonExampleMap:PersistentLevel.FirstPersonExampleMap' with GeneratedClass '/Game/FirstPersonCPP/Maps/FirstPersonExampleMap.FirstPersonExampleMap_C' with ClassGeneratedBy '/Game/FirstPersonCPP/Maps/FirstPersonExampleMap.FirstPersonExampleMap:PersistentLevel.FirstPersonExampleMap'
[2019.05.15-10.49.54:247][479]LogPlayLevel: PlayLevel: No blueprints needed recompiling
[2019.05.15-10.49.54:247][479]PIE: New page: PIE session: FirstPersonExampleMap (15.05.2019 14:49:54)
[2019.05.15-10.49.54:265][479]LogPlayLevel: Creating play world package: /Game/FirstPersonCPP/Maps/UEDPIE_0_FirstPersonExampleMap
[2019.05.15-10.49.54:287][479]LogPlayLevel: PIE: StaticDuplicateObject took: (0.021729s)
[2019.05.15-10.49.54:288][479]LogAIModule: Creating AISystem for world FirstPersonExampleMap
[2019.05.15-10.49.54:289][479]LogPlayLevel: PIE: World Init took: (0.001234s)
[2019.05.15-10.49.54:289][479]LogPlayLevel: PIE: Created PIE world by copying editor world from /Game/FirstPersonCPP/Maps/FirstPersonExampleMap.FirstPersonExampleMap to /Game/FirstPersonCPP/Maps/UEDPIE_0_FirstPersonExampleMap.FirstPersonExampleMap (0.023959s)
[2019.05.15-10.49.54:329][479]LogUObjectHash: Compacting FUObjectHashTables data took   2.19ms
[2019.05.15-10.49.54:372][479]LogInit: XAudio2 using 'Kopfhörer (Double Muffle Stereo)' : 2 channels at 44.1 kHz using 16 bits per sample (channel mask 0x3)
[2019.05.15-10.49.54:389][479]LogInit: FAudioDevice initialized.
[2019.05.15-10.49.54:437][479]LogLoad: Game class is 'CPP_PointCloudsVR_22GameMode'
[2019.05.15-10.49.54:441][479]LogWorld: Bringing World /Game/FirstPersonCPP/Maps/UEDPIE_0_FirstPersonExampleMap.FirstPersonExampleMap up for play (max tick rate 0) at 2019.05.15-12.49.54
[2019.05.15-10.49.54:442][479]LogWorld: Bringing up level for play took: 0.002120
[2019.05.15-10.49.54:463][479]LogContentBrowser: Native class hierarchy updated for 'MovieSceneCapture' in 0.0005 seconds. Added 20 classes and 0 folders.
[2019.05.15-10.49.54:464][479]LogSlate: New Slate User Created.  User Index 8, Is Virtual User: 1
[2019.05.15-10.49.54:464][479]LogSlate: Slate User Registered.  User Index 8, Is Virtual User: 1
[2019.05.15-10.49.54:467][479]PIE: Play in editor start time for /Game/FirstPersonCPP/Maps/UEDPIE_0_FirstPersonExampleMap -0,315
[2019.05.15-10.49.54:467][479]LogBlueprintUserMessages: Late PlayInEditor Detection: Level '/Game/FirstPersonCPP/Maps/FirstPersonExampleMap.FirstPersonExampleMap:PersistentLevel' has LevelScriptBlueprint '/Game/FirstPersonCPP/Maps/FirstPersonExampleMap.FirstPersonExampleMap:PersistentLevel.FirstPersonExampleMap' with GeneratedClass '/Game/FirstPersonCPP/Maps/FirstPersonExampleMap.FirstPersonExampleMap_C' with ClassGeneratedBy '/Game/FirstPersonCPP/Maps/FirstPersonExampleMap.FirstPersonExampleMap:PersistentLevel.FirstPersonExampleMap'
[2019.05.15-10.50.01:360][811]LogTemp: Warning: [LOD10] Cells: 1, MinPoints: 1469, MaxPoints: 1469, TotalPoints: 1469
[2019.05.15-10.50.01:360][811]LogTemp: Warning: [LOD9] Cells: 8, MinPoints: 4, MaxPoints: 1349, TotalPoints: 2942
[2019.05.15-10.50.01:360][811]LogTemp: Warning: [LOD8] Cells: 25, MinPoints: 1, MaxPoints: 2643, TotalPoints: 5887
[2019.05.15-10.50.01:360][811]LogTemp: Warning: [LOD7] Cells: 61, MinPoints: 1, MaxPoints: 4834, TotalPoints: 11779
[2019.05.15-10.50.01:361][811]LogTemp: Warning: [LOD6] Cells: 204, MinPoints: 1, MaxPoints: 4761, TotalPoints: 23605
[2019.05.15-10.50.01:361][811]LogTemp: Warning: [LOD5] Cells: 690, MinPoints: 1, MaxPoints: 3491, TotalPoints: 47352
[2019.05.15-10.50.01:361][811]LogTemp: Warning: [LOD4] Cells: 2258, MinPoints: 1, MaxPoints: 2349, TotalPoints: 95054
[2019.05.15-10.50.01:361][811]LogTemp: Warning: [LOD3] Cells: 7194, MinPoints: 1, MaxPoints: 1570, TotalPoints: 190772
[2019.05.15-10.50.01:361][811]LogTemp: Warning: [LOD2] Cells: 20671, MinPoints: 1, MaxPoints: 715, TotalPoints: 379858
[2019.05.15-10.50.01:361][811]LogTemp: Warning: [LOD1] Cells: 48685, MinPoints: 2, MaxPoints: 472, TotalPoints: 736680
[2019.05.15-10.50.01:361][811]LogTemp: Warning: [LOD0] Cells: 96803, MinPoints: 3, MaxPoints: 302, TotalPoints: 357275
[2019.05.15-10.50.14:100][177]LogBlueprintUserMessages: Early EndPlayMap Detection: Level '/Game/FirstPersonCPP/Maps/FirstPersonExampleMap.FirstPersonExampleMap:PersistentLevel' has LevelScriptBlueprint '/Game/FirstPersonCPP/Maps/FirstPersonExampleMap.FirstPersonExampleMap:PersistentLevel.FirstPersonExampleMap' with GeneratedClass '/Game/FirstPersonCPP/Maps/FirstPersonExampleMap.FirstPersonExampleMap_C' with ClassGeneratedBy '/Game/FirstPersonCPP/Maps/FirstPersonExampleMap.FirstPersonExampleMap:PersistentLevel.FirstPersonExampleMap'
[2019.05.15-10.50.14:100][177]LogSlate: Updating window title bar state: overlay mode, drag disabled, window buttons hidden, title bar hidden
[2019.05.15-10.50.14:142][177]LogPlayLevel: Display: Shutting down PIE online subsystems
[2019.05.15-10.50.14:142][177]LogBlueprintUserMessages: Late EndPlayMap Detection: Level '/Game/FirstPersonCPP/Maps/FirstPersonExampleMap.FirstPersonExampleMap:PersistentLevel' has LevelScriptBlueprint '/Game/FirstPersonCPP/Maps/FirstPersonExampleMap.FirstPersonExampleMap:PersistentLevel.FirstPersonExampleMap' with GeneratedClass '/Game/FirstPersonCPP/Maps/FirstPersonExampleMap.FirstPersonExampleMap_C' with ClassGeneratedBy '/Game/FirstPersonCPP/Maps/FirstPersonExampleMap.FirstPersonExampleMap:PersistentLevel.FirstPersonExampleMap'
[2019.05.15-10.50.14:177][177]LogSlate: Updating window title bar state: overlay mode, drag disabled, window buttons hidden, title bar hidden
[2019.05.15-10.50.14:206][177]LogSlate: Slate User Unregistered.  User Index 8
[2019.05.15-10.50.14:206][177]LogSlate: Slate User Destroyed.  User Index 8, Is Virtual User: 1
[2019.05.15-10.50.14:209][177]LogUObjectHash: Compacting FUObjectHashTables data took   2.42ms
[2019.05.15-10.50.14:281][178]LogPlayLevel: Display: Destroying online subsystem :Context_2
[2019.05.15-10.50.22:224][ 44]LogEditorViewport: Clicking on Actor (LMB): PlayerStart (NetworkPlayerStart)
[2019.05.15-10.50.27:200][560]LogNavigationPoint: PostEditMove Clear paths rebuilt
[2019.05.15-10.50.31:998][  4]LogNavigationPoint: PostEditMove Clear paths rebuilt
[2019.05.15-10.50.37:321][508]LogNavigationPoint: PostEditMove Clear paths rebuilt
[2019.05.15-10.50.37:996][574]LogSlate: FSceneViewport::OnFocusLost() reason 0
[2019.05.15-10.50.38:095][585]LogTemp: Repeating last play command: Selected Viewport
[2019.05.15-10.50.38:107][585]LogBlueprintUserMessages: Early PlayInEditor Detection: Level '/Game/FirstPersonCPP/Maps/FirstPersonExampleMap.FirstPersonExampleMap:PersistentLevel' has LevelScriptBlueprint '/Game/FirstPersonCPP/Maps/FirstPersonExampleMap.FirstPersonExampleMap:PersistentLevel.FirstPersonExampleMap' with GeneratedClass '/Game/FirstPersonCPP/Maps/FirstPersonExampleMap.FirstPersonExampleMap_C' with ClassGeneratedBy '/Game/FirstPersonCPP/Maps/FirstPersonExampleMap.FirstPersonExampleMap:PersistentLevel.FirstPersonExampleMap'
[2019.05.15-10.50.38:107][585]LogPlayLevel: PlayLevel: No blueprints needed recompiling
[2019.05.15-10.50.38:108][585]PIE: New page: PIE session: FirstPersonExampleMap (15.05.2019 14:50:38)
[2019.05.15-10.50.38:108][585]LogPlayLevel: Creating play world package: /Game/FirstPersonCPP/Maps/UEDPIE_0_FirstPersonExampleMap
[2019.05.15-10.50.38:123][585]LogPlayLevel: PIE: StaticDuplicateObject took: (0.015397s)
[2019.05.15-10.50.38:124][585]LogAIModule: Creating AISystem for world FirstPersonExampleMap
[2019.05.15-10.50.38:125][585]LogPlayLevel: PIE: World Init took: (0.001207s)
[2019.05.15-10.50.38:125][585]LogPlayLevel: PIE: Created PIE world by copying editor world from /Game/FirstPersonCPP/Maps/FirstPersonExampleMap.FirstPersonExampleMap to /Game/FirstPersonCPP/Maps/UEDPIE_0_FirstPersonExampleMap.FirstPersonExampleMap (0.017032s)
[2019.05.15-10.50.38:167][585]LogUObjectHash: Compacting FUObjectHashTables data took   2.21ms
[2019.05.15-10.50.38:201][585]LogInit: XAudio2 using 'Kopfhörer (Double Muffle Stereo)' : 2 channels at 44.1 kHz using 16 bits per sample (channel mask 0x3)
[2019.05.15-10.50.38:216][585]LogInit: FAudioDevice initialized.
[2019.05.15-10.50.38:251][585]LogLoad: Game class is 'CPP_PointCloudsVR_22GameMode'
[2019.05.15-10.50.38:254][585]LogWorld: Bringing World /Game/FirstPersonCPP/Maps/UEDPIE_0_FirstPersonExampleMap.FirstPersonExampleMap up for play (max tick rate 0) at 2019.05.15-12.50.38
[2019.05.15-10.50.38:255][585]LogWorld: Bringing up level for play took: 0.002423
[2019.05.15-10.50.38:269][585]LogSlate: New Slate User Created.  User Index 8, Is Virtual User: 1
[2019.05.15-10.50.38:270][585]LogSlate: Slate User Registered.  User Index 8, Is Virtual User: 1
[2019.05.15-10.50.38:271][585]PIE: Play in editor start time for /Game/FirstPersonCPP/Maps/UEDPIE_0_FirstPersonExampleMap -0,51
[2019.05.15-10.50.38:272][585]LogBlueprintUserMessages: Late PlayInEditor Detection: Level '/Game/FirstPersonCPP/Maps/FirstPersonExampleMap.FirstPersonExampleMap:PersistentLevel' has LevelScriptBlueprint '/Game/FirstPersonCPP/Maps/FirstPersonExampleMap.FirstPersonExampleMap:PersistentLevel.FirstPersonExampleMap' with GeneratedClass '/Game/FirstPersonCPP/Maps/FirstPersonExampleMap.FirstPersonExampleMap_C' with ClassGeneratedBy '/Game/FirstPersonCPP/Maps/FirstPersonExampleMap.FirstPersonExampleMap:PersistentLevel.FirstPersonExampleMap'
[2019.05.15-10.50.45:946][ 39]LogTemp: Warning: [LOD10] Cells: 1, MinPoints: 1469, MaxPoints: 1469, TotalPoints: 1469
[2019.05.15-10.50.45:946][ 39]LogTemp: Warning: [LOD9] Cells: 8, MinPoints: 4, MaxPoints: 1349, TotalPoints: 2942
[2019.05.15-10.50.45:946][ 39]LogTemp: Warning: [LOD8] Cells: 25, MinPoints: 1, MaxPoints: 2643, TotalPoints: 5887
[2019.05.15-10.50.45:946][ 39]LogTemp: Warning: [LOD7] Cells: 61, MinPoints: 1, MaxPoints: 4834, TotalPoints: 11779
[2019.05.15-10.50.45:947][ 39]LogTemp: Warning: [LOD6] Cells: 204, MinPoints: 1, MaxPoints: 4761, TotalPoints: 23605
[2019.05.15-10.50.45:947][ 39]LogTemp: Warning: [LOD5] Cells: 690, MinPoints: 1, MaxPoints: 3491, TotalPoints: 47352
[2019.05.15-10.50.45:947][ 39]LogTemp: Warning: [LOD4] Cells: 2258, MinPoints: 1, MaxPoints: 2349, TotalPoints: 95054
[2019.05.15-10.50.45:947][ 39]LogTemp: Warning: [LOD3] Cells: 7194, MinPoints: 1, MaxPoints: 1570, TotalPoints: 190772
[2019.05.15-10.50.45:947][ 39]LogTemp: Warning: [LOD2] Cells: 20671, MinPoints: 1, MaxPoints: 715, TotalPoints: 379858
[2019.05.15-10.50.45:947][ 39]LogTemp: Warning: [LOD1] Cells: 48685, MinPoints: 2, MaxPoints: 472, TotalPoints: 736680
[2019.05.15-10.50.45:948][ 39]LogTemp: Warning: [LOD0] Cells: 96803, MinPoints: 3, MaxPoints: 302, TotalPoints: 357275
