Log file open, 05/15/19 12:52:41
LogWindows: Failed to load 'aqProf.dll' (GetLastError=126)
LogWindows: File 'aqProf.dll' does not exist
LogWindows: Failed to load 'VtuneApi.dll' (GetLastError=126)
LogWindows: File 'VtuneApi.dll' does not exist
LogWindows: Failed to load 'VtuneApi32e.dll' (GetLastError=126)
LogWindows: File 'VtuneApi32e.dll' does not exist
LogConsoleResponse: Display: Failed to find resolution value strings in scalability ini. Falling back to default.
LogInit: Display: Running engine for game: CPP_PointCloudsVR_22
LogPakFile: Registered encryption key '00000000000000000000000000000000': 0 pak files mounted, 0 remain pending
LogPlatformFile: Not using cached read wrapper
LogTaskGraph: Started task graph with 5 named threads and 23 total threads with 3 sets of task threads.
LogStats: Stats thread started at 0.396124
LogD3D11RHI: Loaded GFSDK_Aftermath_Lib.x64.dll
LogICUInternationalization: ICU TimeZone Detection - Raw Offset: +1:00, Platform Override: ''
LogPluginManager: Mounting plugin Paper2D
LogPluginManager: Mounting plugin AISupport
LogPluginManager: Mounting plugin LightPropagationVolume
LogPluginManager: Mounting plugin ActorLayerUtilities
LogPluginManager: Mounting plugin AnimationSharing
LogPluginManager: Mounting plugin CLionSourceCodeAccess
LogPluginManager: Mounting plugin CodeLiteSourceCodeAccess
LogPluginManager: Mounting plugin GitSourceControl
LogPluginManager: Mounting plugin KDevelopSourceCodeAccess
LogPluginManager: Mounting plugin NullSourceCodeAccess
LogPluginManager: Mounting plugin PerforceSourceControl
LogPluginManager: Mounting plugin SubversionSourceControl
LogPluginManager: Mounting plugin UObjectPlugin
LogPluginManager: Mounting plugin VisualStudioCodeSourceCodeAccess
LogPluginManager: Mounting plugin VisualStudioSourceCodeAccess
LogPluginManager: Mounting plugin XCodeSourceCodeAccess
LogPluginManager: Mounting plugin AssetManagerEditor
LogPluginManager: Mounting plugin CryptoKeys
LogPluginManager: Mounting plugin DataValidation
LogPluginManager: Mounting plugin EditorScriptingUtilities
LogPluginManager: Mounting plugin FacialAnimation
LogPluginManager: Mounting plugin GameplayTagsEditor
LogPluginManager: Mounting plugin GLTFImporter
LogPluginManager: Mounting plugin MacGraphicsSwitching
LogPluginManager: Mounting plugin MaterialAnalyzer
LogPluginManager: Mounting plugin MeshEditor
LogPluginManager: Mounting plugin MobileLauncherProfileWizard
LogPluginManager: Mounting plugin PluginBrowser
LogPluginManager: Mounting plugin SpeedTreeImporter
LogPluginManager: Mounting plugin DatasmithContent
LogPluginManager: Mounting plugin VariantManagerContent
LogPluginManager: Mounting plugin AlembicImporter
LogPluginManager: Mounting plugin AppleImageUtils
LogPluginManager: Mounting plugin AppleVision
LogPluginManager: Mounting plugin BackChannel
LogPluginManager: Mounting plugin BlastPlugin
LogPluginManager: Mounting plugin ChaosSolverPlugin
LogPluginManager: Mounting plugin CharacterAI
LogPluginManager: Mounting plugin GeometryCache
LogPluginManager: Mounting plugin GeometryCollectionPlugin
LogPluginManager: Mounting plugin HTML5Networking
LogPluginManager: Mounting plugin ProxyLODPlugin
LogPluginManager: Mounting plugin SkeletalReduction
LogPluginManager: Mounting plugin MagicLeap
LogPluginManager: Mounting plugin MagicLeapMedia
LogPluginManager: Mounting plugin AndroidMedia
LogPluginManager: Mounting plugin AvfMedia
LogPluginManager: Mounting plugin ImgMedia
LogPluginManager: Mounting plugin LinearTimecode
LogPluginManager: Mounting plugin MediaCompositing
LogPluginManager: Mounting plugin MediaPlayerEditor
LogPluginManager: Mounting plugin WebMMedia
LogPluginManager: Mounting plugin WmfMedia
LogPluginManager: Mounting plugin TcpMessaging
LogPluginManager: Mounting plugin UdpMessaging
LogPluginManager: Mounting plugin ActorSequence
LogPluginManager: Mounting plugin LevelSequenceEditor
LogPluginManager: Mounting plugin MatineeToLevelSequence
LogPluginManager: Mounting plugin NetcodeUnitTest
LogPluginManager: Mounting plugin NUTUnrealEngine4
LogPluginManager: Mounting plugin OnlineSubsystemGooglePlay
LogPluginManager: Mounting plugin OnlineSubsystemIOS
LogPluginManager: Mounting plugin OnlineSubsystem
LogPluginManager: Mounting plugin OnlineSubsystemNull
LogPluginManager: Mounting plugin OnlineSubsystemUtils
LogPluginManager: Mounting plugin LauncherChunkInstaller
LogPluginManager: Mounting plugin AndroidDeviceProfileSelector
LogPluginManager: Mounting plugin AndroidMoviePlayer
LogPluginManager: Mounting plugin AndroidPermission
LogPluginManager: Mounting plugin AppleMoviePlayer
LogPluginManager: Mounting plugin ArchVisCharacter
LogPluginManager: Mounting plugin AudioCapture
LogPluginManager: Mounting plugin CableComponent
LogPluginManager: Mounting plugin CustomMeshComponent
LogPluginManager: Mounting plugin EditableMesh
LogPluginManager: Mounting plugin ExampleDeviceProfileSelector
LogPluginManager: Mounting plugin Firebase
LogPluginManager: Mounting plugin GoogleCloudMessaging
LogPluginManager: Mounting plugin IOSDeviceProfileSelector
LogPluginManager: Mounting plugin LinuxDeviceProfileSelector
LogPluginManager: Mounting plugin LocationServicesBPLibrary
LogPluginManager: Mounting plugin MobilePatchingUtils
LogPluginManager: Mounting plugin OculusVR
LogPluginManager: Mounting plugin PhysXVehicles
LogPluginManager: Mounting plugin ProceduralMeshComponent
LogPluginManager: Mounting plugin RuntimePhysXCooking
LogPluginManager: Mounting plugin SignificanceManager
LogPluginManager: Mounting plugin SteamVR
LogPluginManager: Mounting plugin WebMMoviePlayer
LogPluginManager: Mounting plugin WindowsMoviePlayer
LogPluginManager: Mounting plugin PointCloudPlugin
LogPluginManager: Mounting plugin DatasmithCADImporter
LogPluginManager: Mounting plugin DatasmithDataPrepEditor
LogPluginManager: Mounting plugin DatasmithFBXImporter
LogPluginManager: Mounting plugin DatasmithGLTFImporter
LogPluginManager: Mounting plugin DatasmithImporter
LogPluginManager: Mounting plugin MDLImporter
LogPluginManager: Mounting plugin StaticMeshEditorExtension
LogPluginManager: Mounting plugin VariantManager
LogInit: Using libcurl 7.55.1-DEV
LogInit:  - built for x86_64-pc-win32
LogInit:  - supports SSL with OpenSSL/1.1.1
LogInit:  - supports HTTP deflate (compression) using libz 1.2.8
LogInit:  - other features:
LogInit:      CURL_VERSION_SSL
LogInit:      CURL_VERSION_LIBZ
LogInit:      CURL_VERSION_IPV6
LogInit:      CURL_VERSION_ASYNCHDNS
LogInit:      CURL_VERSION_LARGEFILE
LogInit:      CURL_VERSION_IDN
LogInit:  CurlRequestOptions (configurable via config and command line):
LogInit:  - bVerifyPeer = true  - Libcurl will verify peer certificate
LogInit:  - bUseHttpProxy = false  - Libcurl will NOT use HTTP proxy
LogInit:  - bDontReuseConnections = false  - Libcurl will reuse connections
LogInit:  - MaxHostConnections = 16  - Libcurl will limit the number of connections to a host
LogInit:  - LocalHostAddr = Default
LogInit:  - BufferSize = 65536
LogInit: WinSock: version 1.1 (2.2), MaxSocks=32767, MaxUdp=65467
LogInit: Build: ++UE4+Release-4.22-CL-6063286
LogInit: Engine Version: 4.22.1-6063286+++UE4+Release-4.22
LogInit: Compatible Engine Version: 4.22.0-5660361+++UE4+Release-4.22
LogInit: Net CL: 5660361
LogInit: OS: Windows 10 (Release 1809) (), CPU: Intel(R) Core(TM) i7-6700HQ CPU @ 2.60GHz, GPU: Intel(R) HD Graphics 530
LogInit: Compiled (64-bit): Apr 24 2019 04:36:48
LogInit: Compiled with Visual C++: 19.16.27025.01
LogInit: Build Configuration: Development
LogInit: Branch Name: ++UE4+Release-4.22
LogInit: Command Line:  -skipcompile
LogInit: Base Directory: C:/Program Files/Epic Games/UE_4.22/Engine/Binaries/Win64/
LogInit: Installed Engine Build: 1
LogDevObjectVersion: Number of dev versions registered: 23
LogDevObjectVersion:   Dev-Blueprints (B0D832E4-1F89-4F0D-ACCF-7EB736FD4AA2): 10
LogDevObjectVersion:   Dev-Build (E1C64328-A22C-4D53-A36C-8E866417BD8C): 0
LogDevObjectVersion:   Dev-Core (375EC13C-06E4-48FB-B500-84F0262A717E): 3
LogDevObjectVersion:   Dev-Editor (E4B068ED-F494-42E9-A231-DA0B2E46BB41): 30
LogDevObjectVersion:   Dev-Framework (CFFC743F-43B0-4480-9391-14DF171D2073): 35
LogDevObjectVersion:   Dev-Mobile (B02B49B5-BB20-44E9-A304-32B752E40360): 2
LogDevObjectVersion:   Dev-Networking (A4E4105C-59A1-49B5-A7C5-40C4547EDFEE): 0
LogDevObjectVersion:   Dev-Online (39C831C9-5AE6-47DC-9A44-9C173E1C8E7C): 0
LogDevObjectVersion:   Dev-Physics (78F01B33-EBEA-4F98-B9B4-84EACCB95AA2): 0
LogDevObjectVersion:   Dev-Platform (6631380F-2D4D-43E0-8009-CF276956A95A): 0
LogDevObjectVersion:   Dev-Rendering (12F88B9F-8875-4AFC-A67C-D90C383ABD29): 28
LogDevObjectVersion:   Dev-Sequencer (7B5AE74C-D270-4C10-A958-57980B212A5A): 11
LogDevObjectVersion:   Dev-VR (D7296918-1DD6-4BDD-9DE2-64A83CC13884): 2
LogDevObjectVersion:   Dev-LoadTimes (C2A15278-BFE7-4AFE-6C17-90FF531DF755): 1
LogDevObjectVersion:   Private-Geometry (6EACA3D4-40EC-4CC1-B786-8BED09428FC5): 3
LogDevObjectVersion:   Dev-AnimPhys (29E575DD-E0A3-4627-9D10-D276232CDCEA): 17
LogDevObjectVersion:   Dev-Anim (AF43A65D-7FD3-4947-9873-3E8ED9C1BB05): 2
LogDevObjectVersion:   Dev-ReflectionCapture (6B266CEC-1EC7-4B8F-A30B-E4D90942FC07): 1
LogDevObjectVersion:   Dev-Automation (0DF73D61-A23F-47EA-B727-89E90C41499A): 1
LogDevObjectVersion:   FortniteMain (601D1886-AC64-4F84-AA16-D3DE0DEAC7D6): 25
LogDevObjectVersion:   Dev-Enterprise (9DFFBCD6-494F-0158-E221-12823C92A888): 6
LogDevObjectVersion:   Dev-Niagara (F2AED0AC-9AFE-416F-8664-AA7FFA26D6FC): 1
LogDevObjectVersion:   Dev-Destruction (174F1F0B-B4C6-45A5-B13F-2EE8D0FB917D): 2
LogInit: Presizing for max 16777216 objects, including 0 objects not considered by GC, pre-allocating 0 bytes for permanent pool.
LogInit: Object subsystem initialized
LogConfig: Setting CVar [[con.DebugEarlyDefault:1]]
LogConfig: Setting CVar [[r.setres:1280x720]]
[2019.05.15-10.52.42:171][  0]LogConfig: Setting CVar [[r.VSync:0]]
[2019.05.15-10.52.42:171][  0]LogConfig: Setting CVar [[r.RHICmdBypass:0]]
[2019.05.15-10.52.42:171][  0]LogConfig: Applying CVar settings from Section [/Script/Engine.RendererSettings] File [E:/Luk/Dokumente/GitHub/PointCloudsVR/CPP_PointCloudsVR_22/Saved/Config/Windows/Engine.ini]
[2019.05.15-10.52.42:171][  0]LogConfig: Setting CVar [[r.GPUCrashDebugging:0]]
[2019.05.15-10.52.42:171][  0]LogConfig: Applying CVar settings from Section [/Script/Engine.RendererOverrideSettings] File [E:/Luk/Dokumente/GitHub/PointCloudsVR/CPP_PointCloudsVR_22/Saved/Config/Windows/Engine.ini]
[2019.05.15-10.52.42:171][  0]LogConfig: Applying CVar settings from Section [/Script/Engine.StreamingSettings] File [E:/Luk/Dokumente/GitHub/PointCloudsVR/CPP_PointCloudsVR_22/Saved/Config/Windows/Engine.ini]
[2019.05.15-10.52.42:171][  0]LogConfig: Setting CVar [[s.MinBulkDataSizeForAsyncLoading:131072]]
[2019.05.15-10.52.42:172][  0]LogConfig: Setting CVar [[s.AsyncLoadingThreadEnabled:0]]
[2019.05.15-10.52.42:172][  0]LogConfig: Setting CVar [[s.EventDrivenLoaderEnabled:1]]
[2019.05.15-10.52.42:172][  0]LogConfig: Setting CVar [[s.WarnIfTimeLimitExceeded:0]]
[2019.05.15-10.52.42:172][  0]LogConfig: Setting CVar [[s.TimeLimitExceededMultiplier:1.5]]
[2019.05.15-10.52.42:172][  0]LogConfig: Setting CVar [[s.TimeLimitExceededMinTime:0.005]]
[2019.05.15-10.52.42:172][  0]LogConfig: Setting CVar [[s.UseBackgroundLevelStreaming:1]]
[2019.05.15-10.52.42:172][  0]LogConfig: Setting CVar [[s.PriorityAsyncLoadingExtraTime:15.0]]
[2019.05.15-10.52.42:172][  0]LogConfig: Setting CVar [[s.LevelStreamingActorsUpdateTimeLimit:5.0]]
[2019.05.15-10.52.42:172][  0]LogConfig: Setting CVar [[s.PriorityLevelStreamingActorsUpdateExtraTime:5.0]]
[2019.05.15-10.52.42:172][  0]LogConfig: Setting CVar [[s.LevelStreamingComponentsRegistrationGranularity:10]]
[2019.05.15-10.52.42:172][  0]LogConfig: Setting CVar [[s.UnregisterComponentsTimeLimit:1.0]]
[2019.05.15-10.52.42:172][  0]LogConfig: Setting CVar [[s.LevelStreamingComponentsUnregistrationGranularity:5]]
[2019.05.15-10.52.42:173][  0]LogConfig: Applying CVar settings from Section [/Script/Engine.GarbageCollectionSettings] File [E:/Luk/Dokumente/GitHub/PointCloudsVR/CPP_PointCloudsVR_22/Saved/Config/Windows/Engine.ini]
[2019.05.15-10.52.42:173][  0]LogConfig: Setting CVar [[gc.MaxObjectsNotConsideredByGC:1]]
[2019.05.15-10.52.42:173][  0]LogConfig: Setting CVar [[gc.SizeOfPermanentObjectPool:0]]
[2019.05.15-10.52.42:173][  0]LogConfig: Setting CVar [[gc.FlushStreamingOnGC:0]]
[2019.05.15-10.52.42:173][  0]LogConfig: Setting CVar [[gc.NumRetriesBeforeForcingGC:10]]
[2019.05.15-10.52.42:173][  0]LogConfig: Setting CVar [[gc.AllowParallelGC:1]]
[2019.05.15-10.52.42:173][  0]LogConfig: Setting CVar [[gc.TimeBetweenPurgingPendingKillObjects:61.1]]
[2019.05.15-10.52.42:173][  0]LogConfig: Setting CVar [[gc.MaxObjectsInEditor:16777216]]
[2019.05.15-10.52.42:173][  0]LogConfig: Setting CVar [[gc.IncrementalBeginDestroyEnabled:1]]
[2019.05.15-10.52.42:173][  0]LogConfig: Setting CVar [[gc.CreateGCClusters:1]]
[2019.05.15-10.52.42:173][  0]LogConfig: Setting CVar [[gc.MinGCClusterSize:5]]
[2019.05.15-10.52.42:174][  0]LogConfig: Setting CVar [[gc.ActorClusteringEnabled:0]]
[2019.05.15-10.52.42:174][  0]LogConfig: Setting CVar [[gc.BlueprintClusteringEnabled:0]]
[2019.05.15-10.52.42:174][  0]LogConfig: Setting CVar [[gc.UseDisregardForGCOnDedicatedServers:0]]
[2019.05.15-10.52.42:174][  0]LogConfig: Applying CVar settings from Section [/Script/Engine.NetworkSettings] File [E:/Luk/Dokumente/GitHub/PointCloudsVR/CPP_PointCloudsVR_22/Saved/Config/Windows/Engine.ini]
[2019.05.15-10.52.42:174][  0]LogConfig: Applying CVar settings from Section [/Script/UnrealEd.CookerSettings] File [E:/Luk/Dokumente/GitHub/PointCloudsVR/CPP_PointCloudsVR_22/Saved/Config/Windows/Engine.ini]
[2019.05.15-10.52.42:189][  0]LogConfig: Applying CVar settings from Section [ViewDistanceQuality@3] File [E:/Luk/Dokumente/GitHub/PointCloudsVR/CPP_PointCloudsVR_22/Saved/Config/Windows/Scalability.ini]
[2019.05.15-10.52.42:189][  0]LogConfig: Setting CVar [[r.SkeletalMeshLODBias:0]]
[2019.05.15-10.52.42:189][  0]LogConfig: Setting CVar [[r.ViewDistanceScale:1.0]]
[2019.05.15-10.52.42:189][  0]LogConfig: Applying CVar settings from Section [AntiAliasingQuality@3] File [E:/Luk/Dokumente/GitHub/PointCloudsVR/CPP_PointCloudsVR_22/Saved/Config/Windows/Scalability.ini]
[2019.05.15-10.52.42:189][  0]LogConfig: Setting CVar [[r.PostProcessAAQuality:4]]
[2019.05.15-10.52.42:189][  0]LogConfig: Applying CVar settings from Section [ShadowQuality@3] File [E:/Luk/Dokumente/GitHub/PointCloudsVR/CPP_PointCloudsVR_22/Saved/Config/Windows/Scalability.ini]
[2019.05.15-10.52.42:189][  0]LogConfig: Setting CVar [[r.LightFunctionQuality:1]]
[2019.05.15-10.52.42:189][  0]LogConfig: Setting CVar [[r.ShadowQuality:5]]
[2019.05.15-10.52.42:189][  0]LogConfig: Setting CVar [[r.Shadow.CSM.MaxCascades:10]]
[2019.05.15-10.52.42:189][  0]LogConfig: Setting CVar [[r.Shadow.MaxResolution:2048]]
[2019.05.15-10.52.42:189][  0]LogConfig: Setting CVar [[r.Shadow.MaxCSMResolution:2048]]
[2019.05.15-10.52.42:190][  0]LogConfig: Setting CVar [[r.Shadow.RadiusThreshold:0.01]]
[2019.05.15-10.52.42:190][  0]LogConfig: Setting CVar [[r.Shadow.DistanceScale:1.0]]
[2019.05.15-10.52.42:190][  0]LogConfig: Setting CVar [[r.Shadow.CSM.TransitionScale:1.0]]
[2019.05.15-10.52.42:190][  0]LogConfig: Setting CVar [[r.Shadow.PreShadowResolutionFactor:1.0]]
[2019.05.15-10.52.42:190][  0]LogConfig: Setting CVar [[r.DistanceFieldShadowing:1]]
[2019.05.15-10.52.42:190][  0]LogConfig: Setting CVar [[r.DistanceFieldAO:1]]
[2019.05.15-10.52.42:190][  0]LogConfig: Setting CVar [[r.AOQuality:2]]
[2019.05.15-10.52.42:190][  0]LogConfig: Setting CVar [[r.VolumetricFog:1]]
[2019.05.15-10.52.42:190][  0]LogConfig: Setting CVar [[r.VolumetricFog.GridPixelSize:8]]
[2019.05.15-10.52.42:190][  0]LogConfig: Setting CVar [[r.VolumetricFog.GridSizeZ:128]]
[2019.05.15-10.52.42:190][  0]LogConfig: Setting CVar [[r.VolumetricFog.HistoryMissSupersampleCount:4]]
[2019.05.15-10.52.42:191][  0]LogConfig: Setting CVar [[r.LightMaxDrawDistanceScale:1]]
[2019.05.15-10.52.42:191][  0]LogConfig: Setting CVar [[r.CapsuleShadows:1]]
[2019.05.15-10.52.42:191][  0]LogConfig: Applying CVar settings from Section [PostProcessQuality@3] File [E:/Luk/Dokumente/GitHub/PointCloudsVR/CPP_PointCloudsVR_22/Saved/Config/Windows/Scalability.ini]
[2019.05.15-10.52.42:191][  0]LogConfig: Setting CVar [[r.MotionBlurQuality:4]]
[2019.05.15-10.52.42:191][  0]LogConfig: Setting CVar [[r.AmbientOcclusionMipLevelFactor:0.4]]
[2019.05.15-10.52.42:191][  0]LogConfig: Setting CVar [[r.AmbientOcclusionMaxQuality:100]]
[2019.05.15-10.52.42:191][  0]LogConfig: Setting CVar [[r.AmbientOcclusionLevels:-1]]
[2019.05.15-10.52.42:191][  0]LogConfig: Setting CVar [[r.AmbientOcclusionRadiusScale:1.0]]
[2019.05.15-10.52.42:191][  0]LogConfig: Setting CVar [[r.DepthOfFieldQuality:2]]
[2019.05.15-10.52.42:191][  0]LogConfig: Setting CVar [[r.RenderTargetPoolMin:400]]
[2019.05.15-10.52.42:192][  0]LogConfig: Setting CVar [[r.LensFlareQuality:2]]
[2019.05.15-10.52.42:192][  0]LogConfig: Setting CVar [[r.SceneColorFringeQuality:1]]
[2019.05.15-10.52.42:192][  0]LogConfig: Setting CVar [[r.EyeAdaptationQuality:2]]
[2019.05.15-10.52.42:192][  0]LogConfig: Setting CVar [[r.BloomQuality:5]]
[2019.05.15-10.52.42:192][  0]LogConfig: Setting CVar [[r.FastBlurThreshold:100]]
[2019.05.15-10.52.42:192][  0]LogConfig: Setting CVar [[r.Upscale.Quality:3]]
[2019.05.15-10.52.42:192][  0]LogConfig: Setting CVar [[r.Tonemapper.GrainQuantization:1]]
[2019.05.15-10.52.42:192][  0]LogConfig: Setting CVar [[r.LightShaftQuality:1]]
[2019.05.15-10.52.42:192][  0]LogConfig: Setting CVar [[r.Filter.SizeScale:1]]
[2019.05.15-10.52.42:192][  0]LogConfig: Setting CVar [[r.Tonemapper.Quality:5]]
[2019.05.15-10.52.42:193][  0]LogConfig: Setting CVar [[r.DOF.Gather.AccumulatorQuality:1        ; higher gathering accumulator quality]]
[2019.05.15-10.52.42:193][  0]LogConfig: Setting CVar [[r.DOF.Gather.PostfilterMethod:1          ; Median3x3 postfilering method]]
[2019.05.15-10.52.42:193][  0]LogConfig: Setting CVar [[r.DOF.Gather.EnableBokehSettings:0       ; no bokeh simulation when gathering]]
[2019.05.15-10.52.42:193][  0]LogConfig: Setting CVar [[r.DOF.Gather.RingCount:4                 ; medium number of samples when gathering]]
[2019.05.15-10.52.42:193][  0]LogConfig: Setting CVar [[r.DOF.Scatter.ForegroundCompositing:1    ; additive foreground scattering]]
[2019.05.15-10.52.42:193][  0]LogConfig: Setting CVar [[r.DOF.Scatter.BackgroundCompositing:2    ; additive background scattering]]
[2019.05.15-10.52.42:193][  0]LogConfig: Setting CVar [[r.DOF.Scatter.EnableBokehSettings:1      ; bokeh simulation when scattering]]
[2019.05.15-10.52.42:193][  0]LogConfig: Setting CVar [[r.DOF.Scatter.MaxSpriteRatio:0.1         ; only a maximum of 10% of scattered bokeh]]
[2019.05.15-10.52.42:193][  0]LogConfig: Setting CVar [[r.DOF.Recombine.Quality:1                ; cheap slight out of focus]]
[2019.05.15-10.52.42:193][  0]LogConfig: Setting CVar [[r.DOF.Recombine.EnableBokehSettings:0    ; no bokeh simulation on slight out of focus]]
[2019.05.15-10.52.42:194][  0]LogConfig: Setting CVar [[r.DOF.TemporalAAQuality:1                ; more stable temporal accumulation]]
[2019.05.15-10.52.42:194][  0]LogConfig: Setting CVar [[r.DOF.Kernel.MaxForegroundRadius:0.025]]
[2019.05.15-10.52.42:194][  0]LogConfig: Setting CVar [[r.DOF.Kernel.MaxBackgroundRadius:0.025]]
[2019.05.15-10.52.42:194][  0]LogConfig: Applying CVar settings from Section [TextureQuality@3] File [E:/Luk/Dokumente/GitHub/PointCloudsVR/CPP_PointCloudsVR_22/Saved/Config/Windows/Scalability.ini]
[2019.05.15-10.52.42:194][  0]LogConfig: Setting CVar [[r.Streaming.MipBias:0]]
[2019.05.15-10.52.42:194][  0]LogConfig: Setting CVar [[r.Streaming.AmortizeCPUToGPUCopy:0]]
[2019.05.15-10.52.42:194][  0]LogConfig: Setting CVar [[r.Streaming.MaxNumTexturesToStreamPerFrame:0]]
[2019.05.15-10.52.42:194][  0]LogConfig: Setting CVar [[r.Streaming.Boost:1]]
[2019.05.15-10.52.42:194][  0]LogConfig: Setting CVar [[r.MaxAnisotropy:8]]
[2019.05.15-10.52.42:194][  0]LogConfig: Setting CVar [[r.Streaming.LimitPoolSizeToVRAM:0]]
[2019.05.15-10.52.42:195][  0]LogConfig: Setting CVar [[r.Streaming.PoolSize:1000]]
[2019.05.15-10.52.42:195][  0]LogConfig: Setting CVar [[r.Streaming.MaxEffectiveScreenSize:0]]
[2019.05.15-10.52.42:195][  0]LogConfig: Applying CVar settings from Section [EffectsQuality@3] File [E:/Luk/Dokumente/GitHub/PointCloudsVR/CPP_PointCloudsVR_22/Saved/Config/Windows/Scalability.ini]
[2019.05.15-10.52.42:195][  0]LogConfig: Setting CVar [[r.TranslucencyLightingVolumeDim:64]]
[2019.05.15-10.52.42:195][  0]LogConfig: Setting CVar [[r.RefractionQuality:2]]
[2019.05.15-10.52.42:195][  0]LogConfig: Setting CVar [[r.SSR.Quality:3]]
[2019.05.15-10.52.42:195][  0]LogConfig: Setting CVar [[r.SceneColorFormat:4]]
[2019.05.15-10.52.42:196][  0]LogConfig: Setting CVar [[r.DetailMode:2]]
[2019.05.15-10.52.42:196][  0]LogConfig: Setting CVar [[r.TranslucencyVolumeBlur:1]]
[2019.05.15-10.52.42:196][  0]LogConfig: Setting CVar [[r.MaterialQualityLevel:1 ; High quality]]
[2019.05.15-10.52.42:196][  0]LogConfig: Setting CVar [[r.SSS.Scale:1]]
[2019.05.15-10.52.42:196][  0]LogConfig: Setting CVar [[r.SSS.SampleSet:2]]
[2019.05.15-10.52.42:196][  0]LogConfig: Setting CVar [[r.SSS.Quality:1]]
[2019.05.15-10.52.42:196][  0]LogConfig: Setting CVar [[r.SSS.HalfRes:1]]
[2019.05.15-10.52.42:196][  0]LogConfig: Setting CVar [[r.EmitterSpawnRateScale:1.0]]
[2019.05.15-10.52.42:196][  0]LogConfig: Setting CVar [[r.ParticleLightQuality:2]]
[2019.05.15-10.52.42:196][  0]LogConfig: Applying CVar settings from Section [FoliageQuality@3] File [E:/Luk/Dokumente/GitHub/PointCloudsVR/CPP_PointCloudsVR_22/Saved/Config/Windows/Scalability.ini]
[2019.05.15-10.52.42:197][  0]LogConfig: Setting CVar [[foliage.DensityScale:1.0]]
[2019.05.15-10.52.42:197][  0]LogConfig: Setting CVar [[grass.DensityScale:1.0]]
[2019.05.15-10.52.42:197][  0]LogInit: Selected Device Profile: [Windows]
[2019.05.15-10.52.42:197][  0]LogInit: Applying CVar settings loaded from the selected device profile: [Windows]
[2019.05.15-10.52.42:214][  0]LogHAL: Display: Platform has ~ 16 GB [16999284736 / 17179869184 / 16], which maps to Larger [LargestMinGB=32, LargerMinGB=12, DefaultMinGB=8, SmallerMinGB=6, SmallestMinGB=0)
[2019.05.15-10.52.42:214][  0]LogConfig: Setting CVar [[r.Vulkan.UseRealUBs:0		; Required until we fix HLR fall-out]]
[2019.05.15-10.52.42:214][  0]LogInit: Going up to parent DeviceProfile []
[2019.05.15-10.52.42:214][  0]LogConfig: Applying CVar settings from Section [ViewDistanceQuality@3] File [E:/Luk/Dokumente/GitHub/PointCloudsVR/CPP_PointCloudsVR_22/Saved/Config/Windows/Scalability.ini]
[2019.05.15-10.52.42:214][  0]LogConfig: Setting CVar [[r.SkeletalMeshLODBias:0]]
[2019.05.15-10.52.42:214][  0]LogConfig: Setting CVar [[r.ViewDistanceScale:1.0]]
[2019.05.15-10.52.42:214][  0]LogConfig: Applying CVar settings from Section [AntiAliasingQuality@3] File [E:/Luk/Dokumente/GitHub/PointCloudsVR/CPP_PointCloudsVR_22/Saved/Config/Windows/Scalability.ini]
[2019.05.15-10.52.42:215][  0]LogConfig: Setting CVar [[r.PostProcessAAQuality:4]]
[2019.05.15-10.52.42:215][  0]LogConfig: Applying CVar settings from Section [ShadowQuality@3] File [E:/Luk/Dokumente/GitHub/PointCloudsVR/CPP_PointCloudsVR_22/Saved/Config/Windows/Scalability.ini]
[2019.05.15-10.52.42:215][  0]LogConfig: Setting CVar [[r.LightFunctionQuality:1]]
[2019.05.15-10.52.42:215][  0]LogConfig: Setting CVar [[r.ShadowQuality:5]]
[2019.05.15-10.52.42:215][  0]LogConfig: Setting CVar [[r.Shadow.CSM.MaxCascades:10]]
[2019.05.15-10.52.42:215][  0]LogConfig: Setting CVar [[r.Shadow.MaxResolution:2048]]
[2019.05.15-10.52.42:215][  0]LogConfig: Setting CVar [[r.Shadow.MaxCSMResolution:2048]]
[2019.05.15-10.52.42:215][  0]LogConfig: Setting CVar [[r.Shadow.RadiusThreshold:0.01]]
[2019.05.15-10.52.42:215][  0]LogConfig: Setting CVar [[r.Shadow.DistanceScale:1.0]]
[2019.05.15-10.52.42:215][  0]LogConfig: Setting CVar [[r.Shadow.CSM.TransitionScale:1.0]]
[2019.05.15-10.52.42:215][  0]LogConfig: Setting CVar [[r.Shadow.PreShadowResolutionFactor:1.0]]
[2019.05.15-10.52.42:215][  0]LogConfig: Setting CVar [[r.DistanceFieldShadowing:1]]
[2019.05.15-10.52.42:216][  0]LogConfig: Setting CVar [[r.DistanceFieldAO:1]]
[2019.05.15-10.52.42:216][  0]LogConfig: Setting CVar [[r.AOQuality:2]]
[2019.05.15-10.52.42:216][  0]LogConfig: Setting CVar [[r.VolumetricFog:1]]
[2019.05.15-10.52.42:216][  0]LogConfig: Setting CVar [[r.VolumetricFog.GridPixelSize:8]]
[2019.05.15-10.52.42:216][  0]LogConfig: Setting CVar [[r.VolumetricFog.GridSizeZ:128]]
[2019.05.15-10.52.42:216][  0]LogConfig: Setting CVar [[r.VolumetricFog.HistoryMissSupersampleCount:4]]
[2019.05.15-10.52.42:216][  0]LogConfig: Setting CVar [[r.LightMaxDrawDistanceScale:1]]
[2019.05.15-10.52.42:216][  0]LogConfig: Setting CVar [[r.CapsuleShadows:1]]
[2019.05.15-10.52.42:216][  0]LogConfig: Applying CVar settings from Section [PostProcessQuality@3] File [E:/Luk/Dokumente/GitHub/PointCloudsVR/CPP_PointCloudsVR_22/Saved/Config/Windows/Scalability.ini]
[2019.05.15-10.52.42:216][  0]LogConfig: Setting CVar [[r.MotionBlurQuality:4]]
[2019.05.15-10.52.42:216][  0]LogConfig: Setting CVar [[r.AmbientOcclusionMipLevelFactor:0.4]]
[2019.05.15-10.52.42:216][  0]LogConfig: Setting CVar [[r.AmbientOcclusionMaxQuality:100]]
[2019.05.15-10.52.42:216][  0]LogConfig: Setting CVar [[r.AmbientOcclusionLevels:-1]]
[2019.05.15-10.52.42:216][  0]LogConfig: Setting CVar [[r.AmbientOcclusionRadiusScale:1.0]]
[2019.05.15-10.52.42:217][  0]LogConfig: Setting CVar [[r.DepthOfFieldQuality:2]]
[2019.05.15-10.52.42:217][  0]LogConfig: Setting CVar [[r.RenderTargetPoolMin:400]]
[2019.05.15-10.52.42:217][  0]LogConfig: Setting CVar [[r.LensFlareQuality:2]]
[2019.05.15-10.52.42:217][  0]LogConfig: Setting CVar [[r.SceneColorFringeQuality:1]]
[2019.05.15-10.52.42:217][  0]LogConfig: Setting CVar [[r.EyeAdaptationQuality:2]]
[2019.05.15-10.52.42:217][  0]LogConfig: Setting CVar [[r.BloomQuality:5]]
[2019.05.15-10.52.42:217][  0]LogConfig: Setting CVar [[r.FastBlurThreshold:100]]
[2019.05.15-10.52.42:217][  0]LogConfig: Setting CVar [[r.Upscale.Quality:3]]
[2019.05.15-10.52.42:217][  0]LogConfig: Setting CVar [[r.Tonemapper.GrainQuantization:1]]
[2019.05.15-10.52.42:217][  0]LogConfig: Setting CVar [[r.LightShaftQuality:1]]
[2019.05.15-10.52.42:217][  0]LogConfig: Setting CVar [[r.Filter.SizeScale:1]]
[2019.05.15-10.52.42:217][  0]LogConfig: Setting CVar [[r.Tonemapper.Quality:5]]
[2019.05.15-10.52.42:217][  0]LogConfig: Setting CVar [[r.DOF.Gather.AccumulatorQuality:1        ; higher gathering accumulator quality]]
[2019.05.15-10.52.42:218][  0]LogConfig: Setting CVar [[r.DOF.Gather.PostfilterMethod:1          ; Median3x3 postfilering method]]
[2019.05.15-10.52.42:218][  0]LogConfig: Setting CVar [[r.DOF.Gather.EnableBokehSettings:0       ; no bokeh simulation when gathering]]
[2019.05.15-10.52.42:218][  0]LogConfig: Setting CVar [[r.DOF.Gather.RingCount:4                 ; medium number of samples when gathering]]
[2019.05.15-10.52.42:218][  0]LogConfig: Setting CVar [[r.DOF.Scatter.ForegroundCompositing:1    ; additive foreground scattering]]
[2019.05.15-10.52.42:218][  0]LogConfig: Setting CVar [[r.DOF.Scatter.BackgroundCompositing:2    ; additive background scattering]]
[2019.05.15-10.52.42:218][  0]LogConfig: Setting CVar [[r.DOF.Scatter.EnableBokehSettings:1      ; bokeh simulation when scattering]]
[2019.05.15-10.52.42:218][  0]LogConfig: Setting CVar [[r.DOF.Scatter.MaxSpriteRatio:0.1         ; only a maximum of 10% of scattered bokeh]]
[2019.05.15-10.52.42:218][  0]LogConfig: Setting CVar [[r.DOF.Recombine.Quality:1                ; cheap slight out of focus]]
[2019.05.15-10.52.42:218][  0]LogConfig: Setting CVar [[r.DOF.Recombine.EnableBokehSettings:0    ; no bokeh simulation on slight out of focus]]
[2019.05.15-10.52.42:218][  0]LogConfig: Setting CVar [[r.DOF.TemporalAAQuality:1                ; more stable temporal accumulation]]
[2019.05.15-10.52.42:218][  0]LogConfig: Setting CVar [[r.DOF.Kernel.MaxForegroundRadius:0.025]]
[2019.05.15-10.52.42:218][  0]LogConfig: Setting CVar [[r.DOF.Kernel.MaxBackgroundRadius:0.025]]
[2019.05.15-10.52.42:219][  0]LogConfig: Applying CVar settings from Section [TextureQuality@3] File [E:/Luk/Dokumente/GitHub/PointCloudsVR/CPP_PointCloudsVR_22/Saved/Config/Windows/Scalability.ini]
[2019.05.15-10.52.42:219][  0]LogConfig: Setting CVar [[r.Streaming.MipBias:0]]
[2019.05.15-10.52.42:219][  0]LogConfig: Setting CVar [[r.Streaming.AmortizeCPUToGPUCopy:0]]
[2019.05.15-10.52.42:219][  0]LogConfig: Setting CVar [[r.Streaming.MaxNumTexturesToStreamPerFrame:0]]
[2019.05.15-10.52.42:219][  0]LogConfig: Setting CVar [[r.Streaming.Boost:1]]
[2019.05.15-10.52.42:219][  0]LogConfig: Setting CVar [[r.MaxAnisotropy:8]]
[2019.05.15-10.52.42:219][  0]LogConfig: Setting CVar [[r.Streaming.LimitPoolSizeToVRAM:0]]
[2019.05.15-10.52.42:219][  0]LogConfig: Setting CVar [[r.Streaming.PoolSize:1000]]
[2019.05.15-10.52.42:219][  0]LogConfig: Setting CVar [[r.Streaming.MaxEffectiveScreenSize:0]]
[2019.05.15-10.52.42:219][  0]LogConfig: Applying CVar settings from Section [EffectsQuality@3] File [E:/Luk/Dokumente/GitHub/PointCloudsVR/CPP_PointCloudsVR_22/Saved/Config/Windows/Scalability.ini]
[2019.05.15-10.52.42:219][  0]LogConfig: Setting CVar [[r.TranslucencyLightingVolumeDim:64]]
[2019.05.15-10.52.42:220][  0]LogConfig: Setting CVar [[r.RefractionQuality:2]]
[2019.05.15-10.52.42:220][  0]LogConfig: Setting CVar [[r.SSR.Quality:3]]
[2019.05.15-10.52.42:220][  0]LogConfig: Setting CVar [[r.SceneColorFormat:4]]
[2019.05.15-10.52.42:220][  0]LogConfig: Setting CVar [[r.DetailMode:2]]
[2019.05.15-10.52.42:220][  0]LogConfig: Setting CVar [[r.TranslucencyVolumeBlur:1]]
[2019.05.15-10.52.42:220][  0]LogConfig: Setting CVar [[r.MaterialQualityLevel:1 ; High quality]]
[2019.05.15-10.52.42:220][  0]LogConfig: Setting CVar [[r.SSS.Scale:1]]
[2019.05.15-10.52.42:220][  0]LogConfig: Setting CVar [[r.SSS.SampleSet:2]]
[2019.05.15-10.52.42:220][  0]LogConfig: Setting CVar [[r.SSS.Quality:1]]
[2019.05.15-10.52.42:220][  0]LogConfig: Setting CVar [[r.SSS.HalfRes:1]]
[2019.05.15-10.52.42:220][  0]LogConfig: Setting CVar [[r.EmitterSpawnRateScale:1.0]]
[2019.05.15-10.52.42:221][  0]LogConfig: Setting CVar [[r.ParticleLightQuality:2]]
[2019.05.15-10.52.42:221][  0]LogConfig: Applying CVar settings from Section [FoliageQuality@3] File [E:/Luk/Dokumente/GitHub/PointCloudsVR/CPP_PointCloudsVR_22/Saved/Config/Windows/Scalability.ini]
[2019.05.15-10.52.42:221][  0]LogConfig: Setting CVar [[foliage.DensityScale:1.0]]
[2019.05.15-10.52.42:221][  0]LogConfig: Setting CVar [[grass.DensityScale:1.0]]
[2019.05.15-10.52.42:221][  0]LogConfig: Applying CVar settings from Section [Startup] File [../../../Engine/Config/ConsoleVariables.ini]
[2019.05.15-10.52.42:221][  0]LogConfig: Setting CVar [[net.UseAdaptiveNetUpdateFrequency:0]]
[2019.05.15-10.52.42:221][  0]LogConfig: Setting CVar [[p.chaos.AllowCreatePhysxBodies:1]]
[2019.05.15-10.52.42:221][  0]LogConfig: Applying CVar settings from Section [ConsoleVariables] File [E:/Luk/Dokumente/GitHub/PointCloudsVR/CPP_PointCloudsVR_22/Saved/Config/Windows/Engine.ini]
[2019.05.15-10.52.42:222][  0]LogInit: Computer: LAPTOP-9EU9193A
[2019.05.15-10.52.42:222][  0]LogInit: User: Luk
[2019.05.15-10.52.42:222][  0]LogInit: CPU Page size=4096, Cores=4
[2019.05.15-10.52.42:222][  0]LogInit: High frequency timer resolution =10.000000 MHz
[2019.05.15-10.52.42:222][  0]LogMemory: Memory total: Physical=15.8GB (16GB approx)
[2019.05.15-10.52.42:223][  0]LogMemory: Platform Memory Stats for Windows
[2019.05.15-10.52.42:223][  0]LogMemory: Process Physical Memory: 97.48 MB used, 97.48 MB peak
[2019.05.15-10.52.42:223][  0]LogMemory: Process Virtual Memory: 89.03 MB used, 89.03 MB peak
[2019.05.15-10.52.42:223][  0]LogMemory: Physical Memory: 7243.31 MB used,  8968.47 MB free, 16211.78 MB total
[2019.05.15-10.52.42:223][  0]LogMemory: Virtual Memory: 4657.81 MB used,  134213072.00 MB free, 134217728.00 MB total
[2019.05.15-10.52.42:371][  0]LogInit: Using OS detected language (de-DE).
[2019.05.15-10.52.42:372][  0]LogInit: Using OS detected locale (de-DE).
[2019.05.15-10.52.42:373][  0]LogTextLocalizationManager: No specific localization for 'de-DE' exists, so the 'de' localization will be used.
[2019.05.15-10.52.42:374][  0]LogTextLocalizationResource: LocRes '../../../Engine/Content/Localization/Editor/de/Editor.locres' could not be opened for reading!
[2019.05.15-10.52.42:374][  0]LogTextLocalizationResource: LocRes '../../../Engine/Content/Localization/EditorTutorials/de/EditorTutorials.locres' could not be opened for reading!
[2019.05.15-10.52.42:375][  0]LogTextLocalizationResource: LocRes '../../../Engine/Content/Localization/Keywords/de/Keywords.locres' could not be opened for reading!
[2019.05.15-10.52.42:376][  0]LogTextLocalizationResource: LocRes '../../../Engine/Content/Localization/Category/de/Category.locres' could not be opened for reading!
[2019.05.15-10.52.42:376][  0]LogTextLocalizationResource: LocRes '../../../Engine/Content/Localization/ToolTips/de/ToolTips.locres' could not be opened for reading!
[2019.05.15-10.52.42:377][  0]LogTextLocalizationResource: LocRes '../../../Engine/Content/Localization/PropertyNames/de/PropertyNames.locres' could not be opened for reading!
[2019.05.15-10.52.42:377][  0]LogTextLocalizationResource: LocRes '../../../Engine/Content/Localization/Engine/de/Engine.locres' could not be opened for reading!
[2019.05.15-10.52.42:379][  0]LogInit: Setting process to per monitor DPI aware
[2019.05.15-10.52.42:443][  0]LogSlate: New Slate User Created.  User Index 0, Is Virtual User: 0
[2019.05.15-10.52.42:443][  0]LogSlate: Slate User Registered.  User Index 0, Is Virtual User: 0
[2019.05.15-10.52.42:763][  0]LogHMD: Failed to initialize OpenVR with code 110
[2019.05.15-10.52.42:763][  0]LogD3D11RHI: D3D11 adapters:
[2019.05.15-10.52.43:183][  0]LogD3D11RHI:    0. 'NVIDIA GeForce GTX 960M' (Feature Level 11_0)
[2019.05.15-10.52.43:183][  0]LogD3D11RHI:       4055/0/8105 MB DedicatedVideo/DedicatedSystem/SharedSystem, Outputs:2, VendorId:0x10de
[2019.05.15-10.52.43:205][  0]LogD3D11RHI:    1. 'Intel(R) HD Graphics 530' (Feature Level 11_0)
[2019.05.15-10.52.43:205][  0]LogD3D11RHI:       128/0/8105 MB DedicatedVideo/DedicatedSystem/SharedSystem, Outputs:0, VendorId:0x8086
[2019.05.15-10.52.43:213][  0]LogD3D11RHI:    2. 'Microsoft Basic Render Driver' (Feature Level 11_0)
[2019.05.15-10.52.43:213][  0]LogD3D11RHI:       0/0/8105 MB DedicatedVideo/DedicatedSystem/SharedSystem, Outputs:0, VendorId:0x1414
[2019.05.15-10.52.43:213][  0]LogD3D11RHI: Chosen D3D11 Adapter: 0
[2019.05.15-10.52.43:267][  0]LogD3D11RHI: Creating new Direct3DDevice
[2019.05.15-10.52.43:267][  0]LogD3D11RHI:     GPU DeviceId: 0x139b (for the marketing name, search the web for "GPU Device Id")
[2019.05.15-10.52.43:267][  0]LogWindows: EnumDisplayDevices:
[2019.05.15-10.52.43:268][  0]LogWindows:    0. 'Intel(R) HD Graphics 530' (P:1 D:1)
[2019.05.15-10.52.43:269][  0]LogWindows:    1. 'Intel(R) HD Graphics 530' (P:0 D:1)
[2019.05.15-10.52.43:270][  0]LogWindows:    2. 'Intel(R) HD Graphics 530' (P:0 D:0)
[2019.05.15-10.52.43:270][  0]LogWindows: DebugString: PrimaryIsNotTheChoosenAdapter PrimaryIsNotTheChoosenAdapter PrimaryIsNotTheChoosenAdapter FoundDriverCount:0 
[2019.05.15-10.52.43:270][  0]LogD3D11RHI:     Adapter Name: NVIDIA GeForce GTX 960M
[2019.05.15-10.52.43:270][  0]LogD3D11RHI:   Driver Version: Unknown (internal:Unknown, unified:Unknown)
[2019.05.15-10.52.43:271][  0]LogD3D11RHI:      Driver Date: Unknown
[2019.05.15-10.52.43:271][  0]LogRHI: Texture pool is 2839 MB (70% of 4055 MB)
[2019.05.15-10.52.43:339][  0]LogD3D11RHI: Async texture creation enabled
[2019.05.15-10.52.43:344][  0]LogRendererCore: FGlobalReadBuffer::InitRHI
[2019.05.15-10.52.43:345][  0]LogRendererCore: FGlobalReadBuffer::InitRHI
[2019.05.15-10.52.43:345][  0]LogRendererCore: FGlobalReadBuffer::InitRHI
[2019.05.15-10.52.43:353][  0]LogD3D11RHI: GPU Timing Frequency: 1000.000000 (Debug: 2 1)
[2019.05.15-10.52.43:751][  0]LogTemp: Display: Module 'AllDesktopTargetPlatform' loaded TargetPlatform 'AllDesktop'
[2019.05.15-10.52.43:770][  0]LogTemp: Display: Module 'MacClientTargetPlatform' loaded TargetPlatform 'MacClient'
[2019.05.15-10.52.43:793][  0]LogTemp: Display: Module 'MacNoEditorTargetPlatform' loaded TargetPlatform 'MacNoEditor'
[2019.05.15-10.52.43:816][  0]LogTemp: Display: Module 'MacServerTargetPlatform' loaded TargetPlatform 'MacServer'
[2019.05.15-10.52.43:837][  0]LogTemp: Display: Module 'MacTargetPlatform' loaded TargetPlatform 'Mac'
[2019.05.15-10.52.43:858][  0]LogTemp: Display: Module 'WindowsClientTargetPlatform' loaded TargetPlatform 'WindowsClient'
[2019.05.15-10.52.43:880][  0]LogTemp: Display: Module 'WindowsNoEditorTargetPlatform' loaded TargetPlatform 'WindowsNoEditor'
[2019.05.15-10.52.43:899][  0]LogTemp: Display: Module 'WindowsServerTargetPlatform' loaded TargetPlatform 'WindowsServer'
[2019.05.15-10.52.43:912][  0]LogTemp: Display: Module 'WindowsTargetPlatform' loaded TargetPlatform 'Windows'
[2019.05.15-10.52.44:030][  0]LogTemp: Display: Module 'AndroidTargetPlatform' loaded TargetPlatform 'Android'
[2019.05.15-10.52.44:030][  0]LogTemp: Display: Module 'AndroidTargetPlatform' loaded TargetPlatform 'Android_ASTC'
[2019.05.15-10.52.44:030][  0]LogTemp: Display: Module 'AndroidTargetPlatform' loaded TargetPlatform 'Android_ATC'
[2019.05.15-10.52.44:031][  0]LogTemp: Display: Module 'AndroidTargetPlatform' loaded TargetPlatform 'Android_DXT'
[2019.05.15-10.52.44:031][  0]LogTemp: Display: Module 'AndroidTargetPlatform' loaded TargetPlatform 'Android_ETC1'
[2019.05.15-10.52.44:031][  0]LogTemp: Display: Module 'AndroidTargetPlatform' loaded TargetPlatform 'Android_ETC1a'
[2019.05.15-10.52.44:031][  0]LogTemp: Display: Module 'AndroidTargetPlatform' loaded TargetPlatform 'Android_ETC2'
[2019.05.15-10.52.44:032][  0]LogTemp: Display: Module 'AndroidTargetPlatform' loaded TargetPlatform 'Android_PVRTC'
[2019.05.15-10.52.44:032][  0]LogTemp: Display: Module 'AndroidTargetPlatform' loaded TargetPlatform 'AndroidClient'
[2019.05.15-10.52.44:032][  0]LogTemp: Display: Module 'AndroidTargetPlatform' loaded TargetPlatform 'Android_ASTCClient'
[2019.05.15-10.52.44:032][  0]LogTemp: Display: Module 'AndroidTargetPlatform' loaded TargetPlatform 'Android_ATCClient'
[2019.05.15-10.52.44:032][  0]LogTemp: Display: Module 'AndroidTargetPlatform' loaded TargetPlatform 'Android_DXTClient'
[2019.05.15-10.52.44:032][  0]LogTemp: Display: Module 'AndroidTargetPlatform' loaded TargetPlatform 'Android_ETC1Client'
[2019.05.15-10.52.44:033][  0]LogTemp: Display: Module 'AndroidTargetPlatform' loaded TargetPlatform 'Android_ETC1aClient'
[2019.05.15-10.52.44:033][  0]LogTemp: Display: Module 'AndroidTargetPlatform' loaded TargetPlatform 'Android_ETC2Client'
[2019.05.15-10.52.44:033][  0]LogTemp: Display: Module 'AndroidTargetPlatform' loaded TargetPlatform 'Android_PVRTCClient'
[2019.05.15-10.52.44:033][  0]LogTemp: Display: Module 'AndroidTargetPlatform' loaded TargetPlatform 'Android_Multi'
[2019.05.15-10.52.44:033][  0]LogTemp: Display: Module 'AndroidTargetPlatform' loaded TargetPlatform 'Android_MultiClient'
[2019.05.15-10.52.44:039][  0]LogTemp: Display: Module 'HTML5TargetPlatform' loaded TargetPlatform 'HTML5'
[2019.05.15-10.52.44:106][  0]LogTemp: Display: Module 'IOSTargetPlatform' loaded TargetPlatform 'IOSClient'
[2019.05.15-10.52.44:106][  0]LogTemp: Display: Module 'IOSTargetPlatform' loaded TargetPlatform 'IOS'
[2019.05.15-10.52.44:154][  0]LogTemp: Display: Module 'TVOSTargetPlatform' loaded TargetPlatform 'TVOSClient'
[2019.05.15-10.52.44:154][  0]LogTemp: Display: Module 'TVOSTargetPlatform' loaded TargetPlatform 'TVOS'
[2019.05.15-10.52.44:178][  0]LogTemp: Display: Module 'LinuxClientTargetPlatform' loaded TargetPlatform 'LinuxClient'
[2019.05.15-10.52.44:199][  0]LogTemp: Display: Module 'LinuxNoEditorTargetPlatform' loaded TargetPlatform 'LinuxNoEditor'
[2019.05.15-10.52.44:221][  0]LogTemp: Display: Module 'LinuxServerTargetPlatform' loaded TargetPlatform 'LinuxServer'
[2019.05.15-10.52.44:246][  0]LogTemp: Display: Module 'LinuxTargetPlatform' loaded TargetPlatform 'Linux'
[2019.05.15-10.52.44:313][  0]LogTemp: Display: Module 'LuminTargetPlatform' loaded TargetPlatform 'Lumin'
[2019.05.15-10.52.44:313][  0]LogTemp: Display: Module 'LuminTargetPlatform' loaded TargetPlatform 'LuminClient'
[2019.05.15-10.52.44:313][  0]LogTargetPlatformManager: Display: Building Assets For Windows
[2019.05.15-10.52.44:337][  0]LogAudioDebug: Display: Lib vorbis DLL was dynamically loaded.
[2019.05.15-10.52.44:470][  0]LogShaderCompilers: Guid format shader working directory is -14 characters bigger than the processId version (E:/Luk/Dokumente/GitHub/PointCloudsVR/CPP_PointCloudsVR_22/Intermediate/Shaders/WorkingDirectory/3172/).
[2019.05.15-10.52.44:470][  0]LogShaderCompilers: Cleaned the shader compiler working directory 'C:/Users/Luk/AppData/Local/Temp/UnrealShaderWorkingDir/EF3EE2A94FCA760DAEB6DBA4C38F852A/'.
[2019.05.15-10.52.44:473][  0]LogXGEController: Cleaning working directory: C:/Users/Luk/AppData/Local/Temp/UnrealXGEWorkingDir/
[2019.05.15-10.52.44:473][  0]LogXGEController: Cannot use XGE Controller as Incredibuild is not installed on this machine.
[2019.05.15-10.52.44:473][  0]LogShaderCompilers: Cannot use XGE Shader Compiler as Incredibuild is not installed on this machine.
[2019.05.15-10.52.44:473][  0]LogShaderCompilers: Display: Using Local Shader Compiler.
[2019.05.15-10.52.45:196][  0]LogDerivedDataCache: Display: Max Cache Size: 512 MB
[2019.05.15-10.52.45:262][  0]LogDerivedDataCache: Loaded boot cache 0.07s 76MB C:/Users/Luk/AppData/Local/UnrealEngine/4.22/DerivedDataCache/Boot.ddc.
[2019.05.15-10.52.45:262][  0]LogDerivedDataCache: Display: Loaded Boot cache: C:/Users/Luk/AppData/Local/UnrealEngine/4.22/DerivedDataCache/Boot.ddc
[2019.05.15-10.52.45:262][  0]LogDerivedDataCache: FDerivedDataBackendGraph:  Pak pak cache file E:/Luk/Dokumente/GitHub/PointCloudsVR/CPP_PointCloudsVR_22/DerivedDataCache/DDC.ddp not found, will not use a pak cache.
[2019.05.15-10.52.45:262][  0]LogDerivedDataCache: Unable to find inner node Pak for hierarchical cache Hierarchy.
[2019.05.15-10.52.45:263][  0]LogDerivedDataCache: FDerivedDataBackendGraph:  CompressedPak pak cache file E:/Luk/Dokumente/GitHub/PointCloudsVR/CPP_PointCloudsVR_22/DerivedDataCache/Compressed.ddp not found, will not use a pak cache.
[2019.05.15-10.52.45:263][  0]LogDerivedDataCache: Unable to find inner node CompressedPak for hierarchical cache Hierarchy.
[2019.05.15-10.52.45:278][  0]LogDerivedDataCache: Display: Pak cache opened for reading ../../../Engine/DerivedDataCache/Compressed.ddp.
[2019.05.15-10.52.45:283][  0]LogDerivedDataCache: Display: Pak cache opened for reading ../../../Enterprise/DerivedDataCache/Compressed.ddp.
[2019.05.15-10.52.45:297][  0]LogDerivedDataCache: Using Local data cache path C:/Users/Luk/AppData/Local/UnrealEngine/Common/DerivedDataCache: Writable
[2019.05.15-10.52.45:297][  0]LogDerivedDataCache: Shared data cache path not found in *engine.ini, will not use an Shared cache.
[2019.05.15-10.52.45:298][  0]LogDerivedDataCache: Unable to find inner node Shared for hierarchical cache Hierarchy.
[2019.05.15-10.52.45:324][  0]LogMaterial: Verifying Global Shaders for PCD3D_SM5
[2019.05.15-10.52.45:326][  0]LogSlate: Using FreeType 2.6.0
[2019.05.15-10.52.45:327][  0]LogSlate: SlateFontServices - WITH_FREETYPE: 1, WITH_HARFBUZZ: 1
[2019.05.15-10.52.45:447][  0]LogAssetRegistry: FAssetRegistry took 0.0423 seconds to start up
[2019.05.15-10.52.45:868][  0]LogInit: Selected Device Profile: [Windows]
[2019.05.15-10.52.46:079][  0]LogMeshReduction: Using QuadricMeshReduction for automatic static mesh reduction
[2019.05.15-10.52.46:079][  0]LogMeshReduction: Using SimplygonMeshReduction for automatic skeletal mesh reduction
[2019.05.15-10.52.46:079][  0]LogMeshReduction: Using ProxyLODMeshReduction for automatic mesh merging
[2019.05.15-10.52.46:079][  0]LogMeshReduction: No distributed automatic mesh merging module available
[2019.05.15-10.52.46:079][  0]LogMeshMerging: No distributed automatic mesh merging module available
[2019.05.15-10.52.46:104][  0]LogNetVersion: CPP_PointCloudsVR_22 1.0.0, NetCL: 5660361, EngineNetVer: 10, GameNetVer: 0 (Checksum: 2507006774)
[2019.05.15-10.52.46:750][  0]LogPackageLocalizationCache: Processed 17 localized package path(s) for 1 prioritized culture(s) in 0.077851 seconds
[2019.05.15-10.52.46:757][  0]LogUObjectArray: 42620 objects as part of root set at end of initial load.
[2019.05.15-10.52.46:758][  0]LogUObjectAllocator: 7424200 out of 0 bytes used by permanent object pool.
[2019.05.15-10.52.46:758][  0]LogUObjectArray: CloseDisregardForGC: 0/0 objects in disregard for GC pool
[2019.05.15-10.52.48:105][  0]LogTcpMessaging: Initializing TcpMessaging bridge
[2019.05.15-10.52.48:126][  0]LogUdpMessaging: Initializing bridge on interface 0.0.0.0:0 to multicast group 230.0.0.1:6666.
[2019.05.15-10.52.48:341][  0]SourceControl: Source control is disabled
[2019.05.15-10.52.48:342][  0]SourceControl: Source control is disabled
[2019.05.15-10.52.48:345][  0]SourceControl: Source control is disabled
[2019.05.15-10.52.48:349][  0]SourceControl: Source control is disabled
[2019.05.15-10.52.48:684][  0]LogAndroidPermission: UAndroidPermissionCallbackProxy::GetInstance
[2019.05.15-10.52.48:973][  0]LogOcInput: OculusInput pre-init called
[2019.05.15-10.52.53:151][  0]LogEngine: Initializing Engine...
[2019.05.15-10.52.53:153][  0]LogHMD: Failed to initialize OpenVR with code 110
[2019.05.15-10.52.53:155][  0]LogStats: UGameplayTagsManager::InitializeManager -  0.000 s
[2019.05.15-10.52.53:466][  0]LogInit: Initializing FReadOnlyCVARCache
[2019.05.15-10.52.53:485][  0]LogAIModule: Creating AISystem for world Untitled
[2019.05.15-10.52.53:552][  0]LogInit: XAudio2 using 'Kopfhörer (Double Muffle Stereo)' : 2 channels at 44.1 kHz using 16 bits per sample (channel mask 0x3)
[2019.05.15-10.52.53:590][  0]LogInit: FAudioDevice initialized.
[2019.05.15-10.52.53:591][  0]LogNetVersion: Set ProjectVersion to 1.0.0.0. Version Checksum will be recalculated on next use.
[2019.05.15-10.52.53:681][  0]LogDerivedDataCache: Saved boot cache 0.09s 76MB C:/Users/Luk/AppData/Local/UnrealEngine/4.22/DerivedDataCache/Boot.ddc.
[2019.05.15-10.52.53:690][  0]LogInit: Texture streaming: Enabled
[2019.05.15-10.52.53:723][  0]LogEngineSessionManager: EngineSessionManager initialized
[2019.05.15-10.52.53:750][  0]LogInit: Transaction tracking system initialized
[2019.05.15-10.52.53:801][  0]BlueprintLog: New page: Editor Load
[2019.05.15-10.52.53:958][  0]LocalizationService: Localization service is disabled
[2019.05.15-10.52.54:392][  0]LogFileCache: Scanning file cache for directory 'E:/Luk/Dokumente/GitHub/PointCloudsVR/CPP_PointCloudsVR_22/Content/' took 0.02s
[2019.05.15-10.52.54:392][  0]LogCook: Display: Max memory allowance for cook 16384mb min free memory 0mb
[2019.05.15-10.52.54:392][  0]LogCook: Display: Mobile HDR setting 1
[2019.05.15-10.52.56:869][  0]SourceControl: Source control is disabled
[2019.05.15-10.52.56:869][  0]Cmd: MAP LOAD FILE="E:/Luk/Dokumente/GitHub/PointCloudsVR/CPP_PointCloudsVR_22/Content/FirstPersonCPP/Maps/FirstPersonExampleMap.umap" TEMPLATE=0 SHOWPROGRESS=1 FEATURELEVEL=3
[2019.05.15-10.52.56:870][  0]LightingResults: New page: Lighting Build
[2019.05.15-10.52.56:875][  0]MapCheck: New page: Map Check
[2019.05.15-10.52.56:876][  0]LightingResults: New page: Lighting Build
[2019.05.15-10.52.56:910][  0]LogUObjectHash: Compacting FUObjectHashTables data took   2.61ms
[2019.05.15-10.52.57:144][  0]LogAIModule: Creating AISystem for world FirstPersonExampleMap
[2019.05.15-10.52.57:162][  0]LogEditorServer: Finished looking for orphan Actors (0.000 secs)
[2019.05.15-10.52.57:193][  0]LogUObjectHash: Compacting FUObjectHashTables data took   2.56ms
[2019.05.15-10.52.57:193][  0]Cmd: MAP CHECKDEP NOCLEARLOG
[2019.05.15-10.52.57:193][  0]MapCheck: Map check complete: 0 Error(s), 0 Warning(s), took 0,144ms to complete.
[2019.05.15-10.52.57:194][  0]LogFileHelpers: Loading map 'FirstPersonExampleMap' took 0.324
[2019.05.15-10.52.57:347][  0]LogSlate: Updating window title bar state: overlay mode, drag disabled, window buttons hidden, title bar hidden
[2019.05.15-10.52.57:359][  0]LogSlate: Updating window title bar state: overlay mode, drag disabled, window buttons hidden, title bar hidden
[2019.05.15-10.52.57:369][  0]LogSlate: Updating window title bar state: overlay mode, drag disabled, window buttons hidden, title bar hidden
[2019.05.15-10.52.57:383][  0]LogSlate: Updating window title bar state: overlay mode, drag disabled, window buttons hidden, title bar hidden
[2019.05.15-10.52.57:394][  0]LogCollectionManager: Loaded 0 collections in 0.002163 seconds
[2019.05.15-10.52.57:413][  0]LogFileCache: Scanning file cache for directory 'E:/Luk/Dokumente/GitHub/PointCloudsVR/CPP_PointCloudsVR_22/Saved/Collections/' took 0.01s
[2019.05.15-10.52.57:413][  0]LogFileCache: Scanning file cache for directory 'E:/Luk/Dokumente/GitHub/PointCloudsVR/CPP_PointCloudsVR_22/Content/Developers/Luk/Collections/' took 0.00s
[2019.05.15-10.52.57:413][  0]LogFileCache: Scanning file cache for directory 'E:/Luk/Dokumente/GitHub/PointCloudsVR/CPP_PointCloudsVR_22/Content/Collections/' took 0.00s
[2019.05.15-10.52.57:413][  0]LogCollectionManager: Rebuilt the GUID cache for 0 collections in 0.000000 seconds
[2019.05.15-10.52.57:426][  0]LogContentBrowser: Native class hierarchy populated in 0.0125 seconds. Added 2879 classes and 735 folders.
[2019.05.15-10.52.57:435][  0]LogContentBrowser: Native class hierarchy updated for 'WidgetCarousel' in 0.0003 seconds. Added 0 classes and 0 folders.
[2019.05.15-10.52.57:440][  0]LogPakFile: Registered encryption key '00000000000000000000000000000000': 0 pak files mounted, 0 remain pending
[2019.05.15-10.52.57:441][  0]LogPakFile: Registered encryption key '00000000000000000000000000000000': 0 pak files mounted, 0 remain pending
[2019.05.15-10.52.57:441][  0]LogPakFile: Registered encryption key '00000000000000000000000000000000': 0 pak files mounted, 0 remain pending
[2019.05.15-10.52.57:442][  0]LogPakFile: Registered encryption key '00000000000000000000000000000000': 0 pak files mounted, 0 remain pending
[2019.05.15-10.52.57:442][  0]LogPakFile: Registered encryption key '00000000000000000000000000000000': 0 pak files mounted, 0 remain pending
[2019.05.15-10.52.57:444][  0]LogPakFile: Registered encryption key '00000000000000000000000000000000': 0 pak files mounted, 0 remain pending
[2019.05.15-10.52.57:444][  0]LogPakFile: Registered encryption key '00000000000000000000000000000000': 0 pak files mounted, 0 remain pending
[2019.05.15-10.52.57:445][  0]LogPakFile: Registered encryption key '00000000000000000000000000000000': 0 pak files mounted, 0 remain pending
[2019.05.15-10.52.57:445][  0]LogPakFile: Registered encryption key '00000000000000000000000000000000': 0 pak files mounted, 0 remain pending
[2019.05.15-10.52.57:446][  0]LogPakFile: Registered encryption key '00000000000000000000000000000000': 0 pak files mounted, 0 remain pending
[2019.05.15-10.52.57:447][  0]LogPakFile: Registered encryption key '00000000000000000000000000000000': 0 pak files mounted, 0 remain pending
[2019.05.15-10.52.57:447][  0]LogPakFile: Registered encryption key '00000000000000000000000000000000': 0 pak files mounted, 0 remain pending
[2019.05.15-10.52.57:448][  0]LogPakFile: Registered encryption key '00000000000000000000000000000000': 0 pak files mounted, 0 remain pending
[2019.05.15-10.52.57:448][  0]LogPakFile: Registered encryption key '00000000000000000000000000000000': 0 pak files mounted, 0 remain pending
[2019.05.15-10.52.57:449][  0]LogPakFile: Registered encryption key '00000000000000000000000000000000': 0 pak files mounted, 0 remain pending
[2019.05.15-10.52.57:450][  0]LogPakFile: Registered encryption key '00000000000000000000000000000000': 0 pak files mounted, 0 remain pending
[2019.05.15-10.52.57:450][  0]LogPakFile: Registered encryption key '00000000000000000000000000000000': 0 pak files mounted, 0 remain pending
[2019.05.15-10.52.57:451][  0]LogPakFile: Registered encryption key '00000000000000000000000000000000': 0 pak files mounted, 0 remain pending
[2019.05.15-10.52.57:452][  0]LogPakFile: Registered encryption key '00000000000000000000000000000000': 0 pak files mounted, 0 remain pending
[2019.05.15-10.52.57:453][  0]LogPakFile: Registered encryption key '00000000000000000000000000000000': 0 pak files mounted, 0 remain pending
[2019.05.15-10.52.57:454][  0]LogPakFile: Registered encryption key '00000000000000000000000000000000': 0 pak files mounted, 0 remain pending
[2019.05.15-10.52.57:455][  0]LogPakFile: Registered encryption key '00000000000000000000000000000000': 0 pak files mounted, 0 remain pending
[2019.05.15-10.52.57:456][  0]LogPakFile: Registered encryption key '00000000000000000000000000000000': 0 pak files mounted, 0 remain pending
[2019.05.15-10.52.57:457][  0]LogPakFile: Registered encryption key '00000000000000000000000000000000': 0 pak files mounted, 0 remain pending
[2019.05.15-10.52.57:458][  0]LogPakFile: Registered encryption key '00000000000000000000000000000000': 0 pak files mounted, 0 remain pending
[2019.05.15-10.52.57:459][  0]LogPakFile: Registered encryption key '00000000000000000000000000000000': 0 pak files mounted, 0 remain pending
[2019.05.15-10.52.57:460][  0]LogPakFile: Registered encryption key '00000000000000000000000000000000': 0 pak files mounted, 0 remain pending
[2019.05.15-10.52.57:461][  0]LogPakFile: Registered encryption key '00000000000000000000000000000000': 0 pak files mounted, 0 remain pending
[2019.05.15-10.52.57:508][  0]LogContentBrowser: Native class hierarchy updated for 'AddContentDialog' in 0.0003 seconds. Added 0 classes and 0 folders.
[2019.05.15-10.52.57:512][  0]LogContentBrowser: Native class hierarchy updated for 'SceneOutliner' in 0.0005 seconds. Added 1 classes and 0 folders.
[2019.05.15-10.52.57:525][  0]LogContentBrowser: Native class hierarchy updated for 'WorldBrowser' in 0.0004 seconds. Added 2 classes and 3 folders.
[2019.05.15-10.52.57:628][  0]LogSlate: Took 0.000535 seconds to synchronously load lazily loaded font '../../../Engine/Content/Slate/Fonts/Roboto-Regular.ttf' (155K)
[2019.05.15-10.52.57:631][  0]LogSlate: Took 0.000383 seconds to synchronously load lazily loaded font '../../../Engine/Content/Slate/Fonts/Roboto-Bold.ttf' (160K)
[2019.05.15-10.52.57:639][  0]LogSlate: Took 0.000811 seconds to synchronously load lazily loaded font '../../../Engine/Content/Editor/Slate/Fonts/FontAwesome.ttf' (139K)
[2019.05.15-10.52.57:740][  0]LogRenderer: Reallocating scene render targets to support 1208x572 Format 10 NumSamples 1 (Frame:1).
[2019.05.15-10.52.58:005][  0]LogContentBrowser: Native class hierarchy updated for 'HierarchicalLODOutliner' in 0.0004 seconds. Added 0 classes and 0 folders.
[2019.05.15-10.52.58:006][  0]LogLoad: (Engine Initialization) Total time: 18.63 seconds
[2019.05.15-10.52.58:006][  0]LogLoad: (Engine Initialization) Total Blueprint compile time: 0.00 seconds
[2019.05.15-10.52.58:044][  0]LogAssetRegistry: Asset discovery search completed in 12.6248 seconds
[2019.05.15-10.52.58:047][  0]LogCollectionManager: Rebuilt the object cache for 0 collections in 0.000000 seconds (found 0 objects)
[2019.05.15-10.52.58:047][  0]LogCollectionManager: Fixed up redirectors for 0 collections in 0.000212 seconds (updated 0 objects)
[2019.05.15-10.52.58:049][  0]LogContentStreaming: Texture pool size now 1000 MB
[2019.05.15-10.52.58:125][  0]LogSlate: Took 0.000340 seconds to synchronously load lazily loaded font '../../../Engine/Content/Slate/Fonts/Roboto-Light.ttf' (167K)
[2019.05.15-10.52.59:695][154]LogSlate: FSceneViewport::OnFocusLost() reason 0
[2019.05.15-10.52.59:790][165]LogTemp: Repeating last play command: Selected Viewport
[2019.05.15-10.52.59:806][165]LogBlueprintUserMessages: Early PlayInEditor Detection: Level '/Game/FirstPersonCPP/Maps/FirstPersonExampleMap.FirstPersonExampleMap:PersistentLevel' has LevelScriptBlueprint '/Game/FirstPersonCPP/Maps/FirstPersonExampleMap.FirstPersonExampleMap:PersistentLevel.FirstPersonExampleMap' with GeneratedClass '/Game/FirstPersonCPP/Maps/FirstPersonExampleMap.FirstPersonExampleMap_C' with ClassGeneratedBy '/Game/FirstPersonCPP/Maps/FirstPersonExampleMap.FirstPersonExampleMap:PersistentLevel.FirstPersonExampleMap'
[2019.05.15-10.52.59:807][165]LogPlayLevel: PlayLevel: No blueprints needed recompiling
[2019.05.15-10.52.59:807][165]PIE: New page: PIE session: FirstPersonExampleMap (15.05.2019 14:52:59)
[2019.05.15-10.52.59:823][165]LogPlayLevel: Creating play world package: /Game/FirstPersonCPP/Maps/UEDPIE_0_FirstPersonExampleMap
[2019.05.15-10.52.59:841][165]LogPlayLevel: PIE: StaticDuplicateObject took: (0.017872s)
[2019.05.15-10.52.59:842][165]LogAIModule: Creating AISystem for world FirstPersonExampleMap
[2019.05.15-10.52.59:842][165]LogPlayLevel: PIE: World Init took: (0.001224s)
[2019.05.15-10.52.59:843][165]LogPlayLevel: PIE: Created PIE world by copying editor world from /Game/FirstPersonCPP/Maps/FirstPersonExampleMap.FirstPersonExampleMap to /Game/FirstPersonCPP/Maps/UEDPIE_0_FirstPersonExampleMap.FirstPersonExampleMap (0.019813s)
[2019.05.15-10.52.59:874][165]LogUObjectHash: Compacting FUObjectHashTables data took   1.22ms
[2019.05.15-10.52.59:904][165]LogInit: XAudio2 using 'Kopfhörer (Double Muffle Stereo)' : 2 channels at 44.1 kHz using 16 bits per sample (channel mask 0x3)
[2019.05.15-10.52.59:917][165]LogInit: FAudioDevice initialized.
[2019.05.15-10.52.59:966][165]LogLoad: Game class is 'CPP_PointCloudsVR_22GameMode'
[2019.05.15-10.52.59:970][165]LogWorld: Bringing World /Game/FirstPersonCPP/Maps/UEDPIE_0_FirstPersonExampleMap.FirstPersonExampleMap up for play (max tick rate 0) at 2019.05.15-12.52.59
[2019.05.15-10.52.59:970][165]LogWorld: Bringing up level for play took: 0.002566
[2019.05.15-10.52.59:992][165]LogContentBrowser: Native class hierarchy updated for 'MovieSceneCapture' in 0.0005 seconds. Added 20 classes and 0 folders.
[2019.05.15-10.52.59:993][165]LogSlate: New Slate User Created.  User Index 8, Is Virtual User: 1
[2019.05.15-10.52.59:993][165]LogSlate: Slate User Registered.  User Index 8, Is Virtual User: 1
[2019.05.15-10.52.59:994][165]PIE: Play in editor start time for /Game/FirstPersonCPP/Maps/UEDPIE_0_FirstPersonExampleMap -0,787
[2019.05.15-10.52.59:995][165]LogBlueprintUserMessages: Late PlayInEditor Detection: Level '/Game/FirstPersonCPP/Maps/FirstPersonExampleMap.FirstPersonExampleMap:PersistentLevel' has LevelScriptBlueprint '/Game/FirstPersonCPP/Maps/FirstPersonExampleMap.FirstPersonExampleMap:PersistentLevel.FirstPersonExampleMap' with GeneratedClass '/Game/FirstPersonCPP/Maps/FirstPersonExampleMap.FirstPersonExampleMap_C' with ClassGeneratedBy '/Game/FirstPersonCPP/Maps/FirstPersonExampleMap.FirstPersonExampleMap:PersistentLevel.FirstPersonExampleMap'
[2019.05.15-10.53.03:552][541]LogBlueprintUserMessages: Early EndPlayMap Detection: Level '/Game/FirstPersonCPP/Maps/FirstPersonExampleMap.FirstPersonExampleMap:PersistentLevel' has LevelScriptBlueprint '/Game/FirstPersonCPP/Maps/FirstPersonExampleMap.FirstPersonExampleMap:PersistentLevel.FirstPersonExampleMap' with GeneratedClass '/Game/FirstPersonCPP/Maps/FirstPersonExampleMap.FirstPersonExampleMap_C' with ClassGeneratedBy '/Game/FirstPersonCPP/Maps/FirstPersonExampleMap.FirstPersonExampleMap:PersistentLevel.FirstPersonExampleMap'
[2019.05.15-10.53.03:553][541]LogSlate: Updating window title bar state: overlay mode, drag disabled, window buttons hidden, title bar hidden
[2019.05.15-10.53.03:593][541]LogPlayLevel: Display: Shutting down PIE online subsystems
[2019.05.15-10.53.03:593][541]LogBlueprintUserMessages: Late EndPlayMap Detection: Level '/Game/FirstPersonCPP/Maps/FirstPersonExampleMap.FirstPersonExampleMap:PersistentLevel' has LevelScriptBlueprint '/Game/FirstPersonCPP/Maps/FirstPersonExampleMap.FirstPersonExampleMap:PersistentLevel.FirstPersonExampleMap' with GeneratedClass '/Game/FirstPersonCPP/Maps/FirstPersonExampleMap.FirstPersonExampleMap_C' with ClassGeneratedBy '/Game/FirstPersonCPP/Maps/FirstPersonExampleMap.FirstPersonExampleMap:PersistentLevel.FirstPersonExampleMap'
[2019.05.15-10.53.03:628][541]LogSlate: Updating window title bar state: overlay mode, drag disabled, window buttons hidden, title bar hidden
[2019.05.15-10.53.03:629][541]LogSlate: Slate User Unregistered.  User Index 8
[2019.05.15-10.53.03:630][541]LogSlate: Slate User Destroyed.  User Index 8, Is Virtual User: 1
[2019.05.15-10.53.03:633][541]LogUObjectHash: Compacting FUObjectHashTables data took   2.48ms
[2019.05.15-10.53.03:706][542]LogPlayLevel: Display: Destroying online subsystem :Context_2
[2019.05.15-10.53.06:739][823]LogEditorViewport: Clicking on Actor (LMB): BPA_HUD_C (BPA_HUD)
[2019.05.15-10.53.19:171][103]LogNavigationPoint: PostEditMove Clear paths rebuilt
[2019.05.15-10.53.32:296][422]LogNavigationPoint: PostEditMove Clear paths rebuilt
[2019.05.15-10.53.35:033][698]LogUObjectHash: Compacting FUObjectHashTables data took   1.97ms
[2019.05.15-10.53.35:038][698]LogSlate: Took 0.000217 seconds to synchronously load lazily loaded font '../../../Engine/Content/Slate/Fonts/Roboto-Light.ttf' (167K)
[2019.05.15-10.53.35:057][698]LogSlate: FSceneViewport::OnFocusLost() reason 2
[2019.05.15-10.53.35:117][698]LogUObjectHash: Compacting FUObjectHashTables data took   0.75ms
[2019.05.15-10.53.35:309][698]LogSavePackage: Moving 'E:/Luk/Dokumente/GitHub/PointCloudsVR/CPP_PointCloudsVR_22/Saved/FirstPersonExampleMap614ED75945556F3F60A7D09CA208CE28.tmp' to 'E:/Luk/Dokumente/GitHub/PointCloudsVR/CPP_PointCloudsVR_22/Content/FirstPersonCPP/Maps/FirstPersonExampleMap.umap'
[2019.05.15-10.53.35:333][698]LogFileHelpers: Saving map 'FirstPersonExampleMap' took 0.255
[2019.05.15-10.53.36:564][813]LogSlate: FSceneViewport::OnFocusLost() reason 0
[2019.05.15-10.53.36:670][825]LogTemp: Repeating last play command: Selected Viewport
[2019.05.15-10.53.36:682][825]LogBlueprintUserMessages: Early PlayInEditor Detection: Level '/Game/FirstPersonCPP/Maps/FirstPersonExampleMap.FirstPersonExampleMap:PersistentLevel' has LevelScriptBlueprint '/Game/FirstPersonCPP/Maps/FirstPersonExampleMap.FirstPersonExampleMap:PersistentLevel.FirstPersonExampleMap' with GeneratedClass '/Game/FirstPersonCPP/Maps/FirstPersonExampleMap.FirstPersonExampleMap_C' with ClassGeneratedBy '/Game/FirstPersonCPP/Maps/FirstPersonExampleMap.FirstPersonExampleMap:PersistentLevel.FirstPersonExampleMap'
[2019.05.15-10.53.36:682][825]LogPlayLevel: PlayLevel: No blueprints needed recompiling
[2019.05.15-10.53.36:683][825]PIE: New page: PIE session: FirstPersonExampleMap (15.05.2019 14:53:36)
[2019.05.15-10.53.36:683][825]LogPlayLevel: Creating play world package: /Game/FirstPersonCPP/Maps/UEDPIE_0_FirstPersonExampleMap
[2019.05.15-10.53.36:698][825]LogPlayLevel: PIE: StaticDuplicateObject took: (0.015104s)
[2019.05.15-10.53.36:699][825]LogAIModule: Creating AISystem for world FirstPersonExampleMap
[2019.05.15-10.53.36:699][825]LogPlayLevel: PIE: World Init took: (0.001144s)
[2019.05.15-10.53.36:699][825]LogPlayLevel: PIE: Created PIE world by copying editor world from /Game/FirstPersonCPP/Maps/FirstPersonExampleMap.FirstPersonExampleMap to /Game/FirstPersonCPP/Maps/UEDPIE_0_FirstPersonExampleMap.FirstPersonExampleMap (0.016683s)
[2019.05.15-10.53.36:740][825]LogUObjectHash: Compacting FUObjectHashTables data took   2.46ms
[2019.05.15-10.53.36:776][825]LogInit: XAudio2 using 'Kopfhörer (Double Muffle Stereo)' : 2 channels at 44.1 kHz using 16 bits per sample (channel mask 0x3)
[2019.05.15-10.53.36:794][825]LogInit: FAudioDevice initialized.
[2019.05.15-10.53.36:827][825]LogLoad: Game class is 'CPP_PointCloudsVR_22GameMode'
[2019.05.15-10.53.36:829][825]LogWorld: Bringing World /Game/FirstPersonCPP/Maps/UEDPIE_0_FirstPersonExampleMap.FirstPersonExampleMap up for play (max tick rate 0) at 2019.05.15-12.53.36
[2019.05.15-10.53.36:830][825]LogWorld: Bringing up level for play took: 0.001969
[2019.05.15-10.53.36:844][825]LogSlate: New Slate User Created.  User Index 8, Is Virtual User: 1
[2019.05.15-10.53.36:845][825]LogSlate: Slate User Registered.  User Index 8, Is Virtual User: 1
[2019.05.15-10.53.36:846][825]PIE: Play in editor start time for /Game/FirstPersonCPP/Maps/UEDPIE_0_FirstPersonExampleMap 0,065
[2019.05.15-10.53.36:847][825]LogBlueprintUserMessages: Late PlayInEditor Detection: Level '/Game/FirstPersonCPP/Maps/FirstPersonExampleMap.FirstPersonExampleMap:PersistentLevel' has LevelScriptBlueprint '/Game/FirstPersonCPP/Maps/FirstPersonExampleMap.FirstPersonExampleMap:PersistentLevel.FirstPersonExampleMap' with GeneratedClass '/Game/FirstPersonCPP/Maps/FirstPersonExampleMap.FirstPersonExampleMap_C' with ClassGeneratedBy '/Game/FirstPersonCPP/Maps/FirstPersonExampleMap.FirstPersonExampleMap:PersistentLevel.FirstPersonExampleMap'
[2019.05.15-10.53.42:489][ 34]LogTemp: Warning: [LOD10] Cells: 1, MinPoints: 1469, MaxPoints: 1469, TotalPoints: 1469
[2019.05.15-10.53.42:489][ 34]LogTemp: Warning: [LOD9] Cells: 8, MinPoints: 4, MaxPoints: 1349, TotalPoints: 2942
[2019.05.15-10.53.42:490][ 34]LogTemp: Warning: [LOD8] Cells: 25, MinPoints: 1, MaxPoints: 2643, TotalPoints: 5887
[2019.05.15-10.53.42:490][ 34]LogTemp: Warning: [LOD7] Cells: 61, MinPoints: 1, MaxPoints: 4834, TotalPoints: 11779
[2019.05.15-10.53.42:491][ 34]LogTemp: Warning: [LOD6] Cells: 204, MinPoints: 1, MaxPoints: 4761, TotalPoints: 23605
[2019.05.15-10.53.42:491][ 34]LogTemp: Warning: [LOD5] Cells: 690, MinPoints: 1, MaxPoints: 3491, TotalPoints: 47352
[2019.05.15-10.53.42:491][ 34]LogTemp: Warning: [LOD4] Cells: 2258, MinPoints: 1, MaxPoints: 2349, TotalPoints: 95054
[2019.05.15-10.53.42:491][ 34]LogTemp: Warning: [LOD3] Cells: 7194, MinPoints: 1, MaxPoints: 1570, TotalPoints: 190772
[2019.05.15-10.53.42:491][ 34]LogTemp: Warning: [LOD2] Cells: 20671, MinPoints: 1, MaxPoints: 715, TotalPoints: 379858
[2019.05.15-10.53.42:491][ 34]LogTemp: Warning: [LOD1] Cells: 48685, MinPoints: 2, MaxPoints: 472, TotalPoints: 736680
[2019.05.15-10.53.42:491][ 34]LogTemp: Warning: [LOD0] Cells: 96803, MinPoints: 3, MaxPoints: 302, TotalPoints: 357275
[2019.05.15-10.53.45:212][268]LogScript: Warning: Script Msg: No world was found for object (/Engine/Transient.PointCloud_0) passed in to UEngine::GetWorldFromContextObject().
[2019.05.15-10.53.45:212][268]LogScript: Warning: Script Msg: No world was found for object (/Engine/Transient.PointCloud_0) passed in to UEngine::GetWorldFromContextObject().
[2019.05.15-10.53.45:212][268]LogScript: Warning: Script Msg: No world was found for object (/Engine/Transient.PointCloud_0) passed in to UEngine::GetWorldFromContextObject().
[2019.05.15-10.53.45:213][268]LogScript: Warning: Script Msg: No world was found for object (/Engine/Transient.PointCloud_0) passed in to UEngine::GetWorldFromContextObject().
[2019.05.15-10.53.45:213][268]LogScript: Warning: Script Msg: No world was found for object (/Engine/Transient.PointCloud_0) passed in to UEngine::GetWorldFromContextObject().
[2019.05.15-10.53.45:213][268]LogScript: Warning: Script Msg: No world was found for object (/Engine/Transient.PointCloud_0) passed in to UEngine::GetWorldFromContextObject().
[2019.05.15-10.53.45:214][268]LogScript: Warning: Script Msg: No world was found for object (/Engine/Transient.PointCloud_0) passed in to UEngine::GetWorldFromContextObject().
[2019.05.15-10.53.45:214][268]LogScript: Warning: Script Msg: No world was found for object (/Engine/Transient.PointCloud_0) passed in to UEngine::GetWorldFromContextObject().
