  Cleaning CPP_PointCloudsVREditor Binaries...
  Creating makefile for CPP_PointCloudsVREditor (no existing makefile)
  Performing full C++ include scan (no include cache file)
  Using Visual Studio 2017 14.16.27023 toolchain (C:\Program Files (x86)\Microsoft Visual Studio\2017\Community\VC\Tools\MSVC\14.16.27023) and Windows 10.0.17763.0 SDK (C:\Program Files (x86)\Windows Kits\10).
  Parsing headers for CPP_PointCloudsVREditor
    Running UnrealHeaderTool "E:\Luk\Dokumente\Unreal Projects\CPP_PointCloudsVR\CPP_PointCloudsVR.uproject" "E:\Luk\Dokumente\Unreal Projects\CPP_PointCloudsVR\Intermediate\Build\Win64\CPP_PointCloudsVREditor\Development\CPP_PointCloudsVREditor.uhtmanifest" -LogCmds="loginit warning, logexit warning, logdatabase error" -Unattended -WarningsAsErrors -installed
  Reflection code generated for CPP_PointCloudsVREditor in 13,3103701 seconds
  Building 25 actions with 8 processes...
    [1/25] PCLaunch.rc
    [2/25] PCLaunch.rc
    [3/25] PCLaunch.rc
    [4/25] SharedPCH.UnrealEd.cpp
    [5/25] Module.PointCloudRuntime.gen.cpp
    [6/25] SharedPCH.Engine.cpp
    [7/25] CPP_PointCloudsVRHUD.gen.cpp
    [8/25] CPP_PointCloudsVRCharacter.gen.cpp
    [9/25] CPP_PointCloudsVR.init.gen.cpp
    [10/25] CPP_PointCloudsVRProjectile.cpp
    [11/25] CPP_PointCloudsVRGameMode.gen.cpp
    [12/25] CPP_PointCloudsVR.cpp
    [13/25] CPP_PointCloudsVRHUD.cpp
    [14/25] CPP_PointCloudsVRProjectile.gen.cpp
    [15/25] CPP_PointCloudsVRGameMode.cpp
    [16/25] CPP_PointCloudsVRCharacter.cpp
    [17/25] UE4Editor-CPP_PointCloudsVR.lib
       Bibliothek "E:\Luk\Dokumente\Unreal Projects\CPP_PointCloudsVR\Intermediate\Build\Win64\UE4Editor\Development\CPP_PointCloudsVR\UE4Editor-CPP_PointCloudsVR.lib" und Objekt "E:\Luk\Dokumente\Unreal Projects\CPP_PointCloudsVR\Intermediate\Build\Win64\UE4Editor\Development\CPP_PointCloudsVR\UE4Editor-CPP_PointCloudsVR.exp" werden erstellt.
    [18/25] UE4Editor-CPP_PointCloudsVR.dll
       Bibliothek "E:\Luk\Dokumente\Unreal Projects\CPP_PointCloudsVR\Intermediate\Build\Win64\UE4Editor\Development\CPP_PointCloudsVR\UE4Editor-CPP_PointCloudsVR.suppressed.lib" und Objekt "E:\Luk\Dokumente\Unreal Projects\CPP_PointCloudsVR\Intermediate\Build\Win64\UE4Editor\Development\CPP_PointCloudsVR\UE4Editor-CPP_PointCloudsVR.suppressed.exp" werden erstellt.
    [19/25] Module.PointCloudRuntime.cpp
    [20/25] UE4Editor-PointCloudRuntime.lib
       Bibliothek "E:\Luk\Dokumente\Unreal Projects\CPP_PointCloudsVR\Plugins\PointCloudPlugin\Intermediate\Build\Win64\UE4Editor\Development\PointCloudRuntime\UE4Editor-PointCloudRuntime.lib" und Objekt "E:\Luk\Dokumente\Unreal Projects\CPP_PointCloudsVR\Plugins\PointCloudPlugin\Intermediate\Build\Win64\UE4Editor\Development\PointCloudRuntime\UE4Editor-PointCloudRuntime.exp" werden erstellt.
    [21/25] UE4Editor-PointCloudRuntime.dll
       Bibliothek "E:\Luk\Dokumente\Unreal Projects\CPP_PointCloudsVR\Plugins\PointCloudPlugin\Intermediate\Build\Win64\UE4Editor\Development\PointCloudRuntime\UE4Editor-PointCloudRuntime.suppressed.lib" und Objekt "E:\Luk\Dokumente\Unreal Projects\CPP_PointCloudsVR\Plugins\PointCloudPlugin\Intermediate\Build\Win64\UE4Editor\Development\PointCloudRuntime\UE4Editor-PointCloudRuntime.suppressed.exp" werden erstellt.
    [22/25] Module.PointCloudEditor.gen.cpp
    [23/25] Module.PointCloudEditor.cpp
    [24/25] UE4Editor-PointCloudEditor.lib
       Bibliothek "E:\Luk\Dokumente\Unreal Projects\CPP_PointCloudsVR\Plugins\PointCloudPlugin\Intermediate\Build\Win64\UE4Editor\Development\PointCloudEditor\UE4Editor-PointCloudEditor.lib" und Objekt "E:\Luk\Dokumente\Unreal Projects\CPP_PointCloudsVR\Plugins\PointCloudPlugin\Intermediate\Build\Win64\UE4Editor\Development\PointCloudEditor\UE4Editor-PointCloudEditor.exp" werden erstellt.
    [25/25] UE4Editor-PointCloudEditor.dll
       Bibliothek "E:\Luk\Dokumente\Unreal Projects\CPP_PointCloudsVR\Plugins\PointCloudPlugin\Intermediate\Build\Win64\UE4Editor\Development\PointCloudEditor\UE4Editor-PointCloudEditor.suppressed.lib" und Objekt "E:\Luk\Dokumente\Unreal Projects\CPP_PointCloudsVR\Plugins\PointCloudPlugin\Intermediate\Build\Win64\UE4Editor\Development\PointCloudEditor\UE4Editor-PointCloudEditor.suppressed.exp" werden erstellt.
  Deploying CPP_PointCloudsVREditor Win64 Development...
  Total build time: 106,73 seconds (Parallel executor: 82,80 seconds)
