Log file open, 05/05/19 23:04:04
LogWindows: Failed to load 'aqProf.dll' (GetLastError=126)
LogWindows: File 'aqProf.dll' does not exist
LogWindows: Failed to load 'VtuneApi.dll' (GetLastError=126)
LogWindows: File 'VtuneApi.dll' does not exist
LogWindows: Failed to load 'VtuneApi32e.dll' (GetLastError=126)
LogWindows: File 'VtuneApi32e.dll' does not exist
LogConsoleResponse: Display: Failed to find resolution value strings in scalability ini. Falling back to default.
LogInit: Display: Running engine for game: CPP_PointCloudsVR
LogPakFile: Registered encryption key '00000000000000000000000000000000': 0 pak files mounted, 0 remain pending
LogPlatformFile: Not using cached read wrapper
LogTaskGraph: Started task graph with 5 named threads and 23 total threads with 3 sets of task threads.
LogStats: Stats thread started at 0.408243
LogD3D11RHI: Loaded GFSDK_Aftermath_Lib.x64.dll
LogICUInternationalization: ICU TimeZone Detection - Raw Offset: +1:00, Platform Override: ''
LogPluginManager: Mounting plugin Paper2D
LogPluginManager: Mounting plugin AISupport
LogPluginManager: Mounting plugin LightPropagationVolume
LogPluginManager: Mounting plugin ActorLayerUtilities
LogPluginManager: Mounting plugin CLionSourceCodeAccess
LogPluginManager: Mounting plugin CodeLiteSourceCodeAccess
LogPluginManager: Mounting plugin GitSourceControl
LogPluginManager: Mounting plugin KDevelopSourceCodeAccess
LogPluginManager: Mounting plugin NullSourceCodeAccess
LogPluginManager: Mounting plugin PerforceSourceControl
LogPluginManager: Mounting plugin SubversionSourceControl
LogPluginManager: Mounting plugin UObjectPlugin
LogPluginManager: Mounting plugin VisualStudioCodeSourceCodeAccess
LogPluginManager: Mounting plugin VisualStudioSourceCodeAccess
LogPluginManager: Mounting plugin XCodeSourceCodeAccess
LogPluginManager: Mounting plugin AssetManagerEditor
LogPluginManager: Mounting plugin CryptoKeys
LogPluginManager: Mounting plugin DataValidation
LogPluginManager: Mounting plugin EditorScriptingUtilities
LogPluginManager: Mounting plugin FacialAnimation
LogPluginManager: Mounting plugin GameplayTagsEditor
LogPluginManager: Mounting plugin MacGraphicsSwitching
LogPluginManager: Mounting plugin MeshEditor
LogPluginManager: Mounting plugin MobileLauncherProfileWizard
LogPluginManager: Mounting plugin PluginBrowser
LogPluginManager: Mounting plugin SpeedTreeImporter
LogPluginManager: Mounting plugin DatasmithContent
LogPluginManager: Mounting plugin VariantManagerContent
LogPluginManager: Mounting plugin AlembicImporter
LogPluginManager: Mounting plugin AppleImageUtils
LogPluginManager: Mounting plugin AppleVision
LogPluginManager: Mounting plugin BackChannel
LogPluginManager: Mounting plugin CharacterAI
LogPluginManager: Mounting plugin GeometryCache
LogPluginManager: Mounting plugin HTML5Networking
LogPluginManager: Mounting plugin ProxyLODPlugin
LogPluginManager: Mounting plugin MagicLeap
LogPluginManager: Mounting plugin MagicLeapMedia
LogPluginManager: Mounting plugin AndroidMedia
LogPluginManager: Mounting plugin AvfMedia
LogPluginManager: Mounting plugin ImgMedia
LogPluginManager: Mounting plugin LinearTimecode
LogPluginManager: Mounting plugin MediaCompositing
LogPluginManager: Mounting plugin MediaPlayerEditor
LogPluginManager: Mounting plugin WebMMedia
LogPluginManager: Mounting plugin WmfMedia
LogPluginManager: Mounting plugin TcpMessaging
LogPluginManager: Mounting plugin UdpMessaging
LogPluginManager: Mounting plugin ActorSequence
LogPluginManager: Mounting plugin LevelSequenceEditor
LogPluginManager: Mounting plugin MatineeToLevelSequence
LogPluginManager: Mounting plugin NetcodeUnitTest
LogPluginManager: Mounting plugin NUTUnrealEngine4
LogPluginManager: Mounting plugin OnlineSubsystemGooglePlay
LogPluginManager: Mounting plugin OnlineSubsystemIOS
LogPluginManager: Mounting plugin OnlineSubsystem
LogPluginManager: Mounting plugin OnlineSubsystemNull
LogPluginManager: Mounting plugin OnlineSubsystemUtils
LogPluginManager: Mounting plugin LauncherChunkInstaller
LogPluginManager: Mounting plugin AndroidDeviceProfileSelector
LogPluginManager: Mounting plugin AndroidMoviePlayer
LogPluginManager: Mounting plugin AndroidPermission
LogPluginManager: Mounting plugin AppleMoviePlayer
LogPluginManager: Mounting plugin ArchVisCharacter
LogPluginManager: Mounting plugin AudioCapture
LogPluginManager: Mounting plugin CableComponent
LogPluginManager: Mounting plugin CustomMeshComponent
LogPluginManager: Mounting plugin EditableMesh
LogPluginManager: Mounting plugin ExampleDeviceProfileSelector
LogPluginManager: Mounting plugin Firebase
LogPluginManager: Mounting plugin GoogleCloudMessaging
LogPluginManager: Mounting plugin IOSDeviceProfileSelector
LogPluginManager: Mounting plugin LinuxDeviceProfileSelector
LogPluginManager: Mounting plugin LocationServicesBPLibrary
LogPluginManager: Mounting plugin MobilePatchingUtils
LogPluginManager: Mounting plugin OculusVR
LogPluginManager: Mounting plugin PhysXVehicles
LogPluginManager: Mounting plugin ProceduralMeshComponent
LogPluginManager: Mounting plugin RuntimePhysXCooking
LogPluginManager: Mounting plugin SteamVR
LogPluginManager: Mounting plugin WebMMoviePlayer
LogPluginManager: Mounting plugin WindowsMoviePlayer
LogPluginManager: Mounting plugin PointCloudPlugin
LogPluginManager: Mounting plugin DatasmithCADImporter
LogPluginManager: Mounting plugin DatasmithFBXImporter
LogPluginManager: Mounting plugin DatasmithImporter
LogPluginManager: Mounting plugin MDLImporter
LogPluginManager: Mounting plugin StaticMeshEditorExtension
LogPluginManager: Mounting plugin VariantManager
LogStreaming: Display: Took  0.161s to configure plugins.
LogInit: Using libcurl 7.55.1-DEV
LogInit:  - built for x86_64-pc-win32
LogInit:  - supports SSL with OpenSSL/1.0.2h
LogInit:  - supports HTTP deflate (compression) using libz 1.2.8
LogInit:  - other features:
LogInit:      CURL_VERSION_SSL
LogInit:      CURL_VERSION_LIBZ
LogInit:      CURL_VERSION_IPV6
LogInit:      CURL_VERSION_ASYNCHDNS
LogInit:      CURL_VERSION_LARGEFILE
LogInit:      CURL_VERSION_IDN
LogInit:  CurlRequestOptions (configurable via config and command line):
LogInit:  - bVerifyPeer = true  - Libcurl will verify peer certificate
LogInit:  - bUseHttpProxy = false  - Libcurl will NOT use HTTP proxy
LogInit:  - bDontReuseConnections = false  - Libcurl will reuse connections
LogInit:  - MaxHostConnections = 16  - Libcurl will limit the number of connections to a host
LogInit:  - LocalHostAddr = Default
LogInit:  - BufferSize = 65536
LogInit: WinSock: version 1.1 (2.2), MaxSocks=32767, MaxUdp=65467
LogInit: Build: ++UE4+Release-4.21-CL-4753647
LogInit: Engine Version: 4.21.2-4753647+++UE4+Release-4.21
LogInit: Compatible Engine Version: 4.21.0-4541578+++UE4+Release-4.21
LogInit: Net CL: 4541578
LogInit: OS: Windows 10 (), CPU: Intel(R) Core(TM) i7-6700HQ CPU @ 2.60GHz, GPU: Intel(R) HD Graphics 530
LogInit: Compiled (64-bit): Jan 19 2019 02:07:31
LogInit: Compiled with Visual C++: 19.13.26129.00
LogInit: Build Configuration: Development
LogInit: Branch Name: ++UE4+Release-4.21
LogInit: Command Line:  -skipcompile
LogInit: Base Directory: C:/Program Files/Epic Games/UE_4.21/Engine/Binaries/Win64/
LogInit: Installed Engine Build: 1
LogDevObjectVersion: Number of dev versions registered: 22
LogDevObjectVersion:   Dev-Blueprints (B0D832E4-1F89-4F0D-ACCF-7EB736FD4AA2): 10
LogDevObjectVersion:   Dev-Build (E1C64328-A22C-4D53-A36C-8E866417BD8C): 0
LogDevObjectVersion:   Dev-Core (375EC13C-06E4-48FB-B500-84F0262A717E): 2
LogDevObjectVersion:   Dev-Editor (E4B068ED-F494-42E9-A231-DA0B2E46BB41): 26
LogDevObjectVersion:   Dev-Framework (CFFC743F-43B0-4480-9391-14DF171D2073): 34
LogDevObjectVersion:   Dev-Mobile (B02B49B5-BB20-44E9-A304-32B752E40360): 2
LogDevObjectVersion:   Dev-Networking (A4E4105C-59A1-49B5-A7C5-40C4547EDFEE): 0
LogDevObjectVersion:   Dev-Online (39C831C9-5AE6-47DC-9A44-9C173E1C8E7C): 0
LogDevObjectVersion:   Dev-Physics (78F01B33-EBEA-4F98-B9B4-84EACCB95AA2): 0
LogDevObjectVersion:   Dev-Platform (6631380F-2D4D-43E0-8009-CF276956A95A): 0
LogDevObjectVersion:   Dev-Rendering (12F88B9F-8875-4AFC-A67C-D90C383ABD29): 27
LogDevObjectVersion:   Dev-Sequencer (7B5AE74C-D270-4C10-A958-57980B212A5A): 9
LogDevObjectVersion:   Dev-VR (D7296918-1DD6-4BDD-9DE2-64A83CC13884): 2
LogDevObjectVersion:   Dev-LoadTimes (C2A15278-BFE7-4AFE-6C17-90FF531DF755): 1
LogDevObjectVersion:   Private-Geometry (6EACA3D4-40EC-4CC1-B786-8BED09428FC5): 3
LogDevObjectVersion:   Dev-AnimPhys (29E575DD-E0A3-4627-9D10-D276232CDCEA): 17
LogDevObjectVersion:   Dev-Anim (AF43A65D-7FD3-4947-9873-3E8ED9C1BB05): 2
LogDevObjectVersion:   Dev-ReflectionCapture (6B266CEC-1EC7-4B8F-A30B-E4D90942FC07): 1
LogDevObjectVersion:   Dev-Automation (0DF73D61-A23F-47EA-B727-89E90C41499A): 1
LogDevObjectVersion:   FortniteMain (601D1886-AC64-4F84-AA16-D3DE0DEAC7D6): 17
LogDevObjectVersion:   Dev-Enterprise (9DFFBCD6-494F-0158-E221-12823C92A888): 4
LogDevObjectVersion:   Dev-Niagara (F2AED0AC-9AFE-416F-8664-AA7FFA26D6FC): 1
LogStreaming: Display: Took  0.002s to delete old logs.
LogInit: Presizing for max 8388607 objects, including 0 objects not considered by GC, pre-allocating 0 bytes for permanent pool.
LogInit: Object subsystem initialized
LogConfig: Setting CVar [[con.DebugEarlyDefault:1]]
LogConfig: Setting CVar [[r.setres:1280x720]]
[2019.05.05-21.04.05:120][  0]LogConfig: Setting CVar [[r.VSync:0]]
[2019.05.05-21.04.05:121][  0]LogConfig: Setting CVar [[r.RHICmdBypass:0]]
[2019.05.05-21.04.05:121][  0]LogConfig: Applying CVar settings from Section [/Script/Engine.RendererSettings] File [E:/Luk/Dokumente/GitHub/PointCloudsVR/CPP_PointCloudsVR/Saved/Config/Windows/Engine.ini]
[2019.05.05-21.04.05:121][  0]LogConfig: Setting CVar [[r.GPUCrashDebugging:0]]
[2019.05.05-21.04.05:121][  0]LogConfig: Applying CVar settings from Section [/Script/Engine.RendererOverrideSettings] File [E:/Luk/Dokumente/GitHub/PointCloudsVR/CPP_PointCloudsVR/Saved/Config/Windows/Engine.ini]
[2019.05.05-21.04.05:122][  0]LogConfig: Applying CVar settings from Section [/Script/Engine.StreamingSettings] File [E:/Luk/Dokumente/GitHub/PointCloudsVR/CPP_PointCloudsVR/Saved/Config/Windows/Engine.ini]
[2019.05.05-21.04.05:122][  0]LogConfig: Setting CVar [[s.MinBulkDataSizeForAsyncLoading:131072]]
[2019.05.05-21.04.05:122][  0]LogConfig: Setting CVar [[s.AsyncLoadingThreadEnabled:0]]
[2019.05.05-21.04.05:123][  0]LogConfig: Setting CVar [[s.EventDrivenLoaderEnabled:1]]
[2019.05.05-21.04.05:123][  0]LogConfig: Setting CVar [[s.WarnIfTimeLimitExceeded:0]]
[2019.05.05-21.04.05:123][  0]LogConfig: Setting CVar [[s.TimeLimitExceededMultiplier:1.5]]
[2019.05.05-21.04.05:123][  0]LogConfig: Setting CVar [[s.TimeLimitExceededMinTime:0.005]]
[2019.05.05-21.04.05:124][  0]LogConfig: Setting CVar [[s.UseBackgroundLevelStreaming:1]]
[2019.05.05-21.04.05:124][  0]LogConfig: Setting CVar [[s.PriorityAsyncLoadingExtraTime:15.0]]
[2019.05.05-21.04.05:124][  0]LogConfig: Setting CVar [[s.LevelStreamingActorsUpdateTimeLimit:5.0]]
[2019.05.05-21.04.05:125][  0]LogConfig: Setting CVar [[s.PriorityLevelStreamingActorsUpdateExtraTime:5.0]]
[2019.05.05-21.04.05:125][  0]LogConfig: Setting CVar [[s.LevelStreamingComponentsRegistrationGranularity:10]]
[2019.05.05-21.04.05:125][  0]LogConfig: Setting CVar [[s.UnregisterComponentsTimeLimit:1.0]]
[2019.05.05-21.04.05:125][  0]LogConfig: Setting CVar [[s.LevelStreamingComponentsUnregistrationGranularity:5]]
[2019.05.05-21.04.05:126][  0]LogConfig: Applying CVar settings from Section [/Script/Engine.GarbageCollectionSettings] File [E:/Luk/Dokumente/GitHub/PointCloudsVR/CPP_PointCloudsVR/Saved/Config/Windows/Engine.ini]
[2019.05.05-21.04.05:126][  0]LogConfig: Setting CVar [[gc.MaxObjectsNotConsideredByGC:1]]
[2019.05.05-21.04.05:126][  0]LogConfig: Setting CVar [[gc.SizeOfPermanentObjectPool:0]]
[2019.05.05-21.04.05:127][  0]LogConfig: Setting CVar [[gc.FlushStreamingOnGC:0]]
[2019.05.05-21.04.05:127][  0]LogConfig: Setting CVar [[gc.NumRetriesBeforeForcingGC:10]]
[2019.05.05-21.04.05:127][  0]LogConfig: Setting CVar [[gc.AllowParallelGC:1]]
[2019.05.05-21.04.05:127][  0]LogConfig: Setting CVar [[gc.TimeBetweenPurgingPendingKillObjects:61.1]]
[2019.05.05-21.04.05:128][  0]LogConfig: Setting CVar [[gc.MaxObjectsInEditor:8388607]]
[2019.05.05-21.04.05:128][  0]LogConfig: Setting CVar [[gc.IncrementalBeginDestroyEnabled:1]]
[2019.05.05-21.04.05:128][  0]LogConfig: Setting CVar [[gc.CreateGCClusters:1]]
[2019.05.05-21.04.05:129][  0]LogConfig: Setting CVar [[gc.MergeGCClusters:0]]
[2019.05.05-21.04.05:129][  0]LogConfig: Setting CVar [[gc.MinGCClusterSize:5]]
[2019.05.05-21.04.05:129][  0]LogConfig: Setting CVar [[gc.ActorClusteringEnabled:0]]
[2019.05.05-21.04.05:130][  0]LogConfig: Setting CVar [[gc.BlueprintClusteringEnabled:0]]
[2019.05.05-21.04.05:130][  0]LogConfig: Setting CVar [[gc.UseDisregardForGCOnDedicatedServers:0]]
[2019.05.05-21.04.05:130][  0]LogConfig: Applying CVar settings from Section [/Script/Engine.NetworkSettings] File [E:/Luk/Dokumente/GitHub/PointCloudsVR/CPP_PointCloudsVR/Saved/Config/Windows/Engine.ini]
[2019.05.05-21.04.05:131][  0]LogConfig: Applying CVar settings from Section [/Script/UnrealEd.CookerSettings] File [E:/Luk/Dokumente/GitHub/PointCloudsVR/CPP_PointCloudsVR/Saved/Config/Windows/Engine.ini]
[2019.05.05-21.04.05:158][  0]LogConfig: Applying CVar settings from Section [ViewDistanceQuality@3] File [E:/Luk/Dokumente/GitHub/PointCloudsVR/CPP_PointCloudsVR/Saved/Config/Windows/Scalability.ini]
[2019.05.05-21.04.05:158][  0]LogConfig: Setting CVar [[r.SkeletalMeshLODBias:0]]
[2019.05.05-21.04.05:158][  0]LogConfig: Setting CVar [[r.ViewDistanceScale:1.0]]
[2019.05.05-21.04.05:159][  0]LogConfig: Applying CVar settings from Section [AntiAliasingQuality@3] File [E:/Luk/Dokumente/GitHub/PointCloudsVR/CPP_PointCloudsVR/Saved/Config/Windows/Scalability.ini]
[2019.05.05-21.04.05:159][  0]LogConfig: Setting CVar [[r.PostProcessAAQuality:4]]
[2019.05.05-21.04.05:159][  0]LogConfig: Applying CVar settings from Section [ShadowQuality@3] File [E:/Luk/Dokumente/GitHub/PointCloudsVR/CPP_PointCloudsVR/Saved/Config/Windows/Scalability.ini]
[2019.05.05-21.04.05:159][  0]LogConfig: Setting CVar [[r.LightFunctionQuality:1]]
[2019.05.05-21.04.05:159][  0]LogConfig: Setting CVar [[r.ShadowQuality:5]]
[2019.05.05-21.04.05:160][  0]LogConfig: Setting CVar [[r.Shadow.CSM.MaxCascades:10]]
[2019.05.05-21.04.05:160][  0]LogConfig: Setting CVar [[r.Shadow.MaxResolution:2048]]
[2019.05.05-21.04.05:160][  0]LogConfig: Setting CVar [[r.Shadow.MaxCSMResolution:2048]]
[2019.05.05-21.04.05:160][  0]LogConfig: Setting CVar [[r.Shadow.RadiusThreshold:0.01]]
[2019.05.05-21.04.05:160][  0]LogConfig: Setting CVar [[r.Shadow.DistanceScale:1.0]]
[2019.05.05-21.04.05:160][  0]LogConfig: Setting CVar [[r.Shadow.CSM.TransitionScale:1.0]]
[2019.05.05-21.04.05:161][  0]LogConfig: Setting CVar [[r.Shadow.PreShadowResolutionFactor:1.0]]
[2019.05.05-21.04.05:161][  0]LogConfig: Setting CVar [[r.DistanceFieldShadowing:1]]
[2019.05.05-21.04.05:161][  0]LogConfig: Setting CVar [[r.DistanceFieldAO:1]]
[2019.05.05-21.04.05:161][  0]LogConfig: Setting CVar [[r.AOQuality:2]]
[2019.05.05-21.04.05:161][  0]LogConfig: Setting CVar [[r.VolumetricFog:1]]
[2019.05.05-21.04.05:161][  0]LogConfig: Setting CVar [[r.VolumetricFog.GridPixelSize:8]]
[2019.05.05-21.04.05:161][  0]LogConfig: Setting CVar [[r.VolumetricFog.GridSizeZ:128]]
[2019.05.05-21.04.05:162][  0]LogConfig: Setting CVar [[r.VolumetricFog.HistoryMissSupersampleCount:4]]
[2019.05.05-21.04.05:162][  0]LogConfig: Setting CVar [[r.LightMaxDrawDistanceScale:1]]
[2019.05.05-21.04.05:162][  0]LogConfig: Setting CVar [[r.CapsuleShadows:1]]
[2019.05.05-21.04.05:162][  0]LogConfig: Applying CVar settings from Section [PostProcessQuality@3] File [E:/Luk/Dokumente/GitHub/PointCloudsVR/CPP_PointCloudsVR/Saved/Config/Windows/Scalability.ini]
[2019.05.05-21.04.05:162][  0]LogConfig: Setting CVar [[r.MotionBlurQuality:4]]
[2019.05.05-21.04.05:162][  0]LogConfig: Setting CVar [[r.AmbientOcclusionMipLevelFactor:0.4]]
[2019.05.05-21.04.05:163][  0]LogConfig: Setting CVar [[r.AmbientOcclusionMaxQuality:100]]
[2019.05.05-21.04.05:163][  0]LogConfig: Setting CVar [[r.AmbientOcclusionLevels:-1]]
[2019.05.05-21.04.05:163][  0]LogConfig: Setting CVar [[r.AmbientOcclusionRadiusScale:1.0]]
[2019.05.05-21.04.05:163][  0]LogConfig: Setting CVar [[r.DepthOfFieldQuality:2]]
[2019.05.05-21.04.05:163][  0]LogConfig: Setting CVar [[r.RenderTargetPoolMin:400]]
[2019.05.05-21.04.05:163][  0]LogConfig: Setting CVar [[r.LensFlareQuality:2]]
[2019.05.05-21.04.05:164][  0]LogConfig: Setting CVar [[r.SceneColorFringeQuality:1]]
[2019.05.05-21.04.05:164][  0]LogConfig: Setting CVar [[r.EyeAdaptationQuality:2]]
[2019.05.05-21.04.05:164][  0]LogConfig: Setting CVar [[r.BloomQuality:5]]
[2019.05.05-21.04.05:164][  0]LogConfig: Setting CVar [[r.FastBlurThreshold:100]]
[2019.05.05-21.04.05:164][  0]LogConfig: Setting CVar [[r.Upscale.Quality:3]]
[2019.05.05-21.04.05:164][  0]LogConfig: Setting CVar [[r.Tonemapper.GrainQuantization:1]]
[2019.05.05-21.04.05:164][  0]LogConfig: Setting CVar [[r.LightShaftQuality:1]]
[2019.05.05-21.04.05:164][  0]LogConfig: Setting CVar [[r.Filter.SizeScale:1]]
[2019.05.05-21.04.05:165][  0]LogConfig: Setting CVar [[r.Tonemapper.Quality:5]]
[2019.05.05-21.04.05:165][  0]LogConfig: Setting CVar [[r.DOF.Gather.AccumulatorQuality:1        ; higher gathering accumulator quality]]
[2019.05.05-21.04.05:165][  0]LogConfig: Setting CVar [[r.DOF.Gather.PostfilterMethod:1          ; Median3x3 postfilering method]]
[2019.05.05-21.04.05:165][  0]LogConfig: Setting CVar [[r.DOF.Gather.EnableBokehSettings:0       ; no bokeh simulation when gathering]]
[2019.05.05-21.04.05:165][  0]LogConfig: Setting CVar [[r.DOF.Gather.RingCount:4                 ; medium number of samples when gathering]]
[2019.05.05-21.04.05:165][  0]LogConfig: Setting CVar [[r.DOF.Scatter.ForegroundCompositing:1    ; additive foreground scattering]]
[2019.05.05-21.04.05:166][  0]LogConfig: Setting CVar [[r.DOF.Scatter.BackgroundCompositing:2    ; additive background scattering]]
[2019.05.05-21.04.05:166][  0]LogConfig: Setting CVar [[r.DOF.Scatter.EnableBokehSettings:1      ; bokeh simulation when scattering]]
[2019.05.05-21.04.05:166][  0]LogConfig: Setting CVar [[r.DOF.Scatter.MaxSpriteRatio:0.1         ; only a maximum of 10% of scattered bokeh]]
[2019.05.05-21.04.05:166][  0]LogConfig: Setting CVar [[r.DOF.Recombine.Quality:1                ; cheap slight out of focus]]
[2019.05.05-21.04.05:166][  0]LogConfig: Setting CVar [[r.DOF.Recombine.EnableBokehSettings:0    ; no bokeh simulation on slight out of focus]]
[2019.05.05-21.04.05:166][  0]LogConfig: Setting CVar [[r.DOF.TemporalAAQuality:1                ; more stable temporal accumulation]]
[2019.05.05-21.04.05:167][  0]LogConfig: Setting CVar [[r.DOF.Kernel.MaxForegroundRadius:0.025]]
[2019.05.05-21.04.05:167][  0]LogConfig: Setting CVar [[r.DOF.Kernel.MaxBackgroundRadius:0.025]]
[2019.05.05-21.04.05:167][  0]LogConfig: Applying CVar settings from Section [TextureQuality@3] File [E:/Luk/Dokumente/GitHub/PointCloudsVR/CPP_PointCloudsVR/Saved/Config/Windows/Scalability.ini]
[2019.05.05-21.04.05:167][  0]LogConfig: Setting CVar [[r.Streaming.MipBias:0]]
[2019.05.05-21.04.05:167][  0]LogConfig: Setting CVar [[r.Streaming.AmortizeCPUToGPUCopy:0]]
[2019.05.05-21.04.05:167][  0]LogConfig: Setting CVar [[r.Streaming.MaxNumTexturesToStreamPerFrame:0]]
[2019.05.05-21.04.05:167][  0]LogConfig: Setting CVar [[r.Streaming.Boost:1]]
[2019.05.05-21.04.05:168][  0]LogConfig: Setting CVar [[r.MaxAnisotropy:8]]
[2019.05.05-21.04.05:168][  0]LogConfig: Setting CVar [[r.Streaming.LimitPoolSizeToVRAM:0]]
[2019.05.05-21.04.05:168][  0]LogConfig: Setting CVar [[r.Streaming.PoolSize:1000]]
[2019.05.05-21.04.05:168][  0]LogConfig: Setting CVar [[r.Streaming.MaxEffectiveScreenSize:0]]
[2019.05.05-21.04.05:168][  0]LogConfig: Applying CVar settings from Section [EffectsQuality@3] File [E:/Luk/Dokumente/GitHub/PointCloudsVR/CPP_PointCloudsVR/Saved/Config/Windows/Scalability.ini]
[2019.05.05-21.04.05:168][  0]LogConfig: Setting CVar [[r.TranslucencyLightingVolumeDim:64]]
[2019.05.05-21.04.05:168][  0]LogConfig: Setting CVar [[r.RefractionQuality:2]]
[2019.05.05-21.04.05:169][  0]LogConfig: Setting CVar [[r.SSR.Quality:3]]
[2019.05.05-21.04.05:169][  0]LogConfig: Setting CVar [[r.SceneColorFormat:4]]
[2019.05.05-21.04.05:169][  0]LogConfig: Setting CVar [[r.DetailMode:2]]
[2019.05.05-21.04.05:169][  0]LogConfig: Setting CVar [[r.TranslucencyVolumeBlur:1]]
[2019.05.05-21.04.05:169][  0]LogConfig: Setting CVar [[r.MaterialQualityLevel:1 ; High quality]]
[2019.05.05-21.04.05:169][  0]LogConfig: Setting CVar [[r.SSS.Scale:1]]
[2019.05.05-21.04.05:169][  0]LogConfig: Setting CVar [[r.SSS.SampleSet:2]]
[2019.05.05-21.04.05:170][  0]LogConfig: Setting CVar [[r.SSS.Quality:1]]
[2019.05.05-21.04.05:170][  0]LogConfig: Setting CVar [[r.SSS.HalfRes:1]]
[2019.05.05-21.04.05:170][  0]LogConfig: Setting CVar [[r.EmitterSpawnRateScale:1.0]]
[2019.05.05-21.04.05:170][  0]LogConfig: Setting CVar [[r.ParticleLightQuality:2]]
[2019.05.05-21.04.05:170][  0]LogConfig: Applying CVar settings from Section [FoliageQuality@3] File [E:/Luk/Dokumente/GitHub/PointCloudsVR/CPP_PointCloudsVR/Saved/Config/Windows/Scalability.ini]
[2019.05.05-21.04.05:170][  0]LogConfig: Setting CVar [[foliage.DensityScale:1.0]]
[2019.05.05-21.04.05:170][  0]LogConfig: Setting CVar [[grass.DensityScale:1.0]]
[2019.05.05-21.04.05:171][  0]LogInit: Selected Device Profile: [Windows]
[2019.05.05-21.04.05:171][  0]LogInit: Applying CVar settings loaded from the selected device profile: [Windows]
[2019.05.05-21.04.05:186][  0]LogHAL: Display: Platform has ~ 16 GB [16999284736 / 17179869184 / 16], which maps to Larger [LargestMinGB=32, LargerMinGB=12, DefaultMinGB=8, SmallerMinGB=6, SmallestMinGB=0)
[2019.05.05-21.04.05:186][  0]LogConfig: Setting CVar [[r.Vulkan.UseRealUBs:1]]
[2019.05.05-21.04.05:187][  0]LogInit: Going up to parent DeviceProfile []
[2019.05.05-21.04.05:187][  0]LogConfig: Applying CVar settings from Section [ViewDistanceQuality@3] File [E:/Luk/Dokumente/GitHub/PointCloudsVR/CPP_PointCloudsVR/Saved/Config/Windows/Scalability.ini]
[2019.05.05-21.04.05:187][  0]LogConfig: Setting CVar [[r.SkeletalMeshLODBias:0]]
[2019.05.05-21.04.05:187][  0]LogConfig: Setting CVar [[r.ViewDistanceScale:1.0]]
[2019.05.05-21.04.05:187][  0]LogConfig: Applying CVar settings from Section [AntiAliasingQuality@3] File [E:/Luk/Dokumente/GitHub/PointCloudsVR/CPP_PointCloudsVR/Saved/Config/Windows/Scalability.ini]
[2019.05.05-21.04.05:187][  0]LogConfig: Setting CVar [[r.PostProcessAAQuality:4]]
[2019.05.05-21.04.05:188][  0]LogConfig: Applying CVar settings from Section [ShadowQuality@3] File [E:/Luk/Dokumente/GitHub/PointCloudsVR/CPP_PointCloudsVR/Saved/Config/Windows/Scalability.ini]
[2019.05.05-21.04.05:188][  0]LogConfig: Setting CVar [[r.LightFunctionQuality:1]]
[2019.05.05-21.04.05:188][  0]LogConfig: Setting CVar [[r.ShadowQuality:5]]
[2019.05.05-21.04.05:188][  0]LogConfig: Setting CVar [[r.Shadow.CSM.MaxCascades:10]]
[2019.05.05-21.04.05:188][  0]LogConfig: Setting CVar [[r.Shadow.MaxResolution:2048]]
[2019.05.05-21.04.05:188][  0]LogConfig: Setting CVar [[r.Shadow.MaxCSMResolution:2048]]
[2019.05.05-21.04.05:188][  0]LogConfig: Setting CVar [[r.Shadow.RadiusThreshold:0.01]]
[2019.05.05-21.04.05:188][  0]LogConfig: Setting CVar [[r.Shadow.DistanceScale:1.0]]
[2019.05.05-21.04.05:188][  0]LogConfig: Setting CVar [[r.Shadow.CSM.TransitionScale:1.0]]
[2019.05.05-21.04.05:189][  0]LogConfig: Setting CVar [[r.Shadow.PreShadowResolutionFactor:1.0]]
[2019.05.05-21.04.05:189][  0]LogConfig: Setting CVar [[r.DistanceFieldShadowing:1]]
[2019.05.05-21.04.05:189][  0]LogConfig: Setting CVar [[r.DistanceFieldAO:1]]
[2019.05.05-21.04.05:189][  0]LogConfig: Setting CVar [[r.AOQuality:2]]
[2019.05.05-21.04.05:189][  0]LogConfig: Setting CVar [[r.VolumetricFog:1]]
[2019.05.05-21.04.05:189][  0]LogConfig: Setting CVar [[r.VolumetricFog.GridPixelSize:8]]
[2019.05.05-21.04.05:189][  0]LogConfig: Setting CVar [[r.VolumetricFog.GridSizeZ:128]]
[2019.05.05-21.04.05:189][  0]LogConfig: Setting CVar [[r.VolumetricFog.HistoryMissSupersampleCount:4]]
[2019.05.05-21.04.05:189][  0]LogConfig: Setting CVar [[r.LightMaxDrawDistanceScale:1]]
[2019.05.05-21.04.05:189][  0]LogConfig: Setting CVar [[r.CapsuleShadows:1]]
[2019.05.05-21.04.05:189][  0]LogConfig: Applying CVar settings from Section [PostProcessQuality@3] File [E:/Luk/Dokumente/GitHub/PointCloudsVR/CPP_PointCloudsVR/Saved/Config/Windows/Scalability.ini]
[2019.05.05-21.04.05:189][  0]LogConfig: Setting CVar [[r.MotionBlurQuality:4]]
[2019.05.05-21.04.05:189][  0]LogConfig: Setting CVar [[r.AmbientOcclusionMipLevelFactor:0.4]]
[2019.05.05-21.04.05:190][  0]LogConfig: Setting CVar [[r.AmbientOcclusionMaxQuality:100]]
[2019.05.05-21.04.05:190][  0]LogConfig: Setting CVar [[r.AmbientOcclusionLevels:-1]]
[2019.05.05-21.04.05:190][  0]LogConfig: Setting CVar [[r.AmbientOcclusionRadiusScale:1.0]]
[2019.05.05-21.04.05:190][  0]LogConfig: Setting CVar [[r.DepthOfFieldQuality:2]]
[2019.05.05-21.04.05:190][  0]LogConfig: Setting CVar [[r.RenderTargetPoolMin:400]]
[2019.05.05-21.04.05:190][  0]LogConfig: Setting CVar [[r.LensFlareQuality:2]]
[2019.05.05-21.04.05:190][  0]LogConfig: Setting CVar [[r.SceneColorFringeQuality:1]]
[2019.05.05-21.04.05:190][  0]LogConfig: Setting CVar [[r.EyeAdaptationQuality:2]]
[2019.05.05-21.04.05:190][  0]LogConfig: Setting CVar [[r.BloomQuality:5]]
[2019.05.05-21.04.05:190][  0]LogConfig: Setting CVar [[r.FastBlurThreshold:100]]
[2019.05.05-21.04.05:190][  0]LogConfig: Setting CVar [[r.Upscale.Quality:3]]
[2019.05.05-21.04.05:190][  0]LogConfig: Setting CVar [[r.Tonemapper.GrainQuantization:1]]
[2019.05.05-21.04.05:191][  0]LogConfig: Setting CVar [[r.LightShaftQuality:1]]
[2019.05.05-21.04.05:191][  0]LogConfig: Setting CVar [[r.Filter.SizeScale:1]]
[2019.05.05-21.04.05:191][  0]LogConfig: Setting CVar [[r.Tonemapper.Quality:5]]
[2019.05.05-21.04.05:191][  0]LogConfig: Setting CVar [[r.DOF.Gather.AccumulatorQuality:1        ; higher gathering accumulator quality]]
[2019.05.05-21.04.05:191][  0]LogConfig: Setting CVar [[r.DOF.Gather.PostfilterMethod:1          ; Median3x3 postfilering method]]
[2019.05.05-21.04.05:191][  0]LogConfig: Setting CVar [[r.DOF.Gather.EnableBokehSettings:0       ; no bokeh simulation when gathering]]
[2019.05.05-21.04.05:191][  0]LogConfig: Setting CVar [[r.DOF.Gather.RingCount:4                 ; medium number of samples when gathering]]
[2019.05.05-21.04.05:191][  0]LogConfig: Setting CVar [[r.DOF.Scatter.ForegroundCompositing:1    ; additive foreground scattering]]
[2019.05.05-21.04.05:191][  0]LogConfig: Setting CVar [[r.DOF.Scatter.BackgroundCompositing:2    ; additive background scattering]]
[2019.05.05-21.04.05:191][  0]LogConfig: Setting CVar [[r.DOF.Scatter.EnableBokehSettings:1      ; bokeh simulation when scattering]]
[2019.05.05-21.04.05:191][  0]LogConfig: Setting CVar [[r.DOF.Scatter.MaxSpriteRatio:0.1         ; only a maximum of 10% of scattered bokeh]]
[2019.05.05-21.04.05:192][  0]LogConfig: Setting CVar [[r.DOF.Recombine.Quality:1                ; cheap slight out of focus]]
[2019.05.05-21.04.05:192][  0]LogConfig: Setting CVar [[r.DOF.Recombine.EnableBokehSettings:0    ; no bokeh simulation on slight out of focus]]
[2019.05.05-21.04.05:192][  0]LogConfig: Setting CVar [[r.DOF.TemporalAAQuality:1                ; more stable temporal accumulation]]
[2019.05.05-21.04.05:192][  0]LogConfig: Setting CVar [[r.DOF.Kernel.MaxForegroundRadius:0.025]]
[2019.05.05-21.04.05:192][  0]LogConfig: Setting CVar [[r.DOF.Kernel.MaxBackgroundRadius:0.025]]
[2019.05.05-21.04.05:192][  0]LogConfig: Applying CVar settings from Section [TextureQuality@3] File [E:/Luk/Dokumente/GitHub/PointCloudsVR/CPP_PointCloudsVR/Saved/Config/Windows/Scalability.ini]
[2019.05.05-21.04.05:192][  0]LogConfig: Setting CVar [[r.Streaming.MipBias:0]]
[2019.05.05-21.04.05:192][  0]LogConfig: Setting CVar [[r.Streaming.AmortizeCPUToGPUCopy:0]]
[2019.05.05-21.04.05:192][  0]LogConfig: Setting CVar [[r.Streaming.MaxNumTexturesToStreamPerFrame:0]]
[2019.05.05-21.04.05:192][  0]LogConfig: Setting CVar [[r.Streaming.Boost:1]]
[2019.05.05-21.04.05:192][  0]LogConfig: Setting CVar [[r.MaxAnisotropy:8]]
[2019.05.05-21.04.05:192][  0]LogConfig: Setting CVar [[r.Streaming.LimitPoolSizeToVRAM:0]]
[2019.05.05-21.04.05:193][  0]LogConfig: Setting CVar [[r.Streaming.PoolSize:1000]]
[2019.05.05-21.04.05:193][  0]LogConfig: Setting CVar [[r.Streaming.MaxEffectiveScreenSize:0]]
[2019.05.05-21.04.05:193][  0]LogConfig: Applying CVar settings from Section [EffectsQuality@3] File [E:/Luk/Dokumente/GitHub/PointCloudsVR/CPP_PointCloudsVR/Saved/Config/Windows/Scalability.ini]
[2019.05.05-21.04.05:193][  0]LogConfig: Setting CVar [[r.TranslucencyLightingVolumeDim:64]]
[2019.05.05-21.04.05:193][  0]LogConfig: Setting CVar [[r.RefractionQuality:2]]
[2019.05.05-21.04.05:193][  0]LogConfig: Setting CVar [[r.SSR.Quality:3]]
[2019.05.05-21.04.05:193][  0]LogConfig: Setting CVar [[r.SceneColorFormat:4]]
[2019.05.05-21.04.05:193][  0]LogConfig: Setting CVar [[r.DetailMode:2]]
[2019.05.05-21.04.05:193][  0]LogConfig: Setting CVar [[r.TranslucencyVolumeBlur:1]]
[2019.05.05-21.04.05:193][  0]LogConfig: Setting CVar [[r.MaterialQualityLevel:1 ; High quality]]
[2019.05.05-21.04.05:193][  0]LogConfig: Setting CVar [[r.SSS.Scale:1]]
[2019.05.05-21.04.05:193][  0]LogConfig: Setting CVar [[r.SSS.SampleSet:2]]
[2019.05.05-21.04.05:194][  0]LogConfig: Setting CVar [[r.SSS.Quality:1]]
[2019.05.05-21.04.05:194][  0]LogConfig: Setting CVar [[r.SSS.HalfRes:1]]
[2019.05.05-21.04.05:194][  0]LogConfig: Setting CVar [[r.EmitterSpawnRateScale:1.0]]
[2019.05.05-21.04.05:194][  0]LogConfig: Setting CVar [[r.ParticleLightQuality:2]]
[2019.05.05-21.04.05:194][  0]LogConfig: Applying CVar settings from Section [FoliageQuality@3] File [E:/Luk/Dokumente/GitHub/PointCloudsVR/CPP_PointCloudsVR/Saved/Config/Windows/Scalability.ini]
[2019.05.05-21.04.05:194][  0]LogConfig: Setting CVar [[foliage.DensityScale:1.0]]
[2019.05.05-21.04.05:194][  0]LogConfig: Setting CVar [[grass.DensityScale:1.0]]
[2019.05.05-21.04.05:194][  0]LogConfig: Applying CVar settings from Section [Startup] File [../../../Engine/Config/ConsoleVariables.ini]
[2019.05.05-21.04.05:194][  0]LogConfig: Setting CVar [[net.UseAdaptiveNetUpdateFrequency:0]]
[2019.05.05-21.04.05:195][  0]LogConfig: Applying CVar settings from Section [ConsoleVariables] File [E:/Luk/Dokumente/GitHub/PointCloudsVR/CPP_PointCloudsVR/Saved/Config/Windows/Engine.ini]
[2019.05.05-21.04.05:195][  0]LogInit: Computer: LAPTOP-9EU9193A
[2019.05.05-21.04.05:195][  0]LogInit: User: Luk
[2019.05.05-21.04.05:195][  0]LogInit: CPU Page size=4096, Cores=4
[2019.05.05-21.04.05:195][  0]LogInit: High frequency timer resolution =10.000000 MHz
[2019.05.05-21.04.05:195][  0]LogMemory: Memory total: Physical=15.8GB (16GB approx)
[2019.05.05-21.04.05:195][  0]LogMemory: Platform Memory Stats for Windows
[2019.05.05-21.04.05:196][  0]LogMemory: Process Physical Memory: 104.56 MB used, 104.56 MB peak
[2019.05.05-21.04.05:196][  0]LogMemory: Process Virtual Memory: 93.91 MB used, 93.91 MB peak
[2019.05.05-21.04.05:196][  0]LogMemory: Physical Memory: 8685.39 MB used,  7526.39 MB free, 16211.78 MB total
[2019.05.05-21.04.05:196][  0]LogMemory: Virtual Memory: 4653.44 MB used,  134213072.00 MB free, 134217728.00 MB total
[2019.05.05-21.04.05:324][  0]LogInit: Using OS detected language (de-DE).
[2019.05.05-21.04.05:324][  0]LogInit: Using OS detected locale (de-DE).
[2019.05.05-21.04.05:325][  0]LogTextLocalizationManager: No specific localization for 'de-DE' exists, so the 'de' localization will be used.
[2019.05.05-21.04.05:327][  0]LogStreaming: Display: Took  0.003s to InitEngineTextLocalization.
[2019.05.05-21.04.05:328][  0]LogInit: Setting process to per monitor DPI aware
[2019.05.05-21.04.05:379][  0]LogSlate: New Slate User Created.  User Index 0, Is Virtual User: 0
[2019.05.05-21.04.05:379][  0]LogSlate: Slate User Registered.  User Index 0, Is Virtual User: 0
[2019.05.05-21.04.05:709][  0]LogHMD: Failed to initialize OpenVR with code 110
[2019.05.05-21.04.05:709][  0]LogD3D11RHI: D3D11 adapters:
[2019.05.05-21.04.06:133][  0]LogD3D11RHI:    0. 'NVIDIA GeForce GTX 960M' (Feature Level 11_0)
[2019.05.05-21.04.06:134][  0]LogD3D11RHI:       4055/0/8105 MB DedicatedVideo/DedicatedSystem/SharedSystem, Outputs:2, VendorId:0x10de
[2019.05.05-21.04.06:154][  0]LogD3D11RHI:    1. 'Intel(R) HD Graphics 530' (Feature Level 11_0)
[2019.05.05-21.04.06:154][  0]LogD3D11RHI:       128/0/8105 MB DedicatedVideo/DedicatedSystem/SharedSystem, Outputs:0, VendorId:0x8086
[2019.05.05-21.04.06:160][  0]LogD3D11RHI:    2. 'Microsoft Basic Render Driver' (Feature Level 11_0)
[2019.05.05-21.04.06:160][  0]LogD3D11RHI:       0/0/8105 MB DedicatedVideo/DedicatedSystem/SharedSystem, Outputs:0, VendorId:0x1414
[2019.05.05-21.04.06:161][  0]LogD3D11RHI: Chosen D3D11 Adapter: 0
[2019.05.05-21.04.06:207][  0]LogD3D11RHI: Creating new Direct3DDevice
[2019.05.05-21.04.06:207][  0]LogD3D11RHI:     GPU DeviceId: 0x139b (for the marketing name, search the web for "GPU Device Id")
[2019.05.05-21.04.06:207][  0]LogWindows: EnumDisplayDevices:
[2019.05.05-21.04.06:208][  0]LogWindows:    0. 'Intel(R) HD Graphics 530' (P:1 D:1)
[2019.05.05-21.04.06:208][  0]LogWindows:    1. 'Intel(R) HD Graphics 530' (P:0 D:1)
[2019.05.05-21.04.06:209][  0]LogWindows:    2. 'Intel(R) HD Graphics 530' (P:0 D:0)
[2019.05.05-21.04.06:210][  0]LogWindows: DebugString: PrimaryIsNotTheChoosenAdapter PrimaryIsNotTheChoosenAdapter PrimaryIsNotTheChoosenAdapter FoundDriverCount:0 
[2019.05.05-21.04.06:210][  0]LogD3D11RHI:     Adapter Name: NVIDIA GeForce GTX 960M
[2019.05.05-21.04.06:210][  0]LogD3D11RHI:   Driver Version: Unknown (internal:Unknown, unified:Unknown)
[2019.05.05-21.04.06:210][  0]LogD3D11RHI:      Driver Date: Unknown
[2019.05.05-21.04.06:210][  0]LogRHI: Texture pool is 2839 MB (70% of 4055 MB)
[2019.05.05-21.04.06:276][  0]LogD3D11RHI: Async texture creation enabled
[2019.05.05-21.04.06:289][  0]LogD3D11RHI: GPU Timing Frequency: 1000.000000 (Debug: 2 1)
[2019.05.05-21.04.06:947][  0]LogTemp: Display: Loaded TP AllDesktopTargetPlatform
[2019.05.05-21.04.06:965][  0]LogTemp: Display: Loaded TP MacClientTargetPlatform
[2019.05.05-21.04.06:983][  0]LogTemp: Display: Loaded TP MacNoEditorTargetPlatform
[2019.05.05-21.04.07:001][  0]LogTemp: Display: Loaded TP MacServerTargetPlatform
[2019.05.05-21.04.07:020][  0]LogTemp: Display: Loaded TP MacTargetPlatform
[2019.05.05-21.04.07:042][  0]LogTemp: Display: Loaded TP WindowsClientTargetPlatform
[2019.05.05-21.04.07:062][  0]LogTemp: Display: Loaded TP WindowsNoEditorTargetPlatform
[2019.05.05-21.04.07:082][  0]LogTemp: Display: Loaded TP WindowsServerTargetPlatform
[2019.05.05-21.04.07:092][  0]LogTemp: Display: Loaded TP WindowsTargetPlatform
[2019.05.05-21.04.07:195][  0]LogTemp: Display: Loaded TP AndroidTargetPlatform
[2019.05.05-21.04.07:195][  0]LogTemp: Display: Loaded TP AndroidTargetPlatform
[2019.05.05-21.04.07:196][  0]LogTemp: Display: Loaded TP AndroidTargetPlatform
[2019.05.05-21.04.07:196][  0]LogTemp: Display: Loaded TP AndroidTargetPlatform
[2019.05.05-21.04.07:196][  0]LogTemp: Display: Loaded TP AndroidTargetPlatform
[2019.05.05-21.04.07:196][  0]LogTemp: Display: Loaded TP AndroidTargetPlatform
[2019.05.05-21.04.07:196][  0]LogTemp: Display: Loaded TP AndroidTargetPlatform
[2019.05.05-21.04.07:196][  0]LogTemp: Display: Loaded TP AndroidTargetPlatform
[2019.05.05-21.04.07:196][  0]LogTemp: Display: Loaded TP AndroidTargetPlatform
[2019.05.05-21.04.07:197][  0]LogTemp: Display: Loaded TP AndroidTargetPlatform
[2019.05.05-21.04.07:197][  0]LogTemp: Display: Loaded TP AndroidTargetPlatform
[2019.05.05-21.04.07:197][  0]LogTemp: Display: Loaded TP AndroidTargetPlatform
[2019.05.05-21.04.07:197][  0]LogTemp: Display: Loaded TP AndroidTargetPlatform
[2019.05.05-21.04.07:197][  0]LogTemp: Display: Loaded TP AndroidTargetPlatform
[2019.05.05-21.04.07:197][  0]LogTemp: Display: Loaded TP AndroidTargetPlatform
[2019.05.05-21.04.07:198][  0]LogTemp: Display: Loaded TP AndroidTargetPlatform
[2019.05.05-21.04.07:198][  0]LogTemp: Display: Loaded TP AndroidTargetPlatform
[2019.05.05-21.04.07:198][  0]LogTemp: Display: Loaded TP AndroidTargetPlatform
[2019.05.05-21.04.07:203][  0]LogTemp: Display: Loaded TP HTML5TargetPlatform
[2019.05.05-21.04.07:283][  0]LogTemp: Display: Loaded TP IOSTargetPlatform
[2019.05.05-21.04.07:283][  0]LogTemp: Display: Loaded TP IOSTargetPlatform
[2019.05.05-21.04.07:313][  0]LogTemp: Display: Loaded TP TVOSTargetPlatform
[2019.05.05-21.04.07:313][  0]LogTemp: Display: Loaded TP TVOSTargetPlatform
[2019.05.05-21.04.07:331][  0]LogTemp: Display: Loaded TP LinuxClientTargetPlatform
[2019.05.05-21.04.07:348][  0]LogTemp: Display: Loaded TP LinuxNoEditorTargetPlatform
[2019.05.05-21.04.07:365][  0]LogTemp: Display: Loaded TP LinuxServerTargetPlatform
[2019.05.05-21.04.07:384][  0]LogTemp: Display: Loaded TP LinuxTargetPlatform
[2019.05.05-21.04.07:440][  0]LogTemp: Display: Loaded TP LuminTargetPlatform
[2019.05.05-21.04.07:441][  0]LogTemp: Display: Loaded TP LuminTargetPlatform
[2019.05.05-21.04.07:441][  0]LogTargetPlatformManager: Display: Building Assets For Windows
[2019.05.05-21.04.07:572][  0]LogShaderCompilers: Guid format shader working directory is -12 characters bigger than the processId version (E:/Luk/Dokumente/GitHub/PointCloudsVR/CPP_PointCloudsVR/Intermediate/Shaders/WorkingDirectory/18284/).
[2019.05.05-21.04.07:572][  0]LogShaderCompilers: Cleaned the shader compiler working directory 'C:/Users/Luk/AppData/Local/Temp/UnrealShaderWorkingDir/54AF62C248ED5AC8483C4E880454B347/'.
[2019.05.05-21.04.07:575][  0]LogXGEController: Cleaning working directory: C:/Users/Luk/AppData/Local/Temp/UnrealXGEWorkingDir/
[2019.05.05-21.04.07:576][  0]LogXGEController: Cannot use XGE Controller as Incredibuild is not installed on this machine.
[2019.05.05-21.04.07:576][  0]LogShaderCompilers: Cannot use XGE Shader Compiler as Incredibuild is not installed on this machine.
[2019.05.05-21.04.07:576][  0]LogShaderCompilers: Display: Using Local Shader Compiler.
[2019.05.05-21.04.08:224][  0]LogDerivedDataCache: Display: Max Cache Size: 512 MB
[2019.05.05-21.04.08:288][  0]LogDerivedDataCache: Loaded boot cache 0.06s 75MB C:/Users/Luk/AppData/Local/UnrealEngine/4.21/DerivedDataCache/Boot.ddc.
[2019.05.05-21.04.08:288][  0]LogDerivedDataCache: Display: Loaded Boot cache: C:/Users/Luk/AppData/Local/UnrealEngine/4.21/DerivedDataCache/Boot.ddc
[2019.05.05-21.04.08:288][  0]LogDerivedDataCache: FDerivedDataBackendGraph:  Pak pak cache file E:/Luk/Dokumente/GitHub/PointCloudsVR/CPP_PointCloudsVR/DerivedDataCache/DDC.ddp not found, will not use a pak cache.
[2019.05.05-21.04.08:288][  0]LogDerivedDataCache: Unable to find inner node Pak for hierarchical cache Hierarchy.
[2019.05.05-21.04.08:288][  0]LogDerivedDataCache: FDerivedDataBackendGraph:  CompressedPak pak cache file E:/Luk/Dokumente/GitHub/PointCloudsVR/CPP_PointCloudsVR/DerivedDataCache/Compressed.ddp not found, will not use a pak cache.
[2019.05.05-21.04.08:288][  0]LogDerivedDataCache: Unable to find inner node CompressedPak for hierarchical cache Hierarchy.
[2019.05.05-21.04.08:305][  0]LogDerivedDataCache: Display: Pak cache opened for reading ../../../Engine/DerivedDataCache/Compressed.ddp.
[2019.05.05-21.04.08:310][  0]LogDerivedDataCache: Display: Pak cache opened for reading ../../../Enterprise/DerivedDataCache/Compressed.ddp.
[2019.05.05-21.04.08:326][  0]LogDerivedDataCache: Using Local data cache path C:/Users/Luk/AppData/Local/UnrealEngine/Common/DerivedDataCache: Writable
[2019.05.05-21.04.08:326][  0]LogDerivedDataCache: Shared data cache path not found in *engine.ini, will not use an Shared cache.
[2019.05.05-21.04.08:326][  0]LogDerivedDataCache: Unable to find inner node Shared for hierarchical cache Hierarchy.
[2019.05.05-21.04.08:367][  0]LogMaterial: Verifying Global Shaders for PCD3D_SM5
[2019.05.05-21.04.08:369][  0]LogSlate: Using FreeType 2.6.0
[2019.05.05-21.04.08:370][  0]LogSlate: SlateFontServices - WITH_FREETYPE: 1, WITH_HARFBUZZ: 1
[2019.05.05-21.04.08:472][  0]LogAssetRegistry: FAssetRegistry took 0.0388 seconds to start up
[2019.05.05-21.04.08:860][  0]LogInit: Selected Device Profile: [Windows]
[2019.05.05-21.04.08:982][  0]LogSimplygon: Simplygon DLL not present - disabling.
[2019.05.05-21.04.08:991][  0]LogMeshReduction: Using SimplygonSwarm for distributed automatic mesh merging
[2019.05.05-21.04.08:991][  0]LogMeshReduction: Using ProxyLODMeshReduction for automatic mesh merging
[2019.05.05-21.04.08:991][  0]LogMeshReduction: Using QuadricMeshReduction for automatic static mesh reduction
[2019.05.05-21.04.08:992][  0]LogMeshReduction: No automatic skeletal mesh reduction module available
[2019.05.05-21.04.09:133][  0]LogNetVersion: CPP_PointCloudsVR 1.0.0, NetCL: 4541578, EngineNetVer: 5, GameNetVer: 0 (Checksum: 361833818)
[2019.05.05-21.04.09:909][  0]LogPackageLocalizationCache: Processed 15 localized package path(s) for 2 prioritized culture(s) in 0.159338 seconds
[2019.05.05-21.04.09:918][  0]LogUObjectArray: 40195 objects as part of root set at end of initial load.
[2019.05.05-21.04.09:918][  0]LogUObjectAllocator: 7014752 out of 0 bytes used by permanent object pool.
[2019.05.05-21.04.09:918][  0]LogUObjectArray: CloseDisregardForGC: 0/0 objects in disregard for GC pool
[2019.05.05-21.04.11:180][  0]LogTcpMessaging: Initializing TcpMessaging bridge
[2019.05.05-21.04.11:200][  0]LogUdpMessaging: Initializing bridge on interface 0.0.0.0:0 to multicast group 230.0.0.1:6666.
[2019.05.05-21.04.12:291][  0]SourceControl: Source control is disabled
[2019.05.05-21.04.12:291][  0]SourceControl: Source control is disabled
[2019.05.05-21.04.12:296][  0]SourceControl: Source control is disabled
[2019.05.05-21.04.12:299][  0]SourceControl: Source control is disabled
[2019.05.05-21.04.12:606][  0]LogAndroidPermission: UAndroidPermissionCallbackProxy::GetInstance
[2019.05.05-21.04.12:786][  0]LogOcInput: OculusInput pre-init called
[2019.05.05-21.04.15:081][  0]LogClass: Warning: BoolProperty FPointCloudFileHeader::bHasDescriptions is not initialized properly
[2019.05.05-21.04.15:081][  0]LogClass: Warning: FPointCloudFileHeader::EstimatedPointCount is not initialized properly
[2019.05.05-21.04.15:082][  0]LogClass: Display: 2 Uninitialized script stuct members found
[2019.05.05-21.04.15:083][  0]LogAutomationTest: Warning: BoolProperty FPointCloudFileHeader::bHasDescriptions is not initialized properly
[2019.05.05-21.04.15:083][  0]LogAutomationTest: Warning: FPointCloudFileHeader::EstimatedPointCount is not initialized properly
[2019.05.05-21.04.15:084][  0]LogEngine: Initializing Engine...
[2019.05.05-21.04.15:085][  0]LogHMD: Failed to initialize OpenVR with code 110
[2019.05.05-21.04.15:088][  0]LogStats: UGameplayTagsManager::ConstructGameplayTagTree: ImportINI prefixes -  0.000 s
[2019.05.05-21.04.15:089][  0]LogStats: UGameplayTagsManager::ConstructGameplayTagTree: Construct from data asset -  0.000 s
[2019.05.05-21.04.15:089][  0]LogStats: UGameplayTagsManager::ConstructGameplayTagTree: ImportINI -  0.000 s
[2019.05.05-21.04.15:089][  0]LogStats: UGameplayTagsManager::ConstructGameplayTagTree: GameplayTagTreeChangedEvent.Broadcast -  0.000 s
[2019.05.05-21.04.15:389][  0]LogInit: Initializing FReadOnlyCVARCache
[2019.05.05-21.04.15:405][  0]LogAIModule: Creating AISystem for world Untitled
[2019.05.05-21.04.15:424][  0]LogAudioMixer: Display: Audio Mixer Platform Settings:
[2019.05.05-21.04.15:425][  0]LogAudioMixer: Display: 	Sample Rate:						  48000
[2019.05.05-21.04.15:425][  0]LogAudioMixer: Display: 	Callback Buffer Frame Size Requested: 1024
[2019.05.05-21.04.15:425][  0]LogAudioMixer: Display: 	Callback Buffer Frame Size To Use:	  1024
[2019.05.05-21.04.15:425][  0]LogAudioMixer: Display: 	Number of buffers to queue:			  2
[2019.05.05-21.04.15:425][  0]LogAudioMixer: Display: 	Max Channels (voices):				  0
[2019.05.05-21.04.15:425][  0]LogAudioMixer: Display: 	Number of Async Source Workers:		  0
[2019.05.05-21.04.15:426][  0]LogAudioMixer: Display: Initializing audio mixer.
[2019.05.05-21.04.15:457][  0]LogAudioMixer: Display: Audio Device Output Speaker Info:
[2019.05.05-21.04.15:458][  0]LogAudioMixer: Display: Name: Lautsprecher (Realtek High Definition Audio)
[2019.05.05-21.04.15:458][  0]LogAudioMixer: Display: Is Default: Yes
[2019.05.05-21.04.15:458][  0]LogAudioMixer: Display: Sample Rate: 48000
[2019.05.05-21.04.15:458][  0]LogAudioMixer: Display: Channel Count Used: 2
[2019.05.05-21.04.15:458][  0]LogAudioMixer: Display: Device Channel Count: 2
[2019.05.05-21.04.15:458][  0]LogAudioMixer: Display: Channel Order:
[2019.05.05-21.04.15:458][  0]LogAudioMixer: Display: 0: FrontLeft
[2019.05.05-21.04.15:458][  0]LogAudioMixer: Display: 1: FrontRight
[2019.05.05-21.04.15:537][  0]LogInit: FAudioDevice initialized.
[2019.05.05-21.04.15:537][  0]LogNetVersion: Set ProjectVersion to 1.0.0.0. Version Checksum will be recalculated on next use.
[2019.05.05-21.04.15:629][  0]LogDerivedDataCache: Saved boot cache 0.09s 75MB C:/Users/Luk/AppData/Local/UnrealEngine/4.21/DerivedDataCache/Boot.ddc.
[2019.05.05-21.04.15:630][  0]LogInit: Texture streaming: Enabled
[2019.05.05-21.04.15:662][  0]LogEngineSessionManager: EngineSessionManager initialized
[2019.05.05-21.04.15:677][  0]LogInit: Transaction tracking system initialized
[2019.05.05-21.04.15:718][  0]BlueprintLog: New page: Editor Load
[2019.05.05-21.04.15:904][  0]LocalizationService: Localization service is disabled
[2019.05.05-21.04.16:551][  0]LogFileCache: Scanning file cache for directory 'E:/Luk/Dokumente/GitHub/PointCloudsVR/CPP_PointCloudsVR/Content/' took 0.01s
[2019.05.05-21.04.16:551][  0]LogCook: Display: Max memory allowance for cook 16384mb min free memory 0mb
[2019.05.05-21.04.16:551][  0]LogCook: Display: Mobile HDR setting 1
[2019.05.05-21.04.16:551][  0]LogGameplayTags: Display: UGameplayTagsManager::DoneAddingNativeTags. DelegateIsBound: 0
[2019.05.05-21.04.16:551][  0]LogStats: UGameplayTagsManager::ConstructGameplayTagTree: ImportINI prefixes -  0.000 s
[2019.05.05-21.04.16:551][  0]LogStats: UGameplayTagsManager::ConstructGameplayTagTree: Construct from data asset -  0.000 s
[2019.05.05-21.04.16:552][  0]LogStats: UGameplayTagsManager::ConstructGameplayTagTree: ImportINI -  0.000 s
[2019.05.05-21.04.16:552][  0]LogStats: UGameplayTagsManager::ConstructGameplayTagTree: GameplayTagTreeChangedEvent.Broadcast -  0.000 s
[2019.05.05-21.04.18:704][  0]SourceControl: Source control is disabled
[2019.05.05-21.04.18:705][  0]Cmd: MAP LOAD FILE="E:/Luk/Dokumente/GitHub/PointCloudsVR/CPP_PointCloudsVR/Content/FirstPersonCPP/Maps/FirstPersonExampleMap.umap" TEMPLATE=0 SHOWPROGRESS=1 FEATURELEVEL=3
[2019.05.05-21.04.18:706][  0]LightingResults: New page: Lighting Build
[2019.05.05-21.04.18:710][  0]MapCheck: New page: Map Check
[2019.05.05-21.04.18:710][  0]LightingResults: New page: Lighting Build
[2019.05.05-21.04.18:947][  0]LogAIModule: Creating AISystem for world FirstPersonExampleMap
[2019.05.05-21.04.18:961][  0]LogEditorServer: Finished looking for orphan Actors (0.000 secs)
[2019.05.05-21.04.18:988][  0]Cmd: MAP CHECKDEP NOCLEARLOG
[2019.05.05-21.04.18:988][  0]MapCheck: Map check complete: 0 Error(s), 0 Warning(s), took 0,141ms to complete.
[2019.05.05-21.04.18:988][  0]LogFileHelpers: Loading map 'FirstPersonExampleMap' took 0.283
[2019.05.05-21.04.19:095][  0]LogSlate: Updating window title bar state: overlay mode, drag disabled, window buttons hidden, title bar hidden
[2019.05.05-21.04.19:104][  0]LogSlate: Updating window title bar state: overlay mode, drag disabled, window buttons hidden, title bar hidden
[2019.05.05-21.04.19:113][  0]LogSlate: Updating window title bar state: overlay mode, drag disabled, window buttons hidden, title bar hidden
[2019.05.05-21.04.19:121][  0]LogSlate: Updating window title bar state: overlay mode, drag disabled, window buttons hidden, title bar hidden
[2019.05.05-21.04.19:131][  0]LogCollectionManager: Loaded 0 collections in 0.001841 seconds
[2019.05.05-21.04.19:166][  0]LogFileCache: Scanning file cache for directory 'E:/Luk/Dokumente/GitHub/PointCloudsVR/CPP_PointCloudsVR/Saved/Collections/' took 0.01s
[2019.05.05-21.04.19:166][  0]LogFileCache: Scanning file cache for directory 'E:/Luk/Dokumente/GitHub/PointCloudsVR/CPP_PointCloudsVR/Content/Developers/Luk/Collections/' took 0.00s
[2019.05.05-21.04.19:166][  0]LogFileCache: Scanning file cache for directory 'E:/Luk/Dokumente/GitHub/PointCloudsVR/CPP_PointCloudsVR/Content/Collections/' took 0.01s
[2019.05.05-21.04.19:166][  0]LogCollectionManager: Rebuilt the GUID cache for 0 collections in 0.000000 seconds
[2019.05.05-21.04.19:176][  0]LogContentBrowser: Native class hierarchy populated in 0.0094 seconds. Added 2721 classes and 660 folders.
[2019.05.05-21.04.19:184][  0]LogContentBrowser: Native class hierarchy updated for 'WidgetCarousel' in 0.0003 seconds. Added 0 classes and 0 folders.
[2019.05.05-21.04.19:188][  0]LogPakFile: Registered encryption key '00000000000000000000000000000000': 0 pak files mounted, 0 remain pending
[2019.05.05-21.04.19:188][  0]LogPakFile: Registered encryption key '00000000000000000000000000000000': 0 pak files mounted, 0 remain pending
[2019.05.05-21.04.19:189][  0]LogPakFile: Registered encryption key '00000000000000000000000000000000': 0 pak files mounted, 0 remain pending
[2019.05.05-21.04.19:190][  0]LogPakFile: Registered encryption key '00000000000000000000000000000000': 0 pak files mounted, 0 remain pending
[2019.05.05-21.04.19:191][  0]LogPakFile: Registered encryption key '00000000000000000000000000000000': 0 pak files mounted, 0 remain pending
[2019.05.05-21.04.19:192][  0]LogPakFile: Registered encryption key '00000000000000000000000000000000': 0 pak files mounted, 0 remain pending
[2019.05.05-21.04.19:193][  0]LogPakFile: Registered encryption key '00000000000000000000000000000000': 0 pak files mounted, 0 remain pending
[2019.05.05-21.04.19:194][  0]LogPakFile: Registered encryption key '00000000000000000000000000000000': 0 pak files mounted, 0 remain pending
[2019.05.05-21.04.19:194][  0]LogPakFile: Registered encryption key '00000000000000000000000000000000': 0 pak files mounted, 0 remain pending
[2019.05.05-21.04.19:195][  0]LogPakFile: Registered encryption key '00000000000000000000000000000000': 0 pak files mounted, 0 remain pending
[2019.05.05-21.04.19:196][  0]LogPakFile: Registered encryption key '00000000000000000000000000000000': 0 pak files mounted, 0 remain pending
[2019.05.05-21.04.19:196][  0]LogPakFile: Registered encryption key '00000000000000000000000000000000': 0 pak files mounted, 0 remain pending
[2019.05.05-21.04.19:197][  0]LogPakFile: Registered encryption key '00000000000000000000000000000000': 0 pak files mounted, 0 remain pending
[2019.05.05-21.04.19:198][  0]LogPakFile: Registered encryption key '00000000000000000000000000000000': 0 pak files mounted, 0 remain pending
[2019.05.05-21.04.19:199][  0]LogPakFile: Registered encryption key '00000000000000000000000000000000': 0 pak files mounted, 0 remain pending
[2019.05.05-21.04.19:199][  0]LogPakFile: Registered encryption key '00000000000000000000000000000000': 0 pak files mounted, 0 remain pending
[2019.05.05-21.04.19:200][  0]LogPakFile: Registered encryption key '00000000000000000000000000000000': 0 pak files mounted, 0 remain pending
[2019.05.05-21.04.19:201][  0]LogPakFile: Registered encryption key '00000000000000000000000000000000': 0 pak files mounted, 0 remain pending
[2019.05.05-21.04.19:202][  0]LogPakFile: Registered encryption key '00000000000000000000000000000000': 0 pak files mounted, 0 remain pending
[2019.05.05-21.04.19:203][  0]LogPakFile: Registered encryption key '00000000000000000000000000000000': 0 pak files mounted, 0 remain pending
[2019.05.05-21.04.19:203][  0]LogPakFile: Registered encryption key '00000000000000000000000000000000': 0 pak files mounted, 0 remain pending
[2019.05.05-21.04.19:204][  0]LogPakFile: Registered encryption key '00000000000000000000000000000000': 0 pak files mounted, 0 remain pending
[2019.05.05-21.04.19:205][  0]LogPakFile: Registered encryption key '00000000000000000000000000000000': 0 pak files mounted, 0 remain pending
[2019.05.05-21.04.19:206][  0]LogPakFile: Registered encryption key '00000000000000000000000000000000': 0 pak files mounted, 0 remain pending
[2019.05.05-21.04.19:206][  0]LogPakFile: Registered encryption key '00000000000000000000000000000000': 0 pak files mounted, 0 remain pending
[2019.05.05-21.04.19:207][  0]LogPakFile: Registered encryption key '00000000000000000000000000000000': 0 pak files mounted, 0 remain pending
[2019.05.05-21.04.19:208][  0]LogPakFile: Registered encryption key '00000000000000000000000000000000': 0 pak files mounted, 0 remain pending
[2019.05.05-21.04.19:209][  0]LogPakFile: Registered encryption key '00000000000000000000000000000000': 0 pak files mounted, 0 remain pending
[2019.05.05-21.04.19:249][  0]LogContentBrowser: Native class hierarchy updated for 'AddContentDialog' in 0.0003 seconds. Added 0 classes and 0 folders.
[2019.05.05-21.04.19:257][  0]LogContentBrowser: Native class hierarchy updated for 'SceneOutliner' in 0.0006 seconds. Added 1 classes and 2 folders.
[2019.05.05-21.04.19:272][  0]LogContentBrowser: Native class hierarchy updated for 'WorldBrowser' in 0.0004 seconds. Added 2 classes and 3 folders.
[2019.05.05-21.04.19:290][  0]LogSlate: Took 0.000529 seconds to synchronously load lazily loaded font '../../../Engine/Content/Slate/Fonts/Roboto-Regular.ttf' (155K)
[2019.05.05-21.04.19:294][  0]LogSlate: Took 0.000646 seconds to synchronously load lazily loaded font '../../../Engine/Content/Slate/Fonts/Roboto-Bold.ttf' (160K)
[2019.05.05-21.04.19:300][  0]LogSlate: Took 0.000391 seconds to synchronously load lazily loaded font '../../../Engine/Content/Editor/Slate/Fonts/FontAwesome.ttf' (139K)
[2019.05.05-21.04.19:407][  0]LogRenderer: Reallocating scene render targets to support 1208x576 Format 10 NumSamples 1 (Frame:1).
[2019.05.05-21.04.19:587][  0]LogContentBrowser: Native class hierarchy updated for 'HierarchicalLODOutliner' in 0.0004 seconds. Added 0 classes and 0 folders.
[2019.05.05-21.04.19:587][  0]LogLoad: (Engine Initialization) Total time: 16.66 seconds
[2019.05.05-21.04.19:587][  0]LogLoad: (Engine Initialization) Total Blueprint compile time: 0.00 seconds
[2019.05.05-21.04.19:651][  0]LogContentStreaming: Texture pool size now 1000 MB
[2019.05.05-21.04.19:709][  0]LogSlate: Took 0.001117 seconds to synchronously load lazily loaded font '../../../Engine/Content/Slate/Fonts/Roboto-Light.ttf' (167K)
[2019.05.05-21.04.20:039][  3]LogAssetRegistry: Asset discovery search completed in 11.5926 seconds
[2019.05.05-21.04.20:042][  3]LogCollectionManager: Rebuilt the object cache for 0 collections in 0.000000 seconds (found 0 objects)
[2019.05.05-21.04.20:042][  3]LogCollectionManager: Fixed up redirectors for 0 collections in 0.000323 seconds (updated 0 objects)
[2019.05.05-21.04.33:586][ 44]LogSlate: FSceneViewport::OnFocusLost() reason 0
[2019.05.05-21.04.48:158][709]LogSlate: Took 0.000456 seconds to synchronously load lazily loaded font '../../../Engine/Content/Slate/Fonts/Roboto-Light.ttf' (167K)
[2019.05.05-21.05.03:907][403]LogSlate: Window 'Asset Report' being destroyed
[2019.05.05-21.06.39:903][404]LogUnrealEdMisc: Warning: Heartbeat event firing too frequently (0.000 sec). This should never happen. Something is wrong with the timer delegate!
[2019.05.05-21.07.19:832][186]LogUnrealEdMisc: Warning: Heartbeat event firing too frequently (39.929 sec). This should never happen. Something is wrong with the timer delegate!
[2019.05.05-21.14.08:998][579]LogSlate: Window 'Asset Report' being destroyed
[2019.05.05-21.14.28:126][579]AssetTools: New page: Content migration completed successfully!
[2019.05.05-21.14.28:127][579]AssetTools: /Game/Collider/BPA_Collider
[2019.05.05-21.14.32:199][  7]LogSlate: Window 'CPP_PointCloudsVR - Unreal Editor' being destroyed
[2019.05.05-21.14.32:200][  7]LogWindowsTextInputMethodSystem: Display: IME system now deactivated.
[2019.05.05-21.14.32:430][  8]Cmd: QUIT_EDITOR
[2019.05.05-21.14.32:481][  8]LogExit: Preparing to exit.
[2019.05.05-21.14.33:409][  8]LogExit: Editor shut down
[2019.05.05-21.14.33:409][  8]LogExit: Transaction tracking system shut down
[2019.05.05-21.14.33:590][  8]LogExit: Object subsystem successfully closed.
[2019.05.05-21.14.33:634][  8]LogShaderCompilers: Display: Shaders left to compile 0
[2019.05.05-21.14.33:640][  8]LogD3D11RHI: Shutdown
[2019.05.05-21.14.33:640][  8]LogD3D11RHI: CleanupD3DDevice
[2019.05.05-21.14.33:641][  8]LogD3D11RHI: ~FD3D11DynamicRHI
[2019.05.05-21.14.33:673][  8]LogModuleManager: Shutting down and abandoning module HierarchicalLODOutliner (654)
[2019.05.05-21.14.33:674][  8]LogModuleManager: Shutting down and abandoning module WorldBrowser (652)
[2019.05.05-21.14.33:674][  8]LogModuleManager: Shutting down and abandoning module SceneOutliner (650)
[2019.05.05-21.14.33:674][  8]LogModuleManager: Shutting down and abandoning module AddContentDialog (648)
[2019.05.05-21.14.33:675][  8]LogModuleManager: Shutting down and abandoning module WidgetCarousel (647)
[2019.05.05-21.14.33:675][  8]LogModuleManager: Shutting down and abandoning module EditorWidgets (644)
[2019.05.05-21.14.33:675][  8]LogModuleManager: Shutting down and abandoning module CollectionManager (642)
[2019.05.05-21.14.33:676][  8]LogModuleManager: Shutting down and abandoning module StatsViewer (640)
[2019.05.05-21.14.33:676][  8]LogModuleManager: Shutting down and abandoning module FoliageEdit (638)
[2019.05.05-21.14.33:676][  8]LogModuleManager: Shutting down and abandoning module LandscapeEditor (636)
[2019.05.05-21.14.33:676][  8]LogModuleManager: Shutting down and abandoning module MeshPaintMode (634)
[2019.05.05-21.14.33:676][  8]LogModuleManager: Shutting down and abandoning module SceneDepthPickerMode (632)
[2019.05.05-21.14.33:677][  8]LogModuleManager: Shutting down and abandoning module ActorPickerMode (630)
[2019.05.05-21.14.33:677][  8]LogModuleManager: Shutting down and abandoning module GeometryMode (628)
[2019.05.05-21.14.33:677][  8]LogModuleManager: Shutting down and abandoning module TextureAlignMode (626)
[2019.05.05-21.14.33:677][  8]LogModuleManager: Shutting down and abandoning module BspMode (624)
[2019.05.05-21.14.33:677][  8]LogModuleManager: Shutting down and abandoning module PIEPreviewDeviceProfileSelector (622)
[2019.05.05-21.14.33:677][  8]LogModuleManager: Shutting down and abandoning module SequenceRecorderSections (620)
[2019.05.05-21.14.33:678][  8]LogModuleManager: Shutting down and abandoning module AutomationWorker (618)
[2019.05.05-21.14.33:678][  8]LogModuleManager: Shutting down and abandoning module DatasmithFBXImporter (616)
[2019.05.05-21.14.33:678][  8]LogModuleManager: Shutting down and abandoning module DatasmithDeltaGenImporter (614)
[2019.05.05-21.14.33:678][  8]LogModuleManager: Shutting down and abandoning module DatasmithVREDImporter (612)
[2019.05.05-21.14.33:678][  8]LogModuleManager: Shutting down and abandoning module AudioCaptureEditor (610)
[2019.05.05-21.14.33:678][  8]LogModuleManager: Shutting down and abandoning module MatineeToLevelSequence (608)
[2019.05.05-21.14.33:679][  8]LogModuleManager: Shutting down and abandoning module LevelSequenceEditor (606)
[2019.05.05-21.14.33:679][  8]LogModuleManager: Shutting down and abandoning module PlacementMode (605)
[2019.05.05-21.14.33:679][  8]LogModuleManager: Shutting down and abandoning module MaterialEditor (604)
[2019.05.05-21.14.33:679][  8]LogModuleManager: Shutting down and abandoning module WmfMediaFactory (600)
[2019.05.05-21.14.33:679][  8]LogModuleManager: Shutting down and abandoning module WmfMediaEditor (598)
[2019.05.05-21.14.33:679][  8]LogModuleManager: Shutting down and abandoning module WebMMediaFactory (596)
[2019.05.05-21.14.33:679][  8]LogModuleManager: Shutting down and abandoning module WebMMediaEditor (594)
[2019.05.05-21.14.33:680][  8]LogModuleManager: Shutting down and abandoning module WebMMedia (592)
[2019.05.05-21.14.33:680][  8]LogModuleManager: Shutting down and abandoning module MediaPlayerEditor (590)
[2019.05.05-21.14.33:680][  8]LogModuleManager: Shutting down and abandoning module MediaCompositingEditor (588)
[2019.05.05-21.14.33:680][  8]LogModuleManager: Shutting down and abandoning module SequenceRecorder (587)
[2019.05.05-21.14.33:680][  8]LogModuleManager: Shutting down and abandoning module OpenExrWrapper (584)
[2019.05.05-21.14.33:680][  8]LogModuleManager: Shutting down and abandoning module ImgMediaFactory (582)
[2019.05.05-21.14.33:680][  8]LogModuleManager: Shutting down and abandoning module ImgMediaEditor (580)
[2019.05.05-21.14.33:680][  8]LogModuleManager: Shutting down and abandoning module AvfMediaFactory (578)
[2019.05.05-21.14.33:680][  8]LogModuleManager: Shutting down and abandoning module AvfMediaEditor (576)
[2019.05.05-21.14.33:681][  8]LogModuleManager: Shutting down and abandoning module AndroidMediaFactory (574)
[2019.05.05-21.14.33:681][  8]LogModuleManager: Shutting down and abandoning module AndroidMediaEditor (572)
[2019.05.05-21.14.33:681][  8]LogModuleManager: Shutting down and abandoning module MagicLeapCameraPreviewFactory (570)
[2019.05.05-21.14.33:681][  8]LogModuleManager: Shutting down and abandoning module MagicLeapMediaFactory (568)
[2019.05.05-21.14.33:681][  8]LogModuleManager: Shutting down and abandoning module MagicLeapMediaEditor (566)
[2019.05.05-21.14.33:681][  8]LogModuleManager: Shutting down and abandoning module CharacterAI (564)
[2019.05.05-21.14.33:681][  8]LogModuleManager: Shutting down and abandoning module SmartSnapping (562)
[2019.05.05-21.14.33:681][  8]LogModuleManager: Shutting down and abandoning module SessionServices (560)
[2019.05.05-21.14.33:681][  8]LogModuleManager: Shutting down and abandoning module ViewportSnapping (558)
[2019.05.05-21.14.33:682][  8]LogModuleManager: Shutting down and abandoning module ViewportInteraction (556)
[2019.05.05-21.14.33:682][  8]LogModuleManager: Shutting down and abandoning module ClothPainter (554)
[2019.05.05-21.14.33:682][  8]LogModuleManager: Shutting down and abandoning module SkeletalMeshEditor (553)
[2019.05.05-21.14.33:682][  8]LogModuleManager: Shutting down and abandoning module LogVisualizer (550)
[2019.05.05-21.14.33:682][  8]LogModuleManager: Shutting down and abandoning module IntroTutorials (548)
[2019.05.05-21.14.33:683][  8]LogModuleManager: Shutting down and abandoning module GameProjectGeneration (547)
[2019.05.05-21.14.33:683][  8]LogModuleManager: Shutting down and abandoning module LuminPlatformEditor (544)
[2019.05.05-21.14.33:683][  8]LogModuleManager: Shutting down and abandoning module IOSPlatformEditor (542)
[2019.05.05-21.14.33:683][  8]LogModuleManager: Shutting down and abandoning module HTML5PlatformEditor (540)
[2019.05.05-21.14.33:683][  8]LogModuleManager: Shutting down and abandoning module AndroidPlatformEditor (538)
[2019.05.05-21.14.33:684][  8]LogModuleManager: Shutting down and abandoning module AndroidDeviceDetection (537)
[2019.05.05-21.14.33:968][  8]LogModuleManager: Shutting down and abandoning module WindowsPlatformEditor (534)
[2019.05.05-21.14.33:969][  8]LogModuleManager: Shutting down and abandoning module LuminRuntimeSettings (532)
[2019.05.05-21.14.33:971][  8]LogModuleManager: Shutting down and abandoning module IOSRuntimeSettings (530)
[2019.05.05-21.14.33:971][  8]LogModuleManager: Shutting down and abandoning module AndroidRuntimeSettings (528)
[2019.05.05-21.14.33:972][  8]LogModuleManager: Shutting down and abandoning module TimeManagementEditor (526)
[2019.05.05-21.14.33:973][  8]LogModuleManager: Shutting down and abandoning module InputBindingEditor (524)
[2019.05.05-21.14.33:973][  8]LogModuleManager: Shutting down and abandoning module MergeActors (522)
[2019.05.05-21.14.33:974][  8]LogModuleManager: Shutting down and abandoning module LocalizationDashboard (520)
[2019.05.05-21.14.33:974][  8]LogModuleManager: Shutting down and abandoning module LocalizationService (519)
[2019.05.05-21.14.33:974][  8]LogModuleManager: Shutting down and abandoning module HardwareTargeting (516)
[2019.05.05-21.14.33:975][  8]LogModuleManager: Shutting down and abandoning module DeviceProfileEditor (514)
[2019.05.05-21.14.33:975][  8]LogModuleManager: Shutting down and abandoning module UndoHistory (512)
[2019.05.05-21.14.33:975][  8]LogModuleManager: Shutting down and abandoning module XmlParser (510)
[2019.05.05-21.14.33:976][  8]LogModuleManager: Shutting down and abandoning module Blutility (508)
[2019.05.05-21.14.33:976][  8]LogModuleManager: Shutting down and abandoning module ProjectSettingsViewer (506)
[2019.05.05-21.14.33:976][  8]LogModuleManager: Shutting down and abandoning module ProjectTargetPlatformEditor (505)
[2019.05.05-21.14.33:977][  8]LogModuleManager: Shutting down and abandoning module EditorSettingsViewer (502)
[2019.05.05-21.14.33:977][  8]LogModuleManager: Shutting down and abandoning module SettingsEditor (500)
[2019.05.05-21.14.33:978][  8]LogModuleManager: Shutting down and abandoning module ProjectLauncher (498)
[2019.05.05-21.14.33:978][  8]LogModuleManager: Shutting down and abandoning module SessionFrontend (496)
[2019.05.05-21.14.33:979][  8]LogModuleManager: Shutting down and abandoning module ProfilerClient (494)
[2019.05.05-21.14.33:979][  8]LogModuleManager: Shutting down and abandoning module DeviceManager (492)
[2019.05.05-21.14.33:979][  8]LogModuleManager: Shutting down and abandoning module TargetDeviceServices (491)
[2019.05.05-21.14.34:023][  8]LogModuleManager: Shutting down and abandoning module AutomationController (488)
[2019.05.05-21.14.34:023][  8]LogModuleManager: Shutting down and abandoning module AutomationWindow (486)
[2019.05.05-21.14.34:023][  8]LogModuleManager: Shutting down and abandoning module Layers (484)
[2019.05.05-21.14.34:023][  8]LogModuleManager: Shutting down and abandoning module ComponentVisualizers (482)
[2019.05.05-21.14.34:023][  8]LogModuleManager: Shutting down and abandoning module DetailCustomizations (480)
[2019.05.05-21.14.34:024][  8]LogModuleManager: Shutting down and abandoning module PackagesDialog (478)
[2019.05.05-21.14.34:024][  8]LogModuleManager: Shutting down and abandoning module Persona (476)
[2019.05.05-21.14.34:024][  8]LogModuleManager: Shutting down and abandoning module AnimGraph (475)
[2019.05.05-21.14.34:025][  8]LogModuleManager: Shutting down and abandoning module Kismet (472)
[2019.05.05-21.14.34:025][  8]LogModuleManager: Shutting down and abandoning module GraphEditor (470)
[2019.05.05-21.14.34:025][  8]LogModuleManager: Shutting down and abandoning module ClassViewer (468)
[2019.05.05-21.14.34:026][  8]LogModuleManager: Shutting down and abandoning module Toolbox (466)
[2019.05.05-21.14.34:026][  8]LogModuleManager: Shutting down and abandoning module DesktopPlatform (465)
[2019.05.05-21.14.34:026][  8]LogModuleManager: Shutting down and abandoning module ModuleUI (462)
[2019.05.05-21.14.34:026][  8]LogModuleManager: Shutting down and abandoning module MovieSceneTools (460)
[2019.05.05-21.14.34:026][  8]LogModuleManager: Shutting down and abandoning module OutputLog (458)
[2019.05.05-21.14.34:026][  8]LogModuleManager: Shutting down and abandoning module GammaUI (456)
[2019.05.05-21.14.34:026][  8]LogModuleManager: Shutting down and abandoning module Documentation (454)
[2019.05.05-21.14.34:026][  8]LogModuleManager: Shutting down and abandoning module MovieSceneTracks (452)
[2019.05.05-21.14.34:026][  8]LogModuleManager: Shutting down and abandoning module MovieScene (450)
[2019.05.05-21.14.34:027][  8]LogModuleManager: Shutting down and abandoning module StreamingPauseRendering (448)
[2019.05.05-21.14.34:027][  8]LogModuleManager: Shutting down and abandoning module LauncherPlatform (446)
[2019.05.05-21.14.34:027][  8]LogModuleManager: Shutting down and abandoning module AnalyticsET (444)
[2019.05.05-21.14.34:027][  8]LogModuleManager: Shutting down and abandoning module PortalServices (442)
[2019.05.05-21.14.34:027][  8]LogModuleManager: Shutting down and abandoning module PortalRpc (440)
[2019.05.05-21.14.34:027][  8]LogModuleManager: Shutting down and abandoning module MessagingRpc (438)
[2019.05.05-21.14.34:027][  8]LogModuleManager: Shutting down and abandoning module AudioMixerXAudio2 (436)
[2019.05.05-21.14.34:028][  8]LogModuleManager: Shutting down and abandoning module AIModule (434)
[2019.05.05-21.14.34:028][  8]LogModuleManager: Shutting down and abandoning module GameplayDebugger (433)
[2019.05.05-21.14.34:028][  8]LogModuleManager: Shutting down and abandoning module AITestSuite (431)
[2019.05.05-21.14.34:028][  8]LogModuleManager: Shutting down and abandoning module NavigationSystem (429)
[2019.05.05-21.14.34:028][  8]LogModuleManager: Shutting down and abandoning module ImageWriteQueue (426)
[2019.05.05-21.14.34:041][  8]LogModuleManager: Shutting down and abandoning module ProfilerService (424)
[2019.05.05-21.14.34:237][  8]LogModuleManager: Shutting down and abandoning module TaskGraph (422)
[2019.05.05-21.14.34:237][  8]LogModuleManager: Shutting down and abandoning module DatasmithCADImporter (420)
[2019.05.05-21.14.34:238][  8]LogModuleManager: Shutting down and abandoning module VariantManager (418)
[2019.05.05-21.14.34:238][  8]LogModuleManager: Shutting down and abandoning module StaticMeshEditorExtension (416)
[2019.05.05-21.14.34:239][  8]LogModuleManager: Shutting down and abandoning module StaticMeshEditor (415)
[2019.05.05-21.14.34:239][  8]LogModuleManager: Shutting down and abandoning module AdvancedPreviewScene (414)
[2019.05.05-21.14.34:239][  8]LogModuleManager: Shutting down and abandoning module MeshProcessingLibrary (411)
[2019.05.05-21.14.34:239][  8]LogModuleManager: Shutting down and abandoning module MDLImporter (408)
[2019.05.05-21.14.34:239][  8]LogModuleManager: Shutting down and abandoning module DatasmithImporter (406)
[2019.05.05-21.14.34:240][  8]LogModuleManager: Shutting down and abandoning module PointCloudEditor (404)
[2019.05.05-21.14.34:240][  8]LogModuleManager: Shutting down and abandoning module SteamVRController (402)
[2019.05.05-21.14.34:240][  8]LogModuleManager: Shutting down and abandoning module ProceduralMeshComponentEditor (400)
[2019.05.05-21.14.34:240][  8]LogModuleManager: Shutting down and abandoning module ProceduralMeshComponent (398)
[2019.05.05-21.14.34:241][  8]LogModuleManager: Shutting down and abandoning module OculusInput (396)
[2019.05.05-21.14.34:241][  8]LogModuleManager: Shutting down and abandoning module MobilePatchingUtils (394)
[2019.05.05-21.14.34:241][  8]LogModuleManager: Shutting down and abandoning module EditableMesh (392)
[2019.05.05-21.14.34:241][  8]LogModuleManager: Shutting down and abandoning module CustomMeshComponent (390)
[2019.05.05-21.14.34:241][  8]LogModuleManager: Shutting down and abandoning module CableComponent (388)
[2019.05.05-21.14.34:241][  8]LogModuleManager: Shutting down and abandoning module AudioCapture (386)
[2019.05.05-21.14.34:242][  8]LogModuleManager: Shutting down and abandoning module ArchVisCharacter (384)
[2019.05.05-21.14.34:242][  8]LogModuleManager: Shutting down and abandoning module AndroidPermission (382)
[2019.05.05-21.14.34:242][  8]LogModuleManager: Shutting down and abandoning module NUTUnrealEngine4 (380)
[2019.05.05-21.14.34:242][  8]LogModuleManager: Shutting down and abandoning module NetcodeUnitTest (378)
[2019.05.05-21.14.34:242][  8]LogModuleManager: Shutting down and abandoning module MediaCompositing (376)
[2019.05.05-21.14.34:242][  8]LogModuleManager: Shutting down and abandoning module LinearTimecode (374)
[2019.05.05-21.14.34:243][  8]LogModuleManager: Shutting down and abandoning module ImgMedia (372)
[2019.05.05-21.14.34:261][  8]LogModuleManager: Shutting down and abandoning module HTML5Networking (370)
[2019.05.05-21.14.34:261][  8]LogModuleManager: Shutting down and abandoning module GeometryCacheTracks (368)
[2019.05.05-21.14.34:261][  8]LogModuleManager: Shutting down and abandoning module GeometryCacheSequencer (366)
[2019.05.05-21.14.34:261][  8]LogModuleManager: Shutting down and abandoning module BackChannel (364)
[2019.05.05-21.14.34:261][  8]LogModuleManager: Shutting down and abandoning module AppleVision (362)
[2019.05.05-21.14.34:262][  8]LogModuleManager: Shutting down and abandoning module AppleImageUtilsBlueprintSupport (360)
[2019.05.05-21.14.34:262][  8]LogModuleManager: Shutting down and abandoning module AppleImageUtils (358)
[2019.05.05-21.14.34:262][  8]LogModuleManager: Shutting down and abandoning module AlembicImporter (356)
[2019.05.05-21.14.34:262][  8]LogModuleManager: Shutting down and abandoning module AlembicLibrary (355)
[2019.05.05-21.14.34:262][  8]LogModuleManager: Shutting down and abandoning module GeometryCache (354)
[2019.05.05-21.14.34:262][  8]LogModuleManager: Shutting down and abandoning module GeometryCacheEd (353)
[2019.05.05-21.14.34:263][  8]LogModuleManager: Shutting down and abandoning module VariantManagerContent (348)
[2019.05.05-21.14.34:263][  8]LogModuleManager: Shutting down and abandoning module DatasmithContentEditor (346)
[2019.05.05-21.14.34:263][  8]LogModuleManager: Shutting down and abandoning module SpeedTreeImporter (344)
[2019.05.05-21.14.34:263][  8]LogModuleManager: Shutting down and abandoning module PluginBrowser (342)
[2019.05.05-21.14.34:263][  8]LogModuleManager: Shutting down and abandoning module MobileLauncherProfileWizard (340)
[2019.05.05-21.14.34:263][  8]LogModuleManager: Shutting down and abandoning module PolygonModeling (338)
[2019.05.05-21.14.34:264][  8]LogModuleManager: Shutting down and abandoning module MeshEditor (336)
[2019.05.05-21.14.34:264][  8]LogModuleManager: Shutting down and abandoning module EditorScriptingUtilities (334)
[2019.05.05-21.14.34:264][  8]LogModuleManager: Shutting down and abandoning module CryptoKeysOpenSSL (332)
[2019.05.05-21.14.34:264][  8]LogModuleManager: Shutting down and abandoning module CryptoKeys (330)
[2019.05.05-21.14.34:264][  8]LogModuleManager: Shutting down and abandoning module VisualStudioSourceCodeAccess (328)
[2019.05.05-21.14.34:264][  8]LogModuleManager: Shutting down and abandoning module VisualStudioCodeSourceCodeAccess (326)
[2019.05.05-21.14.34:265][  8]LogModuleManager: Shutting down and abandoning module UObjectPlugin (324)
[2019.05.05-21.14.34:265][  8]LogModuleManager: Shutting down and abandoning module SubversionSourceControl (322)
[2019.05.05-21.14.34:265][  8]LogModuleManager: Shutting down and abandoning module PerforceSourceControl (320)
[2019.05.05-21.14.34:265][  8]LogModuleManager: Shutting down and abandoning module GitSourceControl (318)
[2019.05.05-21.14.34:265][  8]LogModuleManager: Shutting down and abandoning module SourceControl (317)
[2019.05.05-21.14.34:266][  8]LogModuleManager: Shutting down and abandoning module CLionSourceCodeAccess (314)
[2019.05.05-21.14.34:267][  8]LogModuleManager: Shutting down and abandoning module ActorLayerUtilitiesEditor (312)
[2019.05.05-21.14.34:267][  8]LogModuleManager: Shutting down and abandoning module ActorLayerUtilities (310)
[2019.05.05-21.14.34:267][  8]LogModuleManager: Shutting down and abandoning module LightPropagationVolumeEditor (308)
[2019.05.05-21.14.34:267][  8]LogModuleManager: Shutting down and abandoning module PaperTiledImporter (306)
[2019.05.05-21.14.34:267][  8]LogModuleManager: Shutting down and abandoning module PaperSpriteSheetImporter (304)
[2019.05.05-21.14.34:267][  8]LogModuleManager: Shutting down and abandoning module Paper2DEditor (302)
[2019.05.05-21.14.34:267][  8]LogModuleManager: Shutting down and abandoning module MeshPaint (301)
[2019.05.05-21.14.34:268][  8]LogModuleManager: Shutting down and abandoning module CPP_PointCloudsVR (298)
[2019.05.05-21.14.34:268][  8]LogModuleManager: Shutting down and abandoning module RuntimePhysXCooking (296)
[2019.05.05-21.14.34:269][  8]LogModuleManager: Shutting down and abandoning module PhysXVehiclesEditor (294)
[2019.05.05-21.14.34:269][  8]LogModuleManager: Shutting down and abandoning module PhysXVehicles (292)
[2019.05.05-21.14.34:269][  8]LogModuleManager: Shutting down and abandoning module OculusEditor (290)
[2019.05.05-21.14.34:269][  8]LogModuleManager: Shutting down and abandoning module LocationServicesBPLibrary (288)
[2019.05.05-21.14.34:269][  8]LogModuleManager: Shutting down and abandoning module ActorSequence (286)
[2019.05.05-21.14.34:269][  8]LogModuleManager: Shutting down and abandoning module UdpMessaging (284)
[2019.05.05-21.14.34:370][  8]LogModuleManager: Shutting down and abandoning module TcpMessaging (282)
[2019.05.05-21.14.34:471][  8]LogModuleManager: Shutting down and abandoning module MagicLeapAudio (280)
[2019.05.05-21.14.34:471][  8]LogModuleManager: Shutting down and abandoning module GameplayTagsEditor (278)
[2019.05.05-21.14.34:471][  8]LogModuleManager: Shutting down and abandoning module FacialAnimationEditor (276)
[2019.05.05-21.14.34:471][  8]LogModuleManager: Shutting down and abandoning module FacialAnimation (274)
[2019.05.05-21.14.34:471][  8]LogModuleManager: Shutting down and abandoning module DataValidation (272)
[2019.05.05-21.14.34:471][  8]LogModuleManager: Shutting down and abandoning module AssetManagerEditor (270)
[2019.05.05-21.14.34:472][  8]LogModuleManager: Shutting down and abandoning module LevelEditor (269)
[2019.05.05-21.14.34:473][  8]LogModuleManager: Shutting down and abandoning module PixelInspectorModule (268)
[2019.05.05-21.14.34:473][  8]LogModuleManager: Shutting down and abandoning module CommonMenuExtensions (266)
[2019.05.05-21.14.34:473][  8]LogModuleManager: Shutting down and abandoning module MainFrame (264)
[2019.05.05-21.14.34:474][  8]LogModuleManager: Shutting down and abandoning module HotReload (263)
[2019.05.05-21.14.34:474][  8]LogModuleManager: Shutting down and abandoning module ContentBrowser (259)
[2019.05.05-21.14.34:475][  8]LogModuleManager: Shutting down and abandoning module TreeMap (257)
[2019.05.05-21.14.34:475][  8]LogModuleManager: Shutting down and abandoning module LightPropagationVolumeRuntime (254)
[2019.05.05-21.14.34:476][  8]LogModuleManager: Shutting down and abandoning module AISupportModule (252)
[2019.05.05-21.14.34:476][  8]LogModuleManager: Shutting down and abandoning module Paper2D (250)
[2019.05.05-21.14.34:476][  8]LogModuleManager: Shutting down and abandoning module WindowsMoviePlayer (248)
[2019.05.05-21.14.34:476][  8]LogModuleManager: Shutting down and abandoning module WebMMoviePlayer (246)
[2019.05.05-21.14.34:476][  8]LogModuleManager: Shutting down and abandoning module WmfMedia (244)
[2019.05.05-21.14.34:493][  8]LogModuleManager: Shutting down and abandoning module Media (243)
[2019.05.05-21.14.34:501][  8]LogModuleManager: Shutting down and abandoning module PacketHandler (240)
[2019.05.05-21.14.34:501][  8]LogModuleManager: Shutting down and abandoning module ClothingSystemEditor (238)
[2019.05.05-21.14.34:501][  8]LogModuleManager: Shutting down and abandoning module ClothingSystemRuntime (236)
[2019.05.05-21.14.34:501][  8]LogModuleManager: Shutting down and abandoning module MediaAssets (234)
[2019.05.05-21.14.34:501][  8]LogModuleManager: Shutting down and abandoning module Overlay (232)
[2019.05.05-21.14.34:501][  8]LogModuleManager: Shutting down and abandoning module OverlayEditor (231)
[2019.05.05-21.14.34:502][  8]LogModuleManager: Shutting down and abandoning module VREditor (228)
[2019.05.05-21.14.34:502][  8]LogModuleManager: Shutting down and abandoning module StringTableEditor (226)
[2019.05.05-21.14.34:502][  8]LogModuleManager: Shutting down and abandoning module GameplayTasksEditor (224)
[2019.05.05-21.14.34:503][  8]LogModuleManager: Shutting down and abandoning module BehaviorTreeEditor (222)
[2019.05.05-21.14.34:503][  8]LogModuleManager: Shutting down and abandoning module FunctionalTesting (220)
[2019.05.05-21.14.34:503][  8]LogModuleManager: Shutting down and abandoning module CollisionAnalyzer (218)
[2019.05.05-21.14.34:503][  8]LogModuleManager: Shutting down and abandoning module WorkspaceMenuStructure (217)
[2019.05.05-21.14.34:503][  8]LogModuleManager: Shutting down and abandoning module UMG (214)
[2019.05.05-21.14.34:503][  8]LogModuleManager: Shutting down and abandoning module UMGEditor (213)
[2019.05.05-21.14.34:504][  8]LogModuleManager: Shutting down and abandoning module Sequencer (212)
[2019.05.05-21.14.34:504][  8]LogModuleManager: Shutting down and abandoning module MessageLog (209)
[2019.05.05-21.14.34:504][  8]LogModuleManager: Shutting down and abandoning module SlateReflector (204)
[2019.05.05-21.14.34:504][  8]LogModuleManager: Shutting down and abandoning module Slate (202)
[2019.05.05-21.14.34:504][  8]LogModuleManager: Shutting down and abandoning module EditorStyle (200)
[2019.05.05-21.14.34:506][  8]LogModuleManager: Shutting down and abandoning module MRMesh (198)
[2019.05.05-21.14.34:507][  8]LogModuleManager: Shutting down and abandoning module SourceCodeAccess (196)
[2019.05.05-21.14.34:507][  8]LogModuleManager: Shutting down and abandoning module HeadMountedDisplay (194)
[2019.05.05-21.14.34:507][  8]LogModuleManager: Shutting down and abandoning module XAudio2 (192)
[2019.05.05-21.14.34:507][  8]LogModuleManager: Shutting down and abandoning module Networking (190)
[2019.05.05-21.14.34:507][  8]LogModuleManager: Shutting down and abandoning module Core (188)
[2019.05.05-21.14.34:507][  8]LogModuleManager: Shutting down and abandoning module LevelSequence (186)
[2019.05.05-21.14.34:507][  8]LogModuleManager: Shutting down and abandoning module KismetCompiler (184)
[2019.05.05-21.14.34:507][  8]LogModuleManager: Shutting down and abandoning module MeshUtilities (182)
[2019.05.05-21.14.34:508][  8]LogModuleManager: Shutting down and abandoning module MeshMergeUtilities (181)
[2019.05.05-21.14.34:508][  8]LogModuleManager: Shutting down and abandoning module MeshReductionInterface (180)
[2019.05.05-21.14.34:508][  8]LogModuleManager: Shutting down and abandoning module SimplygonSwarm (179)
[2019.05.05-21.14.34:508][  8]LogModuleManager: Shutting down and abandoning module ProxyLODMeshReduction (177)
[2019.05.05-21.14.34:508][  8]LogModuleManager: Shutting down and abandoning module SimplygonMeshReduction (175)
[2019.05.05-21.14.34:508][  8]LogModuleManager: Shutting down and abandoning module QuadricMeshReduction (173)
[2019.05.05-21.14.34:508][  8]LogModuleManager: Shutting down and abandoning module MaterialBaking (169)
[2019.05.05-21.14.34:508][  8]LogModuleManager: Shutting down and abandoning module DirectoryWatcher (165)
[2019.05.05-21.14.34:508][  8]LogModuleManager: Shutting down and abandoning module DerivedDataCache (162)
[2019.05.05-21.14.34:601][  8]LogDerivedDataCache: Shutdown
[2019.05.05-21.14.34:601][  8]LogModuleManager: Shutting down and abandoning module XGEController (160)
[2019.05.05-21.14.34:601][  8]LogXGEController: Cleaning working directory: C:/Users/Luk/AppData/Local/Temp/UnrealXGEWorkingDir/
[2019.05.05-21.14.34:602][  8]LogModuleManager: Shutting down and abandoning module TargetPlatform (158)
[2019.05.05-21.14.34:602][  8]LogModuleManager: Shutting down and abandoning module VulkanShaderFormat (157)
[2019.05.05-21.14.34:602][  8]LogModuleManager: Shutting down and abandoning module ShaderFormatVectorVM (155)
[2019.05.05-21.14.34:602][  8]LogModuleManager: Shutting down and abandoning module ShaderFormatOpenGL (153)
[2019.05.05-21.14.34:602][  8]LogModuleManager: Shutting down and abandoning module ShaderFormatD3D (151)
[2019.05.05-21.14.34:602][  8]LogModuleManager: Shutting down and abandoning module MetalShaderFormat (149)
[2019.05.05-21.14.34:602][  8]LogModuleManager: Shutting down and abandoning module TextureFormatUncompressed (147)
[2019.05.05-21.14.34:602][  8]LogModuleManager: Shutting down and abandoning module TextureFormatPVR (145)
[2019.05.05-21.14.34:603][  8]LogModuleManager: Shutting down and abandoning module TextureFormatDXT (143)
[2019.05.05-21.14.34:603][  8]LogModuleManager: Shutting down and abandoning module TextureFormatIntelISPCTexComp (141)
[2019.05.05-21.14.34:605][  8]LogModuleManager: Shutting down and abandoning module TextureFormatASTC (139)
[2019.05.05-21.14.34:605][  8]LogModuleManager: Shutting down and abandoning module ImageWrapper (138)
[2019.05.05-21.14.34:605][  8]LogModuleManager: Shutting down and abandoning module TextureFormatAndroid (135)
[2019.05.05-21.14.34:605][  8]LogModuleManager: Shutting down and abandoning module AudioFormatOpus (133)
[2019.05.05-21.14.34:605][  8]LogModuleManager: Shutting down and abandoning module AudioFormatOgg (131)
[2019.05.05-21.14.34:605][  8]LogModuleManager: Shutting down and abandoning module AudioFormatADPCM (129)
[2019.05.05-21.14.34:605][  8]LogModuleManager: Shutting down and abandoning module LuminTargetPlatform (127)
[2019.05.05-21.14.34:607][  8]LogModuleManager: Shutting down and abandoning module LinuxTargetPlatform (125)
[2019.05.05-21.14.34:607][  8]LogModuleManager: Shutting down and abandoning module LinuxServerTargetPlatform (123)
[2019.05.05-21.14.34:607][  8]LogModuleManager: Shutting down and abandoning module LinuxNoEditorTargetPlatform (121)
[2019.05.05-21.14.34:607][  8]LogModuleManager: Shutting down and abandoning module LinuxClientTargetPlatform (119)
[2019.05.05-21.14.34:607][  8]LogModuleManager: Shutting down and abandoning module TVOSTargetPlatform (117)
[2019.05.05-21.14.34:608][  8]LogModuleManager: Shutting down and abandoning module Messaging (115)
[2019.05.05-21.14.34:608][  8]LogModuleManager: Shutting down and abandoning module IOSTargetPlatform (113)
[2019.05.05-21.14.34:609][  8]LogModuleManager: Shutting down and abandoning module HTML5TargetPlatform (111)
[2019.05.05-21.14.34:609][  8]LogModuleManager: Shutting down and abandoning module AndroidTargetPlatform (109)
[2019.05.05-21.14.34:618][  8]LogModuleManager: Shutting down and abandoning module WindowsTargetPlatform (107)
[2019.05.05-21.14.34:618][  8]LogModuleManager: Shutting down and abandoning module WindowsServerTargetPlatform (105)
[2019.05.05-21.14.34:618][  8]LogModuleManager: Shutting down and abandoning module WindowsNoEditorTargetPlatform (103)
[2019.05.05-21.14.34:618][  8]LogModuleManager: Shutting down and abandoning module WindowsClientTargetPlatform (101)
[2019.05.05-21.14.34:618][  8]LogModuleManager: Shutting down and abandoning module MacTargetPlatform (99)
[2019.05.05-21.14.34:618][  8]LogModuleManager: Shutting down and abandoning module MacServerTargetPlatform (97)
[2019.05.05-21.14.34:618][  8]LogModuleManager: Shutting down and abandoning module MacNoEditorTargetPlatform (95)
[2019.05.05-21.14.34:619][  8]LogModuleManager: Shutting down and abandoning module MacClientTargetPlatform (93)
[2019.05.05-21.14.34:619][  8]LogModuleManager: Shutting down and abandoning module AllDesktopTargetPlatform (91)
[2019.05.05-21.14.34:619][  8]LogModuleManager: Shutting down and abandoning module InputCore (88)
[2019.05.05-21.14.34:619][  8]LogModuleManager: Shutting down and abandoning module Settings (86)
[2019.05.05-21.14.34:619][  8]LogModuleManager: Shutting down and abandoning module PhysXCooking (84)
[2019.05.05-21.14.34:619][  8]LogModuleManager: Shutting down and abandoning module PointCloudRuntime (82)
[2019.05.05-21.14.34:619][  8]LogModuleManager: Shutting down and abandoning module SteamVR (80)
[2019.05.05-21.14.34:619][  8]LogHMD: Freeing OpenVRDLLHandle.
[2019.05.05-21.14.34:619][  8]LogModuleManager: Shutting down and abandoning module OculusHMD (78)
[2019.05.05-21.14.34:619][  8]LogModuleManager: Shutting down and abandoning module ExampleDeviceProfileSelector (76)
[2019.05.05-21.14.34:620][  8]LogModuleManager: Shutting down and abandoning module LauncherChunkInstaller (74)
[2019.05.05-21.14.34:620][  8]LogModuleManager: Shutting down and abandoning module OnlineBlueprintSupport (72)
[2019.05.05-21.14.34:620][  8]LogModuleManager: Shutting down and abandoning module OnlineSubsystem (68)
[2019.05.05-21.14.34:622][  8]LogModuleManager: Shutting down and abandoning module XMPP (63)
[2019.05.05-21.14.34:622][  8]LogModuleManager: Shutting down and abandoning module WebSockets (62)
[2019.05.05-21.14.34:657][  8]LogModuleManager: Shutting down and abandoning module HTTP (59)
[2019.05.05-21.14.34:657][  8]LogHttp: Display: Http module shutting down, but needs to wait on 1 outstanding Http requests:
[2019.05.05-21.14.34:657][  8]LogHttp: Display: 	verb=[POST] url=[https://datarouter.ol.epicgames.com/datarouter/api/v1/public/data?SessionID=%7B4DF62162-4D1A-F318-62A6-82A91AA21759%7D&AppID=UEEditor.Rocket.Release&AppVersion=4.21.2-4753647%2B%2B%2BUE4%2BRelease-4.21&UserID=fc2de4614101c4fa1e8b7e900dab66f5%7Ca9a9b6993efb4ea7ba972914d03f420f%7Cc115616a-9ef8-490c-bca4-2f9ecfda0828&AppEnvironment=datacollector-binary&UploadType=eteventstream] status=Processing
[2019.05.05-21.14.34:693][  8]LogModuleManager: Shutting down and abandoning module SSL (58)
[2019.05.05-21.14.34:695][  8]LogModuleManager: Shutting down and abandoning module MagicLeapIdentity (54)
[2019.05.05-21.14.34:695][  8]LogModuleManager: Shutting down and abandoning module MagicLeapHelperVulkan (52)
[2019.05.05-21.14.34:695][  8]LogModuleManager: Shutting down and abandoning module MagicLeapHelperOpenGL (50)
[2019.05.05-21.14.34:695][  8]LogModuleManager: Shutting down and abandoning module MagicLeapSecureStorage (48)
[2019.05.05-21.14.34:695][  8]LogModuleManager: Shutting down and abandoning module MagicLeapHandTracking (46)
[2019.05.05-21.14.34:696][  8]LogModuleManager: Shutting down and abandoning module MagicLeapEyeTracker (44)
[2019.05.05-21.14.34:696][  8]LogModuleManager: Shutting down and abandoning module MagicLeapController (42)
[2019.05.05-21.14.34:696][  8]LogSlate: Slate User Destroyed.  User Index 0, Is Virtual User: 0
[2019.05.05-21.14.34:696][  8]LogModuleManager: Shutting down and abandoning module MagicLeap (40)
[2019.05.05-21.14.34:696][  8]LogModuleManager: Shutting down and abandoning module DatasmithContent (38)
[2019.05.05-21.14.34:697][  8]LogModuleManager: Shutting down and abandoning module AnimationModifiers (36)
[2019.05.05-21.14.34:697][  8]LogModuleManager: Shutting down and abandoning module PropertyEditor (35)
[2019.05.05-21.14.34:697][  8]LogModuleManager: Shutting down and abandoning module AudioEditor (32)
[2019.05.05-21.14.34:697][  8]LogModuleManager: Shutting down and abandoning module TextureCompressor (30)
[2019.05.05-21.14.34:699][  8]LogModuleManager: Shutting down and abandoning module ShaderCore (28)
[2019.05.05-21.14.34:699][  8]LogModuleManager: Shutting down and abandoning module Landscape (26)
[2019.05.05-21.14.34:699][  8]LogModuleManager: Shutting down and abandoning module SlateRHIRenderer (24)
[2019.05.05-21.14.34:699][  8]LogModuleManager: Shutting down and abandoning module OpenGLDrv (22)
[2019.05.05-21.14.34:700][  8]LogModuleManager: Shutting down and abandoning module D3D11RHI (20)
[2019.05.05-21.14.34:700][  8]LogModuleManager: Shutting down and abandoning module AnimGraphRuntime (18)
[2019.05.05-21.14.34:700][  8]LogModuleManager: Shutting down and abandoning module Renderer (16)
[2019.05.05-21.14.34:700][  8]LogModuleManager: Shutting down and abandoning module Engine (14)
[2019.05.05-21.14.34:700][  8]LogModuleManager: Shutting down and abandoning module CoreUObject (12)
[2019.05.05-21.14.34:700][  8]LogModuleManager: Shutting down and abandoning module NetworkFile (10)
[2019.05.05-21.14.34:700][  8]LogModuleManager: Shutting down and abandoning module CookedIterativeFile (8)
[2019.05.05-21.14.34:700][  8]LogModuleManager: Shutting down and abandoning module StreamingFile (6)
[2019.05.05-21.14.34:700][  8]LogModuleManager: Shutting down and abandoning module SandboxFile (4)
[2019.05.05-21.14.34:701][  8]LogModuleManager: Shutting down and abandoning module PakFile (2)
[2019.05.05-21.14.34:729][  8]LogExit: Exiting.
[2019.05.05-21.14.34:754][  8]Log file closed, 05/05/19 23:14:34
