  Using 'git status' to determine working set for adaptive non-unity build (E:\Luk\Dokumente\GitHub\PointCloudsVR).
  Creating makefile for CPP_PointCloudsVR_22Editor (ini files are newer than makefile)
  Parsing headers for CPP_PointCloudsVR_22Editor
    Running UnrealHeaderTool "E:\Luk\Dokumente\GitHub\PointCloudsVR\CPP_PointCloudsVR_22\CPP_PointCloudsVR_22.uproject" "E:\Luk\Dokumente\GitHub\PointCloudsVR\CPP_PointCloudsVR_22\Intermediate\Build\Win64\CPP_PointCloudsVR_22Editor\Development\CPP_PointCloudsVR_22Editor.uhtmanifest" -LogCmds="loginit warning, logexit warning, logdatabase error" -Unattended -WarningsAsErrors -installed
  Reflection code generated for CPP_PointCloudsVR_22Editor in 7,4187708 seconds
  [Adaptive unity build] Excluded from PointCloudRuntime unity file: PointCloud.cpp, PointCloudOctree.cpp
  [Adaptive unity build] Excluded from PointCloudRuntime.gen unity file: PointCloud.gen.cpp, PointCloudRuntime.init.gen.cpp
  Deleted hot-reload file: E:\Luk\Dokumente\GitHub\PointCloudsVR\CPP_PointCloudsVR_22\Plugins\PointCloudPlugin\Binaries\Win64\UE4Editor-PointCloudEditor-0002.dll
  Deleted hot-reload file: E:\Luk\Dokumente\GitHub\PointCloudsVR\CPP_PointCloudsVR_22\Plugins\PointCloudPlugin\Binaries\Win64\UE4Editor-PointCloudRuntime-0002.dll
  Deleted hot-reload file: E:\Luk\Dokumente\GitHub\PointCloudsVR\CPP_PointCloudsVR_22\Plugins\PointCloudPlugin\Intermediate\Build\Win64\UE4Editor\Development\PointCloudEditor\UE4Editor-PointCloudEditor-0002.lib
  Deleted hot-reload file: E:\Luk\Dokumente\GitHub\PointCloudsVR\CPP_PointCloudsVR_22\Plugins\PointCloudPlugin\Intermediate\Build\Win64\UE4Editor\Development\PointCloudRuntime\UE4Editor-PointCloudRuntime-0002.lib
  Using Visual Studio 2017 14.16.27023 toolchain (C:\Program Files (x86)\Microsoft Visual Studio\2017\Community\VC\Tools\MSVC\14.16.27023) and Windows 10.0.17763.0 SDK (C:\Program Files (x86)\Windows Kits\10).
  Building 9 actions with 8 processes...
    [1/9] UE4Editor-CPP_PointCloudsVR_22.lib
       Bibliothek "E:\Luk\Dokumente\GitHub\PointCloudsVR\CPP_PointCloudsVR_22\Intermediate\Build\Win64\UE4Editor\Development\CPP_PointCloudsVR_22\UE4Editor-CPP_PointCloudsVR_22.lib" und Objekt "E:\Luk\Dokumente\GitHub\PointCloudsVR\CPP_PointCloudsVR_22\Intermediate\Build\Win64\UE4Editor\Development\CPP_PointCloudsVR_22\UE4Editor-CPP_PointCloudsVR_22.exp" werden erstellt.
    [2/9] UE4Editor-PointCloudEditor.lib
       Bibliothek "E:\Luk\Dokumente\GitHub\PointCloudsVR\CPP_PointCloudsVR_22\Plugins\PointCloudPlugin\Intermediate\Build\Win64\UE4Editor\Development\PointCloudEditor\UE4Editor-PointCloudEditor.lib" und Objekt "E:\Luk\Dokumente\GitHub\PointCloudsVR\CPP_PointCloudsVR_22\Plugins\PointCloudPlugin\Intermediate\Build\Win64\UE4Editor\Development\PointCloudEditor\UE4Editor-PointCloudEditor.exp" werden erstellt.
    [3/9] PointCloudRuntime.init.gen.cpp
    [4/9] PointCloud.gen.cpp
    [5/9] Module.PointCloudRuntime.gen.cpp
    [6/9] UE4Editor-PointCloudRuntime.lib
       Bibliothek "E:\Luk\Dokumente\GitHub\PointCloudsVR\CPP_PointCloudsVR_22\Plugins\PointCloudPlugin\Intermediate\Build\Win64\UE4Editor\Development\PointCloudRuntime\UE4Editor-PointCloudRuntime.lib" und Objekt "E:\Luk\Dokumente\GitHub\PointCloudsVR\CPP_PointCloudsVR_22\Plugins\PointCloudPlugin\Intermediate\Build\Win64\UE4Editor\Development\PointCloudRuntime\UE4Editor-PointCloudRuntime.exp" werden erstellt.
    [7/9] UE4Editor-PointCloudRuntime.dll
       Bibliothek "E:\Luk\Dokumente\GitHub\PointCloudsVR\CPP_PointCloudsVR_22\Plugins\PointCloudPlugin\Intermediate\Build\Win64\UE4Editor\Development\PointCloudRuntime\UE4Editor-PointCloudRuntime.suppressed.lib" und Objekt "E:\Luk\Dokumente\GitHub\PointCloudsVR\CPP_PointCloudsVR_22\Plugins\PointCloudPlugin\Intermediate\Build\Win64\UE4Editor\Development\PointCloudRuntime\UE4Editor-PointCloudRuntime.suppressed.exp" werden erstellt.
    [8/9] UE4Editor-PointCloudEditor.dll
       Bibliothek "E:\Luk\Dokumente\GitHub\PointCloudsVR\CPP_PointCloudsVR_22\Plugins\PointCloudPlugin\Intermediate\Build\Win64\UE4Editor\Development\PointCloudEditor\UE4Editor-PointCloudEditor.suppressed.lib" und Objekt "E:\Luk\Dokumente\GitHub\PointCloudsVR\CPP_PointCloudsVR_22\Plugins\PointCloudPlugin\Intermediate\Build\Win64\UE4Editor\Development\PointCloudEditor\UE4Editor-PointCloudEditor.suppressed.exp" werden erstellt.
    [9/9] CPP_PointCloudsVR_22Editor.target
  Total time in Parallel executor: 4,35 seconds
  Total execution time: 14,41 seconds
